[2024-10-01T20:46:12.195+0000] {processor.py:186} INFO - Started process (PID=73) to work on /home/airflow/.local/lib/python3.12/site-packages/airflow/example_dags/example_xcom.py
[2024-10-01T20:46:12.198+0000] {processor.py:914} INFO - Processing file /home/airflow/.local/lib/python3.12/site-packages/airflow/example_dags/example_xcom.py for tasks to queue
[2024-10-01T20:46:12.204+0000] {logging_mixin.py:190} INFO - [2024-10-01T20:46:12.204+0000] {dagbag.py:588} INFO - Filling up the DagBag from /home/airflow/.local/lib/python3.12/site-packages/airflow/example_dags/example_xcom.py
[2024-10-01T20:46:12.237+0000] {processor.py:925} INFO - DAG(s) 'example_xcom' retrieved from /home/airflow/.local/lib/python3.12/site-packages/airflow/example_dags/example_xcom.py
[2024-10-01T20:46:12.393+0000] {logging_mixin.py:190} INFO - [2024-10-01T20:46:12.391+0000] {override.py:1900} INFO - Created Permission View: can delete on DAG:example_xcom
[2024-10-01T20:46:12.401+0000] {logging_mixin.py:190} INFO - [2024-10-01T20:46:12.401+0000] {override.py:1900} INFO - Created Permission View: can read on DAG:example_xcom
[2024-10-01T20:46:12.405+0000] {logging_mixin.py:190} INFO - [2024-10-01T20:46:12.405+0000] {override.py:1900} INFO - Created Permission View: can edit on DAG:example_xcom
[2024-10-01T20:46:12.410+0000] {logging_mixin.py:190} INFO - [2024-10-01T20:46:12.410+0000] {override.py:1900} INFO - Created Permission View: can delete on DAG Run:example_xcom
[2024-10-01T20:46:12.413+0000] {logging_mixin.py:190} INFO - [2024-10-01T20:46:12.413+0000] {override.py:1900} INFO - Created Permission View: can read on DAG Run:example_xcom
[2024-10-01T20:46:12.418+0000] {logging_mixin.py:190} INFO - [2024-10-01T20:46:12.418+0000] {override.py:1900} INFO - Created Permission View: menu access on DAG Run:example_xcom
[2024-10-01T20:46:12.422+0000] {logging_mixin.py:190} INFO - [2024-10-01T20:46:12.422+0000] {override.py:1900} INFO - Created Permission View: can create on DAG Run:example_xcom
[2024-10-01T20:46:12.422+0000] {logging_mixin.py:190} INFO - [2024-10-01T20:46:12.422+0000] {dag.py:3239} INFO - Sync 1 DAGs
[2024-10-01T20:46:12.451+0000] {logging_mixin.py:190} INFO - [2024-10-01T20:46:12.451+0000] {dag.py:3262} INFO - Creating ORM DAG for example_xcom
[2024-10-01T20:46:12.466+0000] {logging_mixin.py:190} INFO - [2024-10-01T20:46:12.465+0000] {dag.py:4180} INFO - Setting next_dagrun for example_xcom to 2021-01-01 00:00:00+00:00, run_after=2021-01-01 00:00:00+00:00
[2024-10-01T20:46:12.490+0000] {processor.py:208} INFO - Processing /home/airflow/.local/lib/python3.12/site-packages/airflow/example_dags/example_xcom.py took 0.306 seconds
[2024-10-01T20:46:42.831+0000] {processor.py:186} INFO - Started process (PID=135) to work on /home/airflow/.local/lib/python3.12/site-packages/airflow/example_dags/example_xcom.py
[2024-10-01T20:46:42.833+0000] {processor.py:914} INFO - Processing file /home/airflow/.local/lib/python3.12/site-packages/airflow/example_dags/example_xcom.py for tasks to queue
[2024-10-01T20:46:42.834+0000] {logging_mixin.py:190} INFO - [2024-10-01T20:46:42.834+0000] {dagbag.py:588} INFO - Filling up the DagBag from /home/airflow/.local/lib/python3.12/site-packages/airflow/example_dags/example_xcom.py
[2024-10-01T20:46:42.843+0000] {processor.py:925} INFO - DAG(s) 'example_xcom' retrieved from /home/airflow/.local/lib/python3.12/site-packages/airflow/example_dags/example_xcom.py
[2024-10-01T20:46:42.862+0000] {logging_mixin.py:190} INFO - [2024-10-01T20:46:42.862+0000] {dag.py:3239} INFO - Sync 1 DAGs
[2024-10-01T20:46:42.876+0000] {logging_mixin.py:190} INFO - [2024-10-01T20:46:42.876+0000] {dag.py:4180} INFO - Setting next_dagrun for example_xcom to 2021-01-01 00:00:00+00:00, run_after=2021-01-01 00:00:00+00:00
[2024-10-01T20:46:42.893+0000] {processor.py:208} INFO - Processing /home/airflow/.local/lib/python3.12/site-packages/airflow/example_dags/example_xcom.py took 0.068 seconds
[2024-10-01T20:47:13.582+0000] {processor.py:186} INFO - Started process (PID=197) to work on /home/airflow/.local/lib/python3.12/site-packages/airflow/example_dags/example_xcom.py
[2024-10-01T20:47:13.586+0000] {processor.py:914} INFO - Processing file /home/airflow/.local/lib/python3.12/site-packages/airflow/example_dags/example_xcom.py for tasks to queue
[2024-10-01T20:47:13.589+0000] {logging_mixin.py:190} INFO - [2024-10-01T20:47:13.589+0000] {dagbag.py:588} INFO - Filling up the DagBag from /home/airflow/.local/lib/python3.12/site-packages/airflow/example_dags/example_xcom.py
[2024-10-01T20:47:13.604+0000] {processor.py:925} INFO - DAG(s) 'example_xcom' retrieved from /home/airflow/.local/lib/python3.12/site-packages/airflow/example_dags/example_xcom.py
[2024-10-01T20:47:13.628+0000] {logging_mixin.py:190} INFO - [2024-10-01T20:47:13.627+0000] {dag.py:3239} INFO - Sync 1 DAGs
[2024-10-01T20:47:13.654+0000] {logging_mixin.py:190} INFO - [2024-10-01T20:47:13.654+0000] {dag.py:4180} INFO - Setting next_dagrun for example_xcom to 2021-01-01 00:00:00+00:00, run_after=2021-01-01 00:00:00+00:00
[2024-10-01T20:47:13.666+0000] {processor.py:208} INFO - Processing /home/airflow/.local/lib/python3.12/site-packages/airflow/example_dags/example_xcom.py took 0.098 seconds
[2024-10-01T20:47:44.204+0000] {processor.py:186} INFO - Started process (PID=259) to work on /home/airflow/.local/lib/python3.12/site-packages/airflow/example_dags/example_xcom.py
[2024-10-01T20:47:44.206+0000] {processor.py:914} INFO - Processing file /home/airflow/.local/lib/python3.12/site-packages/airflow/example_dags/example_xcom.py for tasks to queue
[2024-10-01T20:47:44.211+0000] {logging_mixin.py:190} INFO - [2024-10-01T20:47:44.210+0000] {dagbag.py:588} INFO - Filling up the DagBag from /home/airflow/.local/lib/python3.12/site-packages/airflow/example_dags/example_xcom.py
[2024-10-01T20:47:44.228+0000] {processor.py:925} INFO - DAG(s) 'example_xcom' retrieved from /home/airflow/.local/lib/python3.12/site-packages/airflow/example_dags/example_xcom.py
[2024-10-01T20:47:44.247+0000] {logging_mixin.py:190} INFO - [2024-10-01T20:47:44.247+0000] {dag.py:3239} INFO - Sync 1 DAGs
[2024-10-01T20:47:44.263+0000] {logging_mixin.py:190} INFO - [2024-10-01T20:47:44.262+0000] {dag.py:4180} INFO - Setting next_dagrun for example_xcom to 2021-01-01 00:00:00+00:00, run_after=2021-01-01 00:00:00+00:00
[2024-10-01T20:47:44.273+0000] {processor.py:208} INFO - Processing /home/airflow/.local/lib/python3.12/site-packages/airflow/example_dags/example_xcom.py took 0.079 seconds
[2024-10-01T20:48:14.935+0000] {processor.py:186} INFO - Started process (PID=321) to work on /home/airflow/.local/lib/python3.12/site-packages/airflow/example_dags/example_xcom.py
[2024-10-01T20:48:14.937+0000] {processor.py:914} INFO - Processing file /home/airflow/.local/lib/python3.12/site-packages/airflow/example_dags/example_xcom.py for tasks to queue
[2024-10-01T20:48:14.941+0000] {logging_mixin.py:190} INFO - [2024-10-01T20:48:14.940+0000] {dagbag.py:588} INFO - Filling up the DagBag from /home/airflow/.local/lib/python3.12/site-packages/airflow/example_dags/example_xcom.py
[2024-10-01T20:48:14.955+0000] {processor.py:925} INFO - DAG(s) 'example_xcom' retrieved from /home/airflow/.local/lib/python3.12/site-packages/airflow/example_dags/example_xcom.py
[2024-10-01T20:48:14.992+0000] {logging_mixin.py:190} INFO - [2024-10-01T20:48:14.991+0000] {dag.py:3239} INFO - Sync 1 DAGs
[2024-10-01T20:48:15.028+0000] {logging_mixin.py:190} INFO - [2024-10-01T20:48:15.028+0000] {dag.py:4180} INFO - Setting next_dagrun for example_xcom to 2021-01-01 00:00:00+00:00, run_after=2021-01-01 00:00:00+00:00
[2024-10-01T20:48:15.045+0000] {processor.py:208} INFO - Processing /home/airflow/.local/lib/python3.12/site-packages/airflow/example_dags/example_xcom.py took 0.117 seconds
[2024-10-01T20:48:45.423+0000] {processor.py:186} INFO - Started process (PID=383) to work on /home/airflow/.local/lib/python3.12/site-packages/airflow/example_dags/example_xcom.py
[2024-10-01T20:48:45.425+0000] {processor.py:914} INFO - Processing file /home/airflow/.local/lib/python3.12/site-packages/airflow/example_dags/example_xcom.py for tasks to queue
[2024-10-01T20:48:45.427+0000] {logging_mixin.py:190} INFO - [2024-10-01T20:48:45.427+0000] {dagbag.py:588} INFO - Filling up the DagBag from /home/airflow/.local/lib/python3.12/site-packages/airflow/example_dags/example_xcom.py
[2024-10-01T20:48:45.434+0000] {processor.py:925} INFO - DAG(s) 'example_xcom' retrieved from /home/airflow/.local/lib/python3.12/site-packages/airflow/example_dags/example_xcom.py
[2024-10-01T20:48:45.454+0000] {logging_mixin.py:190} INFO - [2024-10-01T20:48:45.454+0000] {dag.py:3239} INFO - Sync 1 DAGs
[2024-10-01T20:48:45.469+0000] {logging_mixin.py:190} INFO - [2024-10-01T20:48:45.469+0000] {dag.py:4180} INFO - Setting next_dagrun for example_xcom to 2021-01-01 00:00:00+00:00, run_after=2021-01-01 00:00:00+00:00
[2024-10-01T20:48:45.481+0000] {processor.py:208} INFO - Processing /home/airflow/.local/lib/python3.12/site-packages/airflow/example_dags/example_xcom.py took 0.063 seconds
[2024-10-01T20:49:16.061+0000] {processor.py:186} INFO - Started process (PID=445) to work on /home/airflow/.local/lib/python3.12/site-packages/airflow/example_dags/example_xcom.py
[2024-10-01T20:49:16.063+0000] {processor.py:914} INFO - Processing file /home/airflow/.local/lib/python3.12/site-packages/airflow/example_dags/example_xcom.py for tasks to queue
[2024-10-01T20:49:16.065+0000] {logging_mixin.py:190} INFO - [2024-10-01T20:49:16.065+0000] {dagbag.py:588} INFO - Filling up the DagBag from /home/airflow/.local/lib/python3.12/site-packages/airflow/example_dags/example_xcom.py
[2024-10-01T20:49:16.074+0000] {processor.py:925} INFO - DAG(s) 'example_xcom' retrieved from /home/airflow/.local/lib/python3.12/site-packages/airflow/example_dags/example_xcom.py
[2024-10-01T20:49:16.101+0000] {logging_mixin.py:190} INFO - [2024-10-01T20:49:16.101+0000] {dag.py:3239} INFO - Sync 1 DAGs
[2024-10-01T20:49:16.128+0000] {logging_mixin.py:190} INFO - [2024-10-01T20:49:16.127+0000] {dag.py:4180} INFO - Setting next_dagrun for example_xcom to 2021-01-01 00:00:00+00:00, run_after=2021-01-01 00:00:00+00:00
[2024-10-01T20:49:16.143+0000] {processor.py:208} INFO - Processing /home/airflow/.local/lib/python3.12/site-packages/airflow/example_dags/example_xcom.py took 0.093 seconds
[2024-10-01T20:49:46.913+0000] {processor.py:186} INFO - Started process (PID=507) to work on /home/airflow/.local/lib/python3.12/site-packages/airflow/example_dags/example_xcom.py
[2024-10-01T20:49:46.914+0000] {processor.py:914} INFO - Processing file /home/airflow/.local/lib/python3.12/site-packages/airflow/example_dags/example_xcom.py for tasks to queue
[2024-10-01T20:49:46.916+0000] {logging_mixin.py:190} INFO - [2024-10-01T20:49:46.916+0000] {dagbag.py:588} INFO - Filling up the DagBag from /home/airflow/.local/lib/python3.12/site-packages/airflow/example_dags/example_xcom.py
[2024-10-01T20:49:46.927+0000] {processor.py:925} INFO - DAG(s) 'example_xcom' retrieved from /home/airflow/.local/lib/python3.12/site-packages/airflow/example_dags/example_xcom.py
[2024-10-01T20:49:46.944+0000] {logging_mixin.py:190} INFO - [2024-10-01T20:49:46.944+0000] {dag.py:3239} INFO - Sync 1 DAGs
[2024-10-01T20:49:46.963+0000] {logging_mixin.py:190} INFO - [2024-10-01T20:49:46.963+0000] {dag.py:4180} INFO - Setting next_dagrun for example_xcom to 2021-01-01 00:00:00+00:00, run_after=2021-01-01 00:00:00+00:00
[2024-10-01T20:49:46.976+0000] {processor.py:208} INFO - Processing /home/airflow/.local/lib/python3.12/site-packages/airflow/example_dags/example_xcom.py took 0.068 seconds
[2024-10-01T20:50:17.572+0000] {processor.py:186} INFO - Started process (PID=569) to work on /home/airflow/.local/lib/python3.12/site-packages/airflow/example_dags/example_xcom.py
[2024-10-01T20:50:17.574+0000] {processor.py:914} INFO - Processing file /home/airflow/.local/lib/python3.12/site-packages/airflow/example_dags/example_xcom.py for tasks to queue
[2024-10-01T20:50:17.576+0000] {logging_mixin.py:190} INFO - [2024-10-01T20:50:17.576+0000] {dagbag.py:588} INFO - Filling up the DagBag from /home/airflow/.local/lib/python3.12/site-packages/airflow/example_dags/example_xcom.py
[2024-10-01T20:50:17.586+0000] {processor.py:925} INFO - DAG(s) 'example_xcom' retrieved from /home/airflow/.local/lib/python3.12/site-packages/airflow/example_dags/example_xcom.py
[2024-10-01T20:50:17.605+0000] {logging_mixin.py:190} INFO - [2024-10-01T20:50:17.604+0000] {dag.py:3239} INFO - Sync 1 DAGs
[2024-10-01T20:50:17.619+0000] {logging_mixin.py:190} INFO - [2024-10-01T20:50:17.619+0000] {dag.py:4180} INFO - Setting next_dagrun for example_xcom to 2021-01-01 00:00:00+00:00, run_after=2021-01-01 00:00:00+00:00
[2024-10-01T20:50:17.631+0000] {processor.py:208} INFO - Processing /home/airflow/.local/lib/python3.12/site-packages/airflow/example_dags/example_xcom.py took 0.064 seconds
[2024-10-01T20:50:48.625+0000] {processor.py:186} INFO - Started process (PID=631) to work on /home/airflow/.local/lib/python3.12/site-packages/airflow/example_dags/example_xcom.py
[2024-10-01T20:50:48.627+0000] {processor.py:914} INFO - Processing file /home/airflow/.local/lib/python3.12/site-packages/airflow/example_dags/example_xcom.py for tasks to queue
[2024-10-01T20:50:48.628+0000] {logging_mixin.py:190} INFO - [2024-10-01T20:50:48.628+0000] {dagbag.py:588} INFO - Filling up the DagBag from /home/airflow/.local/lib/python3.12/site-packages/airflow/example_dags/example_xcom.py
[2024-10-01T20:50:48.636+0000] {processor.py:925} INFO - DAG(s) 'example_xcom' retrieved from /home/airflow/.local/lib/python3.12/site-packages/airflow/example_dags/example_xcom.py
[2024-10-01T20:50:48.651+0000] {logging_mixin.py:190} INFO - [2024-10-01T20:50:48.651+0000] {dag.py:3239} INFO - Sync 1 DAGs
[2024-10-01T20:50:48.665+0000] {logging_mixin.py:190} INFO - [2024-10-01T20:50:48.665+0000] {dag.py:4180} INFO - Setting next_dagrun for example_xcom to 2021-01-01 00:00:00+00:00, run_after=2021-01-01 00:00:00+00:00
[2024-10-01T20:50:48.675+0000] {processor.py:208} INFO - Processing /home/airflow/.local/lib/python3.12/site-packages/airflow/example_dags/example_xcom.py took 0.054 seconds
[2024-10-01T20:51:18.722+0000] {processor.py:186} INFO - Started process (PID=693) to work on /home/airflow/.local/lib/python3.12/site-packages/airflow/example_dags/example_xcom.py
[2024-10-01T20:51:18.723+0000] {processor.py:914} INFO - Processing file /home/airflow/.local/lib/python3.12/site-packages/airflow/example_dags/example_xcom.py for tasks to queue
[2024-10-01T20:51:18.724+0000] {logging_mixin.py:190} INFO - [2024-10-01T20:51:18.724+0000] {dagbag.py:588} INFO - Filling up the DagBag from /home/airflow/.local/lib/python3.12/site-packages/airflow/example_dags/example_xcom.py
[2024-10-01T20:51:18.730+0000] {processor.py:925} INFO - DAG(s) 'example_xcom' retrieved from /home/airflow/.local/lib/python3.12/site-packages/airflow/example_dags/example_xcom.py
[2024-10-01T20:51:18.744+0000] {logging_mixin.py:190} INFO - [2024-10-01T20:51:18.744+0000] {dag.py:3239} INFO - Sync 1 DAGs
[2024-10-01T20:51:18.758+0000] {logging_mixin.py:190} INFO - [2024-10-01T20:51:18.757+0000] {dag.py:4180} INFO - Setting next_dagrun for example_xcom to 2021-01-01 00:00:00+00:00, run_after=2021-01-01 00:00:00+00:00
[2024-10-01T20:51:18.768+0000] {processor.py:208} INFO - Processing /home/airflow/.local/lib/python3.12/site-packages/airflow/example_dags/example_xcom.py took 0.050 seconds
[2024-10-01T20:51:49.282+0000] {processor.py:186} INFO - Started process (PID=755) to work on /home/airflow/.local/lib/python3.12/site-packages/airflow/example_dags/example_xcom.py
[2024-10-01T20:51:49.285+0000] {processor.py:914} INFO - Processing file /home/airflow/.local/lib/python3.12/site-packages/airflow/example_dags/example_xcom.py for tasks to queue
[2024-10-01T20:51:49.287+0000] {logging_mixin.py:190} INFO - [2024-10-01T20:51:49.286+0000] {dagbag.py:588} INFO - Filling up the DagBag from /home/airflow/.local/lib/python3.12/site-packages/airflow/example_dags/example_xcom.py
[2024-10-01T20:51:49.296+0000] {processor.py:925} INFO - DAG(s) 'example_xcom' retrieved from /home/airflow/.local/lib/python3.12/site-packages/airflow/example_dags/example_xcom.py
[2024-10-01T20:51:49.310+0000] {logging_mixin.py:190} INFO - [2024-10-01T20:51:49.310+0000] {dag.py:3239} INFO - Sync 1 DAGs
[2024-10-01T20:51:49.328+0000] {logging_mixin.py:190} INFO - [2024-10-01T20:51:49.327+0000] {dag.py:4180} INFO - Setting next_dagrun for example_xcom to 2021-01-01 00:00:00+00:00, run_after=2021-01-01 00:00:00+00:00
[2024-10-01T20:51:49.338+0000] {processor.py:208} INFO - Processing /home/airflow/.local/lib/python3.12/site-packages/airflow/example_dags/example_xcom.py took 0.060 seconds
[2024-10-01T20:52:19.530+0000] {processor.py:186} INFO - Started process (PID=817) to work on /home/airflow/.local/lib/python3.12/site-packages/airflow/example_dags/example_xcom.py
[2024-10-01T20:52:19.532+0000] {processor.py:914} INFO - Processing file /home/airflow/.local/lib/python3.12/site-packages/airflow/example_dags/example_xcom.py for tasks to queue
[2024-10-01T20:52:19.536+0000] {logging_mixin.py:190} INFO - [2024-10-01T20:52:19.536+0000] {dagbag.py:588} INFO - Filling up the DagBag from /home/airflow/.local/lib/python3.12/site-packages/airflow/example_dags/example_xcom.py
[2024-10-01T20:52:19.549+0000] {processor.py:925} INFO - DAG(s) 'example_xcom' retrieved from /home/airflow/.local/lib/python3.12/site-packages/airflow/example_dags/example_xcom.py
[2024-10-01T20:52:19.567+0000] {logging_mixin.py:190} INFO - [2024-10-01T20:52:19.567+0000] {dag.py:3239} INFO - Sync 1 DAGs
[2024-10-01T20:52:19.584+0000] {logging_mixin.py:190} INFO - [2024-10-01T20:52:19.584+0000] {dag.py:4180} INFO - Setting next_dagrun for example_xcom to 2021-01-01 00:00:00+00:00, run_after=2021-01-01 00:00:00+00:00
[2024-10-01T20:52:19.596+0000] {processor.py:208} INFO - Processing /home/airflow/.local/lib/python3.12/site-packages/airflow/example_dags/example_xcom.py took 0.073 seconds
[2024-10-01T20:52:50.197+0000] {processor.py:186} INFO - Started process (PID=879) to work on /home/airflow/.local/lib/python3.12/site-packages/airflow/example_dags/example_xcom.py
[2024-10-01T20:52:50.198+0000] {processor.py:914} INFO - Processing file /home/airflow/.local/lib/python3.12/site-packages/airflow/example_dags/example_xcom.py for tasks to queue
[2024-10-01T20:52:50.203+0000] {logging_mixin.py:190} INFO - [2024-10-01T20:52:50.203+0000] {dagbag.py:588} INFO - Filling up the DagBag from /home/airflow/.local/lib/python3.12/site-packages/airflow/example_dags/example_xcom.py
[2024-10-01T20:52:50.212+0000] {processor.py:925} INFO - DAG(s) 'example_xcom' retrieved from /home/airflow/.local/lib/python3.12/site-packages/airflow/example_dags/example_xcom.py
[2024-10-01T20:52:50.228+0000] {logging_mixin.py:190} INFO - [2024-10-01T20:52:50.228+0000] {dag.py:3239} INFO - Sync 1 DAGs
[2024-10-01T20:52:50.243+0000] {logging_mixin.py:190} INFO - [2024-10-01T20:52:50.243+0000] {dag.py:4180} INFO - Setting next_dagrun for example_xcom to 2021-01-01 00:00:00+00:00, run_after=2021-01-01 00:00:00+00:00
[2024-10-01T20:52:50.255+0000] {processor.py:208} INFO - Processing /home/airflow/.local/lib/python3.12/site-packages/airflow/example_dags/example_xcom.py took 0.062 seconds
[2024-10-01T20:53:21.193+0000] {processor.py:186} INFO - Started process (PID=941) to work on /home/airflow/.local/lib/python3.12/site-packages/airflow/example_dags/example_xcom.py
[2024-10-01T20:53:21.194+0000] {processor.py:914} INFO - Processing file /home/airflow/.local/lib/python3.12/site-packages/airflow/example_dags/example_xcom.py for tasks to queue
[2024-10-01T20:53:21.195+0000] {logging_mixin.py:190} INFO - [2024-10-01T20:53:21.195+0000] {dagbag.py:588} INFO - Filling up the DagBag from /home/airflow/.local/lib/python3.12/site-packages/airflow/example_dags/example_xcom.py
[2024-10-01T20:53:21.201+0000] {processor.py:925} INFO - DAG(s) 'example_xcom' retrieved from /home/airflow/.local/lib/python3.12/site-packages/airflow/example_dags/example_xcom.py
[2024-10-01T20:53:21.214+0000] {logging_mixin.py:190} INFO - [2024-10-01T20:53:21.214+0000] {dag.py:3239} INFO - Sync 1 DAGs
[2024-10-01T20:53:21.229+0000] {logging_mixin.py:190} INFO - [2024-10-01T20:53:21.229+0000] {dag.py:4180} INFO - Setting next_dagrun for example_xcom to 2021-01-01 00:00:00+00:00, run_after=2021-01-01 00:00:00+00:00
[2024-10-01T20:53:21.239+0000] {processor.py:208} INFO - Processing /home/airflow/.local/lib/python3.12/site-packages/airflow/example_dags/example_xcom.py took 0.050 seconds
[2024-10-01T20:53:51.705+0000] {processor.py:186} INFO - Started process (PID=1002) to work on /home/airflow/.local/lib/python3.12/site-packages/airflow/example_dags/example_xcom.py
[2024-10-01T20:53:51.708+0000] {processor.py:914} INFO - Processing file /home/airflow/.local/lib/python3.12/site-packages/airflow/example_dags/example_xcom.py for tasks to queue
[2024-10-01T20:53:51.709+0000] {logging_mixin.py:190} INFO - [2024-10-01T20:53:51.709+0000] {dagbag.py:588} INFO - Filling up the DagBag from /home/airflow/.local/lib/python3.12/site-packages/airflow/example_dags/example_xcom.py
[2024-10-01T20:53:51.717+0000] {processor.py:925} INFO - DAG(s) 'example_xcom' retrieved from /home/airflow/.local/lib/python3.12/site-packages/airflow/example_dags/example_xcom.py
[2024-10-01T20:53:51.734+0000] {logging_mixin.py:190} INFO - [2024-10-01T20:53:51.732+0000] {dag.py:3239} INFO - Sync 1 DAGs
[2024-10-01T20:53:51.749+0000] {logging_mixin.py:190} INFO - [2024-10-01T20:53:51.749+0000] {dag.py:4180} INFO - Setting next_dagrun for example_xcom to 2021-01-01 00:00:00+00:00, run_after=2021-01-01 00:00:00+00:00
[2024-10-01T20:53:51.759+0000] {processor.py:208} INFO - Processing /home/airflow/.local/lib/python3.12/site-packages/airflow/example_dags/example_xcom.py took 0.059 seconds
[2024-10-01T20:54:22.416+0000] {processor.py:186} INFO - Started process (PID=1064) to work on /home/airflow/.local/lib/python3.12/site-packages/airflow/example_dags/example_xcom.py
[2024-10-01T20:54:22.417+0000] {processor.py:914} INFO - Processing file /home/airflow/.local/lib/python3.12/site-packages/airflow/example_dags/example_xcom.py for tasks to queue
[2024-10-01T20:54:22.418+0000] {logging_mixin.py:190} INFO - [2024-10-01T20:54:22.418+0000] {dagbag.py:588} INFO - Filling up the DagBag from /home/airflow/.local/lib/python3.12/site-packages/airflow/example_dags/example_xcom.py
[2024-10-01T20:54:22.424+0000] {processor.py:925} INFO - DAG(s) 'example_xcom' retrieved from /home/airflow/.local/lib/python3.12/site-packages/airflow/example_dags/example_xcom.py
[2024-10-01T20:54:22.439+0000] {logging_mixin.py:190} INFO - [2024-10-01T20:54:22.439+0000] {dag.py:3239} INFO - Sync 1 DAGs
[2024-10-01T20:54:22.454+0000] {logging_mixin.py:190} INFO - [2024-10-01T20:54:22.454+0000] {dag.py:4180} INFO - Setting next_dagrun for example_xcom to 2021-01-01 00:00:00+00:00, run_after=2021-01-01 00:00:00+00:00
[2024-10-01T20:54:22.464+0000] {processor.py:208} INFO - Processing /home/airflow/.local/lib/python3.12/site-packages/airflow/example_dags/example_xcom.py took 0.054 seconds
[2024-10-01T20:54:52.869+0000] {processor.py:186} INFO - Started process (PID=1126) to work on /home/airflow/.local/lib/python3.12/site-packages/airflow/example_dags/example_xcom.py
[2024-10-01T20:54:52.870+0000] {processor.py:914} INFO - Processing file /home/airflow/.local/lib/python3.12/site-packages/airflow/example_dags/example_xcom.py for tasks to queue
[2024-10-01T20:54:52.873+0000] {logging_mixin.py:190} INFO - [2024-10-01T20:54:52.873+0000] {dagbag.py:588} INFO - Filling up the DagBag from /home/airflow/.local/lib/python3.12/site-packages/airflow/example_dags/example_xcom.py
[2024-10-01T20:54:52.881+0000] {processor.py:925} INFO - DAG(s) 'example_xcom' retrieved from /home/airflow/.local/lib/python3.12/site-packages/airflow/example_dags/example_xcom.py
[2024-10-01T20:54:52.898+0000] {logging_mixin.py:190} INFO - [2024-10-01T20:54:52.898+0000] {dag.py:3239} INFO - Sync 1 DAGs
[2024-10-01T20:54:52.926+0000] {logging_mixin.py:190} INFO - [2024-10-01T20:54:52.926+0000] {dag.py:4180} INFO - Setting next_dagrun for example_xcom to 2021-01-01 00:00:00+00:00, run_after=2021-01-01 00:00:00+00:00
[2024-10-01T20:54:52.941+0000] {processor.py:208} INFO - Processing /home/airflow/.local/lib/python3.12/site-packages/airflow/example_dags/example_xcom.py took 0.076 seconds
[2024-10-01T20:55:23.960+0000] {processor.py:186} INFO - Started process (PID=1188) to work on /home/airflow/.local/lib/python3.12/site-packages/airflow/example_dags/example_xcom.py
[2024-10-01T20:55:23.962+0000] {processor.py:914} INFO - Processing file /home/airflow/.local/lib/python3.12/site-packages/airflow/example_dags/example_xcom.py for tasks to queue
[2024-10-01T20:55:23.967+0000] {logging_mixin.py:190} INFO - [2024-10-01T20:55:23.966+0000] {dagbag.py:588} INFO - Filling up the DagBag from /home/airflow/.local/lib/python3.12/site-packages/airflow/example_dags/example_xcom.py
[2024-10-01T20:55:23.973+0000] {processor.py:925} INFO - DAG(s) 'example_xcom' retrieved from /home/airflow/.local/lib/python3.12/site-packages/airflow/example_dags/example_xcom.py
[2024-10-01T20:55:23.990+0000] {logging_mixin.py:190} INFO - [2024-10-01T20:55:23.989+0000] {dag.py:3239} INFO - Sync 1 DAGs
[2024-10-01T20:55:24.010+0000] {logging_mixin.py:190} INFO - [2024-10-01T20:55:24.010+0000] {dag.py:4180} INFO - Setting next_dagrun for example_xcom to 2021-01-01 00:00:00+00:00, run_after=2021-01-01 00:00:00+00:00
[2024-10-01T20:55:24.024+0000] {processor.py:208} INFO - Processing /home/airflow/.local/lib/python3.12/site-packages/airflow/example_dags/example_xcom.py took 0.070 seconds
[2024-10-01T20:55:56.151+0000] {processor.py:186} INFO - Started process (PID=1250) to work on /home/airflow/.local/lib/python3.12/site-packages/airflow/example_dags/example_xcom.py
[2024-10-01T20:55:56.153+0000] {processor.py:914} INFO - Processing file /home/airflow/.local/lib/python3.12/site-packages/airflow/example_dags/example_xcom.py for tasks to queue
[2024-10-01T20:55:56.156+0000] {logging_mixin.py:190} INFO - [2024-10-01T20:55:56.156+0000] {dagbag.py:588} INFO - Filling up the DagBag from /home/airflow/.local/lib/python3.12/site-packages/airflow/example_dags/example_xcom.py
[2024-10-01T20:55:56.170+0000] {processor.py:925} INFO - DAG(s) 'example_xcom' retrieved from /home/airflow/.local/lib/python3.12/site-packages/airflow/example_dags/example_xcom.py
[2024-10-01T20:55:56.218+0000] {logging_mixin.py:190} INFO - [2024-10-01T20:55:56.217+0000] {dag.py:3239} INFO - Sync 1 DAGs
[2024-10-01T20:55:56.260+0000] {logging_mixin.py:190} INFO - [2024-10-01T20:55:56.259+0000] {dag.py:4180} INFO - Setting next_dagrun for example_xcom to 2021-01-01 00:00:00+00:00, run_after=2021-01-01 00:00:00+00:00
[2024-10-01T20:55:56.327+0000] {processor.py:208} INFO - Processing /home/airflow/.local/lib/python3.12/site-packages/airflow/example_dags/example_xcom.py took 0.183 seconds
[2024-10-01T20:56:26.483+0000] {processor.py:186} INFO - Started process (PID=1312) to work on /home/airflow/.local/lib/python3.12/site-packages/airflow/example_dags/example_xcom.py
[2024-10-01T20:56:26.485+0000] {processor.py:914} INFO - Processing file /home/airflow/.local/lib/python3.12/site-packages/airflow/example_dags/example_xcom.py for tasks to queue
[2024-10-01T20:56:26.487+0000] {logging_mixin.py:190} INFO - [2024-10-01T20:56:26.487+0000] {dagbag.py:588} INFO - Filling up the DagBag from /home/airflow/.local/lib/python3.12/site-packages/airflow/example_dags/example_xcom.py
[2024-10-01T20:56:26.498+0000] {processor.py:925} INFO - DAG(s) 'example_xcom' retrieved from /home/airflow/.local/lib/python3.12/site-packages/airflow/example_dags/example_xcom.py
[2024-10-01T20:56:26.518+0000] {logging_mixin.py:190} INFO - [2024-10-01T20:56:26.518+0000] {dag.py:3239} INFO - Sync 1 DAGs
[2024-10-01T20:56:26.536+0000] {logging_mixin.py:190} INFO - [2024-10-01T20:56:26.536+0000] {dag.py:4180} INFO - Setting next_dagrun for example_xcom to 2021-01-01 00:00:00+00:00, run_after=2021-01-01 00:00:00+00:00
[2024-10-01T20:56:26.548+0000] {processor.py:208} INFO - Processing /home/airflow/.local/lib/python3.12/site-packages/airflow/example_dags/example_xcom.py took 0.083 seconds
[2024-10-01T20:56:57.673+0000] {processor.py:186} INFO - Started process (PID=1374) to work on /home/airflow/.local/lib/python3.12/site-packages/airflow/example_dags/example_xcom.py
[2024-10-01T20:56:57.675+0000] {processor.py:914} INFO - Processing file /home/airflow/.local/lib/python3.12/site-packages/airflow/example_dags/example_xcom.py for tasks to queue
[2024-10-01T20:56:57.677+0000] {logging_mixin.py:190} INFO - [2024-10-01T20:56:57.677+0000] {dagbag.py:588} INFO - Filling up the DagBag from /home/airflow/.local/lib/python3.12/site-packages/airflow/example_dags/example_xcom.py
[2024-10-01T20:56:57.685+0000] {processor.py:925} INFO - DAG(s) 'example_xcom' retrieved from /home/airflow/.local/lib/python3.12/site-packages/airflow/example_dags/example_xcom.py
[2024-10-01T20:56:57.703+0000] {logging_mixin.py:190} INFO - [2024-10-01T20:56:57.703+0000] {dag.py:3239} INFO - Sync 1 DAGs
[2024-10-01T20:56:57.717+0000] {logging_mixin.py:190} INFO - [2024-10-01T20:56:57.717+0000] {dag.py:4180} INFO - Setting next_dagrun for example_xcom to 2021-01-01 00:00:00+00:00, run_after=2021-01-01 00:00:00+00:00
[2024-10-01T20:56:57.727+0000] {processor.py:208} INFO - Processing /home/airflow/.local/lib/python3.12/site-packages/airflow/example_dags/example_xcom.py took 0.061 seconds
