[2024-10-01T20:46:13.181+0000] {processor.py:186} INFO - Started process (PID=79) to work on /home/airflow/.local/lib/python3.12/site-packages/airflow/example_dags/example_bash_decorator.py
[2024-10-01T20:46:13.183+0000] {processor.py:914} INFO - Processing file /home/airflow/.local/lib/python3.12/site-packages/airflow/example_dags/example_bash_decorator.py for tasks to queue
[2024-10-01T20:46:13.187+0000] {logging_mixin.py:190} INFO - [2024-10-01T20:46:13.186+0000] {dagbag.py:588} INFO - Filling up the DagBag from /home/airflow/.local/lib/python3.12/site-packages/airflow/example_dags/example_bash_decorator.py
[2024-10-01T20:46:13.203+0000] {processor.py:925} INFO - DAG(s) 'example_bash_decorator' retrieved from /home/airflow/.local/lib/python3.12/site-packages/airflow/example_dags/example_bash_decorator.py
[2024-10-01T20:46:13.288+0000] {logging_mixin.py:190} INFO - [2024-10-01T20:46:13.287+0000] {override.py:1900} INFO - Created Permission View: can delete on DAG:example_bash_decorator
[2024-10-01T20:46:13.294+0000] {logging_mixin.py:190} INFO - [2024-10-01T20:46:13.294+0000] {override.py:1900} INFO - Created Permission View: can read on DAG:example_bash_decorator
[2024-10-01T20:46:13.297+0000] {logging_mixin.py:190} INFO - [2024-10-01T20:46:13.297+0000] {override.py:1900} INFO - Created Permission View: can edit on DAG:example_bash_decorator
[2024-10-01T20:46:13.302+0000] {logging_mixin.py:190} INFO - [2024-10-01T20:46:13.302+0000] {override.py:1900} INFO - Created Permission View: can delete on DAG Run:example_bash_decorator
[2024-10-01T20:46:13.304+0000] {logging_mixin.py:190} INFO - [2024-10-01T20:46:13.304+0000] {override.py:1900} INFO - Created Permission View: can read on DAG Run:example_bash_decorator
[2024-10-01T20:46:13.308+0000] {logging_mixin.py:190} INFO - [2024-10-01T20:46:13.308+0000] {override.py:1900} INFO - Created Permission View: menu access on DAG Run:example_bash_decorator
[2024-10-01T20:46:13.311+0000] {logging_mixin.py:190} INFO - [2024-10-01T20:46:13.311+0000] {override.py:1900} INFO - Created Permission View: can create on DAG Run:example_bash_decorator
[2024-10-01T20:46:13.312+0000] {logging_mixin.py:190} INFO - [2024-10-01T20:46:13.312+0000] {dag.py:3239} INFO - Sync 1 DAGs
[2024-10-01T20:46:13.320+0000] {logging_mixin.py:190} INFO - [2024-10-01T20:46:13.320+0000] {dag.py:3262} INFO - Creating ORM DAG for example_bash_decorator
[2024-10-01T20:46:13.321+0000] {logging_mixin.py:190} INFO - [2024-10-01T20:46:13.321+0000] {dag.py:4180} INFO - Setting next_dagrun for example_bash_decorator to None, run_after=None
[2024-10-01T20:46:13.331+0000] {processor.py:208} INFO - Processing /home/airflow/.local/lib/python3.12/site-packages/airflow/example_dags/example_bash_decorator.py took 0.159 seconds
[2024-10-01T20:46:44.509+0000] {processor.py:186} INFO - Started process (PID=141) to work on /home/airflow/.local/lib/python3.12/site-packages/airflow/example_dags/example_bash_decorator.py
[2024-10-01T20:46:44.509+0000] {processor.py:914} INFO - Processing file /home/airflow/.local/lib/python3.12/site-packages/airflow/example_dags/example_bash_decorator.py for tasks to queue
[2024-10-01T20:46:44.511+0000] {logging_mixin.py:190} INFO - [2024-10-01T20:46:44.511+0000] {dagbag.py:588} INFO - Filling up the DagBag from /home/airflow/.local/lib/python3.12/site-packages/airflow/example_dags/example_bash_decorator.py
[2024-10-01T20:46:44.524+0000] {processor.py:925} INFO - DAG(s) 'example_bash_decorator' retrieved from /home/airflow/.local/lib/python3.12/site-packages/airflow/example_dags/example_bash_decorator.py
[2024-10-01T20:46:44.541+0000] {logging_mixin.py:190} INFO - [2024-10-01T20:46:44.541+0000] {dag.py:3239} INFO - Sync 1 DAGs
[2024-10-01T20:46:44.552+0000] {logging_mixin.py:190} INFO - [2024-10-01T20:46:44.551+0000] {dag.py:4180} INFO - Setting next_dagrun for example_bash_decorator to None, run_after=None
[2024-10-01T20:46:44.564+0000] {processor.py:208} INFO - Processing /home/airflow/.local/lib/python3.12/site-packages/airflow/example_dags/example_bash_decorator.py took 0.061 seconds
[2024-10-01T20:47:14.980+0000] {processor.py:186} INFO - Started process (PID=203) to work on /home/airflow/.local/lib/python3.12/site-packages/airflow/example_dags/example_bash_decorator.py
[2024-10-01T20:47:14.982+0000] {processor.py:914} INFO - Processing file /home/airflow/.local/lib/python3.12/site-packages/airflow/example_dags/example_bash_decorator.py for tasks to queue
[2024-10-01T20:47:14.985+0000] {logging_mixin.py:190} INFO - [2024-10-01T20:47:14.984+0000] {dagbag.py:588} INFO - Filling up the DagBag from /home/airflow/.local/lib/python3.12/site-packages/airflow/example_dags/example_bash_decorator.py
[2024-10-01T20:47:14.998+0000] {processor.py:925} INFO - DAG(s) 'example_bash_decorator' retrieved from /home/airflow/.local/lib/python3.12/site-packages/airflow/example_dags/example_bash_decorator.py
[2024-10-01T20:47:15.019+0000] {logging_mixin.py:190} INFO - [2024-10-01T20:47:15.019+0000] {dag.py:3239} INFO - Sync 1 DAGs
[2024-10-01T20:47:15.036+0000] {logging_mixin.py:190} INFO - [2024-10-01T20:47:15.035+0000] {dag.py:4180} INFO - Setting next_dagrun for example_bash_decorator to None, run_after=None
[2024-10-01T20:47:15.048+0000] {processor.py:208} INFO - Processing /home/airflow/.local/lib/python3.12/site-packages/airflow/example_dags/example_bash_decorator.py took 0.076 seconds
[2024-10-01T20:47:46.090+0000] {processor.py:186} INFO - Started process (PID=265) to work on /home/airflow/.local/lib/python3.12/site-packages/airflow/example_dags/example_bash_decorator.py
[2024-10-01T20:47:46.094+0000] {processor.py:914} INFO - Processing file /home/airflow/.local/lib/python3.12/site-packages/airflow/example_dags/example_bash_decorator.py for tasks to queue
[2024-10-01T20:47:46.097+0000] {logging_mixin.py:190} INFO - [2024-10-01T20:47:46.097+0000] {dagbag.py:588} INFO - Filling up the DagBag from /home/airflow/.local/lib/python3.12/site-packages/airflow/example_dags/example_bash_decorator.py
[2024-10-01T20:47:46.121+0000] {processor.py:925} INFO - DAG(s) 'example_bash_decorator' retrieved from /home/airflow/.local/lib/python3.12/site-packages/airflow/example_dags/example_bash_decorator.py
[2024-10-01T20:47:46.139+0000] {logging_mixin.py:190} INFO - [2024-10-01T20:47:46.139+0000] {dag.py:3239} INFO - Sync 1 DAGs
[2024-10-01T20:47:46.154+0000] {logging_mixin.py:190} INFO - [2024-10-01T20:47:46.153+0000] {dag.py:4180} INFO - Setting next_dagrun for example_bash_decorator to None, run_after=None
[2024-10-01T20:47:46.167+0000] {processor.py:208} INFO - Processing /home/airflow/.local/lib/python3.12/site-packages/airflow/example_dags/example_bash_decorator.py took 0.099 seconds
[2024-10-01T20:48:16.336+0000] {processor.py:186} INFO - Started process (PID=327) to work on /home/airflow/.local/lib/python3.12/site-packages/airflow/example_dags/example_bash_decorator.py
[2024-10-01T20:48:16.337+0000] {processor.py:914} INFO - Processing file /home/airflow/.local/lib/python3.12/site-packages/airflow/example_dags/example_bash_decorator.py for tasks to queue
[2024-10-01T20:48:16.339+0000] {logging_mixin.py:190} INFO - [2024-10-01T20:48:16.339+0000] {dagbag.py:588} INFO - Filling up the DagBag from /home/airflow/.local/lib/python3.12/site-packages/airflow/example_dags/example_bash_decorator.py
[2024-10-01T20:48:16.361+0000] {processor.py:925} INFO - DAG(s) 'example_bash_decorator' retrieved from /home/airflow/.local/lib/python3.12/site-packages/airflow/example_dags/example_bash_decorator.py
[2024-10-01T20:48:16.383+0000] {logging_mixin.py:190} INFO - [2024-10-01T20:48:16.383+0000] {dag.py:3239} INFO - Sync 1 DAGs
[2024-10-01T20:48:16.393+0000] {logging_mixin.py:190} INFO - [2024-10-01T20:48:16.392+0000] {dag.py:4180} INFO - Setting next_dagrun for example_bash_decorator to None, run_after=None
[2024-10-01T20:48:16.406+0000] {processor.py:208} INFO - Processing /home/airflow/.local/lib/python3.12/site-packages/airflow/example_dags/example_bash_decorator.py took 0.075 seconds
[2024-10-01T20:48:46.702+0000] {processor.py:186} INFO - Started process (PID=389) to work on /home/airflow/.local/lib/python3.12/site-packages/airflow/example_dags/example_bash_decorator.py
[2024-10-01T20:48:46.703+0000] {processor.py:914} INFO - Processing file /home/airflow/.local/lib/python3.12/site-packages/airflow/example_dags/example_bash_decorator.py for tasks to queue
[2024-10-01T20:48:46.705+0000] {logging_mixin.py:190} INFO - [2024-10-01T20:48:46.705+0000] {dagbag.py:588} INFO - Filling up the DagBag from /home/airflow/.local/lib/python3.12/site-packages/airflow/example_dags/example_bash_decorator.py
[2024-10-01T20:48:46.722+0000] {processor.py:925} INFO - DAG(s) 'example_bash_decorator' retrieved from /home/airflow/.local/lib/python3.12/site-packages/airflow/example_dags/example_bash_decorator.py
[2024-10-01T20:48:46.753+0000] {logging_mixin.py:190} INFO - [2024-10-01T20:48:46.752+0000] {dag.py:3239} INFO - Sync 1 DAGs
[2024-10-01T20:48:46.772+0000] {logging_mixin.py:190} INFO - [2024-10-01T20:48:46.772+0000] {dag.py:4180} INFO - Setting next_dagrun for example_bash_decorator to None, run_after=None
[2024-10-01T20:48:46.788+0000] {processor.py:208} INFO - Processing /home/airflow/.local/lib/python3.12/site-packages/airflow/example_dags/example_bash_decorator.py took 0.093 seconds
[2024-10-01T20:49:17.404+0000] {processor.py:186} INFO - Started process (PID=451) to work on /home/airflow/.local/lib/python3.12/site-packages/airflow/example_dags/example_bash_decorator.py
[2024-10-01T20:49:17.407+0000] {processor.py:914} INFO - Processing file /home/airflow/.local/lib/python3.12/site-packages/airflow/example_dags/example_bash_decorator.py for tasks to queue
[2024-10-01T20:49:17.408+0000] {logging_mixin.py:190} INFO - [2024-10-01T20:49:17.408+0000] {dagbag.py:588} INFO - Filling up the DagBag from /home/airflow/.local/lib/python3.12/site-packages/airflow/example_dags/example_bash_decorator.py
[2024-10-01T20:49:17.418+0000] {processor.py:925} INFO - DAG(s) 'example_bash_decorator' retrieved from /home/airflow/.local/lib/python3.12/site-packages/airflow/example_dags/example_bash_decorator.py
[2024-10-01T20:49:17.441+0000] {logging_mixin.py:190} INFO - [2024-10-01T20:49:17.441+0000] {dag.py:3239} INFO - Sync 1 DAGs
[2024-10-01T20:49:17.453+0000] {logging_mixin.py:190} INFO - [2024-10-01T20:49:17.453+0000] {dag.py:4180} INFO - Setting next_dagrun for example_bash_decorator to None, run_after=None
[2024-10-01T20:49:17.469+0000] {processor.py:208} INFO - Processing /home/airflow/.local/lib/python3.12/site-packages/airflow/example_dags/example_bash_decorator.py took 0.069 seconds
[2024-10-01T20:49:48.159+0000] {processor.py:186} INFO - Started process (PID=513) to work on /home/airflow/.local/lib/python3.12/site-packages/airflow/example_dags/example_bash_decorator.py
[2024-10-01T20:49:48.160+0000] {processor.py:914} INFO - Processing file /home/airflow/.local/lib/python3.12/site-packages/airflow/example_dags/example_bash_decorator.py for tasks to queue
[2024-10-01T20:49:48.162+0000] {logging_mixin.py:190} INFO - [2024-10-01T20:49:48.162+0000] {dagbag.py:588} INFO - Filling up the DagBag from /home/airflow/.local/lib/python3.12/site-packages/airflow/example_dags/example_bash_decorator.py
[2024-10-01T20:49:48.171+0000] {processor.py:925} INFO - DAG(s) 'example_bash_decorator' retrieved from /home/airflow/.local/lib/python3.12/site-packages/airflow/example_dags/example_bash_decorator.py
[2024-10-01T20:49:48.188+0000] {logging_mixin.py:190} INFO - [2024-10-01T20:49:48.188+0000] {dag.py:3239} INFO - Sync 1 DAGs
[2024-10-01T20:49:48.197+0000] {logging_mixin.py:190} INFO - [2024-10-01T20:49:48.197+0000] {dag.py:4180} INFO - Setting next_dagrun for example_bash_decorator to None, run_after=None
[2024-10-01T20:49:48.209+0000] {processor.py:208} INFO - Processing /home/airflow/.local/lib/python3.12/site-packages/airflow/example_dags/example_bash_decorator.py took 0.054 seconds
[2024-10-01T20:50:18.845+0000] {processor.py:186} INFO - Started process (PID=575) to work on /home/airflow/.local/lib/python3.12/site-packages/airflow/example_dags/example_bash_decorator.py
[2024-10-01T20:50:18.846+0000] {processor.py:914} INFO - Processing file /home/airflow/.local/lib/python3.12/site-packages/airflow/example_dags/example_bash_decorator.py for tasks to queue
[2024-10-01T20:50:18.847+0000] {logging_mixin.py:190} INFO - [2024-10-01T20:50:18.847+0000] {dagbag.py:588} INFO - Filling up the DagBag from /home/airflow/.local/lib/python3.12/site-packages/airflow/example_dags/example_bash_decorator.py
[2024-10-01T20:50:18.857+0000] {processor.py:925} INFO - DAG(s) 'example_bash_decorator' retrieved from /home/airflow/.local/lib/python3.12/site-packages/airflow/example_dags/example_bash_decorator.py
[2024-10-01T20:50:18.871+0000] {logging_mixin.py:190} INFO - [2024-10-01T20:50:18.870+0000] {dag.py:3239} INFO - Sync 1 DAGs
[2024-10-01T20:50:18.879+0000] {logging_mixin.py:190} INFO - [2024-10-01T20:50:18.879+0000] {dag.py:4180} INFO - Setting next_dagrun for example_bash_decorator to None, run_after=None
[2024-10-01T20:50:18.888+0000] {processor.py:208} INFO - Processing /home/airflow/.local/lib/python3.12/site-packages/airflow/example_dags/example_bash_decorator.py took 0.047 seconds
[2024-10-01T20:50:49.864+0000] {processor.py:186} INFO - Started process (PID=637) to work on /home/airflow/.local/lib/python3.12/site-packages/airflow/example_dags/example_bash_decorator.py
[2024-10-01T20:50:49.865+0000] {processor.py:914} INFO - Processing file /home/airflow/.local/lib/python3.12/site-packages/airflow/example_dags/example_bash_decorator.py for tasks to queue
[2024-10-01T20:50:49.868+0000] {logging_mixin.py:190} INFO - [2024-10-01T20:50:49.868+0000] {dagbag.py:588} INFO - Filling up the DagBag from /home/airflow/.local/lib/python3.12/site-packages/airflow/example_dags/example_bash_decorator.py
[2024-10-01T20:50:49.878+0000] {processor.py:925} INFO - DAG(s) 'example_bash_decorator' retrieved from /home/airflow/.local/lib/python3.12/site-packages/airflow/example_dags/example_bash_decorator.py
[2024-10-01T20:50:49.894+0000] {logging_mixin.py:190} INFO - [2024-10-01T20:50:49.894+0000] {dag.py:3239} INFO - Sync 1 DAGs
[2024-10-01T20:50:49.902+0000] {logging_mixin.py:190} INFO - [2024-10-01T20:50:49.902+0000] {dag.py:4180} INFO - Setting next_dagrun for example_bash_decorator to None, run_after=None
[2024-10-01T20:50:49.918+0000] {processor.py:208} INFO - Processing /home/airflow/.local/lib/python3.12/site-packages/airflow/example_dags/example_bash_decorator.py took 0.058 seconds
[2024-10-01T20:51:20.260+0000] {processor.py:186} INFO - Started process (PID=699) to work on /home/airflow/.local/lib/python3.12/site-packages/airflow/example_dags/example_bash_decorator.py
[2024-10-01T20:51:20.261+0000] {processor.py:914} INFO - Processing file /home/airflow/.local/lib/python3.12/site-packages/airflow/example_dags/example_bash_decorator.py for tasks to queue
[2024-10-01T20:51:20.262+0000] {logging_mixin.py:190} INFO - [2024-10-01T20:51:20.262+0000] {dagbag.py:588} INFO - Filling up the DagBag from /home/airflow/.local/lib/python3.12/site-packages/airflow/example_dags/example_bash_decorator.py
[2024-10-01T20:51:20.285+0000] {processor.py:925} INFO - DAG(s) 'example_bash_decorator' retrieved from /home/airflow/.local/lib/python3.12/site-packages/airflow/example_dags/example_bash_decorator.py
[2024-10-01T20:51:20.305+0000] {logging_mixin.py:190} INFO - [2024-10-01T20:51:20.304+0000] {dag.py:3239} INFO - Sync 1 DAGs
[2024-10-01T20:51:20.313+0000] {logging_mixin.py:190} INFO - [2024-10-01T20:51:20.313+0000] {dag.py:4180} INFO - Setting next_dagrun for example_bash_decorator to None, run_after=None
[2024-10-01T20:51:20.323+0000] {processor.py:208} INFO - Processing /home/airflow/.local/lib/python3.12/site-packages/airflow/example_dags/example_bash_decorator.py took 0.068 seconds
[2024-10-01T20:51:50.525+0000] {processor.py:186} INFO - Started process (PID=761) to work on /home/airflow/.local/lib/python3.12/site-packages/airflow/example_dags/example_bash_decorator.py
[2024-10-01T20:51:50.526+0000] {processor.py:914} INFO - Processing file /home/airflow/.local/lib/python3.12/site-packages/airflow/example_dags/example_bash_decorator.py for tasks to queue
[2024-10-01T20:51:50.528+0000] {logging_mixin.py:190} INFO - [2024-10-01T20:51:50.528+0000] {dagbag.py:588} INFO - Filling up the DagBag from /home/airflow/.local/lib/python3.12/site-packages/airflow/example_dags/example_bash_decorator.py
[2024-10-01T20:51:50.537+0000] {processor.py:925} INFO - DAG(s) 'example_bash_decorator' retrieved from /home/airflow/.local/lib/python3.12/site-packages/airflow/example_dags/example_bash_decorator.py
[2024-10-01T20:51:50.551+0000] {logging_mixin.py:190} INFO - [2024-10-01T20:51:50.551+0000] {dag.py:3239} INFO - Sync 1 DAGs
[2024-10-01T20:51:50.564+0000] {logging_mixin.py:190} INFO - [2024-10-01T20:51:50.564+0000] {dag.py:4180} INFO - Setting next_dagrun for example_bash_decorator to None, run_after=None
[2024-10-01T20:51:50.575+0000] {processor.py:208} INFO - Processing /home/airflow/.local/lib/python3.12/site-packages/airflow/example_dags/example_bash_decorator.py took 0.056 seconds
[2024-10-01T20:52:20.878+0000] {processor.py:186} INFO - Started process (PID=823) to work on /home/airflow/.local/lib/python3.12/site-packages/airflow/example_dags/example_bash_decorator.py
[2024-10-01T20:52:20.880+0000] {processor.py:914} INFO - Processing file /home/airflow/.local/lib/python3.12/site-packages/airflow/example_dags/example_bash_decorator.py for tasks to queue
[2024-10-01T20:52:20.882+0000] {logging_mixin.py:190} INFO - [2024-10-01T20:52:20.882+0000] {dagbag.py:588} INFO - Filling up the DagBag from /home/airflow/.local/lib/python3.12/site-packages/airflow/example_dags/example_bash_decorator.py
[2024-10-01T20:52:20.892+0000] {processor.py:925} INFO - DAG(s) 'example_bash_decorator' retrieved from /home/airflow/.local/lib/python3.12/site-packages/airflow/example_dags/example_bash_decorator.py
[2024-10-01T20:52:20.912+0000] {logging_mixin.py:190} INFO - [2024-10-01T20:52:20.912+0000] {dag.py:3239} INFO - Sync 1 DAGs
[2024-10-01T20:52:20.928+0000] {logging_mixin.py:190} INFO - [2024-10-01T20:52:20.928+0000] {dag.py:4180} INFO - Setting next_dagrun for example_bash_decorator to None, run_after=None
[2024-10-01T20:52:20.945+0000] {processor.py:208} INFO - Processing /home/airflow/.local/lib/python3.12/site-packages/airflow/example_dags/example_bash_decorator.py took 0.074 seconds
[2024-10-01T20:52:51.531+0000] {processor.py:186} INFO - Started process (PID=885) to work on /home/airflow/.local/lib/python3.12/site-packages/airflow/example_dags/example_bash_decorator.py
[2024-10-01T20:52:51.533+0000] {processor.py:914} INFO - Processing file /home/airflow/.local/lib/python3.12/site-packages/airflow/example_dags/example_bash_decorator.py for tasks to queue
[2024-10-01T20:52:51.535+0000] {logging_mixin.py:190} INFO - [2024-10-01T20:52:51.535+0000] {dagbag.py:588} INFO - Filling up the DagBag from /home/airflow/.local/lib/python3.12/site-packages/airflow/example_dags/example_bash_decorator.py
[2024-10-01T20:52:51.558+0000] {processor.py:925} INFO - DAG(s) 'example_bash_decorator' retrieved from /home/airflow/.local/lib/python3.12/site-packages/airflow/example_dags/example_bash_decorator.py
[2024-10-01T20:52:51.576+0000] {logging_mixin.py:190} INFO - [2024-10-01T20:52:51.575+0000] {dag.py:3239} INFO - Sync 1 DAGs
[2024-10-01T20:52:51.585+0000] {logging_mixin.py:190} INFO - [2024-10-01T20:52:51.585+0000] {dag.py:4180} INFO - Setting next_dagrun for example_bash_decorator to None, run_after=None
[2024-10-01T20:52:51.599+0000] {processor.py:208} INFO - Processing /home/airflow/.local/lib/python3.12/site-packages/airflow/example_dags/example_bash_decorator.py took 0.072 seconds
[2024-10-01T20:53:22.480+0000] {processor.py:186} INFO - Started process (PID=947) to work on /home/airflow/.local/lib/python3.12/site-packages/airflow/example_dags/example_bash_decorator.py
[2024-10-01T20:53:22.481+0000] {processor.py:914} INFO - Processing file /home/airflow/.local/lib/python3.12/site-packages/airflow/example_dags/example_bash_decorator.py for tasks to queue
[2024-10-01T20:53:22.483+0000] {logging_mixin.py:190} INFO - [2024-10-01T20:53:22.483+0000] {dagbag.py:588} INFO - Filling up the DagBag from /home/airflow/.local/lib/python3.12/site-packages/airflow/example_dags/example_bash_decorator.py
[2024-10-01T20:53:22.495+0000] {processor.py:925} INFO - DAG(s) 'example_bash_decorator' retrieved from /home/airflow/.local/lib/python3.12/site-packages/airflow/example_dags/example_bash_decorator.py
[2024-10-01T20:53:22.513+0000] {logging_mixin.py:190} INFO - [2024-10-01T20:53:22.512+0000] {dag.py:3239} INFO - Sync 1 DAGs
[2024-10-01T20:53:22.524+0000] {logging_mixin.py:190} INFO - [2024-10-01T20:53:22.523+0000] {dag.py:4180} INFO - Setting next_dagrun for example_bash_decorator to None, run_after=None
[2024-10-01T20:53:22.533+0000] {processor.py:208} INFO - Processing /home/airflow/.local/lib/python3.12/site-packages/airflow/example_dags/example_bash_decorator.py took 0.059 seconds
[2024-10-01T20:53:53.139+0000] {processor.py:186} INFO - Started process (PID=1008) to work on /home/airflow/.local/lib/python3.12/site-packages/airflow/example_dags/example_bash_decorator.py
[2024-10-01T20:53:53.140+0000] {processor.py:914} INFO - Processing file /home/airflow/.local/lib/python3.12/site-packages/airflow/example_dags/example_bash_decorator.py for tasks to queue
[2024-10-01T20:53:53.143+0000] {logging_mixin.py:190} INFO - [2024-10-01T20:53:53.143+0000] {dagbag.py:588} INFO - Filling up the DagBag from /home/airflow/.local/lib/python3.12/site-packages/airflow/example_dags/example_bash_decorator.py
[2024-10-01T20:53:53.162+0000] {processor.py:925} INFO - DAG(s) 'example_bash_decorator' retrieved from /home/airflow/.local/lib/python3.12/site-packages/airflow/example_dags/example_bash_decorator.py
[2024-10-01T20:53:53.180+0000] {logging_mixin.py:190} INFO - [2024-10-01T20:53:53.180+0000] {dag.py:3239} INFO - Sync 1 DAGs
[2024-10-01T20:53:53.189+0000] {logging_mixin.py:190} INFO - [2024-10-01T20:53:53.189+0000] {dag.py:4180} INFO - Setting next_dagrun for example_bash_decorator to None, run_after=None
[2024-10-01T20:53:53.199+0000] {processor.py:208} INFO - Processing /home/airflow/.local/lib/python3.12/site-packages/airflow/example_dags/example_bash_decorator.py took 0.068 seconds
[2024-10-01T20:54:23.769+0000] {processor.py:186} INFO - Started process (PID=1070) to work on /home/airflow/.local/lib/python3.12/site-packages/airflow/example_dags/example_bash_decorator.py
[2024-10-01T20:54:23.771+0000] {processor.py:914} INFO - Processing file /home/airflow/.local/lib/python3.12/site-packages/airflow/example_dags/example_bash_decorator.py for tasks to queue
[2024-10-01T20:54:23.773+0000] {logging_mixin.py:190} INFO - [2024-10-01T20:54:23.772+0000] {dagbag.py:588} INFO - Filling up the DagBag from /home/airflow/.local/lib/python3.12/site-packages/airflow/example_dags/example_bash_decorator.py
[2024-10-01T20:54:23.791+0000] {processor.py:925} INFO - DAG(s) 'example_bash_decorator' retrieved from /home/airflow/.local/lib/python3.12/site-packages/airflow/example_dags/example_bash_decorator.py
[2024-10-01T20:54:23.812+0000] {logging_mixin.py:190} INFO - [2024-10-01T20:54:23.812+0000] {dag.py:3239} INFO - Sync 1 DAGs
[2024-10-01T20:54:23.824+0000] {logging_mixin.py:190} INFO - [2024-10-01T20:54:23.824+0000] {dag.py:4180} INFO - Setting next_dagrun for example_bash_decorator to None, run_after=None
[2024-10-01T20:54:23.834+0000] {processor.py:208} INFO - Processing /home/airflow/.local/lib/python3.12/site-packages/airflow/example_dags/example_bash_decorator.py took 0.070 seconds
[2024-10-01T20:54:54.179+0000] {processor.py:186} INFO - Started process (PID=1132) to work on /home/airflow/.local/lib/python3.12/site-packages/airflow/example_dags/example_bash_decorator.py
[2024-10-01T20:54:54.180+0000] {processor.py:914} INFO - Processing file /home/airflow/.local/lib/python3.12/site-packages/airflow/example_dags/example_bash_decorator.py for tasks to queue
[2024-10-01T20:54:54.182+0000] {logging_mixin.py:190} INFO - [2024-10-01T20:54:54.182+0000] {dagbag.py:588} INFO - Filling up the DagBag from /home/airflow/.local/lib/python3.12/site-packages/airflow/example_dags/example_bash_decorator.py
[2024-10-01T20:54:54.197+0000] {processor.py:925} INFO - DAG(s) 'example_bash_decorator' retrieved from /home/airflow/.local/lib/python3.12/site-packages/airflow/example_dags/example_bash_decorator.py
[2024-10-01T20:54:54.221+0000] {logging_mixin.py:190} INFO - [2024-10-01T20:54:54.221+0000] {dag.py:3239} INFO - Sync 1 DAGs
[2024-10-01T20:54:54.231+0000] {logging_mixin.py:190} INFO - [2024-10-01T20:54:54.231+0000] {dag.py:4180} INFO - Setting next_dagrun for example_bash_decorator to None, run_after=None
[2024-10-01T20:54:54.241+0000] {processor.py:208} INFO - Processing /home/airflow/.local/lib/python3.12/site-packages/airflow/example_dags/example_bash_decorator.py took 0.069 seconds
[2024-10-01T20:55:24.322+0000] {processor.py:186} INFO - Started process (PID=1194) to work on /home/airflow/.local/lib/python3.12/site-packages/airflow/example_dags/example_bash_decorator.py
[2024-10-01T20:55:24.326+0000] {processor.py:914} INFO - Processing file /home/airflow/.local/lib/python3.12/site-packages/airflow/example_dags/example_bash_decorator.py for tasks to queue
[2024-10-01T20:55:24.327+0000] {logging_mixin.py:190} INFO - [2024-10-01T20:55:24.327+0000] {dagbag.py:588} INFO - Filling up the DagBag from /home/airflow/.local/lib/python3.12/site-packages/airflow/example_dags/example_bash_decorator.py
[2024-10-01T20:55:24.341+0000] {processor.py:925} INFO - DAG(s) 'example_bash_decorator' retrieved from /home/airflow/.local/lib/python3.12/site-packages/airflow/example_dags/example_bash_decorator.py
[2024-10-01T20:55:24.358+0000] {logging_mixin.py:190} INFO - [2024-10-01T20:55:24.358+0000] {dag.py:3239} INFO - Sync 1 DAGs
[2024-10-01T20:55:24.368+0000] {logging_mixin.py:190} INFO - [2024-10-01T20:55:24.368+0000] {dag.py:4180} INFO - Setting next_dagrun for example_bash_decorator to None, run_after=None
[2024-10-01T20:55:24.378+0000] {processor.py:208} INFO - Processing /home/airflow/.local/lib/python3.12/site-packages/airflow/example_dags/example_bash_decorator.py took 0.062 seconds
[2024-10-01T20:55:59.447+0000] {processor.py:186} INFO - Started process (PID=1256) to work on /home/airflow/.local/lib/python3.12/site-packages/airflow/example_dags/example_bash_decorator.py
[2024-10-01T20:55:59.487+0000] {processor.py:914} INFO - Processing file /home/airflow/.local/lib/python3.12/site-packages/airflow/example_dags/example_bash_decorator.py for tasks to queue
[2024-10-01T20:55:59.553+0000] {logging_mixin.py:190} INFO - [2024-10-01T20:55:59.546+0000] {dagbag.py:588} INFO - Filling up the DagBag from /home/airflow/.local/lib/python3.12/site-packages/airflow/example_dags/example_bash_decorator.py
[2024-10-01T20:56:00.010+0000] {processor.py:925} INFO - DAG(s) 'example_bash_decorator' retrieved from /home/airflow/.local/lib/python3.12/site-packages/airflow/example_dags/example_bash_decorator.py
[2024-10-01T20:56:00.429+0000] {logging_mixin.py:190} INFO - [2024-10-01T20:56:00.426+0000] {dag.py:3239} INFO - Sync 1 DAGs
[2024-10-01T20:56:00.635+0000] {logging_mixin.py:190} INFO - [2024-10-01T20:56:00.633+0000] {dag.py:4180} INFO - Setting next_dagrun for example_bash_decorator to None, run_after=None
[2024-10-01T20:56:00.742+0000] {processor.py:208} INFO - Processing /home/airflow/.local/lib/python3.12/site-packages/airflow/example_dags/example_bash_decorator.py took 1.473 seconds
[2024-10-01T20:56:30.971+0000] {processor.py:186} INFO - Started process (PID=1318) to work on /home/airflow/.local/lib/python3.12/site-packages/airflow/example_dags/example_bash_decorator.py
[2024-10-01T20:56:30.974+0000] {processor.py:914} INFO - Processing file /home/airflow/.local/lib/python3.12/site-packages/airflow/example_dags/example_bash_decorator.py for tasks to queue
[2024-10-01T20:56:30.977+0000] {logging_mixin.py:190} INFO - [2024-10-01T20:56:30.976+0000] {dagbag.py:588} INFO - Filling up the DagBag from /home/airflow/.local/lib/python3.12/site-packages/airflow/example_dags/example_bash_decorator.py
[2024-10-01T20:56:30.993+0000] {processor.py:925} INFO - DAG(s) 'example_bash_decorator' retrieved from /home/airflow/.local/lib/python3.12/site-packages/airflow/example_dags/example_bash_decorator.py
[2024-10-01T20:56:31.014+0000] {logging_mixin.py:190} INFO - [2024-10-01T20:56:31.013+0000] {dag.py:3239} INFO - Sync 1 DAGs
[2024-10-01T20:56:31.028+0000] {logging_mixin.py:190} INFO - [2024-10-01T20:56:31.028+0000] {dag.py:4180} INFO - Setting next_dagrun for example_bash_decorator to None, run_after=None
[2024-10-01T20:56:31.049+0000] {processor.py:208} INFO - Processing /home/airflow/.local/lib/python3.12/site-packages/airflow/example_dags/example_bash_decorator.py took 0.095 seconds
[2024-10-01T20:57:01.174+0000] {processor.py:186} INFO - Started process (PID=1380) to work on /home/airflow/.local/lib/python3.12/site-packages/airflow/example_dags/example_bash_decorator.py
[2024-10-01T20:57:01.178+0000] {processor.py:914} INFO - Processing file /home/airflow/.local/lib/python3.12/site-packages/airflow/example_dags/example_bash_decorator.py for tasks to queue
[2024-10-01T20:57:01.179+0000] {logging_mixin.py:190} INFO - [2024-10-01T20:57:01.179+0000] {dagbag.py:588} INFO - Filling up the DagBag from /home/airflow/.local/lib/python3.12/site-packages/airflow/example_dags/example_bash_decorator.py
[2024-10-01T20:57:01.210+0000] {processor.py:925} INFO - DAG(s) 'example_bash_decorator' retrieved from /home/airflow/.local/lib/python3.12/site-packages/airflow/example_dags/example_bash_decorator.py
[2024-10-01T20:57:01.235+0000] {logging_mixin.py:190} INFO - [2024-10-01T20:57:01.235+0000] {dag.py:3239} INFO - Sync 1 DAGs
[2024-10-01T20:57:01.250+0000] {logging_mixin.py:190} INFO - [2024-10-01T20:57:01.249+0000] {dag.py:4180} INFO - Setting next_dagrun for example_bash_decorator to None, run_after=None
[2024-10-01T20:57:01.260+0000] {processor.py:208} INFO - Processing /home/airflow/.local/lib/python3.12/site-packages/airflow/example_dags/example_bash_decorator.py took 0.093 seconds
