[2024-10-01T20:46:12.932+0000] {processor.py:186} INFO - Started process (PID=78) to work on /home/airflow/.local/lib/python3.12/site-packages/airflow/example_dags/example_complex.py
[2024-10-01T20:46:12.934+0000] {processor.py:914} INFO - Processing file /home/airflow/.local/lib/python3.12/site-packages/airflow/example_dags/example_complex.py for tasks to queue
[2024-10-01T20:46:12.937+0000] {logging_mixin.py:190} INFO - [2024-10-01T20:46:12.937+0000] {dagbag.py:588} INFO - Filling up the DagBag from /home/airflow/.local/lib/python3.12/site-packages/airflow/example_dags/example_complex.py
[2024-10-01T20:46:12.954+0000] {processor.py:925} INFO - DAG(s) 'example_complex' retrieved from /home/airflow/.local/lib/python3.12/site-packages/airflow/example_dags/example_complex.py
[2024-10-01T20:46:13.070+0000] {logging_mixin.py:190} INFO - [2024-10-01T20:46:13.069+0000] {override.py:1900} INFO - Created Permission View: can delete on DAG:example_complex
[2024-10-01T20:46:13.076+0000] {logging_mixin.py:190} INFO - [2024-10-01T20:46:13.076+0000] {override.py:1900} INFO - Created Permission View: can read on DAG:example_complex
[2024-10-01T20:46:13.079+0000] {logging_mixin.py:190} INFO - [2024-10-01T20:46:13.079+0000] {override.py:1900} INFO - Created Permission View: can edit on DAG:example_complex
[2024-10-01T20:46:13.085+0000] {logging_mixin.py:190} INFO - [2024-10-01T20:46:13.084+0000] {override.py:1900} INFO - Created Permission View: can delete on DAG Run:example_complex
[2024-10-01T20:46:13.090+0000] {logging_mixin.py:190} INFO - [2024-10-01T20:46:13.090+0000] {override.py:1900} INFO - Created Permission View: can read on DAG Run:example_complex
[2024-10-01T20:46:13.095+0000] {logging_mixin.py:190} INFO - [2024-10-01T20:46:13.094+0000] {override.py:1900} INFO - Created Permission View: menu access on DAG Run:example_complex
[2024-10-01T20:46:13.098+0000] {logging_mixin.py:190} INFO - [2024-10-01T20:46:13.098+0000] {override.py:1900} INFO - Created Permission View: can create on DAG Run:example_complex
[2024-10-01T20:46:13.099+0000] {logging_mixin.py:190} INFO - [2024-10-01T20:46:13.098+0000] {dag.py:3239} INFO - Sync 1 DAGs
[2024-10-01T20:46:13.112+0000] {logging_mixin.py:190} INFO - [2024-10-01T20:46:13.112+0000] {dag.py:3262} INFO - Creating ORM DAG for example_complex
[2024-10-01T20:46:13.112+0000] {logging_mixin.py:190} INFO - [2024-10-01T20:46:13.112+0000] {dag.py:4180} INFO - Setting next_dagrun for example_complex to None, run_after=None
[2024-10-01T20:46:13.130+0000] {processor.py:208} INFO - Processing /home/airflow/.local/lib/python3.12/site-packages/airflow/example_dags/example_complex.py took 0.209 seconds
[2024-10-01T20:46:44.239+0000] {processor.py:186} INFO - Started process (PID=140) to work on /home/airflow/.local/lib/python3.12/site-packages/airflow/example_dags/example_complex.py
[2024-10-01T20:46:44.247+0000] {processor.py:914} INFO - Processing file /home/airflow/.local/lib/python3.12/site-packages/airflow/example_dags/example_complex.py for tasks to queue
[2024-10-01T20:46:44.267+0000] {logging_mixin.py:190} INFO - [2024-10-01T20:46:44.266+0000] {dagbag.py:588} INFO - Filling up the DagBag from /home/airflow/.local/lib/python3.12/site-packages/airflow/example_dags/example_complex.py
[2024-10-01T20:46:44.305+0000] {processor.py:925} INFO - DAG(s) 'example_complex' retrieved from /home/airflow/.local/lib/python3.12/site-packages/airflow/example_dags/example_complex.py
[2024-10-01T20:46:44.426+0000] {logging_mixin.py:190} INFO - [2024-10-01T20:46:44.426+0000] {dag.py:3239} INFO - Sync 1 DAGs
[2024-10-01T20:46:44.441+0000] {logging_mixin.py:190} INFO - [2024-10-01T20:46:44.441+0000] {dag.py:4180} INFO - Setting next_dagrun for example_complex to None, run_after=None
[2024-10-01T20:46:44.476+0000] {processor.py:208} INFO - Processing /home/airflow/.local/lib/python3.12/site-packages/airflow/example_dags/example_complex.py took 0.251 seconds
[2024-10-01T20:47:14.834+0000] {processor.py:186} INFO - Started process (PID=202) to work on /home/airflow/.local/lib/python3.12/site-packages/airflow/example_dags/example_complex.py
[2024-10-01T20:47:14.837+0000] {processor.py:914} INFO - Processing file /home/airflow/.local/lib/python3.12/site-packages/airflow/example_dags/example_complex.py for tasks to queue
[2024-10-01T20:47:14.841+0000] {logging_mixin.py:190} INFO - [2024-10-01T20:47:14.841+0000] {dagbag.py:588} INFO - Filling up the DagBag from /home/airflow/.local/lib/python3.12/site-packages/airflow/example_dags/example_complex.py
[2024-10-01T20:47:14.854+0000] {processor.py:925} INFO - DAG(s) 'example_complex' retrieved from /home/airflow/.local/lib/python3.12/site-packages/airflow/example_dags/example_complex.py
[2024-10-01T20:47:14.913+0000] {logging_mixin.py:190} INFO - [2024-10-01T20:47:14.912+0000] {dag.py:3239} INFO - Sync 1 DAGs
[2024-10-01T20:47:14.929+0000] {logging_mixin.py:190} INFO - [2024-10-01T20:47:14.929+0000] {dag.py:4180} INFO - Setting next_dagrun for example_complex to None, run_after=None
[2024-10-01T20:47:14.945+0000] {processor.py:208} INFO - Processing /home/airflow/.local/lib/python3.12/site-packages/airflow/example_dags/example_complex.py took 0.117 seconds
[2024-10-01T20:47:45.797+0000] {processor.py:186} INFO - Started process (PID=264) to work on /home/airflow/.local/lib/python3.12/site-packages/airflow/example_dags/example_complex.py
[2024-10-01T20:47:45.800+0000] {processor.py:914} INFO - Processing file /home/airflow/.local/lib/python3.12/site-packages/airflow/example_dags/example_complex.py for tasks to queue
[2024-10-01T20:47:45.819+0000] {logging_mixin.py:190} INFO - [2024-10-01T20:47:45.814+0000] {dagbag.py:588} INFO - Filling up the DagBag from /home/airflow/.local/lib/python3.12/site-packages/airflow/example_dags/example_complex.py
[2024-10-01T20:47:45.880+0000] {processor.py:925} INFO - DAG(s) 'example_complex' retrieved from /home/airflow/.local/lib/python3.12/site-packages/airflow/example_dags/example_complex.py
[2024-10-01T20:47:45.975+0000] {logging_mixin.py:190} INFO - [2024-10-01T20:47:45.974+0000] {dag.py:3239} INFO - Sync 1 DAGs
[2024-10-01T20:47:45.991+0000] {logging_mixin.py:190} INFO - [2024-10-01T20:47:45.991+0000] {dag.py:4180} INFO - Setting next_dagrun for example_complex to None, run_after=None
[2024-10-01T20:47:46.028+0000] {processor.py:208} INFO - Processing /home/airflow/.local/lib/python3.12/site-packages/airflow/example_dags/example_complex.py took 0.249 seconds
[2024-10-01T20:48:16.234+0000] {processor.py:186} INFO - Started process (PID=326) to work on /home/airflow/.local/lib/python3.12/site-packages/airflow/example_dags/example_complex.py
[2024-10-01T20:48:16.239+0000] {processor.py:914} INFO - Processing file /home/airflow/.local/lib/python3.12/site-packages/airflow/example_dags/example_complex.py for tasks to queue
[2024-10-01T20:48:16.243+0000] {logging_mixin.py:190} INFO - [2024-10-01T20:48:16.243+0000] {dagbag.py:588} INFO - Filling up the DagBag from /home/airflow/.local/lib/python3.12/site-packages/airflow/example_dags/example_complex.py
[2024-10-01T20:48:16.255+0000] {processor.py:925} INFO - DAG(s) 'example_complex' retrieved from /home/airflow/.local/lib/python3.12/site-packages/airflow/example_dags/example_complex.py
[2024-10-01T20:48:16.281+0000] {logging_mixin.py:190} INFO - [2024-10-01T20:48:16.281+0000] {dag.py:3239} INFO - Sync 1 DAGs
[2024-10-01T20:48:16.298+0000] {logging_mixin.py:190} INFO - [2024-10-01T20:48:16.298+0000] {dag.py:4180} INFO - Setting next_dagrun for example_complex to None, run_after=None
[2024-10-01T20:48:16.317+0000] {processor.py:208} INFO - Processing /home/airflow/.local/lib/python3.12/site-packages/airflow/example_dags/example_complex.py took 0.089 seconds
[2024-10-01T20:48:46.616+0000] {processor.py:186} INFO - Started process (PID=388) to work on /home/airflow/.local/lib/python3.12/site-packages/airflow/example_dags/example_complex.py
[2024-10-01T20:48:46.618+0000] {processor.py:914} INFO - Processing file /home/airflow/.local/lib/python3.12/site-packages/airflow/example_dags/example_complex.py for tasks to queue
[2024-10-01T20:48:46.622+0000] {logging_mixin.py:190} INFO - [2024-10-01T20:48:46.621+0000] {dagbag.py:588} INFO - Filling up the DagBag from /home/airflow/.local/lib/python3.12/site-packages/airflow/example_dags/example_complex.py
[2024-10-01T20:48:46.637+0000] {processor.py:925} INFO - DAG(s) 'example_complex' retrieved from /home/airflow/.local/lib/python3.12/site-packages/airflow/example_dags/example_complex.py
[2024-10-01T20:48:46.666+0000] {logging_mixin.py:190} INFO - [2024-10-01T20:48:46.665+0000] {dag.py:3239} INFO - Sync 1 DAGs
[2024-10-01T20:48:46.676+0000] {logging_mixin.py:190} INFO - [2024-10-01T20:48:46.675+0000] {dag.py:4180} INFO - Setting next_dagrun for example_complex to None, run_after=None
[2024-10-01T20:48:46.690+0000] {processor.py:208} INFO - Processing /home/airflow/.local/lib/python3.12/site-packages/airflow/example_dags/example_complex.py took 0.080 seconds
[2024-10-01T20:49:17.335+0000] {processor.py:186} INFO - Started process (PID=450) to work on /home/airflow/.local/lib/python3.12/site-packages/airflow/example_dags/example_complex.py
[2024-10-01T20:49:17.341+0000] {processor.py:914} INFO - Processing file /home/airflow/.local/lib/python3.12/site-packages/airflow/example_dags/example_complex.py for tasks to queue
[2024-10-01T20:49:17.344+0000] {logging_mixin.py:190} INFO - [2024-10-01T20:49:17.343+0000] {dagbag.py:588} INFO - Filling up the DagBag from /home/airflow/.local/lib/python3.12/site-packages/airflow/example_dags/example_complex.py
[2024-10-01T20:49:17.352+0000] {processor.py:925} INFO - DAG(s) 'example_complex' retrieved from /home/airflow/.local/lib/python3.12/site-packages/airflow/example_dags/example_complex.py
[2024-10-01T20:49:17.373+0000] {logging_mixin.py:190} INFO - [2024-10-01T20:49:17.372+0000] {dag.py:3239} INFO - Sync 1 DAGs
[2024-10-01T20:49:17.383+0000] {logging_mixin.py:190} INFO - [2024-10-01T20:49:17.382+0000] {dag.py:4180} INFO - Setting next_dagrun for example_complex to None, run_after=None
[2024-10-01T20:49:17.395+0000] {processor.py:208} INFO - Processing /home/airflow/.local/lib/python3.12/site-packages/airflow/example_dags/example_complex.py took 0.065 seconds
[2024-10-01T20:49:48.096+0000] {processor.py:186} INFO - Started process (PID=512) to work on /home/airflow/.local/lib/python3.12/site-packages/airflow/example_dags/example_complex.py
[2024-10-01T20:49:48.100+0000] {processor.py:914} INFO - Processing file /home/airflow/.local/lib/python3.12/site-packages/airflow/example_dags/example_complex.py for tasks to queue
[2024-10-01T20:49:48.103+0000] {logging_mixin.py:190} INFO - [2024-10-01T20:49:48.102+0000] {dagbag.py:588} INFO - Filling up the DagBag from /home/airflow/.local/lib/python3.12/site-packages/airflow/example_dags/example_complex.py
[2024-10-01T20:49:48.110+0000] {processor.py:925} INFO - DAG(s) 'example_complex' retrieved from /home/airflow/.local/lib/python3.12/site-packages/airflow/example_dags/example_complex.py
[2024-10-01T20:49:48.136+0000] {logging_mixin.py:190} INFO - [2024-10-01T20:49:48.135+0000] {dag.py:3239} INFO - Sync 1 DAGs
[2024-10-01T20:49:48.145+0000] {logging_mixin.py:190} INFO - [2024-10-01T20:49:48.145+0000] {dag.py:4180} INFO - Setting next_dagrun for example_complex to None, run_after=None
[2024-10-01T20:49:48.156+0000] {processor.py:208} INFO - Processing /home/airflow/.local/lib/python3.12/site-packages/airflow/example_dags/example_complex.py took 0.065 seconds
[2024-10-01T20:50:18.769+0000] {processor.py:186} INFO - Started process (PID=574) to work on /home/airflow/.local/lib/python3.12/site-packages/airflow/example_dags/example_complex.py
[2024-10-01T20:50:18.771+0000] {processor.py:914} INFO - Processing file /home/airflow/.local/lib/python3.12/site-packages/airflow/example_dags/example_complex.py for tasks to queue
[2024-10-01T20:50:18.774+0000] {logging_mixin.py:190} INFO - [2024-10-01T20:50:18.774+0000] {dagbag.py:588} INFO - Filling up the DagBag from /home/airflow/.local/lib/python3.12/site-packages/airflow/example_dags/example_complex.py
[2024-10-01T20:50:18.784+0000] {processor.py:925} INFO - DAG(s) 'example_complex' retrieved from /home/airflow/.local/lib/python3.12/site-packages/airflow/example_dags/example_complex.py
[2024-10-01T20:50:18.806+0000] {logging_mixin.py:190} INFO - [2024-10-01T20:50:18.806+0000] {dag.py:3239} INFO - Sync 1 DAGs
[2024-10-01T20:50:18.814+0000] {logging_mixin.py:190} INFO - [2024-10-01T20:50:18.814+0000] {dag.py:4180} INFO - Setting next_dagrun for example_complex to None, run_after=None
[2024-10-01T20:50:18.829+0000] {processor.py:208} INFO - Processing /home/airflow/.local/lib/python3.12/site-packages/airflow/example_dags/example_complex.py took 0.064 seconds
[2024-10-01T20:50:49.801+0000] {processor.py:186} INFO - Started process (PID=636) to work on /home/airflow/.local/lib/python3.12/site-packages/airflow/example_dags/example_complex.py
[2024-10-01T20:50:49.806+0000] {processor.py:914} INFO - Processing file /home/airflow/.local/lib/python3.12/site-packages/airflow/example_dags/example_complex.py for tasks to queue
[2024-10-01T20:50:49.807+0000] {logging_mixin.py:190} INFO - [2024-10-01T20:50:49.807+0000] {dagbag.py:588} INFO - Filling up the DagBag from /home/airflow/.local/lib/python3.12/site-packages/airflow/example_dags/example_complex.py
[2024-10-01T20:50:49.815+0000] {processor.py:925} INFO - DAG(s) 'example_complex' retrieved from /home/airflow/.local/lib/python3.12/site-packages/airflow/example_dags/example_complex.py
[2024-10-01T20:50:49.835+0000] {logging_mixin.py:190} INFO - [2024-10-01T20:50:49.835+0000] {dag.py:3239} INFO - Sync 1 DAGs
[2024-10-01T20:50:49.844+0000] {logging_mixin.py:190} INFO - [2024-10-01T20:50:49.844+0000] {dag.py:4180} INFO - Setting next_dagrun for example_complex to None, run_after=None
[2024-10-01T20:50:49.856+0000] {processor.py:208} INFO - Processing /home/airflow/.local/lib/python3.12/site-packages/airflow/example_dags/example_complex.py took 0.059 seconds
[2024-10-01T20:51:20.097+0000] {processor.py:186} INFO - Started process (PID=698) to work on /home/airflow/.local/lib/python3.12/site-packages/airflow/example_dags/example_complex.py
[2024-10-01T20:51:20.099+0000] {processor.py:914} INFO - Processing file /home/airflow/.local/lib/python3.12/site-packages/airflow/example_dags/example_complex.py for tasks to queue
[2024-10-01T20:51:20.104+0000] {logging_mixin.py:190} INFO - [2024-10-01T20:51:20.103+0000] {dagbag.py:588} INFO - Filling up the DagBag from /home/airflow/.local/lib/python3.12/site-packages/airflow/example_dags/example_complex.py
[2024-10-01T20:51:20.141+0000] {processor.py:925} INFO - DAG(s) 'example_complex' retrieved from /home/airflow/.local/lib/python3.12/site-packages/airflow/example_dags/example_complex.py
[2024-10-01T20:51:20.194+0000] {logging_mixin.py:190} INFO - [2024-10-01T20:51:20.194+0000] {dag.py:3239} INFO - Sync 1 DAGs
[2024-10-01T20:51:20.207+0000] {logging_mixin.py:190} INFO - [2024-10-01T20:51:20.207+0000] {dag.py:4180} INFO - Setting next_dagrun for example_complex to None, run_after=None
[2024-10-01T20:51:20.228+0000] {processor.py:208} INFO - Processing /home/airflow/.local/lib/python3.12/site-packages/airflow/example_dags/example_complex.py took 0.150 seconds
[2024-10-01T20:51:50.461+0000] {processor.py:186} INFO - Started process (PID=760) to work on /home/airflow/.local/lib/python3.12/site-packages/airflow/example_dags/example_complex.py
[2024-10-01T20:51:50.462+0000] {processor.py:914} INFO - Processing file /home/airflow/.local/lib/python3.12/site-packages/airflow/example_dags/example_complex.py for tasks to queue
[2024-10-01T20:51:50.463+0000] {logging_mixin.py:190} INFO - [2024-10-01T20:51:50.463+0000] {dagbag.py:588} INFO - Filling up the DagBag from /home/airflow/.local/lib/python3.12/site-packages/airflow/example_dags/example_complex.py
[2024-10-01T20:51:50.471+0000] {processor.py:925} INFO - DAG(s) 'example_complex' retrieved from /home/airflow/.local/lib/python3.12/site-packages/airflow/example_dags/example_complex.py
[2024-10-01T20:51:50.490+0000] {logging_mixin.py:190} INFO - [2024-10-01T20:51:50.490+0000] {dag.py:3239} INFO - Sync 1 DAGs
[2024-10-01T20:51:50.498+0000] {logging_mixin.py:190} INFO - [2024-10-01T20:51:50.498+0000] {dag.py:4180} INFO - Setting next_dagrun for example_complex to None, run_after=None
[2024-10-01T20:51:50.508+0000] {processor.py:208} INFO - Processing /home/airflow/.local/lib/python3.12/site-packages/airflow/example_dags/example_complex.py took 0.051 seconds
[2024-10-01T20:52:20.807+0000] {processor.py:186} INFO - Started process (PID=822) to work on /home/airflow/.local/lib/python3.12/site-packages/airflow/example_dags/example_complex.py
[2024-10-01T20:52:20.811+0000] {processor.py:914} INFO - Processing file /home/airflow/.local/lib/python3.12/site-packages/airflow/example_dags/example_complex.py for tasks to queue
[2024-10-01T20:52:20.812+0000] {logging_mixin.py:190} INFO - [2024-10-01T20:52:20.812+0000] {dagbag.py:588} INFO - Filling up the DagBag from /home/airflow/.local/lib/python3.12/site-packages/airflow/example_dags/example_complex.py
[2024-10-01T20:52:20.822+0000] {processor.py:925} INFO - DAG(s) 'example_complex' retrieved from /home/airflow/.local/lib/python3.12/site-packages/airflow/example_dags/example_complex.py
[2024-10-01T20:52:20.844+0000] {logging_mixin.py:190} INFO - [2024-10-01T20:52:20.844+0000] {dag.py:3239} INFO - Sync 1 DAGs
[2024-10-01T20:52:20.856+0000] {logging_mixin.py:190} INFO - [2024-10-01T20:52:20.856+0000] {dag.py:4180} INFO - Setting next_dagrun for example_complex to None, run_after=None
[2024-10-01T20:52:20.867+0000] {processor.py:208} INFO - Processing /home/airflow/.local/lib/python3.12/site-packages/airflow/example_dags/example_complex.py took 0.065 seconds
[2024-10-01T20:52:51.397+0000] {processor.py:186} INFO - Started process (PID=884) to work on /home/airflow/.local/lib/python3.12/site-packages/airflow/example_dags/example_complex.py
[2024-10-01T20:52:51.399+0000] {processor.py:914} INFO - Processing file /home/airflow/.local/lib/python3.12/site-packages/airflow/example_dags/example_complex.py for tasks to queue
[2024-10-01T20:52:51.405+0000] {logging_mixin.py:190} INFO - [2024-10-01T20:52:51.405+0000] {dagbag.py:588} INFO - Filling up the DagBag from /home/airflow/.local/lib/python3.12/site-packages/airflow/example_dags/example_complex.py
[2024-10-01T20:52:51.429+0000] {processor.py:925} INFO - DAG(s) 'example_complex' retrieved from /home/airflow/.local/lib/python3.12/site-packages/airflow/example_dags/example_complex.py
[2024-10-01T20:52:51.478+0000] {logging_mixin.py:190} INFO - [2024-10-01T20:52:51.478+0000] {dag.py:3239} INFO - Sync 1 DAGs
[2024-10-01T20:52:51.496+0000] {logging_mixin.py:190} INFO - [2024-10-01T20:52:51.496+0000] {dag.py:4180} INFO - Setting next_dagrun for example_complex to None, run_after=None
[2024-10-01T20:52:51.512+0000] {processor.py:208} INFO - Processing /home/airflow/.local/lib/python3.12/site-packages/airflow/example_dags/example_complex.py took 0.123 seconds
[2024-10-01T20:53:22.375+0000] {processor.py:186} INFO - Started process (PID=946) to work on /home/airflow/.local/lib/python3.12/site-packages/airflow/example_dags/example_complex.py
[2024-10-01T20:53:22.377+0000] {processor.py:914} INFO - Processing file /home/airflow/.local/lib/python3.12/site-packages/airflow/example_dags/example_complex.py for tasks to queue
[2024-10-01T20:53:22.383+0000] {logging_mixin.py:190} INFO - [2024-10-01T20:53:22.383+0000] {dagbag.py:588} INFO - Filling up the DagBag from /home/airflow/.local/lib/python3.12/site-packages/airflow/example_dags/example_complex.py
[2024-10-01T20:53:22.395+0000] {processor.py:925} INFO - DAG(s) 'example_complex' retrieved from /home/airflow/.local/lib/python3.12/site-packages/airflow/example_dags/example_complex.py
[2024-10-01T20:53:22.423+0000] {logging_mixin.py:190} INFO - [2024-10-01T20:53:22.423+0000] {dag.py:3239} INFO - Sync 1 DAGs
[2024-10-01T20:53:22.445+0000] {logging_mixin.py:190} INFO - [2024-10-01T20:53:22.444+0000] {dag.py:4180} INFO - Setting next_dagrun for example_complex to None, run_after=None
[2024-10-01T20:53:22.466+0000] {processor.py:208} INFO - Processing /home/airflow/.local/lib/python3.12/site-packages/airflow/example_dags/example_complex.py took 0.097 seconds
[2024-10-01T20:53:52.994+0000] {processor.py:186} INFO - Started process (PID=1007) to work on /home/airflow/.local/lib/python3.12/site-packages/airflow/example_dags/example_complex.py
[2024-10-01T20:53:52.996+0000] {processor.py:914} INFO - Processing file /home/airflow/.local/lib/python3.12/site-packages/airflow/example_dags/example_complex.py for tasks to queue
[2024-10-01T20:53:53.001+0000] {logging_mixin.py:190} INFO - [2024-10-01T20:53:53.001+0000] {dagbag.py:588} INFO - Filling up the DagBag from /home/airflow/.local/lib/python3.12/site-packages/airflow/example_dags/example_complex.py
[2024-10-01T20:53:53.023+0000] {processor.py:925} INFO - DAG(s) 'example_complex' retrieved from /home/airflow/.local/lib/python3.12/site-packages/airflow/example_dags/example_complex.py
[2024-10-01T20:53:53.075+0000] {logging_mixin.py:190} INFO - [2024-10-01T20:53:53.075+0000] {dag.py:3239} INFO - Sync 1 DAGs
[2024-10-01T20:53:53.098+0000] {logging_mixin.py:190} INFO - [2024-10-01T20:53:53.097+0000] {dag.py:4180} INFO - Setting next_dagrun for example_complex to None, run_after=None
[2024-10-01T20:53:53.116+0000] {processor.py:208} INFO - Processing /home/airflow/.local/lib/python3.12/site-packages/airflow/example_dags/example_complex.py took 0.151 seconds
[2024-10-01T20:54:23.649+0000] {processor.py:186} INFO - Started process (PID=1069) to work on /home/airflow/.local/lib/python3.12/site-packages/airflow/example_dags/example_complex.py
[2024-10-01T20:54:23.651+0000] {processor.py:914} INFO - Processing file /home/airflow/.local/lib/python3.12/site-packages/airflow/example_dags/example_complex.py for tasks to queue
[2024-10-01T20:54:23.658+0000] {logging_mixin.py:190} INFO - [2024-10-01T20:54:23.657+0000] {dagbag.py:588} INFO - Filling up the DagBag from /home/airflow/.local/lib/python3.12/site-packages/airflow/example_dags/example_complex.py
[2024-10-01T20:54:23.677+0000] {processor.py:925} INFO - DAG(s) 'example_complex' retrieved from /home/airflow/.local/lib/python3.12/site-packages/airflow/example_dags/example_complex.py
[2024-10-01T20:54:23.719+0000] {logging_mixin.py:190} INFO - [2024-10-01T20:54:23.719+0000] {dag.py:3239} INFO - Sync 1 DAGs
[2024-10-01T20:54:23.739+0000] {logging_mixin.py:190} INFO - [2024-10-01T20:54:23.739+0000] {dag.py:4180} INFO - Setting next_dagrun for example_complex to None, run_after=None
[2024-10-01T20:54:23.752+0000] {processor.py:208} INFO - Processing /home/airflow/.local/lib/python3.12/site-packages/airflow/example_dags/example_complex.py took 0.112 seconds
[2024-10-01T20:54:54.096+0000] {processor.py:186} INFO - Started process (PID=1131) to work on /home/airflow/.local/lib/python3.12/site-packages/airflow/example_dags/example_complex.py
[2024-10-01T20:54:54.096+0000] {processor.py:914} INFO - Processing file /home/airflow/.local/lib/python3.12/site-packages/airflow/example_dags/example_complex.py for tasks to queue
[2024-10-01T20:54:54.099+0000] {logging_mixin.py:190} INFO - [2024-10-01T20:54:54.099+0000] {dagbag.py:588} INFO - Filling up the DagBag from /home/airflow/.local/lib/python3.12/site-packages/airflow/example_dags/example_complex.py
[2024-10-01T20:54:54.111+0000] {processor.py:925} INFO - DAG(s) 'example_complex' retrieved from /home/airflow/.local/lib/python3.12/site-packages/airflow/example_dags/example_complex.py
[2024-10-01T20:54:54.138+0000] {logging_mixin.py:190} INFO - [2024-10-01T20:54:54.138+0000] {dag.py:3239} INFO - Sync 1 DAGs
[2024-10-01T20:54:54.148+0000] {logging_mixin.py:190} INFO - [2024-10-01T20:54:54.148+0000] {dag.py:4180} INFO - Setting next_dagrun for example_complex to None, run_after=None
[2024-10-01T20:54:54.160+0000] {processor.py:208} INFO - Processing /home/airflow/.local/lib/python3.12/site-packages/airflow/example_dags/example_complex.py took 0.070 seconds
[2024-10-01T20:55:24.224+0000] {processor.py:186} INFO - Started process (PID=1193) to work on /home/airflow/.local/lib/python3.12/site-packages/airflow/example_dags/example_complex.py
[2024-10-01T20:55:24.226+0000] {processor.py:914} INFO - Processing file /home/airflow/.local/lib/python3.12/site-packages/airflow/example_dags/example_complex.py for tasks to queue
[2024-10-01T20:55:24.228+0000] {logging_mixin.py:190} INFO - [2024-10-01T20:55:24.228+0000] {dagbag.py:588} INFO - Filling up the DagBag from /home/airflow/.local/lib/python3.12/site-packages/airflow/example_dags/example_complex.py
[2024-10-01T20:55:24.239+0000] {processor.py:925} INFO - DAG(s) 'example_complex' retrieved from /home/airflow/.local/lib/python3.12/site-packages/airflow/example_dags/example_complex.py
[2024-10-01T20:55:24.274+0000] {logging_mixin.py:190} INFO - [2024-10-01T20:55:24.274+0000] {dag.py:3239} INFO - Sync 1 DAGs
[2024-10-01T20:55:24.291+0000] {logging_mixin.py:190} INFO - [2024-10-01T20:55:24.291+0000] {dag.py:4180} INFO - Setting next_dagrun for example_complex to None, run_after=None
[2024-10-01T20:55:24.318+0000] {processor.py:208} INFO - Processing /home/airflow/.local/lib/python3.12/site-packages/airflow/example_dags/example_complex.py took 0.098 seconds
[2024-10-01T20:55:58.310+0000] {processor.py:186} INFO - Started process (PID=1255) to work on /home/airflow/.local/lib/python3.12/site-packages/airflow/example_dags/example_complex.py
[2024-10-01T20:55:58.666+0000] {processor.py:914} INFO - Processing file /home/airflow/.local/lib/python3.12/site-packages/airflow/example_dags/example_complex.py for tasks to queue
[2024-10-01T20:55:58.798+0000] {logging_mixin.py:190} INFO - [2024-10-01T20:55:58.779+0000] {dagbag.py:588} INFO - Filling up the DagBag from /home/airflow/.local/lib/python3.12/site-packages/airflow/example_dags/example_complex.py
[2024-10-01T20:55:59.277+0000] {processor.py:925} INFO - DAG(s) 'example_complex' retrieved from /home/airflow/.local/lib/python3.12/site-packages/airflow/example_dags/example_complex.py
[2024-10-01T20:55:59.994+0000] {logging_mixin.py:190} INFO - [2024-10-01T20:55:59.991+0000] {dag.py:3239} INFO - Sync 1 DAGs
[2024-10-01T20:56:00.371+0000] {logging_mixin.py:190} INFO - [2024-10-01T20:56:00.369+0000] {dag.py:4180} INFO - Setting next_dagrun for example_complex to None, run_after=None
[2024-10-01T20:56:00.577+0000] {processor.py:208} INFO - Processing /home/airflow/.local/lib/python3.12/site-packages/airflow/example_dags/example_complex.py took 2.402 seconds
[2024-10-01T20:56:30.952+0000] {processor.py:186} INFO - Started process (PID=1317) to work on /home/airflow/.local/lib/python3.12/site-packages/airflow/example_dags/example_complex.py
[2024-10-01T20:56:30.953+0000] {processor.py:914} INFO - Processing file /home/airflow/.local/lib/python3.12/site-packages/airflow/example_dags/example_complex.py for tasks to queue
[2024-10-01T20:56:30.955+0000] {logging_mixin.py:190} INFO - [2024-10-01T20:56:30.955+0000] {dagbag.py:588} INFO - Filling up the DagBag from /home/airflow/.local/lib/python3.12/site-packages/airflow/example_dags/example_complex.py
[2024-10-01T20:56:30.966+0000] {processor.py:925} INFO - DAG(s) 'example_complex' retrieved from /home/airflow/.local/lib/python3.12/site-packages/airflow/example_dags/example_complex.py
[2024-10-01T20:56:31.006+0000] {logging_mixin.py:190} INFO - [2024-10-01T20:56:31.005+0000] {dag.py:3239} INFO - Sync 1 DAGs
[2024-10-01T20:56:31.023+0000] {logging_mixin.py:190} INFO - [2024-10-01T20:56:31.023+0000] {dag.py:4180} INFO - Setting next_dagrun for example_complex to None, run_after=None
[2024-10-01T20:56:31.044+0000] {processor.py:208} INFO - Processing /home/airflow/.local/lib/python3.12/site-packages/airflow/example_dags/example_complex.py took 0.097 seconds
[2024-10-01T20:57:01.163+0000] {processor.py:186} INFO - Started process (PID=1379) to work on /home/airflow/.local/lib/python3.12/site-packages/airflow/example_dags/example_complex.py
[2024-10-01T20:57:01.165+0000] {processor.py:914} INFO - Processing file /home/airflow/.local/lib/python3.12/site-packages/airflow/example_dags/example_complex.py for tasks to queue
[2024-10-01T20:57:01.167+0000] {logging_mixin.py:190} INFO - [2024-10-01T20:57:01.167+0000] {dagbag.py:588} INFO - Filling up the DagBag from /home/airflow/.local/lib/python3.12/site-packages/airflow/example_dags/example_complex.py
[2024-10-01T20:57:01.177+0000] {processor.py:925} INFO - DAG(s) 'example_complex' retrieved from /home/airflow/.local/lib/python3.12/site-packages/airflow/example_dags/example_complex.py
[2024-10-01T20:57:01.208+0000] {logging_mixin.py:190} INFO - [2024-10-01T20:57:01.208+0000] {dag.py:3239} INFO - Sync 1 DAGs
[2024-10-01T20:57:01.223+0000] {logging_mixin.py:190} INFO - [2024-10-01T20:57:01.223+0000] {dag.py:4180} INFO - Setting next_dagrun for example_complex to None, run_after=None
[2024-10-01T20:57:01.237+0000] {processor.py:208} INFO - Processing /home/airflow/.local/lib/python3.12/site-packages/airflow/example_dags/example_complex.py took 0.098 seconds
