[2024-10-01T20:46:14.747+0000] {processor.py:186} INFO - Started process (PID=91) to work on /home/airflow/.local/lib/python3.12/site-packages/airflow/example_dags/example_branch_operator.py
[2024-10-01T20:46:14.748+0000] {processor.py:914} INFO - Processing file /home/airflow/.local/lib/python3.12/site-packages/airflow/example_dags/example_branch_operator.py for tasks to queue
[2024-10-01T20:46:14.752+0000] {logging_mixin.py:190} INFO - [2024-10-01T20:46:14.751+0000] {dagbag.py:588} INFO - Filling up the DagBag from /home/airflow/.local/lib/python3.12/site-packages/airflow/example_dags/example_branch_operator.py
[2024-10-01T20:46:14.794+0000] {processor.py:925} INFO - DAG(s) 'example_branch_operator' retrieved from /home/airflow/.local/lib/python3.12/site-packages/airflow/example_dags/example_branch_operator.py
[2024-10-01T20:46:14.930+0000] {logging_mixin.py:190} INFO - [2024-10-01T20:46:14.928+0000] {override.py:1900} INFO - Created Permission View: can delete on DAG:example_branch_operator
[2024-10-01T20:46:14.940+0000] {logging_mixin.py:190} INFO - [2024-10-01T20:46:14.940+0000] {override.py:1900} INFO - Created Permission View: can read on DAG:example_branch_operator
[2024-10-01T20:46:14.945+0000] {logging_mixin.py:190} INFO - [2024-10-01T20:46:14.944+0000] {override.py:1900} INFO - Created Permission View: can edit on DAG:example_branch_operator
[2024-10-01T20:46:14.951+0000] {logging_mixin.py:190} INFO - [2024-10-01T20:46:14.951+0000] {override.py:1900} INFO - Created Permission View: can delete on DAG Run:example_branch_operator
[2024-10-01T20:46:14.956+0000] {logging_mixin.py:190} INFO - [2024-10-01T20:46:14.955+0000] {override.py:1900} INFO - Created Permission View: can read on DAG Run:example_branch_operator
[2024-10-01T20:46:14.960+0000] {logging_mixin.py:190} INFO - [2024-10-01T20:46:14.960+0000] {override.py:1900} INFO - Created Permission View: menu access on DAG Run:example_branch_operator
[2024-10-01T20:46:14.964+0000] {logging_mixin.py:190} INFO - [2024-10-01T20:46:14.964+0000] {override.py:1900} INFO - Created Permission View: can create on DAG Run:example_branch_operator
[2024-10-01T20:46:14.964+0000] {logging_mixin.py:190} INFO - [2024-10-01T20:46:14.964+0000] {dag.py:3239} INFO - Sync 1 DAGs
[2024-10-01T20:46:14.979+0000] {logging_mixin.py:190} INFO - [2024-10-01T20:46:14.979+0000] {dag.py:3262} INFO - Creating ORM DAG for example_branch_operator
[2024-10-01T20:46:14.988+0000] {logging_mixin.py:190} INFO - [2024-10-01T20:46:14.988+0000] {dag.py:4180} INFO - Setting next_dagrun for example_branch_operator to 2024-09-30 00:00:00+00:00, run_after=2024-10-01 00:00:00+00:00
[2024-10-01T20:46:15.010+0000] {processor.py:208} INFO - Processing /home/airflow/.local/lib/python3.12/site-packages/airflow/example_dags/example_branch_operator.py took 0.269 seconds
[2024-10-01T20:46:45.118+0000] {processor.py:186} INFO - Started process (PID=152) to work on /home/airflow/.local/lib/python3.12/site-packages/airflow/example_dags/example_branch_operator.py
[2024-10-01T20:46:45.119+0000] {processor.py:914} INFO - Processing file /home/airflow/.local/lib/python3.12/site-packages/airflow/example_dags/example_branch_operator.py for tasks to queue
[2024-10-01T20:46:45.121+0000] {logging_mixin.py:190} INFO - [2024-10-01T20:46:45.121+0000] {dagbag.py:588} INFO - Filling up the DagBag from /home/airflow/.local/lib/python3.12/site-packages/airflow/example_dags/example_branch_operator.py
[2024-10-01T20:46:45.132+0000] {processor.py:925} INFO - DAG(s) 'example_branch_operator' retrieved from /home/airflow/.local/lib/python3.12/site-packages/airflow/example_dags/example_branch_operator.py
[2024-10-01T20:46:45.148+0000] {logging_mixin.py:190} INFO - [2024-10-01T20:46:45.148+0000] {dag.py:3239} INFO - Sync 1 DAGs
[2024-10-01T20:46:45.162+0000] {logging_mixin.py:190} INFO - [2024-10-01T20:46:45.162+0000] {dag.py:4180} INFO - Setting next_dagrun for example_branch_operator to 2024-09-30 00:00:00+00:00, run_after=2024-10-01 00:00:00+00:00
[2024-10-01T20:46:45.171+0000] {processor.py:208} INFO - Processing /home/airflow/.local/lib/python3.12/site-packages/airflow/example_dags/example_branch_operator.py took 0.056 seconds
[2024-10-01T20:47:16.280+0000] {processor.py:186} INFO - Started process (PID=214) to work on /home/airflow/.local/lib/python3.12/site-packages/airflow/example_dags/example_branch_operator.py
[2024-10-01T20:47:16.286+0000] {processor.py:914} INFO - Processing file /home/airflow/.local/lib/python3.12/site-packages/airflow/example_dags/example_branch_operator.py for tasks to queue
[2024-10-01T20:47:16.291+0000] {logging_mixin.py:190} INFO - [2024-10-01T20:47:16.290+0000] {dagbag.py:588} INFO - Filling up the DagBag from /home/airflow/.local/lib/python3.12/site-packages/airflow/example_dags/example_branch_operator.py
[2024-10-01T20:47:16.315+0000] {processor.py:925} INFO - DAG(s) 'example_branch_operator' retrieved from /home/airflow/.local/lib/python3.12/site-packages/airflow/example_dags/example_branch_operator.py
[2024-10-01T20:47:16.346+0000] {logging_mixin.py:190} INFO - [2024-10-01T20:47:16.345+0000] {dag.py:3239} INFO - Sync 1 DAGs
[2024-10-01T20:47:16.369+0000] {logging_mixin.py:190} INFO - [2024-10-01T20:47:16.368+0000] {dag.py:4180} INFO - Setting next_dagrun for example_branch_operator to 2024-09-30 00:00:00+00:00, run_after=2024-10-01 00:00:00+00:00
[2024-10-01T20:47:16.382+0000] {processor.py:208} INFO - Processing /home/airflow/.local/lib/python3.12/site-packages/airflow/example_dags/example_branch_operator.py took 0.108 seconds
[2024-10-01T20:47:47.216+0000] {processor.py:186} INFO - Started process (PID=277) to work on /home/airflow/.local/lib/python3.12/site-packages/airflow/example_dags/example_branch_operator.py
[2024-10-01T20:47:47.217+0000] {processor.py:914} INFO - Processing file /home/airflow/.local/lib/python3.12/site-packages/airflow/example_dags/example_branch_operator.py for tasks to queue
[2024-10-01T20:47:47.219+0000] {logging_mixin.py:190} INFO - [2024-10-01T20:47:47.218+0000] {dagbag.py:588} INFO - Filling up the DagBag from /home/airflow/.local/lib/python3.12/site-packages/airflow/example_dags/example_branch_operator.py
[2024-10-01T20:47:47.234+0000] {processor.py:925} INFO - DAG(s) 'example_branch_operator' retrieved from /home/airflow/.local/lib/python3.12/site-packages/airflow/example_dags/example_branch_operator.py
[2024-10-01T20:47:47.277+0000] {logging_mixin.py:190} INFO - [2024-10-01T20:47:47.277+0000] {dag.py:3239} INFO - Sync 1 DAGs
[2024-10-01T20:47:47.303+0000] {logging_mixin.py:190} INFO - [2024-10-01T20:47:47.303+0000] {dag.py:4180} INFO - Setting next_dagrun for example_branch_operator to 2024-09-30 00:00:00+00:00, run_after=2024-10-01 00:00:00+00:00
[2024-10-01T20:47:47.329+0000] {processor.py:208} INFO - Processing /home/airflow/.local/lib/python3.12/site-packages/airflow/example_dags/example_branch_operator.py took 0.118 seconds
[2024-10-01T20:48:18.052+0000] {processor.py:186} INFO - Started process (PID=339) to work on /home/airflow/.local/lib/python3.12/site-packages/airflow/example_dags/example_branch_operator.py
[2024-10-01T20:48:18.053+0000] {processor.py:914} INFO - Processing file /home/airflow/.local/lib/python3.12/site-packages/airflow/example_dags/example_branch_operator.py for tasks to queue
[2024-10-01T20:48:18.055+0000] {logging_mixin.py:190} INFO - [2024-10-01T20:48:18.054+0000] {dagbag.py:588} INFO - Filling up the DagBag from /home/airflow/.local/lib/python3.12/site-packages/airflow/example_dags/example_branch_operator.py
[2024-10-01T20:48:18.068+0000] {processor.py:925} INFO - DAG(s) 'example_branch_operator' retrieved from /home/airflow/.local/lib/python3.12/site-packages/airflow/example_dags/example_branch_operator.py
[2024-10-01T20:48:18.091+0000] {logging_mixin.py:190} INFO - [2024-10-01T20:48:18.091+0000] {dag.py:3239} INFO - Sync 1 DAGs
[2024-10-01T20:48:18.108+0000] {logging_mixin.py:190} INFO - [2024-10-01T20:48:18.108+0000] {dag.py:4180} INFO - Setting next_dagrun for example_branch_operator to 2024-09-30 00:00:00+00:00, run_after=2024-10-01 00:00:00+00:00
[2024-10-01T20:48:18.119+0000] {processor.py:208} INFO - Processing /home/airflow/.local/lib/python3.12/site-packages/airflow/example_dags/example_branch_operator.py took 0.071 seconds
[2024-10-01T20:48:48.361+0000] {processor.py:186} INFO - Started process (PID=400) to work on /home/airflow/.local/lib/python3.12/site-packages/airflow/example_dags/example_branch_operator.py
[2024-10-01T20:48:48.364+0000] {processor.py:914} INFO - Processing file /home/airflow/.local/lib/python3.12/site-packages/airflow/example_dags/example_branch_operator.py for tasks to queue
[2024-10-01T20:48:48.372+0000] {logging_mixin.py:190} INFO - [2024-10-01T20:48:48.370+0000] {dagbag.py:588} INFO - Filling up the DagBag from /home/airflow/.local/lib/python3.12/site-packages/airflow/example_dags/example_branch_operator.py
[2024-10-01T20:48:48.418+0000] {processor.py:925} INFO - DAG(s) 'example_branch_operator' retrieved from /home/airflow/.local/lib/python3.12/site-packages/airflow/example_dags/example_branch_operator.py
[2024-10-01T20:48:48.453+0000] {logging_mixin.py:190} INFO - [2024-10-01T20:48:48.453+0000] {dag.py:3239} INFO - Sync 1 DAGs
[2024-10-01T20:48:48.476+0000] {logging_mixin.py:190} INFO - [2024-10-01T20:48:48.476+0000] {dag.py:4180} INFO - Setting next_dagrun for example_branch_operator to 2024-09-30 00:00:00+00:00, run_after=2024-10-01 00:00:00+00:00
[2024-10-01T20:48:48.490+0000] {processor.py:208} INFO - Processing /home/airflow/.local/lib/python3.12/site-packages/airflow/example_dags/example_branch_operator.py took 0.139 seconds
[2024-10-01T20:49:18.848+0000] {processor.py:186} INFO - Started process (PID=462) to work on /home/airflow/.local/lib/python3.12/site-packages/airflow/example_dags/example_branch_operator.py
[2024-10-01T20:49:18.851+0000] {processor.py:914} INFO - Processing file /home/airflow/.local/lib/python3.12/site-packages/airflow/example_dags/example_branch_operator.py for tasks to queue
[2024-10-01T20:49:18.853+0000] {logging_mixin.py:190} INFO - [2024-10-01T20:49:18.852+0000] {dagbag.py:588} INFO - Filling up the DagBag from /home/airflow/.local/lib/python3.12/site-packages/airflow/example_dags/example_branch_operator.py
[2024-10-01T20:49:18.866+0000] {processor.py:925} INFO - DAG(s) 'example_branch_operator' retrieved from /home/airflow/.local/lib/python3.12/site-packages/airflow/example_dags/example_branch_operator.py
[2024-10-01T20:49:18.889+0000] {logging_mixin.py:190} INFO - [2024-10-01T20:49:18.889+0000] {dag.py:3239} INFO - Sync 1 DAGs
[2024-10-01T20:49:18.905+0000] {logging_mixin.py:190} INFO - [2024-10-01T20:49:18.905+0000] {dag.py:4180} INFO - Setting next_dagrun for example_branch_operator to 2024-09-30 00:00:00+00:00, run_after=2024-10-01 00:00:00+00:00
[2024-10-01T20:49:18.918+0000] {processor.py:208} INFO - Processing /home/airflow/.local/lib/python3.12/site-packages/airflow/example_dags/example_branch_operator.py took 0.074 seconds
[2024-10-01T20:49:49.615+0000] {processor.py:186} INFO - Started process (PID=525) to work on /home/airflow/.local/lib/python3.12/site-packages/airflow/example_dags/example_branch_operator.py
[2024-10-01T20:49:49.616+0000] {processor.py:914} INFO - Processing file /home/airflow/.local/lib/python3.12/site-packages/airflow/example_dags/example_branch_operator.py for tasks to queue
[2024-10-01T20:49:49.617+0000] {logging_mixin.py:190} INFO - [2024-10-01T20:49:49.617+0000] {dagbag.py:588} INFO - Filling up the DagBag from /home/airflow/.local/lib/python3.12/site-packages/airflow/example_dags/example_branch_operator.py
[2024-10-01T20:49:49.629+0000] {processor.py:925} INFO - DAG(s) 'example_branch_operator' retrieved from /home/airflow/.local/lib/python3.12/site-packages/airflow/example_dags/example_branch_operator.py
[2024-10-01T20:49:49.647+0000] {logging_mixin.py:190} INFO - [2024-10-01T20:49:49.647+0000] {dag.py:3239} INFO - Sync 1 DAGs
[2024-10-01T20:49:49.661+0000] {logging_mixin.py:190} INFO - [2024-10-01T20:49:49.661+0000] {dag.py:4180} INFO - Setting next_dagrun for example_branch_operator to 2024-09-30 00:00:00+00:00, run_after=2024-10-01 00:00:00+00:00
[2024-10-01T20:49:49.676+0000] {processor.py:208} INFO - Processing /home/airflow/.local/lib/python3.12/site-packages/airflow/example_dags/example_branch_operator.py took 0.065 seconds
[2024-10-01T20:50:20.325+0000] {processor.py:186} INFO - Started process (PID=587) to work on /home/airflow/.local/lib/python3.12/site-packages/airflow/example_dags/example_branch_operator.py
[2024-10-01T20:50:20.326+0000] {processor.py:914} INFO - Processing file /home/airflow/.local/lib/python3.12/site-packages/airflow/example_dags/example_branch_operator.py for tasks to queue
[2024-10-01T20:50:20.328+0000] {logging_mixin.py:190} INFO - [2024-10-01T20:50:20.328+0000] {dagbag.py:588} INFO - Filling up the DagBag from /home/airflow/.local/lib/python3.12/site-packages/airflow/example_dags/example_branch_operator.py
[2024-10-01T20:50:20.340+0000] {processor.py:925} INFO - DAG(s) 'example_branch_operator' retrieved from /home/airflow/.local/lib/python3.12/site-packages/airflow/example_dags/example_branch_operator.py
[2024-10-01T20:50:20.362+0000] {logging_mixin.py:190} INFO - [2024-10-01T20:50:20.362+0000] {dag.py:3239} INFO - Sync 1 DAGs
[2024-10-01T20:50:20.379+0000] {logging_mixin.py:190} INFO - [2024-10-01T20:50:20.379+0000] {dag.py:4180} INFO - Setting next_dagrun for example_branch_operator to 2024-09-30 00:00:00+00:00, run_after=2024-10-01 00:00:00+00:00
[2024-10-01T20:50:20.393+0000] {processor.py:208} INFO - Processing /home/airflow/.local/lib/python3.12/site-packages/airflow/example_dags/example_branch_operator.py took 0.071 seconds
[2024-10-01T20:50:51.692+0000] {processor.py:186} INFO - Started process (PID=649) to work on /home/airflow/.local/lib/python3.12/site-packages/airflow/example_dags/example_branch_operator.py
[2024-10-01T20:50:51.693+0000] {processor.py:914} INFO - Processing file /home/airflow/.local/lib/python3.12/site-packages/airflow/example_dags/example_branch_operator.py for tasks to queue
[2024-10-01T20:50:51.695+0000] {logging_mixin.py:190} INFO - [2024-10-01T20:50:51.695+0000] {dagbag.py:588} INFO - Filling up the DagBag from /home/airflow/.local/lib/python3.12/site-packages/airflow/example_dags/example_branch_operator.py
[2024-10-01T20:50:51.710+0000] {processor.py:925} INFO - DAG(s) 'example_branch_operator' retrieved from /home/airflow/.local/lib/python3.12/site-packages/airflow/example_dags/example_branch_operator.py
[2024-10-01T20:50:51.737+0000] {logging_mixin.py:190} INFO - [2024-10-01T20:50:51.737+0000] {dag.py:3239} INFO - Sync 1 DAGs
[2024-10-01T20:50:51.770+0000] {logging_mixin.py:190} INFO - [2024-10-01T20:50:51.770+0000] {dag.py:4180} INFO - Setting next_dagrun for example_branch_operator to 2024-09-30 00:00:00+00:00, run_after=2024-10-01 00:00:00+00:00
[2024-10-01T20:50:51.790+0000] {processor.py:208} INFO - Processing /home/airflow/.local/lib/python3.12/site-packages/airflow/example_dags/example_branch_operator.py took 0.102 seconds
[2024-10-01T20:51:22.115+0000] {processor.py:186} INFO - Started process (PID=711) to work on /home/airflow/.local/lib/python3.12/site-packages/airflow/example_dags/example_branch_operator.py
[2024-10-01T20:51:22.116+0000] {processor.py:914} INFO - Processing file /home/airflow/.local/lib/python3.12/site-packages/airflow/example_dags/example_branch_operator.py for tasks to queue
[2024-10-01T20:51:22.119+0000] {logging_mixin.py:190} INFO - [2024-10-01T20:51:22.119+0000] {dagbag.py:588} INFO - Filling up the DagBag from /home/airflow/.local/lib/python3.12/site-packages/airflow/example_dags/example_branch_operator.py
[2024-10-01T20:51:22.137+0000] {processor.py:925} INFO - DAG(s) 'example_branch_operator' retrieved from /home/airflow/.local/lib/python3.12/site-packages/airflow/example_dags/example_branch_operator.py
[2024-10-01T20:51:22.158+0000] {logging_mixin.py:190} INFO - [2024-10-01T20:51:22.158+0000] {dag.py:3239} INFO - Sync 1 DAGs
[2024-10-01T20:51:22.173+0000] {logging_mixin.py:190} INFO - [2024-10-01T20:51:22.173+0000] {dag.py:4180} INFO - Setting next_dagrun for example_branch_operator to 2024-09-30 00:00:00+00:00, run_after=2024-10-01 00:00:00+00:00
[2024-10-01T20:51:22.184+0000] {processor.py:208} INFO - Processing /home/airflow/.local/lib/python3.12/site-packages/airflow/example_dags/example_branch_operator.py took 0.074 seconds
[2024-10-01T20:51:53.135+0000] {processor.py:186} INFO - Started process (PID=773) to work on /home/airflow/.local/lib/python3.12/site-packages/airflow/example_dags/example_branch_operator.py
[2024-10-01T20:51:53.136+0000] {processor.py:914} INFO - Processing file /home/airflow/.local/lib/python3.12/site-packages/airflow/example_dags/example_branch_operator.py for tasks to queue
[2024-10-01T20:51:53.137+0000] {logging_mixin.py:190} INFO - [2024-10-01T20:51:53.137+0000] {dagbag.py:588} INFO - Filling up the DagBag from /home/airflow/.local/lib/python3.12/site-packages/airflow/example_dags/example_branch_operator.py
[2024-10-01T20:51:53.149+0000] {processor.py:925} INFO - DAG(s) 'example_branch_operator' retrieved from /home/airflow/.local/lib/python3.12/site-packages/airflow/example_dags/example_branch_operator.py
[2024-10-01T20:51:53.175+0000] {logging_mixin.py:190} INFO - [2024-10-01T20:51:53.175+0000] {dag.py:3239} INFO - Sync 1 DAGs
[2024-10-01T20:51:53.194+0000] {logging_mixin.py:190} INFO - [2024-10-01T20:51:53.194+0000] {dag.py:4180} INFO - Setting next_dagrun for example_branch_operator to 2024-09-30 00:00:00+00:00, run_after=2024-10-01 00:00:00+00:00
[2024-10-01T20:51:53.205+0000] {processor.py:208} INFO - Processing /home/airflow/.local/lib/python3.12/site-packages/airflow/example_dags/example_branch_operator.py took 0.075 seconds
[2024-10-01T20:52:23.485+0000] {processor.py:186} INFO - Started process (PID=835) to work on /home/airflow/.local/lib/python3.12/site-packages/airflow/example_dags/example_branch_operator.py
[2024-10-01T20:52:23.487+0000] {processor.py:914} INFO - Processing file /home/airflow/.local/lib/python3.12/site-packages/airflow/example_dags/example_branch_operator.py for tasks to queue
[2024-10-01T20:52:23.490+0000] {logging_mixin.py:190} INFO - [2024-10-01T20:52:23.490+0000] {dagbag.py:588} INFO - Filling up the DagBag from /home/airflow/.local/lib/python3.12/site-packages/airflow/example_dags/example_branch_operator.py
[2024-10-01T20:52:23.525+0000] {processor.py:925} INFO - DAG(s) 'example_branch_operator' retrieved from /home/airflow/.local/lib/python3.12/site-packages/airflow/example_dags/example_branch_operator.py
[2024-10-01T20:52:23.593+0000] {logging_mixin.py:190} INFO - [2024-10-01T20:52:23.593+0000] {dag.py:3239} INFO - Sync 1 DAGs
[2024-10-01T20:52:23.620+0000] {logging_mixin.py:190} INFO - [2024-10-01T20:52:23.619+0000] {dag.py:4180} INFO - Setting next_dagrun for example_branch_operator to 2024-09-30 00:00:00+00:00, run_after=2024-10-01 00:00:00+00:00
[2024-10-01T20:52:23.643+0000] {processor.py:208} INFO - Processing /home/airflow/.local/lib/python3.12/site-packages/airflow/example_dags/example_branch_operator.py took 0.170 seconds
[2024-10-01T20:52:54.332+0000] {processor.py:186} INFO - Started process (PID=897) to work on /home/airflow/.local/lib/python3.12/site-packages/airflow/example_dags/example_branch_operator.py
[2024-10-01T20:52:54.333+0000] {processor.py:914} INFO - Processing file /home/airflow/.local/lib/python3.12/site-packages/airflow/example_dags/example_branch_operator.py for tasks to queue
[2024-10-01T20:52:54.336+0000] {logging_mixin.py:190} INFO - [2024-10-01T20:52:54.336+0000] {dagbag.py:588} INFO - Filling up the DagBag from /home/airflow/.local/lib/python3.12/site-packages/airflow/example_dags/example_branch_operator.py
[2024-10-01T20:52:54.355+0000] {processor.py:925} INFO - DAG(s) 'example_branch_operator' retrieved from /home/airflow/.local/lib/python3.12/site-packages/airflow/example_dags/example_branch_operator.py
[2024-10-01T20:52:54.383+0000] {logging_mixin.py:190} INFO - [2024-10-01T20:52:54.383+0000] {dag.py:3239} INFO - Sync 1 DAGs
[2024-10-01T20:52:54.405+0000] {logging_mixin.py:190} INFO - [2024-10-01T20:52:54.405+0000] {dag.py:4180} INFO - Setting next_dagrun for example_branch_operator to 2024-09-30 00:00:00+00:00, run_after=2024-10-01 00:00:00+00:00
[2024-10-01T20:52:54.418+0000] {processor.py:208} INFO - Processing /home/airflow/.local/lib/python3.12/site-packages/airflow/example_dags/example_branch_operator.py took 0.094 seconds
[2024-10-01T20:53:25.130+0000] {processor.py:186} INFO - Started process (PID=959) to work on /home/airflow/.local/lib/python3.12/site-packages/airflow/example_dags/example_branch_operator.py
[2024-10-01T20:53:25.131+0000] {processor.py:914} INFO - Processing file /home/airflow/.local/lib/python3.12/site-packages/airflow/example_dags/example_branch_operator.py for tasks to queue
[2024-10-01T20:53:25.134+0000] {logging_mixin.py:190} INFO - [2024-10-01T20:53:25.133+0000] {dagbag.py:588} INFO - Filling up the DagBag from /home/airflow/.local/lib/python3.12/site-packages/airflow/example_dags/example_branch_operator.py
[2024-10-01T20:53:25.155+0000] {processor.py:925} INFO - DAG(s) 'example_branch_operator' retrieved from /home/airflow/.local/lib/python3.12/site-packages/airflow/example_dags/example_branch_operator.py
[2024-10-01T20:53:25.181+0000] {logging_mixin.py:190} INFO - [2024-10-01T20:53:25.181+0000] {dag.py:3239} INFO - Sync 1 DAGs
[2024-10-01T20:53:25.208+0000] {logging_mixin.py:190} INFO - [2024-10-01T20:53:25.207+0000] {dag.py:4180} INFO - Setting next_dagrun for example_branch_operator to 2024-09-30 00:00:00+00:00, run_after=2024-10-01 00:00:00+00:00
[2024-10-01T20:53:25.221+0000] {processor.py:208} INFO - Processing /home/airflow/.local/lib/python3.12/site-packages/airflow/example_dags/example_branch_operator.py took 0.097 seconds
[2024-10-01T20:53:55.981+0000] {processor.py:186} INFO - Started process (PID=1020) to work on /home/airflow/.local/lib/python3.12/site-packages/airflow/example_dags/example_branch_operator.py
[2024-10-01T20:53:55.982+0000] {processor.py:914} INFO - Processing file /home/airflow/.local/lib/python3.12/site-packages/airflow/example_dags/example_branch_operator.py for tasks to queue
[2024-10-01T20:53:55.984+0000] {logging_mixin.py:190} INFO - [2024-10-01T20:53:55.984+0000] {dagbag.py:588} INFO - Filling up the DagBag from /home/airflow/.local/lib/python3.12/site-packages/airflow/example_dags/example_branch_operator.py
[2024-10-01T20:53:56.001+0000] {processor.py:925} INFO - DAG(s) 'example_branch_operator' retrieved from /home/airflow/.local/lib/python3.12/site-packages/airflow/example_dags/example_branch_operator.py
[2024-10-01T20:53:56.037+0000] {logging_mixin.py:190} INFO - [2024-10-01T20:53:56.036+0000] {dag.py:3239} INFO - Sync 1 DAGs
[2024-10-01T20:53:56.054+0000] {logging_mixin.py:190} INFO - [2024-10-01T20:53:56.054+0000] {dag.py:4180} INFO - Setting next_dagrun for example_branch_operator to 2024-09-30 00:00:00+00:00, run_after=2024-10-01 00:00:00+00:00
[2024-10-01T20:53:56.066+0000] {processor.py:208} INFO - Processing /home/airflow/.local/lib/python3.12/site-packages/airflow/example_dags/example_branch_operator.py took 0.090 seconds
[2024-10-01T20:54:26.367+0000] {processor.py:186} INFO - Started process (PID=1081) to work on /home/airflow/.local/lib/python3.12/site-packages/airflow/example_dags/example_branch_operator.py
[2024-10-01T20:54:26.370+0000] {processor.py:914} INFO - Processing file /home/airflow/.local/lib/python3.12/site-packages/airflow/example_dags/example_branch_operator.py for tasks to queue
[2024-10-01T20:54:26.376+0000] {logging_mixin.py:190} INFO - [2024-10-01T20:54:26.375+0000] {dagbag.py:588} INFO - Filling up the DagBag from /home/airflow/.local/lib/python3.12/site-packages/airflow/example_dags/example_branch_operator.py
[2024-10-01T20:54:26.435+0000] {processor.py:925} INFO - DAG(s) 'example_branch_operator' retrieved from /home/airflow/.local/lib/python3.12/site-packages/airflow/example_dags/example_branch_operator.py
[2024-10-01T20:54:26.473+0000] {logging_mixin.py:190} INFO - [2024-10-01T20:54:26.473+0000] {dag.py:3239} INFO - Sync 1 DAGs
[2024-10-01T20:54:26.494+0000] {logging_mixin.py:190} INFO - [2024-10-01T20:54:26.494+0000] {dag.py:4180} INFO - Setting next_dagrun for example_branch_operator to 2024-09-30 00:00:00+00:00, run_after=2024-10-01 00:00:00+00:00
[2024-10-01T20:54:26.507+0000] {processor.py:208} INFO - Processing /home/airflow/.local/lib/python3.12/site-packages/airflow/example_dags/example_branch_operator.py took 0.147 seconds
[2024-10-01T20:54:56.813+0000] {processor.py:186} INFO - Started process (PID=1144) to work on /home/airflow/.local/lib/python3.12/site-packages/airflow/example_dags/example_branch_operator.py
[2024-10-01T20:54:56.814+0000] {processor.py:914} INFO - Processing file /home/airflow/.local/lib/python3.12/site-packages/airflow/example_dags/example_branch_operator.py for tasks to queue
[2024-10-01T20:54:56.817+0000] {logging_mixin.py:190} INFO - [2024-10-01T20:54:56.817+0000] {dagbag.py:588} INFO - Filling up the DagBag from /home/airflow/.local/lib/python3.12/site-packages/airflow/example_dags/example_branch_operator.py
[2024-10-01T20:54:56.837+0000] {processor.py:925} INFO - DAG(s) 'example_branch_operator' retrieved from /home/airflow/.local/lib/python3.12/site-packages/airflow/example_dags/example_branch_operator.py
[2024-10-01T20:54:56.872+0000] {logging_mixin.py:190} INFO - [2024-10-01T20:54:56.872+0000] {dag.py:3239} INFO - Sync 1 DAGs
[2024-10-01T20:54:56.895+0000] {logging_mixin.py:190} INFO - [2024-10-01T20:54:56.895+0000] {dag.py:4180} INFO - Setting next_dagrun for example_branch_operator to 2024-09-30 00:00:00+00:00, run_after=2024-10-01 00:00:00+00:00
[2024-10-01T20:54:56.909+0000] {processor.py:208} INFO - Processing /home/airflow/.local/lib/python3.12/site-packages/airflow/example_dags/example_branch_operator.py took 0.103 seconds
[2024-10-01T20:55:26.953+0000] {processor.py:186} INFO - Started process (PID=1205) to work on /home/airflow/.local/lib/python3.12/site-packages/airflow/example_dags/example_branch_operator.py
[2024-10-01T20:55:26.955+0000] {processor.py:914} INFO - Processing file /home/airflow/.local/lib/python3.12/site-packages/airflow/example_dags/example_branch_operator.py for tasks to queue
[2024-10-01T20:55:26.957+0000] {logging_mixin.py:190} INFO - [2024-10-01T20:55:26.956+0000] {dagbag.py:588} INFO - Filling up the DagBag from /home/airflow/.local/lib/python3.12/site-packages/airflow/example_dags/example_branch_operator.py
[2024-10-01T20:55:26.970+0000] {processor.py:925} INFO - DAG(s) 'example_branch_operator' retrieved from /home/airflow/.local/lib/python3.12/site-packages/airflow/example_dags/example_branch_operator.py
[2024-10-01T20:55:26.988+0000] {logging_mixin.py:190} INFO - [2024-10-01T20:55:26.988+0000] {dag.py:3239} INFO - Sync 1 DAGs
[2024-10-01T20:55:27.001+0000] {logging_mixin.py:190} INFO - [2024-10-01T20:55:27.001+0000] {dag.py:4180} INFO - Setting next_dagrun for example_branch_operator to 2024-09-30 00:00:00+00:00, run_after=2024-10-01 00:00:00+00:00
[2024-10-01T20:55:27.010+0000] {processor.py:208} INFO - Processing /home/airflow/.local/lib/python3.12/site-packages/airflow/example_dags/example_branch_operator.py took 0.061 seconds
[2024-10-01T20:56:05.481+0000] {processor.py:186} INFO - Started process (PID=1268) to work on /home/airflow/.local/lib/python3.12/site-packages/airflow/example_dags/example_branch_operator.py
[2024-10-01T20:56:05.484+0000] {processor.py:914} INFO - Processing file /home/airflow/.local/lib/python3.12/site-packages/airflow/example_dags/example_branch_operator.py for tasks to queue
[2024-10-01T20:56:05.489+0000] {logging_mixin.py:190} INFO - [2024-10-01T20:56:05.488+0000] {dagbag.py:588} INFO - Filling up the DagBag from /home/airflow/.local/lib/python3.12/site-packages/airflow/example_dags/example_branch_operator.py
[2024-10-01T20:56:05.568+0000] {processor.py:925} INFO - DAG(s) 'example_branch_operator' retrieved from /home/airflow/.local/lib/python3.12/site-packages/airflow/example_dags/example_branch_operator.py
[2024-10-01T20:56:05.608+0000] {logging_mixin.py:190} INFO - [2024-10-01T20:56:05.608+0000] {dag.py:3239} INFO - Sync 1 DAGs
[2024-10-01T20:56:05.639+0000] {logging_mixin.py:190} INFO - [2024-10-01T20:56:05.639+0000] {dag.py:4180} INFO - Setting next_dagrun for example_branch_operator to 2024-09-30 00:00:00+00:00, run_after=2024-10-01 00:00:00+00:00
[2024-10-01T20:56:05.701+0000] {processor.py:208} INFO - Processing /home/airflow/.local/lib/python3.12/site-packages/airflow/example_dags/example_branch_operator.py took 0.232 seconds
[2024-10-01T20:56:35.925+0000] {processor.py:186} INFO - Started process (PID=1330) to work on /home/airflow/.local/lib/python3.12/site-packages/airflow/example_dags/example_branch_operator.py
[2024-10-01T20:56:35.926+0000] {processor.py:914} INFO - Processing file /home/airflow/.local/lib/python3.12/site-packages/airflow/example_dags/example_branch_operator.py for tasks to queue
[2024-10-01T20:56:35.928+0000] {logging_mixin.py:190} INFO - [2024-10-01T20:56:35.928+0000] {dagbag.py:588} INFO - Filling up the DagBag from /home/airflow/.local/lib/python3.12/site-packages/airflow/example_dags/example_branch_operator.py
[2024-10-01T20:56:35.942+0000] {processor.py:925} INFO - DAG(s) 'example_branch_operator' retrieved from /home/airflow/.local/lib/python3.12/site-packages/airflow/example_dags/example_branch_operator.py
[2024-10-01T20:56:35.974+0000] {logging_mixin.py:190} INFO - [2024-10-01T20:56:35.974+0000] {dag.py:3239} INFO - Sync 1 DAGs
[2024-10-01T20:56:36.000+0000] {logging_mixin.py:190} INFO - [2024-10-01T20:56:35.999+0000] {dag.py:4180} INFO - Setting next_dagrun for example_branch_operator to 2024-09-30 00:00:00+00:00, run_after=2024-10-01 00:00:00+00:00
[2024-10-01T20:56:36.013+0000] {processor.py:208} INFO - Processing /home/airflow/.local/lib/python3.12/site-packages/airflow/example_dags/example_branch_operator.py took 0.094 seconds
[2024-10-01T20:57:06.338+0000] {processor.py:186} INFO - Started process (PID=1392) to work on /home/airflow/.local/lib/python3.12/site-packages/airflow/example_dags/example_branch_operator.py
[2024-10-01T20:57:06.341+0000] {processor.py:914} INFO - Processing file /home/airflow/.local/lib/python3.12/site-packages/airflow/example_dags/example_branch_operator.py for tasks to queue
[2024-10-01T20:57:06.352+0000] {logging_mixin.py:190} INFO - [2024-10-01T20:57:06.351+0000] {dagbag.py:588} INFO - Filling up the DagBag from /home/airflow/.local/lib/python3.12/site-packages/airflow/example_dags/example_branch_operator.py
[2024-10-01T20:57:06.370+0000] {processor.py:925} INFO - DAG(s) 'example_branch_operator' retrieved from /home/airflow/.local/lib/python3.12/site-packages/airflow/example_dags/example_branch_operator.py
[2024-10-01T20:57:06.394+0000] {logging_mixin.py:190} INFO - [2024-10-01T20:57:06.394+0000] {dag.py:3239} INFO - Sync 1 DAGs
[2024-10-01T20:57:06.416+0000] {logging_mixin.py:190} INFO - [2024-10-01T20:57:06.416+0000] {dag.py:4180} INFO - Setting next_dagrun for example_branch_operator to 2024-09-30 00:00:00+00:00, run_after=2024-10-01 00:00:00+00:00
[2024-10-01T20:57:06.430+0000] {processor.py:208} INFO - Processing /home/airflow/.local/lib/python3.12/site-packages/airflow/example_dags/example_branch_operator.py took 0.098 seconds
