[2024-10-01T20:46:14.394+0000] {processor.py:186} INFO - Started process (PID=89) to work on /home/airflow/.local/lib/python3.12/site-packages/airflow/example_dags/example_datasets.py
[2024-10-01T20:46:14.395+0000] {processor.py:914} INFO - Processing file /home/airflow/.local/lib/python3.12/site-packages/airflow/example_dags/example_datasets.py for tasks to queue
[2024-10-01T20:46:14.399+0000] {logging_mixin.py:190} INFO - [2024-10-01T20:46:14.398+0000] {dagbag.py:588} INFO - Filling up the DagBag from /home/airflow/.local/lib/python3.12/site-packages/airflow/example_dags/example_datasets.py
[2024-10-01T20:46:14.591+0000] {processor.py:925} INFO - DAG(s) 'consume_1_or_2_with_dataset_expressions', 'dataset_consumes_1_never_scheduled', 'dataset_consumes_1_and_2', 'consume_1_or_both_2_and_3_with_dataset_expressions', 'dataset_consumes_unknown_never_scheduled', 'dataset_produces_2', 'dataset_consumes_1', 'dataset_produces_1', 'consume_1_and_2_with_dataset_expressions', 'conditional_dataset_and_time_based_timetable' retrieved from /home/airflow/.local/lib/python3.12/site-packages/airflow/example_dags/example_datasets.py
[2024-10-01T20:46:14.673+0000] {logging_mixin.py:190} INFO - [2024-10-01T20:46:14.672+0000] {override.py:1900} INFO - Created Permission View: can delete on DAG:consume_1_or_2_with_dataset_expressions
[2024-10-01T20:46:14.681+0000] {logging_mixin.py:190} INFO - [2024-10-01T20:46:14.680+0000] {override.py:1900} INFO - Created Permission View: can read on DAG:consume_1_or_2_with_dataset_expressions
[2024-10-01T20:46:14.684+0000] {logging_mixin.py:190} INFO - [2024-10-01T20:46:14.684+0000] {override.py:1900} INFO - Created Permission View: can edit on DAG:consume_1_or_2_with_dataset_expressions
[2024-10-01T20:46:14.688+0000] {logging_mixin.py:190} INFO - [2024-10-01T20:46:14.688+0000] {override.py:1900} INFO - Created Permission View: can delete on DAG Run:consume_1_or_2_with_dataset_expressions
[2024-10-01T20:46:14.692+0000] {logging_mixin.py:190} INFO - [2024-10-01T20:46:14.692+0000] {override.py:1900} INFO - Created Permission View: can read on DAG Run:consume_1_or_2_with_dataset_expressions
[2024-10-01T20:46:14.695+0000] {logging_mixin.py:190} INFO - [2024-10-01T20:46:14.695+0000] {override.py:1900} INFO - Created Permission View: menu access on DAG Run:consume_1_or_2_with_dataset_expressions
[2024-10-01T20:46:14.699+0000] {logging_mixin.py:190} INFO - [2024-10-01T20:46:14.699+0000] {override.py:1900} INFO - Created Permission View: can create on DAG Run:consume_1_or_2_with_dataset_expressions
[2024-10-01T20:46:14.709+0000] {logging_mixin.py:190} INFO - [2024-10-01T20:46:14.709+0000] {override.py:1900} INFO - Created Permission View: can delete on DAG:dataset_consumes_1_never_scheduled
[2024-10-01T20:46:14.714+0000] {logging_mixin.py:190} INFO - [2024-10-01T20:46:14.714+0000] {override.py:1900} INFO - Created Permission View: can read on DAG:dataset_consumes_1_never_scheduled
[2024-10-01T20:46:14.718+0000] {logging_mixin.py:190} INFO - [2024-10-01T20:46:14.718+0000] {override.py:1900} INFO - Created Permission View: can edit on DAG:dataset_consumes_1_never_scheduled
[2024-10-01T20:46:14.723+0000] {logging_mixin.py:190} INFO - [2024-10-01T20:46:14.723+0000] {override.py:1900} INFO - Created Permission View: can delete on DAG Run:dataset_consumes_1_never_scheduled
[2024-10-01T20:46:14.728+0000] {logging_mixin.py:190} INFO - [2024-10-01T20:46:14.728+0000] {override.py:1900} INFO - Created Permission View: can read on DAG Run:dataset_consumes_1_never_scheduled
[2024-10-01T20:46:14.732+0000] {logging_mixin.py:190} INFO - [2024-10-01T20:46:14.732+0000] {override.py:1900} INFO - Created Permission View: menu access on DAG Run:dataset_consumes_1_never_scheduled
[2024-10-01T20:46:14.735+0000] {logging_mixin.py:190} INFO - [2024-10-01T20:46:14.734+0000] {override.py:1900} INFO - Created Permission View: can create on DAG Run:dataset_consumes_1_never_scheduled
[2024-10-01T20:46:14.741+0000] {logging_mixin.py:190} INFO - [2024-10-01T20:46:14.740+0000] {override.py:1900} INFO - Created Permission View: can delete on DAG:dataset_consumes_1_and_2
[2024-10-01T20:46:14.744+0000] {logging_mixin.py:190} INFO - [2024-10-01T20:46:14.744+0000] {override.py:1900} INFO - Created Permission View: can read on DAG:dataset_consumes_1_and_2
[2024-10-01T20:46:14.747+0000] {logging_mixin.py:190} INFO - [2024-10-01T20:46:14.747+0000] {override.py:1900} INFO - Created Permission View: can edit on DAG:dataset_consumes_1_and_2
[2024-10-01T20:46:14.760+0000] {logging_mixin.py:190} INFO - [2024-10-01T20:46:14.759+0000] {override.py:1900} INFO - Created Permission View: can delete on DAG Run:dataset_consumes_1_and_2
[2024-10-01T20:46:14.771+0000] {logging_mixin.py:190} INFO - [2024-10-01T20:46:14.771+0000] {override.py:1900} INFO - Created Permission View: can read on DAG Run:dataset_consumes_1_and_2
[2024-10-01T20:46:14.783+0000] {logging_mixin.py:190} INFO - [2024-10-01T20:46:14.783+0000] {override.py:1900} INFO - Created Permission View: menu access on DAG Run:dataset_consumes_1_and_2
[2024-10-01T20:46:14.791+0000] {logging_mixin.py:190} INFO - [2024-10-01T20:46:14.791+0000] {override.py:1900} INFO - Created Permission View: can create on DAG Run:dataset_consumes_1_and_2
[2024-10-01T20:46:14.802+0000] {logging_mixin.py:190} INFO - [2024-10-01T20:46:14.802+0000] {override.py:1900} INFO - Created Permission View: can delete on DAG:consume_1_or_both_2_and_3_with_dataset_expressions
[2024-10-01T20:46:14.810+0000] {logging_mixin.py:190} INFO - [2024-10-01T20:46:14.810+0000] {override.py:1900} INFO - Created Permission View: can read on DAG:consume_1_or_both_2_and_3_with_dataset_expressions
[2024-10-01T20:46:14.816+0000] {logging_mixin.py:190} INFO - [2024-10-01T20:46:14.816+0000] {override.py:1900} INFO - Created Permission View: can edit on DAG:consume_1_or_both_2_and_3_with_dataset_expressions
[2024-10-01T20:46:14.821+0000] {logging_mixin.py:190} INFO - [2024-10-01T20:46:14.821+0000] {override.py:1900} INFO - Created Permission View: can delete on DAG Run:consume_1_or_both_2_and_3_with_dataset_expressions
[2024-10-01T20:46:14.827+0000] {logging_mixin.py:190} INFO - [2024-10-01T20:46:14.827+0000] {override.py:1900} INFO - Created Permission View: can read on DAG Run:consume_1_or_both_2_and_3_with_dataset_expressions
[2024-10-01T20:46:14.833+0000] {logging_mixin.py:190} INFO - [2024-10-01T20:46:14.833+0000] {override.py:1900} INFO - Created Permission View: menu access on DAG Run:consume_1_or_both_2_and_3_with_dataset_expressions
[2024-10-01T20:46:14.836+0000] {logging_mixin.py:190} INFO - [2024-10-01T20:46:14.836+0000] {override.py:1900} INFO - Created Permission View: can create on DAG Run:consume_1_or_both_2_and_3_with_dataset_expressions
[2024-10-01T20:46:14.843+0000] {logging_mixin.py:190} INFO - [2024-10-01T20:46:14.843+0000] {override.py:1900} INFO - Created Permission View: can delete on DAG:dataset_consumes_unknown_never_scheduled
[2024-10-01T20:46:14.846+0000] {logging_mixin.py:190} INFO - [2024-10-01T20:46:14.846+0000] {override.py:1900} INFO - Created Permission View: can read on DAG:dataset_consumes_unknown_never_scheduled
[2024-10-01T20:46:14.849+0000] {logging_mixin.py:190} INFO - [2024-10-01T20:46:14.849+0000] {override.py:1900} INFO - Created Permission View: can edit on DAG:dataset_consumes_unknown_never_scheduled
[2024-10-01T20:46:14.852+0000] {logging_mixin.py:190} INFO - [2024-10-01T20:46:14.852+0000] {override.py:1900} INFO - Created Permission View: can delete on DAG Run:dataset_consumes_unknown_never_scheduled
[2024-10-01T20:46:14.855+0000] {logging_mixin.py:190} INFO - [2024-10-01T20:46:14.855+0000] {override.py:1900} INFO - Created Permission View: can read on DAG Run:dataset_consumes_unknown_never_scheduled
[2024-10-01T20:46:14.857+0000] {logging_mixin.py:190} INFO - [2024-10-01T20:46:14.857+0000] {override.py:1900} INFO - Created Permission View: menu access on DAG Run:dataset_consumes_unknown_never_scheduled
[2024-10-01T20:46:14.860+0000] {logging_mixin.py:190} INFO - [2024-10-01T20:46:14.860+0000] {override.py:1900} INFO - Created Permission View: can create on DAG Run:dataset_consumes_unknown_never_scheduled
[2024-10-01T20:46:14.876+0000] {logging_mixin.py:190} INFO - [2024-10-01T20:46:14.876+0000] {override.py:1900} INFO - Created Permission View: can delete on DAG:dataset_produces_2
[2024-10-01T20:46:14.883+0000] {logging_mixin.py:190} INFO - [2024-10-01T20:46:14.883+0000] {override.py:1900} INFO - Created Permission View: can read on DAG:dataset_produces_2
[2024-10-01T20:46:14.902+0000] {logging_mixin.py:190} INFO - [2024-10-01T20:46:14.902+0000] {override.py:1900} INFO - Created Permission View: can edit on DAG:dataset_produces_2
[2024-10-01T20:46:14.917+0000] {logging_mixin.py:190} INFO - [2024-10-01T20:46:14.917+0000] {override.py:1900} INFO - Created Permission View: can delete on DAG Run:dataset_produces_2
[2024-10-01T20:46:14.927+0000] {logging_mixin.py:190} INFO - [2024-10-01T20:46:14.927+0000] {override.py:1900} INFO - Created Permission View: can read on DAG Run:dataset_produces_2
[2024-10-01T20:46:14.938+0000] {logging_mixin.py:190} INFO - [2024-10-01T20:46:14.937+0000] {override.py:1900} INFO - Created Permission View: menu access on DAG Run:dataset_produces_2
[2024-10-01T20:46:14.943+0000] {logging_mixin.py:190} INFO - [2024-10-01T20:46:14.943+0000] {override.py:1900} INFO - Created Permission View: can create on DAG Run:dataset_produces_2
[2024-10-01T20:46:14.953+0000] {logging_mixin.py:190} INFO - [2024-10-01T20:46:14.953+0000] {override.py:1900} INFO - Created Permission View: can delete on DAG:dataset_consumes_1
[2024-10-01T20:46:14.957+0000] {logging_mixin.py:190} INFO - [2024-10-01T20:46:14.957+0000] {override.py:1900} INFO - Created Permission View: can read on DAG:dataset_consumes_1
[2024-10-01T20:46:14.962+0000] {logging_mixin.py:190} INFO - [2024-10-01T20:46:14.962+0000] {override.py:1900} INFO - Created Permission View: can edit on DAG:dataset_consumes_1
[2024-10-01T20:46:14.967+0000] {logging_mixin.py:190} INFO - [2024-10-01T20:46:14.967+0000] {override.py:1900} INFO - Created Permission View: can delete on DAG Run:dataset_consumes_1
[2024-10-01T20:46:14.972+0000] {logging_mixin.py:190} INFO - [2024-10-01T20:46:14.972+0000] {override.py:1900} INFO - Created Permission View: can read on DAG Run:dataset_consumes_1
[2024-10-01T20:46:14.977+0000] {logging_mixin.py:190} INFO - [2024-10-01T20:46:14.976+0000] {override.py:1900} INFO - Created Permission View: menu access on DAG Run:dataset_consumes_1
[2024-10-01T20:46:14.983+0000] {logging_mixin.py:190} INFO - [2024-10-01T20:46:14.983+0000] {override.py:1900} INFO - Created Permission View: can create on DAG Run:dataset_consumes_1
[2024-10-01T20:46:14.993+0000] {logging_mixin.py:190} INFO - [2024-10-01T20:46:14.993+0000] {override.py:1900} INFO - Created Permission View: can delete on DAG:dataset_produces_1
[2024-10-01T20:46:14.999+0000] {logging_mixin.py:190} INFO - [2024-10-01T20:46:14.999+0000] {override.py:1900} INFO - Created Permission View: can read on DAG:dataset_produces_1
[2024-10-01T20:46:15.007+0000] {logging_mixin.py:190} INFO - [2024-10-01T20:46:15.006+0000] {override.py:1900} INFO - Created Permission View: can edit on DAG:dataset_produces_1
[2024-10-01T20:46:15.015+0000] {logging_mixin.py:190} INFO - [2024-10-01T20:46:15.014+0000] {override.py:1900} INFO - Created Permission View: can delete on DAG Run:dataset_produces_1
[2024-10-01T20:46:15.024+0000] {logging_mixin.py:190} INFO - [2024-10-01T20:46:15.023+0000] {override.py:1900} INFO - Created Permission View: can read on DAG Run:dataset_produces_1
[2024-10-01T20:46:15.027+0000] {logging_mixin.py:190} INFO - [2024-10-01T20:46:15.027+0000] {override.py:1900} INFO - Created Permission View: menu access on DAG Run:dataset_produces_1
[2024-10-01T20:46:15.031+0000] {logging_mixin.py:190} INFO - [2024-10-01T20:46:15.031+0000] {override.py:1900} INFO - Created Permission View: can create on DAG Run:dataset_produces_1
[2024-10-01T20:46:15.040+0000] {logging_mixin.py:190} INFO - [2024-10-01T20:46:15.040+0000] {override.py:1900} INFO - Created Permission View: can delete on DAG:consume_1_and_2_with_dataset_expressions
[2024-10-01T20:46:15.047+0000] {logging_mixin.py:190} INFO - [2024-10-01T20:46:15.047+0000] {override.py:1900} INFO - Created Permission View: can read on DAG:consume_1_and_2_with_dataset_expressions
[2024-10-01T20:46:15.059+0000] {logging_mixin.py:190} INFO - [2024-10-01T20:46:15.059+0000] {override.py:1900} INFO - Created Permission View: can edit on DAG:consume_1_and_2_with_dataset_expressions
[2024-10-01T20:46:15.089+0000] {logging_mixin.py:190} INFO - [2024-10-01T20:46:15.087+0000] {override.py:1900} INFO - Created Permission View: can delete on DAG Run:consume_1_and_2_with_dataset_expressions
[2024-10-01T20:46:15.145+0000] {logging_mixin.py:190} INFO - [2024-10-01T20:46:15.144+0000] {override.py:1900} INFO - Created Permission View: can read on DAG Run:consume_1_and_2_with_dataset_expressions
[2024-10-01T20:46:15.181+0000] {logging_mixin.py:190} INFO - [2024-10-01T20:46:15.178+0000] {override.py:1900} INFO - Created Permission View: menu access on DAG Run:consume_1_and_2_with_dataset_expressions
[2024-10-01T20:46:15.201+0000] {logging_mixin.py:190} INFO - [2024-10-01T20:46:15.200+0000] {override.py:1900} INFO - Created Permission View: can create on DAG Run:consume_1_and_2_with_dataset_expressions
[2024-10-01T20:46:15.217+0000] {logging_mixin.py:190} INFO - [2024-10-01T20:46:15.217+0000] {override.py:1900} INFO - Created Permission View: can delete on DAG:conditional_dataset_and_time_based_timetable
[2024-10-01T20:46:15.227+0000] {logging_mixin.py:190} INFO - [2024-10-01T20:46:15.227+0000] {override.py:1900} INFO - Created Permission View: can read on DAG:conditional_dataset_and_time_based_timetable
[2024-10-01T20:46:15.232+0000] {logging_mixin.py:190} INFO - [2024-10-01T20:46:15.231+0000] {override.py:1900} INFO - Created Permission View: can edit on DAG:conditional_dataset_and_time_based_timetable
[2024-10-01T20:46:15.254+0000] {logging_mixin.py:190} INFO - [2024-10-01T20:46:15.252+0000] {override.py:1900} INFO - Created Permission View: can delete on DAG Run:conditional_dataset_and_time_based_timetable
[2024-10-01T20:46:15.362+0000] {logging_mixin.py:190} INFO - [2024-10-01T20:46:15.361+0000] {override.py:1900} INFO - Created Permission View: can read on DAG Run:conditional_dataset_and_time_based_timetable
[2024-10-01T20:46:15.382+0000] {logging_mixin.py:190} INFO - [2024-10-01T20:46:15.382+0000] {override.py:1900} INFO - Created Permission View: menu access on DAG Run:conditional_dataset_and_time_based_timetable
[2024-10-01T20:46:15.391+0000] {logging_mixin.py:190} INFO - [2024-10-01T20:46:15.388+0000] {override.py:1900} INFO - Created Permission View: can create on DAG Run:conditional_dataset_and_time_based_timetable
[2024-10-01T20:46:15.398+0000] {logging_mixin.py:190} INFO - [2024-10-01T20:46:15.396+0000] {dag.py:3239} INFO - Sync 10 DAGs
[2024-10-01T20:46:15.479+0000] {logging_mixin.py:190} INFO - [2024-10-01T20:46:15.478+0000] {dag.py:3262} INFO - Creating ORM DAG for consume_1_or_both_2_and_3_with_dataset_expressions
[2024-10-01T20:46:15.480+0000] {logging_mixin.py:190} INFO - [2024-10-01T20:46:15.480+0000] {dag.py:3262} INFO - Creating ORM DAG for dataset_consumes_1_never_scheduled
[2024-10-01T20:46:15.482+0000] {logging_mixin.py:190} INFO - [2024-10-01T20:46:15.482+0000] {dag.py:3262} INFO - Creating ORM DAG for consume_1_and_2_with_dataset_expressions
[2024-10-01T20:46:15.483+0000] {logging_mixin.py:190} INFO - [2024-10-01T20:46:15.483+0000] {dag.py:3262} INFO - Creating ORM DAG for conditional_dataset_and_time_based_timetable
[2024-10-01T20:46:15.484+0000] {logging_mixin.py:190} INFO - [2024-10-01T20:46:15.483+0000] {dag.py:3262} INFO - Creating ORM DAG for dataset_consumes_1
[2024-10-01T20:46:15.485+0000] {logging_mixin.py:190} INFO - [2024-10-01T20:46:15.485+0000] {dag.py:3262} INFO - Creating ORM DAG for dataset_consumes_unknown_never_scheduled
[2024-10-01T20:46:15.486+0000] {logging_mixin.py:190} INFO - [2024-10-01T20:46:15.486+0000] {dag.py:3262} INFO - Creating ORM DAG for dataset_produces_1
[2024-10-01T20:46:15.486+0000] {logging_mixin.py:190} INFO - [2024-10-01T20:46:15.486+0000] {dag.py:3262} INFO - Creating ORM DAG for dataset_consumes_1_and_2
[2024-10-01T20:46:15.487+0000] {logging_mixin.py:190} INFO - [2024-10-01T20:46:15.487+0000] {dag.py:3262} INFO - Creating ORM DAG for consume_1_or_2_with_dataset_expressions
[2024-10-01T20:46:15.487+0000] {logging_mixin.py:190} INFO - [2024-10-01T20:46:15.487+0000] {dag.py:3262} INFO - Creating ORM DAG for dataset_produces_2
[2024-10-01T20:46:15.568+0000] {logging_mixin.py:190} INFO - [2024-10-01T20:46:15.566+0000] {dag.py:4180} INFO - Setting next_dagrun for conditional_dataset_and_time_based_timetable to 2024-09-25 01:00:00+00:00, run_after=2024-09-25 01:00:00+00:00
[2024-10-01T20:46:15.574+0000] {logging_mixin.py:190} INFO - [2024-10-01T20:46:15.573+0000] {dag.py:4180} INFO - Setting next_dagrun for consume_1_and_2_with_dataset_expressions to None, run_after=None
[2024-10-01T20:46:15.577+0000] {logging_mixin.py:190} INFO - [2024-10-01T20:46:15.577+0000] {dag.py:4180} INFO - Setting next_dagrun for consume_1_or_2_with_dataset_expressions to None, run_after=None
[2024-10-01T20:46:15.580+0000] {logging_mixin.py:190} INFO - [2024-10-01T20:46:15.580+0000] {dag.py:4180} INFO - Setting next_dagrun for consume_1_or_both_2_and_3_with_dataset_expressions to None, run_after=None
[2024-10-01T20:46:15.581+0000] {logging_mixin.py:190} INFO - [2024-10-01T20:46:15.581+0000] {dag.py:4180} INFO - Setting next_dagrun for dataset_consumes_1 to None, run_after=None
[2024-10-01T20:46:15.583+0000] {logging_mixin.py:190} INFO - [2024-10-01T20:46:15.583+0000] {dag.py:4180} INFO - Setting next_dagrun for dataset_consumes_1_and_2 to None, run_after=None
[2024-10-01T20:46:15.584+0000] {logging_mixin.py:190} INFO - [2024-10-01T20:46:15.584+0000] {dag.py:4180} INFO - Setting next_dagrun for dataset_consumes_1_never_scheduled to None, run_after=None
[2024-10-01T20:46:15.585+0000] {logging_mixin.py:190} INFO - [2024-10-01T20:46:15.585+0000] {dag.py:4180} INFO - Setting next_dagrun for dataset_consumes_unknown_never_scheduled to None, run_after=None
[2024-10-01T20:46:15.589+0000] {logging_mixin.py:190} INFO - [2024-10-01T20:46:15.588+0000] {dag.py:4180} INFO - Setting next_dagrun for dataset_produces_1 to 2024-09-30 00:00:00+00:00, run_after=2024-10-01 00:00:00+00:00
[2024-10-01T20:46:15.592+0000] {logging_mixin.py:190} INFO - [2024-10-01T20:46:15.591+0000] {dag.py:4180} INFO - Setting next_dagrun for dataset_produces_2 to None, run_after=None
[2024-10-01T20:46:15.679+0000] {processor.py:208} INFO - Processing /home/airflow/.local/lib/python3.12/site-packages/airflow/example_dags/example_datasets.py took 1.291 seconds
[2024-10-01T20:46:46.159+0000] {processor.py:186} INFO - Started process (PID=153) to work on /home/airflow/.local/lib/python3.12/site-packages/airflow/example_dags/example_datasets.py
[2024-10-01T20:46:46.162+0000] {processor.py:914} INFO - Processing file /home/airflow/.local/lib/python3.12/site-packages/airflow/example_dags/example_datasets.py for tasks to queue
[2024-10-01T20:46:46.164+0000] {logging_mixin.py:190} INFO - [2024-10-01T20:46:46.164+0000] {dagbag.py:588} INFO - Filling up the DagBag from /home/airflow/.local/lib/python3.12/site-packages/airflow/example_dags/example_datasets.py
[2024-10-01T20:46:46.313+0000] {processor.py:925} INFO - DAG(s) 'consume_1_or_both_2_and_3_with_dataset_expressions', 'consume_1_and_2_with_dataset_expressions', 'consume_1_or_2_with_dataset_expressions', 'dataset_produces_1', 'dataset_consumes_1', 'dataset_consumes_unknown_never_scheduled', 'conditional_dataset_and_time_based_timetable', 'dataset_consumes_1_never_scheduled', 'dataset_produces_2', 'dataset_consumes_1_and_2' retrieved from /home/airflow/.local/lib/python3.12/site-packages/airflow/example_dags/example_datasets.py
[2024-10-01T20:46:46.337+0000] {logging_mixin.py:190} INFO - [2024-10-01T20:46:46.337+0000] {dag.py:3239} INFO - Sync 10 DAGs
[2024-10-01T20:46:46.353+0000] {logging_mixin.py:190} INFO - [2024-10-01T20:46:46.352+0000] {dag.py:4180} INFO - Setting next_dagrun for conditional_dataset_and_time_based_timetable to 2024-09-25 01:00:00+00:00, run_after=2024-09-25 01:00:00+00:00
[2024-10-01T20:46:46.355+0000] {logging_mixin.py:190} INFO - [2024-10-01T20:46:46.355+0000] {dag.py:4180} INFO - Setting next_dagrun for consume_1_and_2_with_dataset_expressions to None, run_after=None
[2024-10-01T20:46:46.355+0000] {logging_mixin.py:190} INFO - [2024-10-01T20:46:46.355+0000] {dag.py:4180} INFO - Setting next_dagrun for consume_1_or_2_with_dataset_expressions to None, run_after=None
[2024-10-01T20:46:46.356+0000] {logging_mixin.py:190} INFO - [2024-10-01T20:46:46.356+0000] {dag.py:4180} INFO - Setting next_dagrun for consume_1_or_both_2_and_3_with_dataset_expressions to None, run_after=None
[2024-10-01T20:46:46.357+0000] {logging_mixin.py:190} INFO - [2024-10-01T20:46:46.356+0000] {dag.py:4180} INFO - Setting next_dagrun for dataset_consumes_1 to None, run_after=None
[2024-10-01T20:46:46.357+0000] {logging_mixin.py:190} INFO - [2024-10-01T20:46:46.357+0000] {dag.py:4180} INFO - Setting next_dagrun for dataset_consumes_1_and_2 to None, run_after=None
[2024-10-01T20:46:46.358+0000] {logging_mixin.py:190} INFO - [2024-10-01T20:46:46.358+0000] {dag.py:4180} INFO - Setting next_dagrun for dataset_consumes_1_never_scheduled to None, run_after=None
[2024-10-01T20:46:46.358+0000] {logging_mixin.py:190} INFO - [2024-10-01T20:46:46.358+0000] {dag.py:4180} INFO - Setting next_dagrun for dataset_consumes_unknown_never_scheduled to None, run_after=None
[2024-10-01T20:46:46.359+0000] {logging_mixin.py:190} INFO - [2024-10-01T20:46:46.359+0000] {dag.py:4180} INFO - Setting next_dagrun for dataset_produces_1 to 2024-09-30 00:00:00+00:00, run_after=2024-10-01 00:00:00+00:00
[2024-10-01T20:46:46.360+0000] {logging_mixin.py:190} INFO - [2024-10-01T20:46:46.360+0000] {dag.py:4180} INFO - Setting next_dagrun for dataset_produces_2 to None, run_after=None
[2024-10-01T20:46:46.376+0000] {processor.py:208} INFO - Processing /home/airflow/.local/lib/python3.12/site-packages/airflow/example_dags/example_datasets.py took 0.225 seconds
[2024-10-01T20:47:16.409+0000] {processor.py:186} INFO - Started process (PID=216) to work on /home/airflow/.local/lib/python3.12/site-packages/airflow/example_dags/example_datasets.py
[2024-10-01T20:47:16.412+0000] {processor.py:914} INFO - Processing file /home/airflow/.local/lib/python3.12/site-packages/airflow/example_dags/example_datasets.py for tasks to queue
[2024-10-01T20:47:16.415+0000] {logging_mixin.py:190} INFO - [2024-10-01T20:47:16.415+0000] {dagbag.py:588} INFO - Filling up the DagBag from /home/airflow/.local/lib/python3.12/site-packages/airflow/example_dags/example_datasets.py
[2024-10-01T20:47:16.577+0000] {processor.py:925} INFO - DAG(s) 'conditional_dataset_and_time_based_timetable', 'dataset_consumes_1_and_2', 'dataset_produces_1', 'consume_1_or_both_2_and_3_with_dataset_expressions', 'consume_1_and_2_with_dataset_expressions', 'dataset_consumes_unknown_never_scheduled', 'dataset_produces_2', 'dataset_consumes_1_never_scheduled', 'consume_1_or_2_with_dataset_expressions', 'dataset_consumes_1' retrieved from /home/airflow/.local/lib/python3.12/site-packages/airflow/example_dags/example_datasets.py
[2024-10-01T20:47:16.608+0000] {logging_mixin.py:190} INFO - [2024-10-01T20:47:16.608+0000] {dag.py:3239} INFO - Sync 10 DAGs
[2024-10-01T20:47:16.627+0000] {logging_mixin.py:190} INFO - [2024-10-01T20:47:16.627+0000] {dag.py:4180} INFO - Setting next_dagrun for conditional_dataset_and_time_based_timetable to 2024-09-25 01:00:00+00:00, run_after=2024-09-25 01:00:00+00:00
[2024-10-01T20:47:16.629+0000] {logging_mixin.py:190} INFO - [2024-10-01T20:47:16.629+0000] {dag.py:4180} INFO - Setting next_dagrun for consume_1_and_2_with_dataset_expressions to None, run_after=None
[2024-10-01T20:47:16.630+0000] {logging_mixin.py:190} INFO - [2024-10-01T20:47:16.630+0000] {dag.py:4180} INFO - Setting next_dagrun for consume_1_or_2_with_dataset_expressions to None, run_after=None
[2024-10-01T20:47:16.630+0000] {logging_mixin.py:190} INFO - [2024-10-01T20:47:16.630+0000] {dag.py:4180} INFO - Setting next_dagrun for consume_1_or_both_2_and_3_with_dataset_expressions to None, run_after=None
[2024-10-01T20:47:16.631+0000] {logging_mixin.py:190} INFO - [2024-10-01T20:47:16.631+0000] {dag.py:4180} INFO - Setting next_dagrun for dataset_consumes_1 to None, run_after=None
[2024-10-01T20:47:16.632+0000] {logging_mixin.py:190} INFO - [2024-10-01T20:47:16.632+0000] {dag.py:4180} INFO - Setting next_dagrun for dataset_consumes_1_and_2 to None, run_after=None
[2024-10-01T20:47:16.632+0000] {logging_mixin.py:190} INFO - [2024-10-01T20:47:16.632+0000] {dag.py:4180} INFO - Setting next_dagrun for dataset_consumes_1_never_scheduled to None, run_after=None
[2024-10-01T20:47:16.633+0000] {logging_mixin.py:190} INFO - [2024-10-01T20:47:16.633+0000] {dag.py:4180} INFO - Setting next_dagrun for dataset_consumes_unknown_never_scheduled to None, run_after=None
[2024-10-01T20:47:16.634+0000] {logging_mixin.py:190} INFO - [2024-10-01T20:47:16.634+0000] {dag.py:4180} INFO - Setting next_dagrun for dataset_produces_1 to 2024-09-30 00:00:00+00:00, run_after=2024-10-01 00:00:00+00:00
[2024-10-01T20:47:16.634+0000] {logging_mixin.py:190} INFO - [2024-10-01T20:47:16.634+0000] {dag.py:4180} INFO - Setting next_dagrun for dataset_produces_2 to None, run_after=None
[2024-10-01T20:47:16.652+0000] {processor.py:208} INFO - Processing /home/airflow/.local/lib/python3.12/site-packages/airflow/example_dags/example_datasets.py took 0.254 seconds
[2024-10-01T20:47:46.994+0000] {processor.py:186} INFO - Started process (PID=275) to work on /home/airflow/.local/lib/python3.12/site-packages/airflow/example_dags/example_datasets.py
[2024-10-01T20:47:46.996+0000] {processor.py:914} INFO - Processing file /home/airflow/.local/lib/python3.12/site-packages/airflow/example_dags/example_datasets.py for tasks to queue
[2024-10-01T20:47:46.999+0000] {logging_mixin.py:190} INFO - [2024-10-01T20:47:46.999+0000] {dagbag.py:588} INFO - Filling up the DagBag from /home/airflow/.local/lib/python3.12/site-packages/airflow/example_dags/example_datasets.py
[2024-10-01T20:47:47.234+0000] {processor.py:925} INFO - DAG(s) 'consume_1_or_both_2_and_3_with_dataset_expressions', 'dataset_consumes_1_never_scheduled', 'dataset_consumes_1', 'consume_1_or_2_with_dataset_expressions', 'dataset_consumes_1_and_2', 'consume_1_and_2_with_dataset_expressions', 'dataset_produces_1', 'conditional_dataset_and_time_based_timetable', 'dataset_consumes_unknown_never_scheduled', 'dataset_produces_2' retrieved from /home/airflow/.local/lib/python3.12/site-packages/airflow/example_dags/example_datasets.py
[2024-10-01T20:47:47.282+0000] {logging_mixin.py:190} INFO - [2024-10-01T20:47:47.282+0000] {dag.py:3239} INFO - Sync 10 DAGs
[2024-10-01T20:47:47.304+0000] {logging_mixin.py:190} INFO - [2024-10-01T20:47:47.304+0000] {dag.py:4180} INFO - Setting next_dagrun for conditional_dataset_and_time_based_timetable to 2024-09-25 01:00:00+00:00, run_after=2024-09-25 01:00:00+00:00
[2024-10-01T20:47:47.308+0000] {logging_mixin.py:190} INFO - [2024-10-01T20:47:47.308+0000] {dag.py:4180} INFO - Setting next_dagrun for consume_1_and_2_with_dataset_expressions to None, run_after=None
[2024-10-01T20:47:47.310+0000] {logging_mixin.py:190} INFO - [2024-10-01T20:47:47.310+0000] {dag.py:4180} INFO - Setting next_dagrun for consume_1_or_2_with_dataset_expressions to None, run_after=None
[2024-10-01T20:47:47.313+0000] {logging_mixin.py:190} INFO - [2024-10-01T20:47:47.313+0000] {dag.py:4180} INFO - Setting next_dagrun for consume_1_or_both_2_and_3_with_dataset_expressions to None, run_after=None
[2024-10-01T20:47:47.314+0000] {logging_mixin.py:190} INFO - [2024-10-01T20:47:47.314+0000] {dag.py:4180} INFO - Setting next_dagrun for dataset_consumes_1 to None, run_after=None
[2024-10-01T20:47:47.314+0000] {logging_mixin.py:190} INFO - [2024-10-01T20:47:47.314+0000] {dag.py:4180} INFO - Setting next_dagrun for dataset_consumes_1_and_2 to None, run_after=None
[2024-10-01T20:47:47.315+0000] {logging_mixin.py:190} INFO - [2024-10-01T20:47:47.315+0000] {dag.py:4180} INFO - Setting next_dagrun for dataset_consumes_1_never_scheduled to None, run_after=None
[2024-10-01T20:47:47.316+0000] {logging_mixin.py:190} INFO - [2024-10-01T20:47:47.316+0000] {dag.py:4180} INFO - Setting next_dagrun for dataset_consumes_unknown_never_scheduled to None, run_after=None
[2024-10-01T20:47:47.318+0000] {logging_mixin.py:190} INFO - [2024-10-01T20:47:47.318+0000] {dag.py:4180} INFO - Setting next_dagrun for dataset_produces_1 to 2024-09-30 00:00:00+00:00, run_after=2024-10-01 00:00:00+00:00
[2024-10-01T20:47:47.320+0000] {logging_mixin.py:190} INFO - [2024-10-01T20:47:47.320+0000] {dag.py:4180} INFO - Setting next_dagrun for dataset_produces_2 to None, run_after=None
[2024-10-01T20:47:47.354+0000] {processor.py:208} INFO - Processing /home/airflow/.local/lib/python3.12/site-packages/airflow/example_dags/example_datasets.py took 0.371 seconds
[2024-10-01T20:48:17.898+0000] {processor.py:186} INFO - Started process (PID=337) to work on /home/airflow/.local/lib/python3.12/site-packages/airflow/example_dags/example_datasets.py
[2024-10-01T20:48:17.898+0000] {processor.py:914} INFO - Processing file /home/airflow/.local/lib/python3.12/site-packages/airflow/example_dags/example_datasets.py for tasks to queue
[2024-10-01T20:48:17.900+0000] {logging_mixin.py:190} INFO - [2024-10-01T20:48:17.900+0000] {dagbag.py:588} INFO - Filling up the DagBag from /home/airflow/.local/lib/python3.12/site-packages/airflow/example_dags/example_datasets.py
[2024-10-01T20:48:18.061+0000] {processor.py:925} INFO - DAG(s) 'dataset_consumes_1_and_2', 'dataset_consumes_unknown_never_scheduled', 'dataset_consumes_1_never_scheduled', 'dataset_produces_2', 'conditional_dataset_and_time_based_timetable', 'dataset_consumes_1', 'dataset_produces_1', 'consume_1_or_2_with_dataset_expressions', 'consume_1_or_both_2_and_3_with_dataset_expressions', 'consume_1_and_2_with_dataset_expressions' retrieved from /home/airflow/.local/lib/python3.12/site-packages/airflow/example_dags/example_datasets.py
[2024-10-01T20:48:18.098+0000] {logging_mixin.py:190} INFO - [2024-10-01T20:48:18.098+0000] {dag.py:3239} INFO - Sync 10 DAGs
[2024-10-01T20:48:18.116+0000] {logging_mixin.py:190} INFO - [2024-10-01T20:48:18.115+0000] {dag.py:4180} INFO - Setting next_dagrun for conditional_dataset_and_time_based_timetable to 2024-09-25 01:00:00+00:00, run_after=2024-09-25 01:00:00+00:00
[2024-10-01T20:48:18.119+0000] {logging_mixin.py:190} INFO - [2024-10-01T20:48:18.118+0000] {dag.py:4180} INFO - Setting next_dagrun for consume_1_and_2_with_dataset_expressions to None, run_after=None
[2024-10-01T20:48:18.120+0000] {logging_mixin.py:190} INFO - [2024-10-01T20:48:18.120+0000] {dag.py:4180} INFO - Setting next_dagrun for consume_1_or_2_with_dataset_expressions to None, run_after=None
[2024-10-01T20:48:18.121+0000] {logging_mixin.py:190} INFO - [2024-10-01T20:48:18.121+0000] {dag.py:4180} INFO - Setting next_dagrun for consume_1_or_both_2_and_3_with_dataset_expressions to None, run_after=None
[2024-10-01T20:48:18.122+0000] {logging_mixin.py:190} INFO - [2024-10-01T20:48:18.122+0000] {dag.py:4180} INFO - Setting next_dagrun for dataset_consumes_1 to None, run_after=None
[2024-10-01T20:48:18.124+0000] {logging_mixin.py:190} INFO - [2024-10-01T20:48:18.124+0000] {dag.py:4180} INFO - Setting next_dagrun for dataset_consumes_1_and_2 to None, run_after=None
[2024-10-01T20:48:18.125+0000] {logging_mixin.py:190} INFO - [2024-10-01T20:48:18.125+0000] {dag.py:4180} INFO - Setting next_dagrun for dataset_consumes_1_never_scheduled to None, run_after=None
[2024-10-01T20:48:18.125+0000] {logging_mixin.py:190} INFO - [2024-10-01T20:48:18.125+0000] {dag.py:4180} INFO - Setting next_dagrun for dataset_consumes_unknown_never_scheduled to None, run_after=None
[2024-10-01T20:48:18.127+0000] {logging_mixin.py:190} INFO - [2024-10-01T20:48:18.126+0000] {dag.py:4180} INFO - Setting next_dagrun for dataset_produces_1 to 2024-09-30 00:00:00+00:00, run_after=2024-10-01 00:00:00+00:00
[2024-10-01T20:48:18.127+0000] {logging_mixin.py:190} INFO - [2024-10-01T20:48:18.127+0000] {dag.py:4180} INFO - Setting next_dagrun for dataset_produces_2 to None, run_after=None
[2024-10-01T20:48:18.150+0000] {processor.py:208} INFO - Processing /home/airflow/.local/lib/python3.12/site-packages/airflow/example_dags/example_datasets.py took 0.257 seconds
[2024-10-01T20:48:48.495+0000] {processor.py:186} INFO - Started process (PID=401) to work on /home/airflow/.local/lib/python3.12/site-packages/airflow/example_dags/example_datasets.py
[2024-10-01T20:48:48.497+0000] {processor.py:914} INFO - Processing file /home/airflow/.local/lib/python3.12/site-packages/airflow/example_dags/example_datasets.py for tasks to queue
[2024-10-01T20:48:48.498+0000] {logging_mixin.py:190} INFO - [2024-10-01T20:48:48.498+0000] {dagbag.py:588} INFO - Filling up the DagBag from /home/airflow/.local/lib/python3.12/site-packages/airflow/example_dags/example_datasets.py
[2024-10-01T20:48:48.680+0000] {processor.py:925} INFO - DAG(s) 'consume_1_or_2_with_dataset_expressions', 'consume_1_and_2_with_dataset_expressions', 'dataset_produces_2', 'conditional_dataset_and_time_based_timetable', 'dataset_consumes_1_and_2', 'dataset_consumes_unknown_never_scheduled', 'dataset_produces_1', 'consume_1_or_both_2_and_3_with_dataset_expressions', 'dataset_consumes_1_never_scheduled', 'dataset_consumes_1' retrieved from /home/airflow/.local/lib/python3.12/site-packages/airflow/example_dags/example_datasets.py
[2024-10-01T20:48:48.712+0000] {logging_mixin.py:190} INFO - [2024-10-01T20:48:48.711+0000] {dag.py:3239} INFO - Sync 10 DAGs
[2024-10-01T20:48:48.729+0000] {logging_mixin.py:190} INFO - [2024-10-01T20:48:48.729+0000] {dag.py:4180} INFO - Setting next_dagrun for conditional_dataset_and_time_based_timetable to 2024-09-25 01:00:00+00:00, run_after=2024-09-25 01:00:00+00:00
[2024-10-01T20:48:48.731+0000] {logging_mixin.py:190} INFO - [2024-10-01T20:48:48.731+0000] {dag.py:4180} INFO - Setting next_dagrun for consume_1_and_2_with_dataset_expressions to None, run_after=None
[2024-10-01T20:48:48.732+0000] {logging_mixin.py:190} INFO - [2024-10-01T20:48:48.732+0000] {dag.py:4180} INFO - Setting next_dagrun for consume_1_or_2_with_dataset_expressions to None, run_after=None
[2024-10-01T20:48:48.733+0000] {logging_mixin.py:190} INFO - [2024-10-01T20:48:48.733+0000] {dag.py:4180} INFO - Setting next_dagrun for consume_1_or_both_2_and_3_with_dataset_expressions to None, run_after=None
[2024-10-01T20:48:48.733+0000] {logging_mixin.py:190} INFO - [2024-10-01T20:48:48.733+0000] {dag.py:4180} INFO - Setting next_dagrun for dataset_consumes_1 to None, run_after=None
[2024-10-01T20:48:48.734+0000] {logging_mixin.py:190} INFO - [2024-10-01T20:48:48.734+0000] {dag.py:4180} INFO - Setting next_dagrun for dataset_consumes_1_and_2 to None, run_after=None
[2024-10-01T20:48:48.735+0000] {logging_mixin.py:190} INFO - [2024-10-01T20:48:48.735+0000] {dag.py:4180} INFO - Setting next_dagrun for dataset_consumes_1_never_scheduled to None, run_after=None
[2024-10-01T20:48:48.735+0000] {logging_mixin.py:190} INFO - [2024-10-01T20:48:48.735+0000] {dag.py:4180} INFO - Setting next_dagrun for dataset_consumes_unknown_never_scheduled to None, run_after=None
[2024-10-01T20:48:48.736+0000] {logging_mixin.py:190} INFO - [2024-10-01T20:48:48.736+0000] {dag.py:4180} INFO - Setting next_dagrun for dataset_produces_1 to 2024-09-30 00:00:00+00:00, run_after=2024-10-01 00:00:00+00:00
[2024-10-01T20:48:48.737+0000] {logging_mixin.py:190} INFO - [2024-10-01T20:48:48.737+0000] {dag.py:4180} INFO - Setting next_dagrun for dataset_produces_2 to None, run_after=None
[2024-10-01T20:48:48.755+0000] {processor.py:208} INFO - Processing /home/airflow/.local/lib/python3.12/site-packages/airflow/example_dags/example_datasets.py took 0.270 seconds
[2024-10-01T20:49:18.894+0000] {processor.py:186} INFO - Started process (PID=463) to work on /home/airflow/.local/lib/python3.12/site-packages/airflow/example_dags/example_datasets.py
[2024-10-01T20:49:18.896+0000] {processor.py:914} INFO - Processing file /home/airflow/.local/lib/python3.12/site-packages/airflow/example_dags/example_datasets.py for tasks to queue
[2024-10-01T20:49:18.898+0000] {logging_mixin.py:190} INFO - [2024-10-01T20:49:18.897+0000] {dagbag.py:588} INFO - Filling up the DagBag from /home/airflow/.local/lib/python3.12/site-packages/airflow/example_dags/example_datasets.py
[2024-10-01T20:49:19.037+0000] {processor.py:925} INFO - DAG(s) 'dataset_consumes_1_and_2', 'dataset_produces_2', 'consume_1_or_both_2_and_3_with_dataset_expressions', 'dataset_consumes_1_never_scheduled', 'conditional_dataset_and_time_based_timetable', 'dataset_consumes_unknown_never_scheduled', 'consume_1_and_2_with_dataset_expressions', 'dataset_consumes_1', 'dataset_produces_1', 'consume_1_or_2_with_dataset_expressions' retrieved from /home/airflow/.local/lib/python3.12/site-packages/airflow/example_dags/example_datasets.py
[2024-10-01T20:49:19.074+0000] {logging_mixin.py:190} INFO - [2024-10-01T20:49:19.074+0000] {dag.py:3239} INFO - Sync 10 DAGs
[2024-10-01T20:49:19.097+0000] {logging_mixin.py:190} INFO - [2024-10-01T20:49:19.097+0000] {dag.py:4180} INFO - Setting next_dagrun for conditional_dataset_and_time_based_timetable to 2024-09-25 01:00:00+00:00, run_after=2024-09-25 01:00:00+00:00
[2024-10-01T20:49:19.100+0000] {logging_mixin.py:190} INFO - [2024-10-01T20:49:19.099+0000] {dag.py:4180} INFO - Setting next_dagrun for consume_1_and_2_with_dataset_expressions to None, run_after=None
[2024-10-01T20:49:19.100+0000] {logging_mixin.py:190} INFO - [2024-10-01T20:49:19.100+0000] {dag.py:4180} INFO - Setting next_dagrun for consume_1_or_2_with_dataset_expressions to None, run_after=None
[2024-10-01T20:49:19.101+0000] {logging_mixin.py:190} INFO - [2024-10-01T20:49:19.101+0000] {dag.py:4180} INFO - Setting next_dagrun for consume_1_or_both_2_and_3_with_dataset_expressions to None, run_after=None
[2024-10-01T20:49:19.102+0000] {logging_mixin.py:190} INFO - [2024-10-01T20:49:19.101+0000] {dag.py:4180} INFO - Setting next_dagrun for dataset_consumes_1 to None, run_after=None
[2024-10-01T20:49:19.102+0000] {logging_mixin.py:190} INFO - [2024-10-01T20:49:19.102+0000] {dag.py:4180} INFO - Setting next_dagrun for dataset_consumes_1_and_2 to None, run_after=None
[2024-10-01T20:49:19.103+0000] {logging_mixin.py:190} INFO - [2024-10-01T20:49:19.103+0000] {dag.py:4180} INFO - Setting next_dagrun for dataset_consumes_1_never_scheduled to None, run_after=None
[2024-10-01T20:49:19.104+0000] {logging_mixin.py:190} INFO - [2024-10-01T20:49:19.103+0000] {dag.py:4180} INFO - Setting next_dagrun for dataset_consumes_unknown_never_scheduled to None, run_after=None
[2024-10-01T20:49:19.105+0000] {logging_mixin.py:190} INFO - [2024-10-01T20:49:19.105+0000] {dag.py:4180} INFO - Setting next_dagrun for dataset_produces_1 to 2024-09-30 00:00:00+00:00, run_after=2024-10-01 00:00:00+00:00
[2024-10-01T20:49:19.105+0000] {logging_mixin.py:190} INFO - [2024-10-01T20:49:19.105+0000] {dag.py:4180} INFO - Setting next_dagrun for dataset_produces_2 to None, run_after=None
[2024-10-01T20:49:19.125+0000] {processor.py:208} INFO - Processing /home/airflow/.local/lib/python3.12/site-packages/airflow/example_dags/example_datasets.py took 0.235 seconds
[2024-10-01T20:49:49.545+0000] {processor.py:186} INFO - Started process (PID=523) to work on /home/airflow/.local/lib/python3.12/site-packages/airflow/example_dags/example_datasets.py
[2024-10-01T20:49:49.546+0000] {processor.py:914} INFO - Processing file /home/airflow/.local/lib/python3.12/site-packages/airflow/example_dags/example_datasets.py for tasks to queue
[2024-10-01T20:49:49.548+0000] {logging_mixin.py:190} INFO - [2024-10-01T20:49:49.548+0000] {dagbag.py:588} INFO - Filling up the DagBag from /home/airflow/.local/lib/python3.12/site-packages/airflow/example_dags/example_datasets.py
[2024-10-01T20:49:49.654+0000] {processor.py:925} INFO - DAG(s) 'conditional_dataset_and_time_based_timetable', 'consume_1_or_both_2_and_3_with_dataset_expressions', 'consume_1_and_2_with_dataset_expressions', 'dataset_consumes_1_never_scheduled', 'dataset_produces_1', 'dataset_produces_2', 'dataset_consumes_unknown_never_scheduled', 'dataset_consumes_1_and_2', 'consume_1_or_2_with_dataset_expressions', 'dataset_consumes_1' retrieved from /home/airflow/.local/lib/python3.12/site-packages/airflow/example_dags/example_datasets.py
[2024-10-01T20:49:49.682+0000] {logging_mixin.py:190} INFO - [2024-10-01T20:49:49.682+0000] {dag.py:3239} INFO - Sync 10 DAGs
[2024-10-01T20:49:49.702+0000] {logging_mixin.py:190} INFO - [2024-10-01T20:49:49.701+0000] {dag.py:4180} INFO - Setting next_dagrun for conditional_dataset_and_time_based_timetable to 2024-09-25 01:00:00+00:00, run_after=2024-09-25 01:00:00+00:00
[2024-10-01T20:49:49.704+0000] {logging_mixin.py:190} INFO - [2024-10-01T20:49:49.704+0000] {dag.py:4180} INFO - Setting next_dagrun for consume_1_and_2_with_dataset_expressions to None, run_after=None
[2024-10-01T20:49:49.704+0000] {logging_mixin.py:190} INFO - [2024-10-01T20:49:49.704+0000] {dag.py:4180} INFO - Setting next_dagrun for consume_1_or_2_with_dataset_expressions to None, run_after=None
[2024-10-01T20:49:49.705+0000] {logging_mixin.py:190} INFO - [2024-10-01T20:49:49.705+0000] {dag.py:4180} INFO - Setting next_dagrun for consume_1_or_both_2_and_3_with_dataset_expressions to None, run_after=None
[2024-10-01T20:49:49.706+0000] {logging_mixin.py:190} INFO - [2024-10-01T20:49:49.705+0000] {dag.py:4180} INFO - Setting next_dagrun for dataset_consumes_1 to None, run_after=None
[2024-10-01T20:49:49.706+0000] {logging_mixin.py:190} INFO - [2024-10-01T20:49:49.706+0000] {dag.py:4180} INFO - Setting next_dagrun for dataset_consumes_1_and_2 to None, run_after=None
[2024-10-01T20:49:49.707+0000] {logging_mixin.py:190} INFO - [2024-10-01T20:49:49.707+0000] {dag.py:4180} INFO - Setting next_dagrun for dataset_consumes_1_never_scheduled to None, run_after=None
[2024-10-01T20:49:49.708+0000] {logging_mixin.py:190} INFO - [2024-10-01T20:49:49.708+0000] {dag.py:4180} INFO - Setting next_dagrun for dataset_consumes_unknown_never_scheduled to None, run_after=None
[2024-10-01T20:49:49.709+0000] {logging_mixin.py:190} INFO - [2024-10-01T20:49:49.709+0000] {dag.py:4180} INFO - Setting next_dagrun for dataset_produces_1 to 2024-09-30 00:00:00+00:00, run_after=2024-10-01 00:00:00+00:00
[2024-10-01T20:49:49.711+0000] {logging_mixin.py:190} INFO - [2024-10-01T20:49:49.711+0000] {dag.py:4180} INFO - Setting next_dagrun for dataset_produces_2 to None, run_after=None
[2024-10-01T20:49:49.730+0000] {processor.py:208} INFO - Processing /home/airflow/.local/lib/python3.12/site-packages/airflow/example_dags/example_datasets.py took 0.189 seconds
[2024-10-01T20:50:20.228+0000] {processor.py:186} INFO - Started process (PID=585) to work on /home/airflow/.local/lib/python3.12/site-packages/airflow/example_dags/example_datasets.py
[2024-10-01T20:50:20.230+0000] {processor.py:914} INFO - Processing file /home/airflow/.local/lib/python3.12/site-packages/airflow/example_dags/example_datasets.py for tasks to queue
[2024-10-01T20:50:20.232+0000] {logging_mixin.py:190} INFO - [2024-10-01T20:50:20.232+0000] {dagbag.py:588} INFO - Filling up the DagBag from /home/airflow/.local/lib/python3.12/site-packages/airflow/example_dags/example_datasets.py
[2024-10-01T20:50:20.345+0000] {processor.py:925} INFO - DAG(s) 'dataset_consumes_1', 'consume_1_and_2_with_dataset_expressions', 'conditional_dataset_and_time_based_timetable', 'dataset_consumes_unknown_never_scheduled', 'dataset_produces_2', 'dataset_produces_1', 'consume_1_or_both_2_and_3_with_dataset_expressions', 'dataset_consumes_1_and_2', 'consume_1_or_2_with_dataset_expressions', 'dataset_consumes_1_never_scheduled' retrieved from /home/airflow/.local/lib/python3.12/site-packages/airflow/example_dags/example_datasets.py
[2024-10-01T20:50:20.375+0000] {logging_mixin.py:190} INFO - [2024-10-01T20:50:20.375+0000] {dag.py:3239} INFO - Sync 10 DAGs
[2024-10-01T20:50:20.392+0000] {logging_mixin.py:190} INFO - [2024-10-01T20:50:20.392+0000] {dag.py:4180} INFO - Setting next_dagrun for conditional_dataset_and_time_based_timetable to 2024-09-25 01:00:00+00:00, run_after=2024-09-25 01:00:00+00:00
[2024-10-01T20:50:20.395+0000] {logging_mixin.py:190} INFO - [2024-10-01T20:50:20.395+0000] {dag.py:4180} INFO - Setting next_dagrun for consume_1_and_2_with_dataset_expressions to None, run_after=None
[2024-10-01T20:50:20.396+0000] {logging_mixin.py:190} INFO - [2024-10-01T20:50:20.396+0000] {dag.py:4180} INFO - Setting next_dagrun for consume_1_or_2_with_dataset_expressions to None, run_after=None
[2024-10-01T20:50:20.396+0000] {logging_mixin.py:190} INFO - [2024-10-01T20:50:20.396+0000] {dag.py:4180} INFO - Setting next_dagrun for consume_1_or_both_2_and_3_with_dataset_expressions to None, run_after=None
[2024-10-01T20:50:20.397+0000] {logging_mixin.py:190} INFO - [2024-10-01T20:50:20.397+0000] {dag.py:4180} INFO - Setting next_dagrun for dataset_consumes_1 to None, run_after=None
[2024-10-01T20:50:20.398+0000] {logging_mixin.py:190} INFO - [2024-10-01T20:50:20.398+0000] {dag.py:4180} INFO - Setting next_dagrun for dataset_consumes_1_and_2 to None, run_after=None
[2024-10-01T20:50:20.398+0000] {logging_mixin.py:190} INFO - [2024-10-01T20:50:20.398+0000] {dag.py:4180} INFO - Setting next_dagrun for dataset_consumes_1_never_scheduled to None, run_after=None
[2024-10-01T20:50:20.399+0000] {logging_mixin.py:190} INFO - [2024-10-01T20:50:20.399+0000] {dag.py:4180} INFO - Setting next_dagrun for dataset_consumes_unknown_never_scheduled to None, run_after=None
[2024-10-01T20:50:20.400+0000] {logging_mixin.py:190} INFO - [2024-10-01T20:50:20.400+0000] {dag.py:4180} INFO - Setting next_dagrun for dataset_produces_1 to 2024-09-30 00:00:00+00:00, run_after=2024-10-01 00:00:00+00:00
[2024-10-01T20:50:20.400+0000] {logging_mixin.py:190} INFO - [2024-10-01T20:50:20.400+0000] {dag.py:4180} INFO - Setting next_dagrun for dataset_produces_2 to None, run_after=None
[2024-10-01T20:50:20.419+0000] {processor.py:208} INFO - Processing /home/airflow/.local/lib/python3.12/site-packages/airflow/example_dags/example_datasets.py took 0.195 seconds
[2024-10-01T20:50:51.550+0000] {processor.py:186} INFO - Started process (PID=647) to work on /home/airflow/.local/lib/python3.12/site-packages/airflow/example_dags/example_datasets.py
[2024-10-01T20:50:51.551+0000] {processor.py:914} INFO - Processing file /home/airflow/.local/lib/python3.12/site-packages/airflow/example_dags/example_datasets.py for tasks to queue
[2024-10-01T20:50:51.554+0000] {logging_mixin.py:190} INFO - [2024-10-01T20:50:51.554+0000] {dagbag.py:588} INFO - Filling up the DagBag from /home/airflow/.local/lib/python3.12/site-packages/airflow/example_dags/example_datasets.py
[2024-10-01T20:50:51.717+0000] {processor.py:925} INFO - DAG(s) 'consume_1_or_2_with_dataset_expressions', 'dataset_consumes_1', 'dataset_consumes_1_and_2', 'dataset_consumes_1_never_scheduled', 'conditional_dataset_and_time_based_timetable', 'consume_1_or_both_2_and_3_with_dataset_expressions', 'dataset_produces_1', 'dataset_produces_2', 'dataset_consumes_unknown_never_scheduled', 'consume_1_and_2_with_dataset_expressions' retrieved from /home/airflow/.local/lib/python3.12/site-packages/airflow/example_dags/example_datasets.py
[2024-10-01T20:50:51.773+0000] {logging_mixin.py:190} INFO - [2024-10-01T20:50:51.773+0000] {dag.py:3239} INFO - Sync 10 DAGs
[2024-10-01T20:50:51.795+0000] {logging_mixin.py:190} INFO - [2024-10-01T20:50:51.795+0000] {dag.py:4180} INFO - Setting next_dagrun for conditional_dataset_and_time_based_timetable to 2024-09-25 01:00:00+00:00, run_after=2024-09-25 01:00:00+00:00
[2024-10-01T20:50:51.800+0000] {logging_mixin.py:190} INFO - [2024-10-01T20:50:51.800+0000] {dag.py:4180} INFO - Setting next_dagrun for consume_1_and_2_with_dataset_expressions to None, run_after=None
[2024-10-01T20:50:51.801+0000] {logging_mixin.py:190} INFO - [2024-10-01T20:50:51.801+0000] {dag.py:4180} INFO - Setting next_dagrun for consume_1_or_2_with_dataset_expressions to None, run_after=None
[2024-10-01T20:50:51.801+0000] {logging_mixin.py:190} INFO - [2024-10-01T20:50:51.801+0000] {dag.py:4180} INFO - Setting next_dagrun for consume_1_or_both_2_and_3_with_dataset_expressions to None, run_after=None
[2024-10-01T20:50:51.802+0000] {logging_mixin.py:190} INFO - [2024-10-01T20:50:51.802+0000] {dag.py:4180} INFO - Setting next_dagrun for dataset_consumes_1 to None, run_after=None
[2024-10-01T20:50:51.803+0000] {logging_mixin.py:190} INFO - [2024-10-01T20:50:51.803+0000] {dag.py:4180} INFO - Setting next_dagrun for dataset_consumes_1_and_2 to None, run_after=None
[2024-10-01T20:50:51.804+0000] {logging_mixin.py:190} INFO - [2024-10-01T20:50:51.803+0000] {dag.py:4180} INFO - Setting next_dagrun for dataset_consumes_1_never_scheduled to None, run_after=None
[2024-10-01T20:50:51.804+0000] {logging_mixin.py:190} INFO - [2024-10-01T20:50:51.804+0000] {dag.py:4180} INFO - Setting next_dagrun for dataset_consumes_unknown_never_scheduled to None, run_after=None
[2024-10-01T20:50:51.806+0000] {logging_mixin.py:190} INFO - [2024-10-01T20:50:51.806+0000] {dag.py:4180} INFO - Setting next_dagrun for dataset_produces_1 to 2024-09-30 00:00:00+00:00, run_after=2024-10-01 00:00:00+00:00
[2024-10-01T20:50:51.806+0000] {logging_mixin.py:190} INFO - [2024-10-01T20:50:51.806+0000] {dag.py:4180} INFO - Setting next_dagrun for dataset_produces_2 to None, run_after=None
[2024-10-01T20:50:51.828+0000] {processor.py:208} INFO - Processing /home/airflow/.local/lib/python3.12/site-packages/airflow/example_dags/example_datasets.py took 0.284 seconds
[2024-10-01T20:51:22.007+0000] {processor.py:186} INFO - Started process (PID=709) to work on /home/airflow/.local/lib/python3.12/site-packages/airflow/example_dags/example_datasets.py
[2024-10-01T20:51:22.008+0000] {processor.py:914} INFO - Processing file /home/airflow/.local/lib/python3.12/site-packages/airflow/example_dags/example_datasets.py for tasks to queue
[2024-10-01T20:51:22.010+0000] {logging_mixin.py:190} INFO - [2024-10-01T20:51:22.010+0000] {dagbag.py:588} INFO - Filling up the DagBag from /home/airflow/.local/lib/python3.12/site-packages/airflow/example_dags/example_datasets.py
[2024-10-01T20:51:22.178+0000] {processor.py:925} INFO - DAG(s) 'conditional_dataset_and_time_based_timetable', 'dataset_consumes_unknown_never_scheduled', 'dataset_produces_1', 'dataset_consumes_1_and_2', 'dataset_consumes_1', 'consume_1_or_2_with_dataset_expressions', 'dataset_consumes_1_never_scheduled', 'dataset_produces_2', 'consume_1_or_both_2_and_3_with_dataset_expressions', 'consume_1_and_2_with_dataset_expressions' retrieved from /home/airflow/.local/lib/python3.12/site-packages/airflow/example_dags/example_datasets.py
[2024-10-01T20:51:22.207+0000] {logging_mixin.py:190} INFO - [2024-10-01T20:51:22.207+0000] {dag.py:3239} INFO - Sync 10 DAGs
[2024-10-01T20:51:22.242+0000] {logging_mixin.py:190} INFO - [2024-10-01T20:51:22.241+0000] {dag.py:4180} INFO - Setting next_dagrun for conditional_dataset_and_time_based_timetable to 2024-09-25 01:00:00+00:00, run_after=2024-09-25 01:00:00+00:00
[2024-10-01T20:51:22.248+0000] {logging_mixin.py:190} INFO - [2024-10-01T20:51:22.248+0000] {dag.py:4180} INFO - Setting next_dagrun for consume_1_and_2_with_dataset_expressions to None, run_after=None
[2024-10-01T20:51:22.250+0000] {logging_mixin.py:190} INFO - [2024-10-01T20:51:22.250+0000] {dag.py:4180} INFO - Setting next_dagrun for consume_1_or_2_with_dataset_expressions to None, run_after=None
[2024-10-01T20:51:22.251+0000] {logging_mixin.py:190} INFO - [2024-10-01T20:51:22.251+0000] {dag.py:4180} INFO - Setting next_dagrun for consume_1_or_both_2_and_3_with_dataset_expressions to None, run_after=None
[2024-10-01T20:51:22.252+0000] {logging_mixin.py:190} INFO - [2024-10-01T20:51:22.252+0000] {dag.py:4180} INFO - Setting next_dagrun for dataset_consumes_1 to None, run_after=None
[2024-10-01T20:51:22.253+0000] {logging_mixin.py:190} INFO - [2024-10-01T20:51:22.253+0000] {dag.py:4180} INFO - Setting next_dagrun for dataset_consumes_1_and_2 to None, run_after=None
[2024-10-01T20:51:22.254+0000] {logging_mixin.py:190} INFO - [2024-10-01T20:51:22.254+0000] {dag.py:4180} INFO - Setting next_dagrun for dataset_consumes_1_never_scheduled to None, run_after=None
[2024-10-01T20:51:22.255+0000] {logging_mixin.py:190} INFO - [2024-10-01T20:51:22.255+0000] {dag.py:4180} INFO - Setting next_dagrun for dataset_consumes_unknown_never_scheduled to None, run_after=None
[2024-10-01T20:51:22.257+0000] {logging_mixin.py:190} INFO - [2024-10-01T20:51:22.257+0000] {dag.py:4180} INFO - Setting next_dagrun for dataset_produces_1 to 2024-09-30 00:00:00+00:00, run_after=2024-10-01 00:00:00+00:00
[2024-10-01T20:51:22.258+0000] {logging_mixin.py:190} INFO - [2024-10-01T20:51:22.258+0000] {dag.py:4180} INFO - Setting next_dagrun for dataset_produces_2 to None, run_after=None
[2024-10-01T20:51:22.293+0000] {processor.py:208} INFO - Processing /home/airflow/.local/lib/python3.12/site-packages/airflow/example_dags/example_datasets.py took 0.291 seconds
[2024-10-01T20:51:53.032+0000] {processor.py:186} INFO - Started process (PID=771) to work on /home/airflow/.local/lib/python3.12/site-packages/airflow/example_dags/example_datasets.py
[2024-10-01T20:51:53.035+0000] {processor.py:914} INFO - Processing file /home/airflow/.local/lib/python3.12/site-packages/airflow/example_dags/example_datasets.py for tasks to queue
[2024-10-01T20:51:53.037+0000] {logging_mixin.py:190} INFO - [2024-10-01T20:51:53.037+0000] {dagbag.py:588} INFO - Filling up the DagBag from /home/airflow/.local/lib/python3.12/site-packages/airflow/example_dags/example_datasets.py
[2024-10-01T20:51:53.203+0000] {processor.py:925} INFO - DAG(s) 'dataset_produces_2', 'consume_1_or_2_with_dataset_expressions', 'conditional_dataset_and_time_based_timetable', 'dataset_consumes_1_never_scheduled', 'consume_1_and_2_with_dataset_expressions', 'dataset_consumes_1_and_2', 'dataset_consumes_1', 'consume_1_or_both_2_and_3_with_dataset_expressions', 'dataset_produces_1', 'dataset_consumes_unknown_never_scheduled' retrieved from /home/airflow/.local/lib/python3.12/site-packages/airflow/example_dags/example_datasets.py
[2024-10-01T20:51:53.234+0000] {logging_mixin.py:190} INFO - [2024-10-01T20:51:53.233+0000] {dag.py:3239} INFO - Sync 10 DAGs
[2024-10-01T20:51:53.257+0000] {logging_mixin.py:190} INFO - [2024-10-01T20:51:53.257+0000] {dag.py:4180} INFO - Setting next_dagrun for conditional_dataset_and_time_based_timetable to 2024-09-25 01:00:00+00:00, run_after=2024-09-25 01:00:00+00:00
[2024-10-01T20:51:53.261+0000] {logging_mixin.py:190} INFO - [2024-10-01T20:51:53.261+0000] {dag.py:4180} INFO - Setting next_dagrun for consume_1_and_2_with_dataset_expressions to None, run_after=None
[2024-10-01T20:51:53.262+0000] {logging_mixin.py:190} INFO - [2024-10-01T20:51:53.262+0000] {dag.py:4180} INFO - Setting next_dagrun for consume_1_or_2_with_dataset_expressions to None, run_after=None
[2024-10-01T20:51:53.262+0000] {logging_mixin.py:190} INFO - [2024-10-01T20:51:53.262+0000] {dag.py:4180} INFO - Setting next_dagrun for consume_1_or_both_2_and_3_with_dataset_expressions to None, run_after=None
[2024-10-01T20:51:53.263+0000] {logging_mixin.py:190} INFO - [2024-10-01T20:51:53.263+0000] {dag.py:4180} INFO - Setting next_dagrun for dataset_consumes_1 to None, run_after=None
[2024-10-01T20:51:53.264+0000] {logging_mixin.py:190} INFO - [2024-10-01T20:51:53.264+0000] {dag.py:4180} INFO - Setting next_dagrun for dataset_consumes_1_and_2 to None, run_after=None
[2024-10-01T20:51:53.264+0000] {logging_mixin.py:190} INFO - [2024-10-01T20:51:53.264+0000] {dag.py:4180} INFO - Setting next_dagrun for dataset_consumes_1_never_scheduled to None, run_after=None
[2024-10-01T20:51:53.265+0000] {logging_mixin.py:190} INFO - [2024-10-01T20:51:53.265+0000] {dag.py:4180} INFO - Setting next_dagrun for dataset_consumes_unknown_never_scheduled to None, run_after=None
[2024-10-01T20:51:53.266+0000] {logging_mixin.py:190} INFO - [2024-10-01T20:51:53.266+0000] {dag.py:4180} INFO - Setting next_dagrun for dataset_produces_1 to 2024-09-30 00:00:00+00:00, run_after=2024-10-01 00:00:00+00:00
[2024-10-01T20:51:53.270+0000] {logging_mixin.py:190} INFO - [2024-10-01T20:51:53.269+0000] {dag.py:4180} INFO - Setting next_dagrun for dataset_produces_2 to None, run_after=None
[2024-10-01T20:51:53.288+0000] {processor.py:208} INFO - Processing /home/airflow/.local/lib/python3.12/site-packages/airflow/example_dags/example_datasets.py took 0.262 seconds
[2024-10-01T20:52:23.430+0000] {processor.py:186} INFO - Started process (PID=834) to work on /home/airflow/.local/lib/python3.12/site-packages/airflow/example_dags/example_datasets.py
[2024-10-01T20:52:23.431+0000] {processor.py:914} INFO - Processing file /home/airflow/.local/lib/python3.12/site-packages/airflow/example_dags/example_datasets.py for tasks to queue
[2024-10-01T20:52:23.436+0000] {logging_mixin.py:190} INFO - [2024-10-01T20:52:23.436+0000] {dagbag.py:588} INFO - Filling up the DagBag from /home/airflow/.local/lib/python3.12/site-packages/airflow/example_dags/example_datasets.py
[2024-10-01T20:52:23.701+0000] {processor.py:925} INFO - DAG(s) 'dataset_produces_2', 'conditional_dataset_and_time_based_timetable', 'dataset_produces_1', 'consume_1_or_both_2_and_3_with_dataset_expressions', 'dataset_consumes_1_and_2', 'consume_1_or_2_with_dataset_expressions', 'dataset_consumes_unknown_never_scheduled', 'consume_1_and_2_with_dataset_expressions', 'dataset_consumes_1', 'dataset_consumes_1_never_scheduled' retrieved from /home/airflow/.local/lib/python3.12/site-packages/airflow/example_dags/example_datasets.py
[2024-10-01T20:52:23.778+0000] {logging_mixin.py:190} INFO - [2024-10-01T20:52:23.778+0000] {dag.py:3239} INFO - Sync 10 DAGs
[2024-10-01T20:52:23.803+0000] {logging_mixin.py:190} INFO - [2024-10-01T20:52:23.803+0000] {dag.py:4180} INFO - Setting next_dagrun for conditional_dataset_and_time_based_timetable to 2024-09-25 01:00:00+00:00, run_after=2024-09-25 01:00:00+00:00
[2024-10-01T20:52:23.806+0000] {logging_mixin.py:190} INFO - [2024-10-01T20:52:23.806+0000] {dag.py:4180} INFO - Setting next_dagrun for consume_1_and_2_with_dataset_expressions to None, run_after=None
[2024-10-01T20:52:23.807+0000] {logging_mixin.py:190} INFO - [2024-10-01T20:52:23.807+0000] {dag.py:4180} INFO - Setting next_dagrun for consume_1_or_2_with_dataset_expressions to None, run_after=None
[2024-10-01T20:52:23.812+0000] {logging_mixin.py:190} INFO - [2024-10-01T20:52:23.812+0000] {dag.py:4180} INFO - Setting next_dagrun for consume_1_or_both_2_and_3_with_dataset_expressions to None, run_after=None
[2024-10-01T20:52:23.813+0000] {logging_mixin.py:190} INFO - [2024-10-01T20:52:23.813+0000] {dag.py:4180} INFO - Setting next_dagrun for dataset_consumes_1 to None, run_after=None
[2024-10-01T20:52:23.815+0000] {logging_mixin.py:190} INFO - [2024-10-01T20:52:23.815+0000] {dag.py:4180} INFO - Setting next_dagrun for dataset_consumes_1_and_2 to None, run_after=None
[2024-10-01T20:52:23.817+0000] {logging_mixin.py:190} INFO - [2024-10-01T20:52:23.817+0000] {dag.py:4180} INFO - Setting next_dagrun for dataset_consumes_1_never_scheduled to None, run_after=None
[2024-10-01T20:52:23.818+0000] {logging_mixin.py:190} INFO - [2024-10-01T20:52:23.818+0000] {dag.py:4180} INFO - Setting next_dagrun for dataset_consumes_unknown_never_scheduled to None, run_after=None
[2024-10-01T20:52:23.826+0000] {logging_mixin.py:190} INFO - [2024-10-01T20:52:23.826+0000] {dag.py:4180} INFO - Setting next_dagrun for dataset_produces_1 to 2024-09-30 00:00:00+00:00, run_after=2024-10-01 00:00:00+00:00
[2024-10-01T20:52:23.828+0000] {logging_mixin.py:190} INFO - [2024-10-01T20:52:23.827+0000] {dag.py:4180} INFO - Setting next_dagrun for dataset_produces_2 to None, run_after=None
[2024-10-01T20:52:23.857+0000] {processor.py:208} INFO - Processing /home/airflow/.local/lib/python3.12/site-packages/airflow/example_dags/example_datasets.py took 0.440 seconds
[2024-10-01T20:52:54.145+0000] {processor.py:186} INFO - Started process (PID=895) to work on /home/airflow/.local/lib/python3.12/site-packages/airflow/example_dags/example_datasets.py
[2024-10-01T20:52:54.147+0000] {processor.py:914} INFO - Processing file /home/airflow/.local/lib/python3.12/site-packages/airflow/example_dags/example_datasets.py for tasks to queue
[2024-10-01T20:52:54.150+0000] {logging_mixin.py:190} INFO - [2024-10-01T20:52:54.149+0000] {dagbag.py:588} INFO - Filling up the DagBag from /home/airflow/.local/lib/python3.12/site-packages/airflow/example_dags/example_datasets.py
[2024-10-01T20:52:54.329+0000] {processor.py:925} INFO - DAG(s) 'consume_1_and_2_with_dataset_expressions', 'dataset_produces_2', 'conditional_dataset_and_time_based_timetable', 'consume_1_or_2_with_dataset_expressions', 'dataset_consumes_unknown_never_scheduled', 'consume_1_or_both_2_and_3_with_dataset_expressions', 'dataset_consumes_1_and_2', 'dataset_produces_1', 'dataset_consumes_1', 'dataset_consumes_1_never_scheduled' retrieved from /home/airflow/.local/lib/python3.12/site-packages/airflow/example_dags/example_datasets.py
[2024-10-01T20:52:54.361+0000] {logging_mixin.py:190} INFO - [2024-10-01T20:52:54.360+0000] {dag.py:3239} INFO - Sync 10 DAGs
[2024-10-01T20:52:54.393+0000] {logging_mixin.py:190} INFO - [2024-10-01T20:52:54.392+0000] {dag.py:4180} INFO - Setting next_dagrun for conditional_dataset_and_time_based_timetable to 2024-09-25 01:00:00+00:00, run_after=2024-09-25 01:00:00+00:00
[2024-10-01T20:52:54.395+0000] {logging_mixin.py:190} INFO - [2024-10-01T20:52:54.395+0000] {dag.py:4180} INFO - Setting next_dagrun for consume_1_and_2_with_dataset_expressions to None, run_after=None
[2024-10-01T20:52:54.396+0000] {logging_mixin.py:190} INFO - [2024-10-01T20:52:54.396+0000] {dag.py:4180} INFO - Setting next_dagrun for consume_1_or_2_with_dataset_expressions to None, run_after=None
[2024-10-01T20:52:54.397+0000] {logging_mixin.py:190} INFO - [2024-10-01T20:52:54.396+0000] {dag.py:4180} INFO - Setting next_dagrun for consume_1_or_both_2_and_3_with_dataset_expressions to None, run_after=None
[2024-10-01T20:52:54.397+0000] {logging_mixin.py:190} INFO - [2024-10-01T20:52:54.397+0000] {dag.py:4180} INFO - Setting next_dagrun for dataset_consumes_1 to None, run_after=None
[2024-10-01T20:52:54.398+0000] {logging_mixin.py:190} INFO - [2024-10-01T20:52:54.398+0000] {dag.py:4180} INFO - Setting next_dagrun for dataset_consumes_1_and_2 to None, run_after=None
[2024-10-01T20:52:54.399+0000] {logging_mixin.py:190} INFO - [2024-10-01T20:52:54.399+0000] {dag.py:4180} INFO - Setting next_dagrun for dataset_consumes_1_never_scheduled to None, run_after=None
[2024-10-01T20:52:54.399+0000] {logging_mixin.py:190} INFO - [2024-10-01T20:52:54.399+0000] {dag.py:4180} INFO - Setting next_dagrun for dataset_consumes_unknown_never_scheduled to None, run_after=None
[2024-10-01T20:52:54.401+0000] {logging_mixin.py:190} INFO - [2024-10-01T20:52:54.401+0000] {dag.py:4180} INFO - Setting next_dagrun for dataset_produces_1 to 2024-09-30 00:00:00+00:00, run_after=2024-10-01 00:00:00+00:00
[2024-10-01T20:52:54.401+0000] {logging_mixin.py:190} INFO - [2024-10-01T20:52:54.401+0000] {dag.py:4180} INFO - Setting next_dagrun for dataset_produces_2 to None, run_after=None
[2024-10-01T20:52:54.421+0000] {processor.py:208} INFO - Processing /home/airflow/.local/lib/python3.12/site-packages/airflow/example_dags/example_datasets.py took 0.283 seconds
[2024-10-01T20:53:24.955+0000] {processor.py:186} INFO - Started process (PID=957) to work on /home/airflow/.local/lib/python3.12/site-packages/airflow/example_dags/example_datasets.py
[2024-10-01T20:53:24.956+0000] {processor.py:914} INFO - Processing file /home/airflow/.local/lib/python3.12/site-packages/airflow/example_dags/example_datasets.py for tasks to queue
[2024-10-01T20:53:24.958+0000] {logging_mixin.py:190} INFO - [2024-10-01T20:53:24.958+0000] {dagbag.py:588} INFO - Filling up the DagBag from /home/airflow/.local/lib/python3.12/site-packages/airflow/example_dags/example_datasets.py
[2024-10-01T20:53:25.185+0000] {processor.py:925} INFO - DAG(s) 'dataset_consumes_1_and_2', 'consume_1_or_2_with_dataset_expressions', 'conditional_dataset_and_time_based_timetable', 'consume_1_and_2_with_dataset_expressions', 'dataset_produces_2', 'dataset_consumes_1_never_scheduled', 'dataset_consumes_unknown_never_scheduled', 'dataset_consumes_1', 'dataset_produces_1', 'consume_1_or_both_2_and_3_with_dataset_expressions' retrieved from /home/airflow/.local/lib/python3.12/site-packages/airflow/example_dags/example_datasets.py
[2024-10-01T20:53:25.223+0000] {logging_mixin.py:190} INFO - [2024-10-01T20:53:25.223+0000] {dag.py:3239} INFO - Sync 10 DAGs
[2024-10-01T20:53:25.247+0000] {logging_mixin.py:190} INFO - [2024-10-01T20:53:25.246+0000] {dag.py:4180} INFO - Setting next_dagrun for conditional_dataset_and_time_based_timetable to 2024-09-25 01:00:00+00:00, run_after=2024-09-25 01:00:00+00:00
[2024-10-01T20:53:25.249+0000] {logging_mixin.py:190} INFO - [2024-10-01T20:53:25.249+0000] {dag.py:4180} INFO - Setting next_dagrun for consume_1_and_2_with_dataset_expressions to None, run_after=None
[2024-10-01T20:53:25.250+0000] {logging_mixin.py:190} INFO - [2024-10-01T20:53:25.250+0000] {dag.py:4180} INFO - Setting next_dagrun for consume_1_or_2_with_dataset_expressions to None, run_after=None
[2024-10-01T20:53:25.250+0000] {logging_mixin.py:190} INFO - [2024-10-01T20:53:25.250+0000] {dag.py:4180} INFO - Setting next_dagrun for consume_1_or_both_2_and_3_with_dataset_expressions to None, run_after=None
[2024-10-01T20:53:25.251+0000] {logging_mixin.py:190} INFO - [2024-10-01T20:53:25.251+0000] {dag.py:4180} INFO - Setting next_dagrun for dataset_consumes_1 to None, run_after=None
[2024-10-01T20:53:25.252+0000] {logging_mixin.py:190} INFO - [2024-10-01T20:53:25.252+0000] {dag.py:4180} INFO - Setting next_dagrun for dataset_consumes_1_and_2 to None, run_after=None
[2024-10-01T20:53:25.252+0000] {logging_mixin.py:190} INFO - [2024-10-01T20:53:25.252+0000] {dag.py:4180} INFO - Setting next_dagrun for dataset_consumes_1_never_scheduled to None, run_after=None
[2024-10-01T20:53:25.253+0000] {logging_mixin.py:190} INFO - [2024-10-01T20:53:25.253+0000] {dag.py:4180} INFO - Setting next_dagrun for dataset_consumes_unknown_never_scheduled to None, run_after=None
[2024-10-01T20:53:25.254+0000] {logging_mixin.py:190} INFO - [2024-10-01T20:53:25.254+0000] {dag.py:4180} INFO - Setting next_dagrun for dataset_produces_1 to 2024-09-30 00:00:00+00:00, run_after=2024-10-01 00:00:00+00:00
[2024-10-01T20:53:25.255+0000] {logging_mixin.py:190} INFO - [2024-10-01T20:53:25.255+0000] {dag.py:4180} INFO - Setting next_dagrun for dataset_produces_2 to None, run_after=None
[2024-10-01T20:53:25.414+0000] {processor.py:208} INFO - Processing /home/airflow/.local/lib/python3.12/site-packages/airflow/example_dags/example_datasets.py took 0.464 seconds
[2024-10-01T20:53:55.827+0000] {processor.py:186} INFO - Started process (PID=1018) to work on /home/airflow/.local/lib/python3.12/site-packages/airflow/example_dags/example_datasets.py
[2024-10-01T20:53:55.831+0000] {processor.py:914} INFO - Processing file /home/airflow/.local/lib/python3.12/site-packages/airflow/example_dags/example_datasets.py for tasks to queue
[2024-10-01T20:53:55.834+0000] {logging_mixin.py:190} INFO - [2024-10-01T20:53:55.833+0000] {dagbag.py:588} INFO - Filling up the DagBag from /home/airflow/.local/lib/python3.12/site-packages/airflow/example_dags/example_datasets.py
[2024-10-01T20:53:56.026+0000] {processor.py:925} INFO - DAG(s) 'dataset_consumes_unknown_never_scheduled', 'consume_1_or_2_with_dataset_expressions', 'dataset_consumes_1_and_2', 'dataset_produces_1', 'consume_1_or_both_2_and_3_with_dataset_expressions', 'consume_1_and_2_with_dataset_expressions', 'dataset_consumes_1_never_scheduled', 'dataset_produces_2', 'dataset_consumes_1', 'conditional_dataset_and_time_based_timetable' retrieved from /home/airflow/.local/lib/python3.12/site-packages/airflow/example_dags/example_datasets.py
[2024-10-01T20:53:56.055+0000] {logging_mixin.py:190} INFO - [2024-10-01T20:53:56.055+0000] {dag.py:3239} INFO - Sync 10 DAGs
[2024-10-01T20:53:56.094+0000] {logging_mixin.py:190} INFO - [2024-10-01T20:53:56.093+0000] {dag.py:4180} INFO - Setting next_dagrun for conditional_dataset_and_time_based_timetable to 2024-09-25 01:00:00+00:00, run_after=2024-09-25 01:00:00+00:00
[2024-10-01T20:53:56.097+0000] {logging_mixin.py:190} INFO - [2024-10-01T20:53:56.097+0000] {dag.py:4180} INFO - Setting next_dagrun for consume_1_and_2_with_dataset_expressions to None, run_after=None
[2024-10-01T20:53:56.098+0000] {logging_mixin.py:190} INFO - [2024-10-01T20:53:56.098+0000] {dag.py:4180} INFO - Setting next_dagrun for consume_1_or_2_with_dataset_expressions to None, run_after=None
[2024-10-01T20:53:56.099+0000] {logging_mixin.py:190} INFO - [2024-10-01T20:53:56.099+0000] {dag.py:4180} INFO - Setting next_dagrun for consume_1_or_both_2_and_3_with_dataset_expressions to None, run_after=None
[2024-10-01T20:53:56.100+0000] {logging_mixin.py:190} INFO - [2024-10-01T20:53:56.099+0000] {dag.py:4180} INFO - Setting next_dagrun for dataset_consumes_1 to None, run_after=None
[2024-10-01T20:53:56.100+0000] {logging_mixin.py:190} INFO - [2024-10-01T20:53:56.100+0000] {dag.py:4180} INFO - Setting next_dagrun for dataset_consumes_1_and_2 to None, run_after=None
[2024-10-01T20:53:56.101+0000] {logging_mixin.py:190} INFO - [2024-10-01T20:53:56.101+0000] {dag.py:4180} INFO - Setting next_dagrun for dataset_consumes_1_never_scheduled to None, run_after=None
[2024-10-01T20:53:56.102+0000] {logging_mixin.py:190} INFO - [2024-10-01T20:53:56.102+0000] {dag.py:4180} INFO - Setting next_dagrun for dataset_consumes_unknown_never_scheduled to None, run_after=None
[2024-10-01T20:53:56.103+0000] {logging_mixin.py:190} INFO - [2024-10-01T20:53:56.103+0000] {dag.py:4180} INFO - Setting next_dagrun for dataset_produces_1 to 2024-09-30 00:00:00+00:00, run_after=2024-10-01 00:00:00+00:00
[2024-10-01T20:53:56.104+0000] {logging_mixin.py:190} INFO - [2024-10-01T20:53:56.104+0000] {dag.py:4180} INFO - Setting next_dagrun for dataset_produces_2 to None, run_after=None
[2024-10-01T20:53:56.128+0000] {processor.py:208} INFO - Processing /home/airflow/.local/lib/python3.12/site-packages/airflow/example_dags/example_datasets.py took 0.309 seconds
[2024-10-01T20:54:26.390+0000] {processor.py:186} INFO - Started process (PID=1082) to work on /home/airflow/.local/lib/python3.12/site-packages/airflow/example_dags/example_datasets.py
[2024-10-01T20:54:26.391+0000] {processor.py:914} INFO - Processing file /home/airflow/.local/lib/python3.12/site-packages/airflow/example_dags/example_datasets.py for tasks to queue
[2024-10-01T20:54:26.411+0000] {logging_mixin.py:190} INFO - [2024-10-01T20:54:26.405+0000] {dagbag.py:588} INFO - Filling up the DagBag from /home/airflow/.local/lib/python3.12/site-packages/airflow/example_dags/example_datasets.py
[2024-10-01T20:54:26.615+0000] {processor.py:925} INFO - DAG(s) 'consume_1_and_2_with_dataset_expressions', 'dataset_consumes_1_and_2', 'dataset_consumes_unknown_never_scheduled', 'dataset_consumes_1_never_scheduled', 'consume_1_or_both_2_and_3_with_dataset_expressions', 'dataset_produces_1', 'consume_1_or_2_with_dataset_expressions', 'dataset_produces_2', 'conditional_dataset_and_time_based_timetable', 'dataset_consumes_1' retrieved from /home/airflow/.local/lib/python3.12/site-packages/airflow/example_dags/example_datasets.py
[2024-10-01T20:54:26.649+0000] {logging_mixin.py:190} INFO - [2024-10-01T20:54:26.649+0000] {dag.py:3239} INFO - Sync 10 DAGs
[2024-10-01T20:54:26.673+0000] {logging_mixin.py:190} INFO - [2024-10-01T20:54:26.672+0000] {dag.py:4180} INFO - Setting next_dagrun for conditional_dataset_and_time_based_timetable to 2024-09-25 01:00:00+00:00, run_after=2024-09-25 01:00:00+00:00
[2024-10-01T20:54:26.676+0000] {logging_mixin.py:190} INFO - [2024-10-01T20:54:26.676+0000] {dag.py:4180} INFO - Setting next_dagrun for consume_1_and_2_with_dataset_expressions to None, run_after=None
[2024-10-01T20:54:26.677+0000] {logging_mixin.py:190} INFO - [2024-10-01T20:54:26.677+0000] {dag.py:4180} INFO - Setting next_dagrun for consume_1_or_2_with_dataset_expressions to None, run_after=None
[2024-10-01T20:54:26.678+0000] {logging_mixin.py:190} INFO - [2024-10-01T20:54:26.678+0000] {dag.py:4180} INFO - Setting next_dagrun for consume_1_or_both_2_and_3_with_dataset_expressions to None, run_after=None
[2024-10-01T20:54:26.679+0000] {logging_mixin.py:190} INFO - [2024-10-01T20:54:26.678+0000] {dag.py:4180} INFO - Setting next_dagrun for dataset_consumes_1 to None, run_after=None
[2024-10-01T20:54:26.679+0000] {logging_mixin.py:190} INFO - [2024-10-01T20:54:26.679+0000] {dag.py:4180} INFO - Setting next_dagrun for dataset_consumes_1_and_2 to None, run_after=None
[2024-10-01T20:54:26.680+0000] {logging_mixin.py:190} INFO - [2024-10-01T20:54:26.680+0000] {dag.py:4180} INFO - Setting next_dagrun for dataset_consumes_1_never_scheduled to None, run_after=None
[2024-10-01T20:54:26.680+0000] {logging_mixin.py:190} INFO - [2024-10-01T20:54:26.680+0000] {dag.py:4180} INFO - Setting next_dagrun for dataset_consumes_unknown_never_scheduled to None, run_after=None
[2024-10-01T20:54:26.682+0000] {logging_mixin.py:190} INFO - [2024-10-01T20:54:26.682+0000] {dag.py:4180} INFO - Setting next_dagrun for dataset_produces_1 to 2024-09-30 00:00:00+00:00, run_after=2024-10-01 00:00:00+00:00
[2024-10-01T20:54:26.683+0000] {logging_mixin.py:190} INFO - [2024-10-01T20:54:26.683+0000] {dag.py:4180} INFO - Setting next_dagrun for dataset_produces_2 to None, run_after=None
[2024-10-01T20:54:26.700+0000] {processor.py:208} INFO - Processing /home/airflow/.local/lib/python3.12/site-packages/airflow/example_dags/example_datasets.py took 0.318 seconds
[2024-10-01T20:54:56.792+0000] {processor.py:186} INFO - Started process (PID=1143) to work on /home/airflow/.local/lib/python3.12/site-packages/airflow/example_dags/example_datasets.py
[2024-10-01T20:54:56.796+0000] {processor.py:914} INFO - Processing file /home/airflow/.local/lib/python3.12/site-packages/airflow/example_dags/example_datasets.py for tasks to queue
[2024-10-01T20:54:56.799+0000] {logging_mixin.py:190} INFO - [2024-10-01T20:54:56.798+0000] {dagbag.py:588} INFO - Filling up the DagBag from /home/airflow/.local/lib/python3.12/site-packages/airflow/example_dags/example_datasets.py
[2024-10-01T20:54:56.973+0000] {processor.py:925} INFO - DAG(s) 'consume_1_or_2_with_dataset_expressions', 'dataset_consumes_unknown_never_scheduled', 'conditional_dataset_and_time_based_timetable', 'consume_1_and_2_with_dataset_expressions', 'dataset_consumes_1_never_scheduled', 'dataset_produces_1', 'dataset_produces_2', 'consume_1_or_both_2_and_3_with_dataset_expressions', 'dataset_consumes_1', 'dataset_consumes_1_and_2' retrieved from /home/airflow/.local/lib/python3.12/site-packages/airflow/example_dags/example_datasets.py
[2024-10-01T20:54:57.001+0000] {logging_mixin.py:190} INFO - [2024-10-01T20:54:57.001+0000] {dag.py:3239} INFO - Sync 10 DAGs
[2024-10-01T20:54:57.022+0000] {logging_mixin.py:190} INFO - [2024-10-01T20:54:57.022+0000] {dag.py:4180} INFO - Setting next_dagrun for conditional_dataset_and_time_based_timetable to 2024-09-25 01:00:00+00:00, run_after=2024-09-25 01:00:00+00:00
[2024-10-01T20:54:57.025+0000] {logging_mixin.py:190} INFO - [2024-10-01T20:54:57.025+0000] {dag.py:4180} INFO - Setting next_dagrun for consume_1_and_2_with_dataset_expressions to None, run_after=None
[2024-10-01T20:54:57.025+0000] {logging_mixin.py:190} INFO - [2024-10-01T20:54:57.025+0000] {dag.py:4180} INFO - Setting next_dagrun for consume_1_or_2_with_dataset_expressions to None, run_after=None
[2024-10-01T20:54:57.026+0000] {logging_mixin.py:190} INFO - [2024-10-01T20:54:57.026+0000] {dag.py:4180} INFO - Setting next_dagrun for consume_1_or_both_2_and_3_with_dataset_expressions to None, run_after=None
[2024-10-01T20:54:57.026+0000] {logging_mixin.py:190} INFO - [2024-10-01T20:54:57.026+0000] {dag.py:4180} INFO - Setting next_dagrun for dataset_consumes_1 to None, run_after=None
[2024-10-01T20:54:57.027+0000] {logging_mixin.py:190} INFO - [2024-10-01T20:54:57.027+0000] {dag.py:4180} INFO - Setting next_dagrun for dataset_consumes_1_and_2 to None, run_after=None
[2024-10-01T20:54:57.028+0000] {logging_mixin.py:190} INFO - [2024-10-01T20:54:57.028+0000] {dag.py:4180} INFO - Setting next_dagrun for dataset_consumes_1_never_scheduled to None, run_after=None
[2024-10-01T20:54:57.028+0000] {logging_mixin.py:190} INFO - [2024-10-01T20:54:57.028+0000] {dag.py:4180} INFO - Setting next_dagrun for dataset_consumes_unknown_never_scheduled to None, run_after=None
[2024-10-01T20:54:57.029+0000] {logging_mixin.py:190} INFO - [2024-10-01T20:54:57.029+0000] {dag.py:4180} INFO - Setting next_dagrun for dataset_produces_1 to 2024-09-30 00:00:00+00:00, run_after=2024-10-01 00:00:00+00:00
[2024-10-01T20:54:57.030+0000] {logging_mixin.py:190} INFO - [2024-10-01T20:54:57.030+0000] {dag.py:4180} INFO - Setting next_dagrun for dataset_produces_2 to None, run_after=None
[2024-10-01T20:54:57.049+0000] {processor.py:208} INFO - Processing /home/airflow/.local/lib/python3.12/site-packages/airflow/example_dags/example_datasets.py took 0.269 seconds
[2024-10-01T20:55:27.101+0000] {processor.py:186} INFO - Started process (PID=1207) to work on /home/airflow/.local/lib/python3.12/site-packages/airflow/example_dags/example_datasets.py
[2024-10-01T20:55:27.102+0000] {processor.py:914} INFO - Processing file /home/airflow/.local/lib/python3.12/site-packages/airflow/example_dags/example_datasets.py for tasks to queue
[2024-10-01T20:55:27.103+0000] {logging_mixin.py:190} INFO - [2024-10-01T20:55:27.103+0000] {dagbag.py:588} INFO - Filling up the DagBag from /home/airflow/.local/lib/python3.12/site-packages/airflow/example_dags/example_datasets.py
[2024-10-01T20:55:27.250+0000] {processor.py:925} INFO - DAG(s) 'conditional_dataset_and_time_based_timetable', 'consume_1_or_both_2_and_3_with_dataset_expressions', 'consume_1_or_2_with_dataset_expressions', 'dataset_produces_1', 'consume_1_and_2_with_dataset_expressions', 'dataset_consumes_1_never_scheduled', 'dataset_consumes_1', 'dataset_produces_2', 'dataset_consumes_1_and_2', 'dataset_consumes_unknown_never_scheduled' retrieved from /home/airflow/.local/lib/python3.12/site-packages/airflow/example_dags/example_datasets.py
[2024-10-01T20:55:27.276+0000] {logging_mixin.py:190} INFO - [2024-10-01T20:55:27.276+0000] {dag.py:3239} INFO - Sync 10 DAGs
[2024-10-01T20:55:27.300+0000] {logging_mixin.py:190} INFO - [2024-10-01T20:55:27.300+0000] {dag.py:4180} INFO - Setting next_dagrun for conditional_dataset_and_time_based_timetable to 2024-09-25 01:00:00+00:00, run_after=2024-09-25 01:00:00+00:00
[2024-10-01T20:55:27.303+0000] {logging_mixin.py:190} INFO - [2024-10-01T20:55:27.303+0000] {dag.py:4180} INFO - Setting next_dagrun for consume_1_and_2_with_dataset_expressions to None, run_after=None
[2024-10-01T20:55:27.304+0000] {logging_mixin.py:190} INFO - [2024-10-01T20:55:27.303+0000] {dag.py:4180} INFO - Setting next_dagrun for consume_1_or_2_with_dataset_expressions to None, run_after=None
[2024-10-01T20:55:27.304+0000] {logging_mixin.py:190} INFO - [2024-10-01T20:55:27.304+0000] {dag.py:4180} INFO - Setting next_dagrun for consume_1_or_both_2_and_3_with_dataset_expressions to None, run_after=None
[2024-10-01T20:55:27.305+0000] {logging_mixin.py:190} INFO - [2024-10-01T20:55:27.305+0000] {dag.py:4180} INFO - Setting next_dagrun for dataset_consumes_1 to None, run_after=None
[2024-10-01T20:55:27.306+0000] {logging_mixin.py:190} INFO - [2024-10-01T20:55:27.305+0000] {dag.py:4180} INFO - Setting next_dagrun for dataset_consumes_1_and_2 to None, run_after=None
[2024-10-01T20:55:27.306+0000] {logging_mixin.py:190} INFO - [2024-10-01T20:55:27.306+0000] {dag.py:4180} INFO - Setting next_dagrun for dataset_consumes_1_never_scheduled to None, run_after=None
[2024-10-01T20:55:27.307+0000] {logging_mixin.py:190} INFO - [2024-10-01T20:55:27.307+0000] {dag.py:4180} INFO - Setting next_dagrun for dataset_consumes_unknown_never_scheduled to None, run_after=None
[2024-10-01T20:55:27.308+0000] {logging_mixin.py:190} INFO - [2024-10-01T20:55:27.308+0000] {dag.py:4180} INFO - Setting next_dagrun for dataset_produces_1 to 2024-09-30 00:00:00+00:00, run_after=2024-10-01 00:00:00+00:00
[2024-10-01T20:55:27.309+0000] {logging_mixin.py:190} INFO - [2024-10-01T20:55:27.309+0000] {dag.py:4180} INFO - Setting next_dagrun for dataset_produces_2 to None, run_after=None
[2024-10-01T20:55:27.328+0000] {processor.py:208} INFO - Processing /home/airflow/.local/lib/python3.12/site-packages/airflow/example_dags/example_datasets.py took 0.232 seconds
[2024-10-01T20:56:04.175+0000] {processor.py:186} INFO - Started process (PID=1266) to work on /home/airflow/.local/lib/python3.12/site-packages/airflow/example_dags/example_datasets.py
[2024-10-01T20:56:04.179+0000] {processor.py:914} INFO - Processing file /home/airflow/.local/lib/python3.12/site-packages/airflow/example_dags/example_datasets.py for tasks to queue
[2024-10-01T20:56:04.187+0000] {logging_mixin.py:190} INFO - [2024-10-01T20:56:04.186+0000] {dagbag.py:588} INFO - Filling up the DagBag from /home/airflow/.local/lib/python3.12/site-packages/airflow/example_dags/example_datasets.py
[2024-10-01T20:56:05.049+0000] {processor.py:925} INFO - DAG(s) 'consume_1_or_both_2_and_3_with_dataset_expressions', 'consume_1_and_2_with_dataset_expressions', 'dataset_consumes_1', 'conditional_dataset_and_time_based_timetable', 'dataset_consumes_unknown_never_scheduled', 'dataset_consumes_1_never_scheduled', 'dataset_consumes_1_and_2', 'dataset_produces_2', 'dataset_produces_1', 'consume_1_or_2_with_dataset_expressions' retrieved from /home/airflow/.local/lib/python3.12/site-packages/airflow/example_dags/example_datasets.py
[2024-10-01T20:56:05.304+0000] {logging_mixin.py:190} INFO - [2024-10-01T20:56:05.302+0000] {dag.py:3239} INFO - Sync 10 DAGs
[2024-10-01T20:56:05.391+0000] {logging_mixin.py:190} INFO - [2024-10-01T20:56:05.390+0000] {dag.py:4180} INFO - Setting next_dagrun for conditional_dataset_and_time_based_timetable to 2024-09-25 01:00:00+00:00, run_after=2024-09-25 01:00:00+00:00
[2024-10-01T20:56:05.399+0000] {logging_mixin.py:190} INFO - [2024-10-01T20:56:05.399+0000] {dag.py:4180} INFO - Setting next_dagrun for consume_1_and_2_with_dataset_expressions to None, run_after=None
[2024-10-01T20:56:05.403+0000] {logging_mixin.py:190} INFO - [2024-10-01T20:56:05.403+0000] {dag.py:4180} INFO - Setting next_dagrun for consume_1_or_2_with_dataset_expressions to None, run_after=None
[2024-10-01T20:56:05.406+0000] {logging_mixin.py:190} INFO - [2024-10-01T20:56:05.405+0000] {dag.py:4180} INFO - Setting next_dagrun for consume_1_or_both_2_and_3_with_dataset_expressions to None, run_after=None
[2024-10-01T20:56:05.409+0000] {logging_mixin.py:190} INFO - [2024-10-01T20:56:05.409+0000] {dag.py:4180} INFO - Setting next_dagrun for dataset_consumes_1 to None, run_after=None
[2024-10-01T20:56:05.414+0000] {logging_mixin.py:190} INFO - [2024-10-01T20:56:05.413+0000] {dag.py:4180} INFO - Setting next_dagrun for dataset_consumes_1_and_2 to None, run_after=None
[2024-10-01T20:56:05.417+0000] {logging_mixin.py:190} INFO - [2024-10-01T20:56:05.417+0000] {dag.py:4180} INFO - Setting next_dagrun for dataset_consumes_1_never_scheduled to None, run_after=None
[2024-10-01T20:56:05.419+0000] {logging_mixin.py:190} INFO - [2024-10-01T20:56:05.418+0000] {dag.py:4180} INFO - Setting next_dagrun for dataset_consumes_unknown_never_scheduled to None, run_after=None
[2024-10-01T20:56:05.426+0000] {logging_mixin.py:190} INFO - [2024-10-01T20:56:05.425+0000] {dag.py:4180} INFO - Setting next_dagrun for dataset_produces_1 to 2024-09-30 00:00:00+00:00, run_after=2024-10-01 00:00:00+00:00
[2024-10-01T20:56:05.431+0000] {logging_mixin.py:190} INFO - [2024-10-01T20:56:05.431+0000] {dag.py:4180} INFO - Setting next_dagrun for dataset_produces_2 to None, run_after=None
[2024-10-01T20:56:05.488+0000] {processor.py:208} INFO - Processing /home/airflow/.local/lib/python3.12/site-packages/airflow/example_dags/example_datasets.py took 1.348 seconds
[2024-10-01T20:56:35.657+0000] {processor.py:186} INFO - Started process (PID=1329) to work on /home/airflow/.local/lib/python3.12/site-packages/airflow/example_dags/example_datasets.py
[2024-10-01T20:56:35.658+0000] {processor.py:914} INFO - Processing file /home/airflow/.local/lib/python3.12/site-packages/airflow/example_dags/example_datasets.py for tasks to queue
[2024-10-01T20:56:35.661+0000] {logging_mixin.py:190} INFO - [2024-10-01T20:56:35.660+0000] {dagbag.py:588} INFO - Filling up the DagBag from /home/airflow/.local/lib/python3.12/site-packages/airflow/example_dags/example_datasets.py
[2024-10-01T20:56:35.791+0000] {processor.py:925} INFO - DAG(s) 'dataset_produces_1', 'dataset_consumes_1_never_scheduled', 'consume_1_or_both_2_and_3_with_dataset_expressions', 'conditional_dataset_and_time_based_timetable', 'dataset_consumes_1_and_2', 'consume_1_or_2_with_dataset_expressions', 'consume_1_and_2_with_dataset_expressions', 'dataset_produces_2', 'dataset_consumes_1', 'dataset_consumes_unknown_never_scheduled' retrieved from /home/airflow/.local/lib/python3.12/site-packages/airflow/example_dags/example_datasets.py
[2024-10-01T20:56:35.844+0000] {logging_mixin.py:190} INFO - [2024-10-01T20:56:35.843+0000] {dag.py:3239} INFO - Sync 10 DAGs
[2024-10-01T20:56:35.870+0000] {logging_mixin.py:190} INFO - [2024-10-01T20:56:35.870+0000] {dag.py:4180} INFO - Setting next_dagrun for conditional_dataset_and_time_based_timetable to 2024-09-25 01:00:00+00:00, run_after=2024-09-25 01:00:00+00:00
[2024-10-01T20:56:35.872+0000] {logging_mixin.py:190} INFO - [2024-10-01T20:56:35.872+0000] {dag.py:4180} INFO - Setting next_dagrun for consume_1_and_2_with_dataset_expressions to None, run_after=None
[2024-10-01T20:56:35.873+0000] {logging_mixin.py:190} INFO - [2024-10-01T20:56:35.873+0000] {dag.py:4180} INFO - Setting next_dagrun for consume_1_or_2_with_dataset_expressions to None, run_after=None
[2024-10-01T20:56:35.874+0000] {logging_mixin.py:190} INFO - [2024-10-01T20:56:35.874+0000] {dag.py:4180} INFO - Setting next_dagrun for consume_1_or_both_2_and_3_with_dataset_expressions to None, run_after=None
[2024-10-01T20:56:35.875+0000] {logging_mixin.py:190} INFO - [2024-10-01T20:56:35.875+0000] {dag.py:4180} INFO - Setting next_dagrun for dataset_consumes_1 to None, run_after=None
[2024-10-01T20:56:35.876+0000] {logging_mixin.py:190} INFO - [2024-10-01T20:56:35.875+0000] {dag.py:4180} INFO - Setting next_dagrun for dataset_consumes_1_and_2 to None, run_after=None
[2024-10-01T20:56:35.876+0000] {logging_mixin.py:190} INFO - [2024-10-01T20:56:35.876+0000] {dag.py:4180} INFO - Setting next_dagrun for dataset_consumes_1_never_scheduled to None, run_after=None
[2024-10-01T20:56:35.877+0000] {logging_mixin.py:190} INFO - [2024-10-01T20:56:35.877+0000] {dag.py:4180} INFO - Setting next_dagrun for dataset_consumes_unknown_never_scheduled to None, run_after=None
[2024-10-01T20:56:35.878+0000] {logging_mixin.py:190} INFO - [2024-10-01T20:56:35.878+0000] {dag.py:4180} INFO - Setting next_dagrun for dataset_produces_1 to 2024-09-30 00:00:00+00:00, run_after=2024-10-01 00:00:00+00:00
[2024-10-01T20:56:35.879+0000] {logging_mixin.py:190} INFO - [2024-10-01T20:56:35.879+0000] {dag.py:4180} INFO - Setting next_dagrun for dataset_produces_2 to None, run_after=None
[2024-10-01T20:56:35.900+0000] {processor.py:208} INFO - Processing /home/airflow/.local/lib/python3.12/site-packages/airflow/example_dags/example_datasets.py took 0.253 seconds
[2024-10-01T20:57:06.097+0000] {processor.py:186} INFO - Started process (PID=1390) to work on /home/airflow/.local/lib/python3.12/site-packages/airflow/example_dags/example_datasets.py
[2024-10-01T20:57:06.101+0000] {processor.py:914} INFO - Processing file /home/airflow/.local/lib/python3.12/site-packages/airflow/example_dags/example_datasets.py for tasks to queue
[2024-10-01T20:57:06.105+0000] {logging_mixin.py:190} INFO - [2024-10-01T20:57:06.103+0000] {dagbag.py:588} INFO - Filling up the DagBag from /home/airflow/.local/lib/python3.12/site-packages/airflow/example_dags/example_datasets.py
[2024-10-01T20:57:06.334+0000] {processor.py:925} INFO - DAG(s) 'dataset_consumes_1_and_2', 'dataset_produces_2', 'conditional_dataset_and_time_based_timetable', 'dataset_consumes_unknown_never_scheduled', 'dataset_consumes_1_never_scheduled', 'consume_1_or_both_2_and_3_with_dataset_expressions', 'consume_1_and_2_with_dataset_expressions', 'dataset_produces_1', 'dataset_consumes_1', 'consume_1_or_2_with_dataset_expressions' retrieved from /home/airflow/.local/lib/python3.12/site-packages/airflow/example_dags/example_datasets.py
[2024-10-01T20:57:06.385+0000] {logging_mixin.py:190} INFO - [2024-10-01T20:57:06.385+0000] {dag.py:3239} INFO - Sync 10 DAGs
[2024-10-01T20:57:06.411+0000] {logging_mixin.py:190} INFO - [2024-10-01T20:57:06.411+0000] {dag.py:4180} INFO - Setting next_dagrun for conditional_dataset_and_time_based_timetable to 2024-09-25 01:00:00+00:00, run_after=2024-09-25 01:00:00+00:00
[2024-10-01T20:57:06.414+0000] {logging_mixin.py:190} INFO - [2024-10-01T20:57:06.414+0000] {dag.py:4180} INFO - Setting next_dagrun for consume_1_and_2_with_dataset_expressions to None, run_after=None
[2024-10-01T20:57:06.415+0000] {logging_mixin.py:190} INFO - [2024-10-01T20:57:06.415+0000] {dag.py:4180} INFO - Setting next_dagrun for consume_1_or_2_with_dataset_expressions to None, run_after=None
[2024-10-01T20:57:06.418+0000] {logging_mixin.py:190} INFO - [2024-10-01T20:57:06.418+0000] {dag.py:4180} INFO - Setting next_dagrun for consume_1_or_both_2_and_3_with_dataset_expressions to None, run_after=None
[2024-10-01T20:57:06.421+0000] {logging_mixin.py:190} INFO - [2024-10-01T20:57:06.421+0000] {dag.py:4180} INFO - Setting next_dagrun for dataset_consumes_1 to None, run_after=None
[2024-10-01T20:57:06.423+0000] {logging_mixin.py:190} INFO - [2024-10-01T20:57:06.423+0000] {dag.py:4180} INFO - Setting next_dagrun for dataset_consumes_1_and_2 to None, run_after=None
[2024-10-01T20:57:06.424+0000] {logging_mixin.py:190} INFO - [2024-10-01T20:57:06.424+0000] {dag.py:4180} INFO - Setting next_dagrun for dataset_consumes_1_never_scheduled to None, run_after=None
[2024-10-01T20:57:06.425+0000] {logging_mixin.py:190} INFO - [2024-10-01T20:57:06.425+0000] {dag.py:4180} INFO - Setting next_dagrun for dataset_consumes_unknown_never_scheduled to None, run_after=None
[2024-10-01T20:57:06.427+0000] {logging_mixin.py:190} INFO - [2024-10-01T20:57:06.426+0000] {dag.py:4180} INFO - Setting next_dagrun for dataset_produces_1 to 2024-09-30 00:00:00+00:00, run_after=2024-10-01 00:00:00+00:00
[2024-10-01T20:57:06.428+0000] {logging_mixin.py:190} INFO - [2024-10-01T20:57:06.428+0000] {dag.py:4180} INFO - Setting next_dagrun for dataset_produces_2 to None, run_after=None
[2024-10-01T20:57:06.517+0000] {processor.py:208} INFO - Processing /home/airflow/.local/lib/python3.12/site-packages/airflow/example_dags/example_datasets.py took 0.438 seconds
