[2024-10-01T20:46:20.010+0000] {processor.py:186} INFO - Started process (PID=109) to work on /home/airflow/.local/lib/python3.12/site-packages/airflow/example_dags/example_setup_teardown.py
[2024-10-01T20:46:20.014+0000] {processor.py:914} INFO - Processing file /home/airflow/.local/lib/python3.12/site-packages/airflow/example_dags/example_setup_teardown.py for tasks to queue
[2024-10-01T20:46:20.021+0000] {logging_mixin.py:190} INFO - [2024-10-01T20:46:20.021+0000] {dagbag.py:588} INFO - Filling up the DagBag from /home/airflow/.local/lib/python3.12/site-packages/airflow/example_dags/example_setup_teardown.py
[2024-10-01T20:46:20.031+0000] {processor.py:925} INFO - DAG(s) 'example_setup_teardown' retrieved from /home/airflow/.local/lib/python3.12/site-packages/airflow/example_dags/example_setup_teardown.py
[2024-10-01T20:46:20.166+0000] {logging_mixin.py:190} INFO - [2024-10-01T20:46:20.165+0000] {override.py:1900} INFO - Created Permission View: can delete on DAG:example_setup_teardown
[2024-10-01T20:46:20.173+0000] {logging_mixin.py:190} INFO - [2024-10-01T20:46:20.173+0000] {override.py:1900} INFO - Created Permission View: can read on DAG:example_setup_teardown
[2024-10-01T20:46:20.180+0000] {logging_mixin.py:190} INFO - [2024-10-01T20:46:20.179+0000] {override.py:1900} INFO - Created Permission View: can edit on DAG:example_setup_teardown
[2024-10-01T20:46:20.193+0000] {logging_mixin.py:190} INFO - [2024-10-01T20:46:20.192+0000] {override.py:1900} INFO - Created Permission View: can delete on DAG Run:example_setup_teardown
[2024-10-01T20:46:20.207+0000] {logging_mixin.py:190} INFO - [2024-10-01T20:46:20.206+0000] {override.py:1900} INFO - Created Permission View: can read on DAG Run:example_setup_teardown
[2024-10-01T20:46:20.217+0000] {logging_mixin.py:190} INFO - [2024-10-01T20:46:20.216+0000] {override.py:1900} INFO - Created Permission View: menu access on DAG Run:example_setup_teardown
[2024-10-01T20:46:20.238+0000] {logging_mixin.py:190} INFO - [2024-10-01T20:46:20.237+0000] {override.py:1900} INFO - Created Permission View: can create on DAG Run:example_setup_teardown
[2024-10-01T20:46:20.239+0000] {logging_mixin.py:190} INFO - [2024-10-01T20:46:20.239+0000] {dag.py:3239} INFO - Sync 1 DAGs
[2024-10-01T20:46:20.264+0000] {logging_mixin.py:190} INFO - [2024-10-01T20:46:20.263+0000] {dag.py:3262} INFO - Creating ORM DAG for example_setup_teardown
[2024-10-01T20:46:20.265+0000] {logging_mixin.py:190} INFO - [2024-10-01T20:46:20.265+0000] {dag.py:4180} INFO - Setting next_dagrun for example_setup_teardown to None, run_after=None
[2024-10-01T20:46:20.327+0000] {processor.py:208} INFO - Processing /home/airflow/.local/lib/python3.12/site-packages/airflow/example_dags/example_setup_teardown.py took 0.327 seconds
[2024-10-01T20:46:51.188+0000] {processor.py:186} INFO - Started process (PID=171) to work on /home/airflow/.local/lib/python3.12/site-packages/airflow/example_dags/example_setup_teardown.py
[2024-10-01T20:46:51.195+0000] {processor.py:914} INFO - Processing file /home/airflow/.local/lib/python3.12/site-packages/airflow/example_dags/example_setup_teardown.py for tasks to queue
[2024-10-01T20:46:51.199+0000] {logging_mixin.py:190} INFO - [2024-10-01T20:46:51.199+0000] {dagbag.py:588} INFO - Filling up the DagBag from /home/airflow/.local/lib/python3.12/site-packages/airflow/example_dags/example_setup_teardown.py
[2024-10-01T20:46:51.233+0000] {processor.py:925} INFO - DAG(s) 'example_setup_teardown' retrieved from /home/airflow/.local/lib/python3.12/site-packages/airflow/example_dags/example_setup_teardown.py
[2024-10-01T20:46:51.285+0000] {logging_mixin.py:190} INFO - [2024-10-01T20:46:51.285+0000] {dag.py:3239} INFO - Sync 1 DAGs
[2024-10-01T20:46:51.305+0000] {logging_mixin.py:190} INFO - [2024-10-01T20:46:51.305+0000] {dag.py:4180} INFO - Setting next_dagrun for example_setup_teardown to None, run_after=None
[2024-10-01T20:46:51.320+0000] {processor.py:208} INFO - Processing /home/airflow/.local/lib/python3.12/site-packages/airflow/example_dags/example_setup_teardown.py took 0.140 seconds
[2024-10-01T20:47:21.806+0000] {processor.py:186} INFO - Started process (PID=233) to work on /home/airflow/.local/lib/python3.12/site-packages/airflow/example_dags/example_setup_teardown.py
[2024-10-01T20:47:21.813+0000] {processor.py:914} INFO - Processing file /home/airflow/.local/lib/python3.12/site-packages/airflow/example_dags/example_setup_teardown.py for tasks to queue
[2024-10-01T20:47:21.818+0000] {logging_mixin.py:190} INFO - [2024-10-01T20:47:21.817+0000] {dagbag.py:588} INFO - Filling up the DagBag from /home/airflow/.local/lib/python3.12/site-packages/airflow/example_dags/example_setup_teardown.py
[2024-10-01T20:47:21.850+0000] {processor.py:925} INFO - DAG(s) 'example_setup_teardown' retrieved from /home/airflow/.local/lib/python3.12/site-packages/airflow/example_dags/example_setup_teardown.py
[2024-10-01T20:47:21.915+0000] {logging_mixin.py:190} INFO - [2024-10-01T20:47:21.915+0000] {dag.py:3239} INFO - Sync 1 DAGs
[2024-10-01T20:47:21.933+0000] {logging_mixin.py:190} INFO - [2024-10-01T20:47:21.933+0000] {dag.py:4180} INFO - Setting next_dagrun for example_setup_teardown to None, run_after=None
[2024-10-01T20:47:21.948+0000] {processor.py:208} INFO - Processing /home/airflow/.local/lib/python3.12/site-packages/airflow/example_dags/example_setup_teardown.py took 0.159 seconds
[2024-10-01T20:47:52.327+0000] {processor.py:186} INFO - Started process (PID=294) to work on /home/airflow/.local/lib/python3.12/site-packages/airflow/example_dags/example_setup_teardown.py
[2024-10-01T20:47:52.330+0000] {processor.py:914} INFO - Processing file /home/airflow/.local/lib/python3.12/site-packages/airflow/example_dags/example_setup_teardown.py for tasks to queue
[2024-10-01T20:47:52.337+0000] {logging_mixin.py:190} INFO - [2024-10-01T20:47:52.336+0000] {dagbag.py:588} INFO - Filling up the DagBag from /home/airflow/.local/lib/python3.12/site-packages/airflow/example_dags/example_setup_teardown.py
[2024-10-01T20:47:52.358+0000] {processor.py:925} INFO - DAG(s) 'example_setup_teardown' retrieved from /home/airflow/.local/lib/python3.12/site-packages/airflow/example_dags/example_setup_teardown.py
[2024-10-01T20:47:52.411+0000] {logging_mixin.py:190} INFO - [2024-10-01T20:47:52.411+0000] {dag.py:3239} INFO - Sync 1 DAGs
[2024-10-01T20:47:52.429+0000] {logging_mixin.py:190} INFO - [2024-10-01T20:47:52.428+0000] {dag.py:4180} INFO - Setting next_dagrun for example_setup_teardown to None, run_after=None
[2024-10-01T20:47:52.461+0000] {processor.py:208} INFO - Processing /home/airflow/.local/lib/python3.12/site-packages/airflow/example_dags/example_setup_teardown.py took 0.161 seconds
[2024-10-01T20:48:23.020+0000] {processor.py:186} INFO - Started process (PID=356) to work on /home/airflow/.local/lib/python3.12/site-packages/airflow/example_dags/example_setup_teardown.py
[2024-10-01T20:48:23.023+0000] {processor.py:914} INFO - Processing file /home/airflow/.local/lib/python3.12/site-packages/airflow/example_dags/example_setup_teardown.py for tasks to queue
[2024-10-01T20:48:23.028+0000] {logging_mixin.py:190} INFO - [2024-10-01T20:48:23.027+0000] {dagbag.py:588} INFO - Filling up the DagBag from /home/airflow/.local/lib/python3.12/site-packages/airflow/example_dags/example_setup_teardown.py
[2024-10-01T20:48:23.039+0000] {processor.py:925} INFO - DAG(s) 'example_setup_teardown' retrieved from /home/airflow/.local/lib/python3.12/site-packages/airflow/example_dags/example_setup_teardown.py
[2024-10-01T20:48:23.058+0000] {logging_mixin.py:190} INFO - [2024-10-01T20:48:23.057+0000] {dag.py:3239} INFO - Sync 1 DAGs
[2024-10-01T20:48:23.070+0000] {logging_mixin.py:190} INFO - [2024-10-01T20:48:23.069+0000] {dag.py:4180} INFO - Setting next_dagrun for example_setup_teardown to None, run_after=None
[2024-10-01T20:48:23.082+0000] {processor.py:208} INFO - Processing /home/airflow/.local/lib/python3.12/site-packages/airflow/example_dags/example_setup_teardown.py took 0.070 seconds
[2024-10-01T20:48:53.450+0000] {processor.py:186} INFO - Started process (PID=418) to work on /home/airflow/.local/lib/python3.12/site-packages/airflow/example_dags/example_setup_teardown.py
[2024-10-01T20:48:53.453+0000] {processor.py:914} INFO - Processing file /home/airflow/.local/lib/python3.12/site-packages/airflow/example_dags/example_setup_teardown.py for tasks to queue
[2024-10-01T20:48:53.457+0000] {logging_mixin.py:190} INFO - [2024-10-01T20:48:53.456+0000] {dagbag.py:588} INFO - Filling up the DagBag from /home/airflow/.local/lib/python3.12/site-packages/airflow/example_dags/example_setup_teardown.py
[2024-10-01T20:48:53.467+0000] {processor.py:925} INFO - DAG(s) 'example_setup_teardown' retrieved from /home/airflow/.local/lib/python3.12/site-packages/airflow/example_dags/example_setup_teardown.py
[2024-10-01T20:48:53.488+0000] {logging_mixin.py:190} INFO - [2024-10-01T20:48:53.488+0000] {dag.py:3239} INFO - Sync 1 DAGs
[2024-10-01T20:48:53.500+0000] {logging_mixin.py:190} INFO - [2024-10-01T20:48:53.500+0000] {dag.py:4180} INFO - Setting next_dagrun for example_setup_teardown to None, run_after=None
[2024-10-01T20:48:53.519+0000] {processor.py:208} INFO - Processing /home/airflow/.local/lib/python3.12/site-packages/airflow/example_dags/example_setup_teardown.py took 0.079 seconds
[2024-10-01T20:49:23.720+0000] {processor.py:186} INFO - Started process (PID=480) to work on /home/airflow/.local/lib/python3.12/site-packages/airflow/example_dags/example_setup_teardown.py
[2024-10-01T20:49:23.722+0000] {processor.py:914} INFO - Processing file /home/airflow/.local/lib/python3.12/site-packages/airflow/example_dags/example_setup_teardown.py for tasks to queue
[2024-10-01T20:49:23.724+0000] {logging_mixin.py:190} INFO - [2024-10-01T20:49:23.724+0000] {dagbag.py:588} INFO - Filling up the DagBag from /home/airflow/.local/lib/python3.12/site-packages/airflow/example_dags/example_setup_teardown.py
[2024-10-01T20:49:23.732+0000] {processor.py:925} INFO - DAG(s) 'example_setup_teardown' retrieved from /home/airflow/.local/lib/python3.12/site-packages/airflow/example_dags/example_setup_teardown.py
[2024-10-01T20:49:23.749+0000] {logging_mixin.py:190} INFO - [2024-10-01T20:49:23.749+0000] {dag.py:3239} INFO - Sync 1 DAGs
[2024-10-01T20:49:23.758+0000] {logging_mixin.py:190} INFO - [2024-10-01T20:49:23.758+0000] {dag.py:4180} INFO - Setting next_dagrun for example_setup_teardown to None, run_after=None
[2024-10-01T20:49:23.771+0000] {processor.py:208} INFO - Processing /home/airflow/.local/lib/python3.12/site-packages/airflow/example_dags/example_setup_teardown.py took 0.059 seconds
[2024-10-01T20:49:54.417+0000] {processor.py:186} INFO - Started process (PID=542) to work on /home/airflow/.local/lib/python3.12/site-packages/airflow/example_dags/example_setup_teardown.py
[2024-10-01T20:49:54.419+0000] {processor.py:914} INFO - Processing file /home/airflow/.local/lib/python3.12/site-packages/airflow/example_dags/example_setup_teardown.py for tasks to queue
[2024-10-01T20:49:54.421+0000] {logging_mixin.py:190} INFO - [2024-10-01T20:49:54.421+0000] {dagbag.py:588} INFO - Filling up the DagBag from /home/airflow/.local/lib/python3.12/site-packages/airflow/example_dags/example_setup_teardown.py
[2024-10-01T20:49:54.427+0000] {processor.py:925} INFO - DAG(s) 'example_setup_teardown' retrieved from /home/airflow/.local/lib/python3.12/site-packages/airflow/example_dags/example_setup_teardown.py
[2024-10-01T20:49:54.445+0000] {logging_mixin.py:190} INFO - [2024-10-01T20:49:54.445+0000] {dag.py:3239} INFO - Sync 1 DAGs
[2024-10-01T20:49:54.455+0000] {logging_mixin.py:190} INFO - [2024-10-01T20:49:54.455+0000] {dag.py:4180} INFO - Setting next_dagrun for example_setup_teardown to None, run_after=None
[2024-10-01T20:49:54.467+0000] {processor.py:208} INFO - Processing /home/airflow/.local/lib/python3.12/site-packages/airflow/example_dags/example_setup_teardown.py took 0.056 seconds
[2024-10-01T20:50:25.165+0000] {processor.py:186} INFO - Started process (PID=604) to work on /home/airflow/.local/lib/python3.12/site-packages/airflow/example_dags/example_setup_teardown.py
[2024-10-01T20:50:25.172+0000] {processor.py:914} INFO - Processing file /home/airflow/.local/lib/python3.12/site-packages/airflow/example_dags/example_setup_teardown.py for tasks to queue
[2024-10-01T20:50:25.176+0000] {logging_mixin.py:190} INFO - [2024-10-01T20:50:25.176+0000] {dagbag.py:588} INFO - Filling up the DagBag from /home/airflow/.local/lib/python3.12/site-packages/airflow/example_dags/example_setup_teardown.py
[2024-10-01T20:50:25.186+0000] {processor.py:925} INFO - DAG(s) 'example_setup_teardown' retrieved from /home/airflow/.local/lib/python3.12/site-packages/airflow/example_dags/example_setup_teardown.py
[2024-10-01T20:50:25.203+0000] {logging_mixin.py:190} INFO - [2024-10-01T20:50:25.203+0000] {dag.py:3239} INFO - Sync 1 DAGs
[2024-10-01T20:50:25.223+0000] {logging_mixin.py:190} INFO - [2024-10-01T20:50:25.223+0000] {dag.py:4180} INFO - Setting next_dagrun for example_setup_teardown to None, run_after=None
[2024-10-01T20:50:25.243+0000] {processor.py:208} INFO - Processing /home/airflow/.local/lib/python3.12/site-packages/airflow/example_dags/example_setup_teardown.py took 0.091 seconds
[2024-10-01T20:50:55.969+0000] {processor.py:186} INFO - Started process (PID=666) to work on /home/airflow/.local/lib/python3.12/site-packages/airflow/example_dags/example_setup_teardown.py
[2024-10-01T20:50:55.977+0000] {processor.py:914} INFO - Processing file /home/airflow/.local/lib/python3.12/site-packages/airflow/example_dags/example_setup_teardown.py for tasks to queue
[2024-10-01T20:50:55.983+0000] {logging_mixin.py:190} INFO - [2024-10-01T20:50:55.982+0000] {dagbag.py:588} INFO - Filling up the DagBag from /home/airflow/.local/lib/python3.12/site-packages/airflow/example_dags/example_setup_teardown.py
[2024-10-01T20:50:56.002+0000] {processor.py:925} INFO - DAG(s) 'example_setup_teardown' retrieved from /home/airflow/.local/lib/python3.12/site-packages/airflow/example_dags/example_setup_teardown.py
[2024-10-01T20:50:56.035+0000] {logging_mixin.py:190} INFO - [2024-10-01T20:50:56.035+0000] {dag.py:3239} INFO - Sync 1 DAGs
[2024-10-01T20:50:56.051+0000] {logging_mixin.py:190} INFO - [2024-10-01T20:50:56.051+0000] {dag.py:4180} INFO - Setting next_dagrun for example_setup_teardown to None, run_after=None
[2024-10-01T20:50:56.076+0000] {processor.py:208} INFO - Processing /home/airflow/.local/lib/python3.12/site-packages/airflow/example_dags/example_setup_teardown.py took 0.123 seconds
[2024-10-01T20:51:26.222+0000] {processor.py:186} INFO - Started process (PID=728) to work on /home/airflow/.local/lib/python3.12/site-packages/airflow/example_dags/example_setup_teardown.py
[2024-10-01T20:51:26.223+0000] {processor.py:914} INFO - Processing file /home/airflow/.local/lib/python3.12/site-packages/airflow/example_dags/example_setup_teardown.py for tasks to queue
[2024-10-01T20:51:26.227+0000] {logging_mixin.py:190} INFO - [2024-10-01T20:51:26.227+0000] {dagbag.py:588} INFO - Filling up the DagBag from /home/airflow/.local/lib/python3.12/site-packages/airflow/example_dags/example_setup_teardown.py
[2024-10-01T20:51:26.249+0000] {processor.py:925} INFO - DAG(s) 'example_setup_teardown' retrieved from /home/airflow/.local/lib/python3.12/site-packages/airflow/example_dags/example_setup_teardown.py
[2024-10-01T20:51:26.281+0000] {logging_mixin.py:190} INFO - [2024-10-01T20:51:26.281+0000] {dag.py:3239} INFO - Sync 1 DAGs
[2024-10-01T20:51:26.296+0000] {logging_mixin.py:190} INFO - [2024-10-01T20:51:26.295+0000] {dag.py:4180} INFO - Setting next_dagrun for example_setup_teardown to None, run_after=None
[2024-10-01T20:51:26.309+0000] {processor.py:208} INFO - Processing /home/airflow/.local/lib/python3.12/site-packages/airflow/example_dags/example_setup_teardown.py took 0.095 seconds
[2024-10-01T20:51:57.038+0000] {processor.py:186} INFO - Started process (PID=790) to work on /home/airflow/.local/lib/python3.12/site-packages/airflow/example_dags/example_setup_teardown.py
[2024-10-01T20:51:57.039+0000] {processor.py:914} INFO - Processing file /home/airflow/.local/lib/python3.12/site-packages/airflow/example_dags/example_setup_teardown.py for tasks to queue
[2024-10-01T20:51:57.041+0000] {logging_mixin.py:190} INFO - [2024-10-01T20:51:57.041+0000] {dagbag.py:588} INFO - Filling up the DagBag from /home/airflow/.local/lib/python3.12/site-packages/airflow/example_dags/example_setup_teardown.py
[2024-10-01T20:51:57.047+0000] {processor.py:925} INFO - DAG(s) 'example_setup_teardown' retrieved from /home/airflow/.local/lib/python3.12/site-packages/airflow/example_dags/example_setup_teardown.py
[2024-10-01T20:51:57.061+0000] {logging_mixin.py:190} INFO - [2024-10-01T20:51:57.060+0000] {dag.py:3239} INFO - Sync 1 DAGs
[2024-10-01T20:51:57.074+0000] {logging_mixin.py:190} INFO - [2024-10-01T20:51:57.074+0000] {dag.py:4180} INFO - Setting next_dagrun for example_setup_teardown to None, run_after=None
[2024-10-01T20:51:57.089+0000] {processor.py:208} INFO - Processing /home/airflow/.local/lib/python3.12/site-packages/airflow/example_dags/example_setup_teardown.py took 0.057 seconds
[2024-10-01T20:52:27.692+0000] {processor.py:186} INFO - Started process (PID=852) to work on /home/airflow/.local/lib/python3.12/site-packages/airflow/example_dags/example_setup_teardown.py
[2024-10-01T20:52:27.693+0000] {processor.py:914} INFO - Processing file /home/airflow/.local/lib/python3.12/site-packages/airflow/example_dags/example_setup_teardown.py for tasks to queue
[2024-10-01T20:52:27.697+0000] {logging_mixin.py:190} INFO - [2024-10-01T20:52:27.697+0000] {dagbag.py:588} INFO - Filling up the DagBag from /home/airflow/.local/lib/python3.12/site-packages/airflow/example_dags/example_setup_teardown.py
[2024-10-01T20:52:27.722+0000] {processor.py:925} INFO - DAG(s) 'example_setup_teardown' retrieved from /home/airflow/.local/lib/python3.12/site-packages/airflow/example_dags/example_setup_teardown.py
[2024-10-01T20:52:27.750+0000] {logging_mixin.py:190} INFO - [2024-10-01T20:52:27.750+0000] {dag.py:3239} INFO - Sync 1 DAGs
[2024-10-01T20:52:27.766+0000] {logging_mixin.py:190} INFO - [2024-10-01T20:52:27.765+0000] {dag.py:4180} INFO - Setting next_dagrun for example_setup_teardown to None, run_after=None
[2024-10-01T20:52:27.781+0000] {processor.py:208} INFO - Processing /home/airflow/.local/lib/python3.12/site-packages/airflow/example_dags/example_setup_teardown.py took 0.096 seconds
[2024-10-01T20:52:58.231+0000] {processor.py:186} INFO - Started process (PID=914) to work on /home/airflow/.local/lib/python3.12/site-packages/airflow/example_dags/example_setup_teardown.py
[2024-10-01T20:52:58.233+0000] {processor.py:914} INFO - Processing file /home/airflow/.local/lib/python3.12/site-packages/airflow/example_dags/example_setup_teardown.py for tasks to queue
[2024-10-01T20:52:58.245+0000] {logging_mixin.py:190} INFO - [2024-10-01T20:52:58.244+0000] {dagbag.py:588} INFO - Filling up the DagBag from /home/airflow/.local/lib/python3.12/site-packages/airflow/example_dags/example_setup_teardown.py
[2024-10-01T20:52:58.255+0000] {processor.py:925} INFO - DAG(s) 'example_setup_teardown' retrieved from /home/airflow/.local/lib/python3.12/site-packages/airflow/example_dags/example_setup_teardown.py
[2024-10-01T20:52:58.276+0000] {logging_mixin.py:190} INFO - [2024-10-01T20:52:58.275+0000] {dag.py:3239} INFO - Sync 1 DAGs
[2024-10-01T20:52:58.287+0000] {logging_mixin.py:190} INFO - [2024-10-01T20:52:58.287+0000] {dag.py:4180} INFO - Setting next_dagrun for example_setup_teardown to None, run_after=None
[2024-10-01T20:52:58.301+0000] {processor.py:208} INFO - Processing /home/airflow/.local/lib/python3.12/site-packages/airflow/example_dags/example_setup_teardown.py took 0.077 seconds
[2024-10-01T20:53:28.458+0000] {processor.py:186} INFO - Started process (PID=976) to work on /home/airflow/.local/lib/python3.12/site-packages/airflow/example_dags/example_setup_teardown.py
[2024-10-01T20:53:28.463+0000] {processor.py:914} INFO - Processing file /home/airflow/.local/lib/python3.12/site-packages/airflow/example_dags/example_setup_teardown.py for tasks to queue
[2024-10-01T20:53:28.498+0000] {logging_mixin.py:190} INFO - [2024-10-01T20:53:28.497+0000] {dagbag.py:588} INFO - Filling up the DagBag from /home/airflow/.local/lib/python3.12/site-packages/airflow/example_dags/example_setup_teardown.py
[2024-10-01T20:53:28.555+0000] {processor.py:925} INFO - DAG(s) 'example_setup_teardown' retrieved from /home/airflow/.local/lib/python3.12/site-packages/airflow/example_dags/example_setup_teardown.py
[2024-10-01T20:53:28.661+0000] {logging_mixin.py:190} INFO - [2024-10-01T20:53:28.660+0000] {dag.py:3239} INFO - Sync 1 DAGs
[2024-10-01T20:53:28.685+0000] {logging_mixin.py:190} INFO - [2024-10-01T20:53:28.684+0000] {dag.py:4180} INFO - Setting next_dagrun for example_setup_teardown to None, run_after=None
[2024-10-01T20:53:28.720+0000] {processor.py:208} INFO - Processing /home/airflow/.local/lib/python3.12/site-packages/airflow/example_dags/example_setup_teardown.py took 0.278 seconds
[2024-10-01T20:53:58.783+0000] {processor.py:186} INFO - Started process (PID=1037) to work on /home/airflow/.local/lib/python3.12/site-packages/airflow/example_dags/example_setup_teardown.py
[2024-10-01T20:53:58.786+0000] {processor.py:914} INFO - Processing file /home/airflow/.local/lib/python3.12/site-packages/airflow/example_dags/example_setup_teardown.py for tasks to queue
[2024-10-01T20:53:58.789+0000] {logging_mixin.py:190} INFO - [2024-10-01T20:53:58.788+0000] {dagbag.py:588} INFO - Filling up the DagBag from /home/airflow/.local/lib/python3.12/site-packages/airflow/example_dags/example_setup_teardown.py
[2024-10-01T20:53:58.801+0000] {processor.py:925} INFO - DAG(s) 'example_setup_teardown' retrieved from /home/airflow/.local/lib/python3.12/site-packages/airflow/example_dags/example_setup_teardown.py
[2024-10-01T20:53:58.829+0000] {logging_mixin.py:190} INFO - [2024-10-01T20:53:58.829+0000] {dag.py:3239} INFO - Sync 1 DAGs
[2024-10-01T20:53:58.844+0000] {logging_mixin.py:190} INFO - [2024-10-01T20:53:58.844+0000] {dag.py:4180} INFO - Setting next_dagrun for example_setup_teardown to None, run_after=None
[2024-10-01T20:53:58.861+0000] {processor.py:208} INFO - Processing /home/airflow/.local/lib/python3.12/site-packages/airflow/example_dags/example_setup_teardown.py took 0.087 seconds
[2024-10-01T20:54:29.477+0000] {processor.py:186} INFO - Started process (PID=1099) to work on /home/airflow/.local/lib/python3.12/site-packages/airflow/example_dags/example_setup_teardown.py
[2024-10-01T20:54:29.480+0000] {processor.py:914} INFO - Processing file /home/airflow/.local/lib/python3.12/site-packages/airflow/example_dags/example_setup_teardown.py for tasks to queue
[2024-10-01T20:54:29.482+0000] {logging_mixin.py:190} INFO - [2024-10-01T20:54:29.482+0000] {dagbag.py:588} INFO - Filling up the DagBag from /home/airflow/.local/lib/python3.12/site-packages/airflow/example_dags/example_setup_teardown.py
[2024-10-01T20:54:29.490+0000] {processor.py:925} INFO - DAG(s) 'example_setup_teardown' retrieved from /home/airflow/.local/lib/python3.12/site-packages/airflow/example_dags/example_setup_teardown.py
[2024-10-01T20:54:29.510+0000] {logging_mixin.py:190} INFO - [2024-10-01T20:54:29.509+0000] {dag.py:3239} INFO - Sync 1 DAGs
[2024-10-01T20:54:29.521+0000] {logging_mixin.py:190} INFO - [2024-10-01T20:54:29.521+0000] {dag.py:4180} INFO - Setting next_dagrun for example_setup_teardown to None, run_after=None
[2024-10-01T20:54:29.536+0000] {processor.py:208} INFO - Processing /home/airflow/.local/lib/python3.12/site-packages/airflow/example_dags/example_setup_teardown.py took 0.064 seconds
[2024-10-01T20:54:59.761+0000] {processor.py:186} INFO - Started process (PID=1161) to work on /home/airflow/.local/lib/python3.12/site-packages/airflow/example_dags/example_setup_teardown.py
[2024-10-01T20:54:59.762+0000] {processor.py:914} INFO - Processing file /home/airflow/.local/lib/python3.12/site-packages/airflow/example_dags/example_setup_teardown.py for tasks to queue
[2024-10-01T20:54:59.764+0000] {logging_mixin.py:190} INFO - [2024-10-01T20:54:59.764+0000] {dagbag.py:588} INFO - Filling up the DagBag from /home/airflow/.local/lib/python3.12/site-packages/airflow/example_dags/example_setup_teardown.py
[2024-10-01T20:54:59.770+0000] {processor.py:925} INFO - DAG(s) 'example_setup_teardown' retrieved from /home/airflow/.local/lib/python3.12/site-packages/airflow/example_dags/example_setup_teardown.py
[2024-10-01T20:54:59.788+0000] {logging_mixin.py:190} INFO - [2024-10-01T20:54:59.787+0000] {dag.py:3239} INFO - Sync 1 DAGs
[2024-10-01T20:54:59.799+0000] {logging_mixin.py:190} INFO - [2024-10-01T20:54:59.798+0000] {dag.py:4180} INFO - Setting next_dagrun for example_setup_teardown to None, run_after=None
[2024-10-01T20:54:59.811+0000] {processor.py:208} INFO - Processing /home/airflow/.local/lib/python3.12/site-packages/airflow/example_dags/example_setup_teardown.py took 0.056 seconds
[2024-10-01T20:55:30.197+0000] {processor.py:186} INFO - Started process (PID=1223) to work on /home/airflow/.local/lib/python3.12/site-packages/airflow/example_dags/example_setup_teardown.py
[2024-10-01T20:55:30.197+0000] {processor.py:914} INFO - Processing file /home/airflow/.local/lib/python3.12/site-packages/airflow/example_dags/example_setup_teardown.py for tasks to queue
[2024-10-01T20:55:30.199+0000] {logging_mixin.py:190} INFO - [2024-10-01T20:55:30.199+0000] {dagbag.py:588} INFO - Filling up the DagBag from /home/airflow/.local/lib/python3.12/site-packages/airflow/example_dags/example_setup_teardown.py
[2024-10-01T20:55:30.205+0000] {processor.py:925} INFO - DAG(s) 'example_setup_teardown' retrieved from /home/airflow/.local/lib/python3.12/site-packages/airflow/example_dags/example_setup_teardown.py
[2024-10-01T20:55:30.218+0000] {logging_mixin.py:190} INFO - [2024-10-01T20:55:30.218+0000] {dag.py:3239} INFO - Sync 1 DAGs
[2024-10-01T20:55:30.229+0000] {logging_mixin.py:190} INFO - [2024-10-01T20:55:30.229+0000] {dag.py:4180} INFO - Setting next_dagrun for example_setup_teardown to None, run_after=None
[2024-10-01T20:55:30.239+0000] {processor.py:208} INFO - Processing /home/airflow/.local/lib/python3.12/site-packages/airflow/example_dags/example_setup_teardown.py took 0.048 seconds
[2024-10-01T20:56:07.857+0000] {processor.py:186} INFO - Started process (PID=1286) to work on /home/airflow/.local/lib/python3.12/site-packages/airflow/example_dags/example_setup_teardown.py
[2024-10-01T20:56:07.862+0000] {processor.py:914} INFO - Processing file /home/airflow/.local/lib/python3.12/site-packages/airflow/example_dags/example_setup_teardown.py for tasks to queue
[2024-10-01T20:56:07.872+0000] {logging_mixin.py:190} INFO - [2024-10-01T20:56:07.871+0000] {dagbag.py:588} INFO - Filling up the DagBag from /home/airflow/.local/lib/python3.12/site-packages/airflow/example_dags/example_setup_teardown.py
[2024-10-01T20:56:07.942+0000] {processor.py:925} INFO - DAG(s) 'example_setup_teardown' retrieved from /home/airflow/.local/lib/python3.12/site-packages/airflow/example_dags/example_setup_teardown.py
[2024-10-01T20:56:08.023+0000] {logging_mixin.py:190} INFO - [2024-10-01T20:56:08.023+0000] {dag.py:3239} INFO - Sync 1 DAGs
[2024-10-01T20:56:08.071+0000] {logging_mixin.py:190} INFO - [2024-10-01T20:56:08.070+0000] {dag.py:4180} INFO - Setting next_dagrun for example_setup_teardown to None, run_after=None
[2024-10-01T20:56:08.096+0000] {processor.py:208} INFO - Processing /home/airflow/.local/lib/python3.12/site-packages/airflow/example_dags/example_setup_teardown.py took 0.250 seconds
[2024-10-01T20:56:38.880+0000] {processor.py:186} INFO - Started process (PID=1348) to work on /home/airflow/.local/lib/python3.12/site-packages/airflow/example_dags/example_setup_teardown.py
[2024-10-01T20:56:38.880+0000] {processor.py:914} INFO - Processing file /home/airflow/.local/lib/python3.12/site-packages/airflow/example_dags/example_setup_teardown.py for tasks to queue
[2024-10-01T20:56:38.883+0000] {logging_mixin.py:190} INFO - [2024-10-01T20:56:38.883+0000] {dagbag.py:588} INFO - Filling up the DagBag from /home/airflow/.local/lib/python3.12/site-packages/airflow/example_dags/example_setup_teardown.py
[2024-10-01T20:56:38.889+0000] {processor.py:925} INFO - DAG(s) 'example_setup_teardown' retrieved from /home/airflow/.local/lib/python3.12/site-packages/airflow/example_dags/example_setup_teardown.py
[2024-10-01T20:56:38.906+0000] {logging_mixin.py:190} INFO - [2024-10-01T20:56:38.906+0000] {dag.py:3239} INFO - Sync 1 DAGs
[2024-10-01T20:56:38.918+0000] {logging_mixin.py:190} INFO - [2024-10-01T20:56:38.917+0000] {dag.py:4180} INFO - Setting next_dagrun for example_setup_teardown to None, run_after=None
[2024-10-01T20:56:38.929+0000] {processor.py:208} INFO - Processing /home/airflow/.local/lib/python3.12/site-packages/airflow/example_dags/example_setup_teardown.py took 0.053 seconds
