[2024-10-01T20:46:19.992+0000] {processor.py:186} INFO - Started process (PID=108) to work on /home/airflow/.local/lib/python3.12/site-packages/airflow/example_dags/example_inlet_event_extra.py
[2024-10-01T20:46:19.993+0000] {processor.py:914} INFO - Processing file /home/airflow/.local/lib/python3.12/site-packages/airflow/example_dags/example_inlet_event_extra.py for tasks to queue
[2024-10-01T20:46:19.995+0000] {logging_mixin.py:190} INFO - [2024-10-01T20:46:19.995+0000] {dagbag.py:588} INFO - Filling up the DagBag from /home/airflow/.local/lib/python3.12/site-packages/airflow/example_dags/example_inlet_event_extra.py
[2024-10-01T20:46:20.253+0000] {processor.py:925} INFO - DAG(s) 'read_dataset_event_from_classic', 'read_dataset_event' retrieved from /home/airflow/.local/lib/python3.12/site-packages/airflow/example_dags/example_inlet_event_extra.py
[2024-10-01T20:46:20.589+0000] {logging_mixin.py:190} INFO - [2024-10-01T20:46:20.588+0000] {override.py:1900} INFO - Created Permission View: can delete on DAG:read_dataset_event_from_classic
[2024-10-01T20:46:20.598+0000] {logging_mixin.py:190} INFO - [2024-10-01T20:46:20.598+0000] {override.py:1900} INFO - Created Permission View: can read on DAG:read_dataset_event_from_classic
[2024-10-01T20:46:20.617+0000] {logging_mixin.py:190} INFO - [2024-10-01T20:46:20.613+0000] {override.py:1900} INFO - Created Permission View: can edit on DAG:read_dataset_event_from_classic
[2024-10-01T20:46:20.630+0000] {logging_mixin.py:190} INFO - [2024-10-01T20:46:20.629+0000] {override.py:1900} INFO - Created Permission View: can delete on DAG Run:read_dataset_event_from_classic
[2024-10-01T20:46:20.649+0000] {logging_mixin.py:190} INFO - [2024-10-01T20:46:20.648+0000] {override.py:1900} INFO - Created Permission View: can read on DAG Run:read_dataset_event_from_classic
[2024-10-01T20:46:20.661+0000] {logging_mixin.py:190} INFO - [2024-10-01T20:46:20.661+0000] {override.py:1900} INFO - Created Permission View: menu access on DAG Run:read_dataset_event_from_classic
[2024-10-01T20:46:20.669+0000] {logging_mixin.py:190} INFO - [2024-10-01T20:46:20.668+0000] {override.py:1900} INFO - Created Permission View: can create on DAG Run:read_dataset_event_from_classic
[2024-10-01T20:46:20.679+0000] {logging_mixin.py:190} INFO - [2024-10-01T20:46:20.679+0000] {override.py:1900} INFO - Created Permission View: can delete on DAG:read_dataset_event
[2024-10-01T20:46:20.684+0000] {logging_mixin.py:190} INFO - [2024-10-01T20:46:20.683+0000] {override.py:1900} INFO - Created Permission View: can read on DAG:read_dataset_event
[2024-10-01T20:46:20.687+0000] {logging_mixin.py:190} INFO - [2024-10-01T20:46:20.687+0000] {override.py:1900} INFO - Created Permission View: can edit on DAG:read_dataset_event
[2024-10-01T20:46:20.691+0000] {logging_mixin.py:190} INFO - [2024-10-01T20:46:20.691+0000] {override.py:1900} INFO - Created Permission View: can delete on DAG Run:read_dataset_event
[2024-10-01T20:46:20.694+0000] {logging_mixin.py:190} INFO - [2024-10-01T20:46:20.694+0000] {override.py:1900} INFO - Created Permission View: can read on DAG Run:read_dataset_event
[2024-10-01T20:46:20.697+0000] {logging_mixin.py:190} INFO - [2024-10-01T20:46:20.697+0000] {override.py:1900} INFO - Created Permission View: menu access on DAG Run:read_dataset_event
[2024-10-01T20:46:20.700+0000] {logging_mixin.py:190} INFO - [2024-10-01T20:46:20.700+0000] {override.py:1900} INFO - Created Permission View: can create on DAG Run:read_dataset_event
[2024-10-01T20:46:20.700+0000] {logging_mixin.py:190} INFO - [2024-10-01T20:46:20.700+0000] {dag.py:3239} INFO - Sync 2 DAGs
[2024-10-01T20:46:20.729+0000] {logging_mixin.py:190} INFO - [2024-10-01T20:46:20.728+0000] {dag.py:3262} INFO - Creating ORM DAG for read_dataset_event
[2024-10-01T20:46:20.729+0000] {logging_mixin.py:190} INFO - [2024-10-01T20:46:20.729+0000] {dag.py:3262} INFO - Creating ORM DAG for read_dataset_event_from_classic
[2024-10-01T20:46:20.745+0000] {logging_mixin.py:190} INFO - [2024-10-01T20:46:20.744+0000] {dag.py:4180} INFO - Setting next_dagrun for read_dataset_event to 2024-09-30 00:00:00+00:00, run_after=2024-10-01 00:00:00+00:00
[2024-10-01T20:46:20.749+0000] {logging_mixin.py:190} INFO - [2024-10-01T20:46:20.748+0000] {dag.py:4180} INFO - Setting next_dagrun for read_dataset_event_from_classic to 2024-09-30 00:00:00+00:00, run_after=2024-10-01 00:00:00+00:00
[2024-10-01T20:46:20.783+0000] {processor.py:208} INFO - Processing /home/airflow/.local/lib/python3.12/site-packages/airflow/example_dags/example_inlet_event_extra.py took 0.797 seconds
[2024-10-01T20:46:51.176+0000] {processor.py:186} INFO - Started process (PID=170) to work on /home/airflow/.local/lib/python3.12/site-packages/airflow/example_dags/example_inlet_event_extra.py
[2024-10-01T20:46:51.178+0000] {processor.py:914} INFO - Processing file /home/airflow/.local/lib/python3.12/site-packages/airflow/example_dags/example_inlet_event_extra.py for tasks to queue
[2024-10-01T20:46:51.182+0000] {logging_mixin.py:190} INFO - [2024-10-01T20:46:51.181+0000] {dagbag.py:588} INFO - Filling up the DagBag from /home/airflow/.local/lib/python3.12/site-packages/airflow/example_dags/example_inlet_event_extra.py
[2024-10-01T20:46:51.391+0000] {processor.py:925} INFO - DAG(s) 'read_dataset_event', 'read_dataset_event_from_classic' retrieved from /home/airflow/.local/lib/python3.12/site-packages/airflow/example_dags/example_inlet_event_extra.py
[2024-10-01T20:46:51.410+0000] {logging_mixin.py:190} INFO - [2024-10-01T20:46:51.410+0000] {dag.py:3239} INFO - Sync 2 DAGs
[2024-10-01T20:46:51.437+0000] {logging_mixin.py:190} INFO - [2024-10-01T20:46:51.437+0000] {dag.py:4180} INFO - Setting next_dagrun for read_dataset_event to 2024-09-30 00:00:00+00:00, run_after=2024-10-01 00:00:00+00:00
[2024-10-01T20:46:51.442+0000] {logging_mixin.py:190} INFO - [2024-10-01T20:46:51.442+0000] {dag.py:4180} INFO - Setting next_dagrun for read_dataset_event_from_classic to 2024-09-30 00:00:00+00:00, run_after=2024-10-01 00:00:00+00:00
[2024-10-01T20:46:51.452+0000] {processor.py:208} INFO - Processing /home/airflow/.local/lib/python3.12/site-packages/airflow/example_dags/example_inlet_event_extra.py took 0.285 seconds
[2024-10-01T20:47:21.806+0000] {processor.py:186} INFO - Started process (PID=232) to work on /home/airflow/.local/lib/python3.12/site-packages/airflow/example_dags/example_inlet_event_extra.py
[2024-10-01T20:47:21.810+0000] {processor.py:914} INFO - Processing file /home/airflow/.local/lib/python3.12/site-packages/airflow/example_dags/example_inlet_event_extra.py for tasks to queue
[2024-10-01T20:47:21.815+0000] {logging_mixin.py:190} INFO - [2024-10-01T20:47:21.814+0000] {dagbag.py:588} INFO - Filling up the DagBag from /home/airflow/.local/lib/python3.12/site-packages/airflow/example_dags/example_inlet_event_extra.py
[2024-10-01T20:47:22.085+0000] {processor.py:925} INFO - DAG(s) 'read_dataset_event', 'read_dataset_event_from_classic' retrieved from /home/airflow/.local/lib/python3.12/site-packages/airflow/example_dags/example_inlet_event_extra.py
[2024-10-01T20:47:22.166+0000] {logging_mixin.py:190} INFO - [2024-10-01T20:47:22.165+0000] {dag.py:3239} INFO - Sync 2 DAGs
[2024-10-01T20:47:22.235+0000] {logging_mixin.py:190} INFO - [2024-10-01T20:47:22.234+0000] {dag.py:4180} INFO - Setting next_dagrun for read_dataset_event to 2024-09-30 00:00:00+00:00, run_after=2024-10-01 00:00:00+00:00
[2024-10-01T20:47:22.244+0000] {logging_mixin.py:190} INFO - [2024-10-01T20:47:22.243+0000] {dag.py:4180} INFO - Setting next_dagrun for read_dataset_event_from_classic to 2024-09-30 00:00:00+00:00, run_after=2024-10-01 00:00:00+00:00
[2024-10-01T20:47:22.696+0000] {processor.py:208} INFO - Processing /home/airflow/.local/lib/python3.12/site-packages/airflow/example_dags/example_inlet_event_extra.py took 0.923 seconds
[2024-10-01T20:47:53.496+0000] {processor.py:186} INFO - Started process (PID=296) to work on /home/airflow/.local/lib/python3.12/site-packages/airflow/example_dags/example_inlet_event_extra.py
[2024-10-01T20:47:53.500+0000] {processor.py:914} INFO - Processing file /home/airflow/.local/lib/python3.12/site-packages/airflow/example_dags/example_inlet_event_extra.py for tasks to queue
[2024-10-01T20:47:53.502+0000] {logging_mixin.py:190} INFO - [2024-10-01T20:47:53.502+0000] {dagbag.py:588} INFO - Filling up the DagBag from /home/airflow/.local/lib/python3.12/site-packages/airflow/example_dags/example_inlet_event_extra.py
[2024-10-01T20:47:53.647+0000] {processor.py:925} INFO - DAG(s) 'read_dataset_event_from_classic', 'read_dataset_event' retrieved from /home/airflow/.local/lib/python3.12/site-packages/airflow/example_dags/example_inlet_event_extra.py
[2024-10-01T20:47:53.662+0000] {logging_mixin.py:190} INFO - [2024-10-01T20:47:53.661+0000] {dag.py:3239} INFO - Sync 2 DAGs
[2024-10-01T20:47:53.679+0000] {logging_mixin.py:190} INFO - [2024-10-01T20:47:53.679+0000] {dag.py:4180} INFO - Setting next_dagrun for read_dataset_event to 2024-09-30 00:00:00+00:00, run_after=2024-10-01 00:00:00+00:00
[2024-10-01T20:47:53.682+0000] {logging_mixin.py:190} INFO - [2024-10-01T20:47:53.682+0000] {dag.py:4180} INFO - Setting next_dagrun for read_dataset_event_from_classic to 2024-09-30 00:00:00+00:00, run_after=2024-10-01 00:00:00+00:00
[2024-10-01T20:47:53.693+0000] {processor.py:208} INFO - Processing /home/airflow/.local/lib/python3.12/site-packages/airflow/example_dags/example_inlet_event_extra.py took 0.203 seconds
[2024-10-01T20:48:24.119+0000] {processor.py:186} INFO - Started process (PID=358) to work on /home/airflow/.local/lib/python3.12/site-packages/airflow/example_dags/example_inlet_event_extra.py
[2024-10-01T20:48:24.121+0000] {processor.py:914} INFO - Processing file /home/airflow/.local/lib/python3.12/site-packages/airflow/example_dags/example_inlet_event_extra.py for tasks to queue
[2024-10-01T20:48:24.123+0000] {logging_mixin.py:190} INFO - [2024-10-01T20:48:24.123+0000] {dagbag.py:588} INFO - Filling up the DagBag from /home/airflow/.local/lib/python3.12/site-packages/airflow/example_dags/example_inlet_event_extra.py
[2024-10-01T20:48:24.263+0000] {processor.py:925} INFO - DAG(s) 'read_dataset_event_from_classic', 'read_dataset_event' retrieved from /home/airflow/.local/lib/python3.12/site-packages/airflow/example_dags/example_inlet_event_extra.py
[2024-10-01T20:48:24.280+0000] {logging_mixin.py:190} INFO - [2024-10-01T20:48:24.280+0000] {dag.py:3239} INFO - Sync 2 DAGs
[2024-10-01T20:48:24.299+0000] {logging_mixin.py:190} INFO - [2024-10-01T20:48:24.299+0000] {dag.py:4180} INFO - Setting next_dagrun for read_dataset_event to 2024-09-30 00:00:00+00:00, run_after=2024-10-01 00:00:00+00:00
[2024-10-01T20:48:24.304+0000] {logging_mixin.py:190} INFO - [2024-10-01T20:48:24.303+0000] {dag.py:4180} INFO - Setting next_dagrun for read_dataset_event_from_classic to 2024-09-30 00:00:00+00:00, run_after=2024-10-01 00:00:00+00:00
[2024-10-01T20:48:24.320+0000] {processor.py:208} INFO - Processing /home/airflow/.local/lib/python3.12/site-packages/airflow/example_dags/example_inlet_event_extra.py took 0.208 seconds
[2024-10-01T20:48:54.566+0000] {processor.py:186} INFO - Started process (PID=420) to work on /home/airflow/.local/lib/python3.12/site-packages/airflow/example_dags/example_inlet_event_extra.py
[2024-10-01T20:48:54.568+0000] {processor.py:914} INFO - Processing file /home/airflow/.local/lib/python3.12/site-packages/airflow/example_dags/example_inlet_event_extra.py for tasks to queue
[2024-10-01T20:48:54.571+0000] {logging_mixin.py:190} INFO - [2024-10-01T20:48:54.571+0000] {dagbag.py:588} INFO - Filling up the DagBag from /home/airflow/.local/lib/python3.12/site-packages/airflow/example_dags/example_inlet_event_extra.py
[2024-10-01T20:48:54.763+0000] {processor.py:925} INFO - DAG(s) 'read_dataset_event', 'read_dataset_event_from_classic' retrieved from /home/airflow/.local/lib/python3.12/site-packages/airflow/example_dags/example_inlet_event_extra.py
[2024-10-01T20:48:54.781+0000] {logging_mixin.py:190} INFO - [2024-10-01T20:48:54.781+0000] {dag.py:3239} INFO - Sync 2 DAGs
[2024-10-01T20:48:54.811+0000] {logging_mixin.py:190} INFO - [2024-10-01T20:48:54.810+0000] {dag.py:4180} INFO - Setting next_dagrun for read_dataset_event to 2024-09-30 00:00:00+00:00, run_after=2024-10-01 00:00:00+00:00
[2024-10-01T20:48:54.816+0000] {logging_mixin.py:190} INFO - [2024-10-01T20:48:54.816+0000] {dag.py:4180} INFO - Setting next_dagrun for read_dataset_event_from_classic to 2024-09-30 00:00:00+00:00, run_after=2024-10-01 00:00:00+00:00
[2024-10-01T20:48:54.827+0000] {processor.py:208} INFO - Processing /home/airflow/.local/lib/python3.12/site-packages/airflow/example_dags/example_inlet_event_extra.py took 0.269 seconds
[2024-10-01T20:49:24.935+0000] {processor.py:186} INFO - Started process (PID=486) to work on /home/airflow/.local/lib/python3.12/site-packages/airflow/example_dags/example_inlet_event_extra.py
[2024-10-01T20:49:24.936+0000] {processor.py:914} INFO - Processing file /home/airflow/.local/lib/python3.12/site-packages/airflow/example_dags/example_inlet_event_extra.py for tasks to queue
[2024-10-01T20:49:24.939+0000] {logging_mixin.py:190} INFO - [2024-10-01T20:49:24.938+0000] {dagbag.py:588} INFO - Filling up the DagBag from /home/airflow/.local/lib/python3.12/site-packages/airflow/example_dags/example_inlet_event_extra.py
[2024-10-01T20:49:25.077+0000] {processor.py:925} INFO - DAG(s) 'read_dataset_event_from_classic', 'read_dataset_event' retrieved from /home/airflow/.local/lib/python3.12/site-packages/airflow/example_dags/example_inlet_event_extra.py
[2024-10-01T20:49:25.093+0000] {logging_mixin.py:190} INFO - [2024-10-01T20:49:25.093+0000] {dag.py:3239} INFO - Sync 2 DAGs
[2024-10-01T20:49:25.109+0000] {logging_mixin.py:190} INFO - [2024-10-01T20:49:25.109+0000] {dag.py:4180} INFO - Setting next_dagrun for read_dataset_event to 2024-09-30 00:00:00+00:00, run_after=2024-10-01 00:00:00+00:00
[2024-10-01T20:49:25.111+0000] {logging_mixin.py:190} INFO - [2024-10-01T20:49:25.111+0000] {dag.py:4180} INFO - Setting next_dagrun for read_dataset_event_from_classic to 2024-09-30 00:00:00+00:00, run_after=2024-10-01 00:00:00+00:00
[2024-10-01T20:49:25.120+0000] {processor.py:208} INFO - Processing /home/airflow/.local/lib/python3.12/site-packages/airflow/example_dags/example_inlet_event_extra.py took 0.190 seconds
[2024-10-01T20:49:55.504+0000] {processor.py:186} INFO - Started process (PID=544) to work on /home/airflow/.local/lib/python3.12/site-packages/airflow/example_dags/example_inlet_event_extra.py
[2024-10-01T20:49:55.507+0000] {processor.py:914} INFO - Processing file /home/airflow/.local/lib/python3.12/site-packages/airflow/example_dags/example_inlet_event_extra.py for tasks to queue
[2024-10-01T20:49:55.508+0000] {logging_mixin.py:190} INFO - [2024-10-01T20:49:55.508+0000] {dagbag.py:588} INFO - Filling up the DagBag from /home/airflow/.local/lib/python3.12/site-packages/airflow/example_dags/example_inlet_event_extra.py
[2024-10-01T20:49:55.637+0000] {processor.py:925} INFO - DAG(s) 'read_dataset_event_from_classic', 'read_dataset_event' retrieved from /home/airflow/.local/lib/python3.12/site-packages/airflow/example_dags/example_inlet_event_extra.py
[2024-10-01T20:49:55.652+0000] {logging_mixin.py:190} INFO - [2024-10-01T20:49:55.652+0000] {dag.py:3239} INFO - Sync 2 DAGs
[2024-10-01T20:49:55.669+0000] {logging_mixin.py:190} INFO - [2024-10-01T20:49:55.669+0000] {dag.py:4180} INFO - Setting next_dagrun for read_dataset_event to 2024-09-30 00:00:00+00:00, run_after=2024-10-01 00:00:00+00:00
[2024-10-01T20:49:55.673+0000] {logging_mixin.py:190} INFO - [2024-10-01T20:49:55.673+0000] {dag.py:4180} INFO - Setting next_dagrun for read_dataset_event_from_classic to 2024-09-30 00:00:00+00:00, run_after=2024-10-01 00:00:00+00:00
[2024-10-01T20:49:55.686+0000] {processor.py:208} INFO - Processing /home/airflow/.local/lib/python3.12/site-packages/airflow/example_dags/example_inlet_event_extra.py took 0.189 seconds
[2024-10-01T20:50:26.282+0000] {processor.py:186} INFO - Started process (PID=606) to work on /home/airflow/.local/lib/python3.12/site-packages/airflow/example_dags/example_inlet_event_extra.py
[2024-10-01T20:50:26.283+0000] {processor.py:914} INFO - Processing file /home/airflow/.local/lib/python3.12/site-packages/airflow/example_dags/example_inlet_event_extra.py for tasks to queue
[2024-10-01T20:50:26.285+0000] {logging_mixin.py:190} INFO - [2024-10-01T20:50:26.284+0000] {dagbag.py:588} INFO - Filling up the DagBag from /home/airflow/.local/lib/python3.12/site-packages/airflow/example_dags/example_inlet_event_extra.py
[2024-10-01T20:50:26.414+0000] {processor.py:925} INFO - DAG(s) 'read_dataset_event', 'read_dataset_event_from_classic' retrieved from /home/airflow/.local/lib/python3.12/site-packages/airflow/example_dags/example_inlet_event_extra.py
[2024-10-01T20:50:26.430+0000] {logging_mixin.py:190} INFO - [2024-10-01T20:50:26.429+0000] {dag.py:3239} INFO - Sync 2 DAGs
[2024-10-01T20:50:26.446+0000] {logging_mixin.py:190} INFO - [2024-10-01T20:50:26.446+0000] {dag.py:4180} INFO - Setting next_dagrun for read_dataset_event to 2024-09-30 00:00:00+00:00, run_after=2024-10-01 00:00:00+00:00
[2024-10-01T20:50:26.450+0000] {logging_mixin.py:190} INFO - [2024-10-01T20:50:26.450+0000] {dag.py:4180} INFO - Setting next_dagrun for read_dataset_event_from_classic to 2024-09-30 00:00:00+00:00, run_after=2024-10-01 00:00:00+00:00
[2024-10-01T20:50:26.461+0000] {processor.py:208} INFO - Processing /home/airflow/.local/lib/python3.12/site-packages/airflow/example_dags/example_inlet_event_extra.py took 0.185 seconds
[2024-10-01T20:50:57.103+0000] {processor.py:186} INFO - Started process (PID=668) to work on /home/airflow/.local/lib/python3.12/site-packages/airflow/example_dags/example_inlet_event_extra.py
[2024-10-01T20:50:57.104+0000] {processor.py:914} INFO - Processing file /home/airflow/.local/lib/python3.12/site-packages/airflow/example_dags/example_inlet_event_extra.py for tasks to queue
[2024-10-01T20:50:57.106+0000] {logging_mixin.py:190} INFO - [2024-10-01T20:50:57.106+0000] {dagbag.py:588} INFO - Filling up the DagBag from /home/airflow/.local/lib/python3.12/site-packages/airflow/example_dags/example_inlet_event_extra.py
[2024-10-01T20:50:57.274+0000] {processor.py:925} INFO - DAG(s) 'read_dataset_event', 'read_dataset_event_from_classic' retrieved from /home/airflow/.local/lib/python3.12/site-packages/airflow/example_dags/example_inlet_event_extra.py
[2024-10-01T20:50:57.293+0000] {logging_mixin.py:190} INFO - [2024-10-01T20:50:57.293+0000] {dag.py:3239} INFO - Sync 2 DAGs
[2024-10-01T20:50:57.311+0000] {logging_mixin.py:190} INFO - [2024-10-01T20:50:57.310+0000] {dag.py:4180} INFO - Setting next_dagrun for read_dataset_event to 2024-09-30 00:00:00+00:00, run_after=2024-10-01 00:00:00+00:00
[2024-10-01T20:50:57.314+0000] {logging_mixin.py:190} INFO - [2024-10-01T20:50:57.314+0000] {dag.py:4180} INFO - Setting next_dagrun for read_dataset_event_from_classic to 2024-09-30 00:00:00+00:00, run_after=2024-10-01 00:00:00+00:00
[2024-10-01T20:50:57.327+0000] {processor.py:208} INFO - Processing /home/airflow/.local/lib/python3.12/site-packages/airflow/example_dags/example_inlet_event_extra.py took 0.230 seconds
[2024-10-01T20:51:27.399+0000] {processor.py:186} INFO - Started process (PID=730) to work on /home/airflow/.local/lib/python3.12/site-packages/airflow/example_dags/example_inlet_event_extra.py
[2024-10-01T20:51:27.403+0000] {processor.py:914} INFO - Processing file /home/airflow/.local/lib/python3.12/site-packages/airflow/example_dags/example_inlet_event_extra.py for tasks to queue
[2024-10-01T20:51:27.410+0000] {logging_mixin.py:190} INFO - [2024-10-01T20:51:27.409+0000] {dagbag.py:588} INFO - Filling up the DagBag from /home/airflow/.local/lib/python3.12/site-packages/airflow/example_dags/example_inlet_event_extra.py
[2024-10-01T20:51:27.591+0000] {processor.py:925} INFO - DAG(s) 'read_dataset_event', 'read_dataset_event_from_classic' retrieved from /home/airflow/.local/lib/python3.12/site-packages/airflow/example_dags/example_inlet_event_extra.py
[2024-10-01T20:51:27.608+0000] {logging_mixin.py:190} INFO - [2024-10-01T20:51:27.608+0000] {dag.py:3239} INFO - Sync 2 DAGs
[2024-10-01T20:51:27.629+0000] {logging_mixin.py:190} INFO - [2024-10-01T20:51:27.629+0000] {dag.py:4180} INFO - Setting next_dagrun for read_dataset_event to 2024-09-30 00:00:00+00:00, run_after=2024-10-01 00:00:00+00:00
[2024-10-01T20:51:27.632+0000] {logging_mixin.py:190} INFO - [2024-10-01T20:51:27.632+0000] {dag.py:4180} INFO - Setting next_dagrun for read_dataset_event_from_classic to 2024-09-30 00:00:00+00:00, run_after=2024-10-01 00:00:00+00:00
[2024-10-01T20:51:27.647+0000] {processor.py:208} INFO - Processing /home/airflow/.local/lib/python3.12/site-packages/airflow/example_dags/example_inlet_event_extra.py took 0.262 seconds
[2024-10-01T20:51:58.131+0000] {processor.py:186} INFO - Started process (PID=792) to work on /home/airflow/.local/lib/python3.12/site-packages/airflow/example_dags/example_inlet_event_extra.py
[2024-10-01T20:51:58.132+0000] {processor.py:914} INFO - Processing file /home/airflow/.local/lib/python3.12/site-packages/airflow/example_dags/example_inlet_event_extra.py for tasks to queue
[2024-10-01T20:51:58.133+0000] {logging_mixin.py:190} INFO - [2024-10-01T20:51:58.133+0000] {dagbag.py:588} INFO - Filling up the DagBag from /home/airflow/.local/lib/python3.12/site-packages/airflow/example_dags/example_inlet_event_extra.py
[2024-10-01T20:51:58.238+0000] {processor.py:925} INFO - DAG(s) 'read_dataset_event_from_classic', 'read_dataset_event' retrieved from /home/airflow/.local/lib/python3.12/site-packages/airflow/example_dags/example_inlet_event_extra.py
[2024-10-01T20:51:58.254+0000] {logging_mixin.py:190} INFO - [2024-10-01T20:51:58.253+0000] {dag.py:3239} INFO - Sync 2 DAGs
[2024-10-01T20:51:58.272+0000] {logging_mixin.py:190} INFO - [2024-10-01T20:51:58.272+0000] {dag.py:4180} INFO - Setting next_dagrun for read_dataset_event to 2024-09-30 00:00:00+00:00, run_after=2024-10-01 00:00:00+00:00
[2024-10-01T20:51:58.275+0000] {logging_mixin.py:190} INFO - [2024-10-01T20:51:58.275+0000] {dag.py:4180} INFO - Setting next_dagrun for read_dataset_event_from_classic to 2024-09-30 00:00:00+00:00, run_after=2024-10-01 00:00:00+00:00
[2024-10-01T20:51:58.283+0000] {processor.py:208} INFO - Processing /home/airflow/.local/lib/python3.12/site-packages/airflow/example_dags/example_inlet_event_extra.py took 0.159 seconds
[2024-10-01T20:52:28.828+0000] {processor.py:186} INFO - Started process (PID=854) to work on /home/airflow/.local/lib/python3.12/site-packages/airflow/example_dags/example_inlet_event_extra.py
[2024-10-01T20:52:28.829+0000] {processor.py:914} INFO - Processing file /home/airflow/.local/lib/python3.12/site-packages/airflow/example_dags/example_inlet_event_extra.py for tasks to queue
[2024-10-01T20:52:28.831+0000] {logging_mixin.py:190} INFO - [2024-10-01T20:52:28.831+0000] {dagbag.py:588} INFO - Filling up the DagBag from /home/airflow/.local/lib/python3.12/site-packages/airflow/example_dags/example_inlet_event_extra.py
[2024-10-01T20:52:28.998+0000] {processor.py:925} INFO - DAG(s) 'read_dataset_event_from_classic', 'read_dataset_event' retrieved from /home/airflow/.local/lib/python3.12/site-packages/airflow/example_dags/example_inlet_event_extra.py
[2024-10-01T20:52:29.015+0000] {logging_mixin.py:190} INFO - [2024-10-01T20:52:29.015+0000] {dag.py:3239} INFO - Sync 2 DAGs
[2024-10-01T20:52:29.035+0000] {logging_mixin.py:190} INFO - [2024-10-01T20:52:29.035+0000] {dag.py:4180} INFO - Setting next_dagrun for read_dataset_event to 2024-09-30 00:00:00+00:00, run_after=2024-10-01 00:00:00+00:00
[2024-10-01T20:52:29.038+0000] {logging_mixin.py:190} INFO - [2024-10-01T20:52:29.038+0000] {dag.py:4180} INFO - Setting next_dagrun for read_dataset_event_from_classic to 2024-09-30 00:00:00+00:00, run_after=2024-10-01 00:00:00+00:00
[2024-10-01T20:52:29.047+0000] {processor.py:208} INFO - Processing /home/airflow/.local/lib/python3.12/site-packages/airflow/example_dags/example_inlet_event_extra.py took 0.226 seconds
[2024-10-01T20:52:59.388+0000] {processor.py:186} INFO - Started process (PID=916) to work on /home/airflow/.local/lib/python3.12/site-packages/airflow/example_dags/example_inlet_event_extra.py
[2024-10-01T20:52:59.396+0000] {processor.py:914} INFO - Processing file /home/airflow/.local/lib/python3.12/site-packages/airflow/example_dags/example_inlet_event_extra.py for tasks to queue
[2024-10-01T20:52:59.405+0000] {logging_mixin.py:190} INFO - [2024-10-01T20:52:59.404+0000] {dagbag.py:588} INFO - Filling up the DagBag from /home/airflow/.local/lib/python3.12/site-packages/airflow/example_dags/example_inlet_event_extra.py
[2024-10-01T20:52:59.744+0000] {processor.py:925} INFO - DAG(s) 'read_dataset_event_from_classic', 'read_dataset_event' retrieved from /home/airflow/.local/lib/python3.12/site-packages/airflow/example_dags/example_inlet_event_extra.py
[2024-10-01T20:52:59.784+0000] {logging_mixin.py:190} INFO - [2024-10-01T20:52:59.783+0000] {dag.py:3239} INFO - Sync 2 DAGs
[2024-10-01T20:52:59.808+0000] {logging_mixin.py:190} INFO - [2024-10-01T20:52:59.808+0000] {dag.py:4180} INFO - Setting next_dagrun for read_dataset_event to 2024-09-30 00:00:00+00:00, run_after=2024-10-01 00:00:00+00:00
[2024-10-01T20:52:59.812+0000] {logging_mixin.py:190} INFO - [2024-10-01T20:52:59.812+0000] {dag.py:4180} INFO - Setting next_dagrun for read_dataset_event_from_classic to 2024-09-30 00:00:00+00:00, run_after=2024-10-01 00:00:00+00:00
[2024-10-01T20:52:59.824+0000] {processor.py:208} INFO - Processing /home/airflow/.local/lib/python3.12/site-packages/airflow/example_dags/example_inlet_event_extra.py took 0.454 seconds
[2024-10-01T20:53:29.884+0000] {processor.py:186} INFO - Started process (PID=981) to work on /home/airflow/.local/lib/python3.12/site-packages/airflow/example_dags/example_inlet_event_extra.py
[2024-10-01T20:53:29.886+0000] {processor.py:914} INFO - Processing file /home/airflow/.local/lib/python3.12/site-packages/airflow/example_dags/example_inlet_event_extra.py for tasks to queue
[2024-10-01T20:53:29.887+0000] {logging_mixin.py:190} INFO - [2024-10-01T20:53:29.887+0000] {dagbag.py:588} INFO - Filling up the DagBag from /home/airflow/.local/lib/python3.12/site-packages/airflow/example_dags/example_inlet_event_extra.py
[2024-10-01T20:53:30.048+0000] {processor.py:925} INFO - DAG(s) 'read_dataset_event', 'read_dataset_event_from_classic' retrieved from /home/airflow/.local/lib/python3.12/site-packages/airflow/example_dags/example_inlet_event_extra.py
[2024-10-01T20:53:30.062+0000] {logging_mixin.py:190} INFO - [2024-10-01T20:53:30.062+0000] {dag.py:3239} INFO - Sync 2 DAGs
[2024-10-01T20:53:30.077+0000] {logging_mixin.py:190} INFO - [2024-10-01T20:53:30.077+0000] {dag.py:4180} INFO - Setting next_dagrun for read_dataset_event to 2024-09-30 00:00:00+00:00, run_after=2024-10-01 00:00:00+00:00
[2024-10-01T20:53:30.080+0000] {logging_mixin.py:190} INFO - [2024-10-01T20:53:30.080+0000] {dag.py:4180} INFO - Setting next_dagrun for read_dataset_event_from_classic to 2024-09-30 00:00:00+00:00, run_after=2024-10-01 00:00:00+00:00
[2024-10-01T20:53:30.090+0000] {processor.py:208} INFO - Processing /home/airflow/.local/lib/python3.12/site-packages/airflow/example_dags/example_inlet_event_extra.py took 0.212 seconds
[2024-10-01T20:54:00.538+0000] {processor.py:186} INFO - Started process (PID=1042) to work on /home/airflow/.local/lib/python3.12/site-packages/airflow/example_dags/example_inlet_event_extra.py
[2024-10-01T20:54:00.541+0000] {processor.py:914} INFO - Processing file /home/airflow/.local/lib/python3.12/site-packages/airflow/example_dags/example_inlet_event_extra.py for tasks to queue
[2024-10-01T20:54:00.550+0000] {logging_mixin.py:190} INFO - [2024-10-01T20:54:00.549+0000] {dagbag.py:588} INFO - Filling up the DagBag from /home/airflow/.local/lib/python3.12/site-packages/airflow/example_dags/example_inlet_event_extra.py
[2024-10-01T20:54:00.921+0000] {processor.py:925} INFO - DAG(s) 'read_dataset_event', 'read_dataset_event_from_classic' retrieved from /home/airflow/.local/lib/python3.12/site-packages/airflow/example_dags/example_inlet_event_extra.py
[2024-10-01T20:54:01.043+0000] {logging_mixin.py:190} INFO - [2024-10-01T20:54:01.042+0000] {dag.py:3239} INFO - Sync 2 DAGs
[2024-10-01T20:54:01.134+0000] {logging_mixin.py:190} INFO - [2024-10-01T20:54:01.133+0000] {dag.py:4180} INFO - Setting next_dagrun for read_dataset_event to 2024-09-30 00:00:00+00:00, run_after=2024-10-01 00:00:00+00:00
[2024-10-01T20:54:01.142+0000] {logging_mixin.py:190} INFO - [2024-10-01T20:54:01.142+0000] {dag.py:4180} INFO - Setting next_dagrun for read_dataset_event_from_classic to 2024-09-30 00:00:00+00:00, run_after=2024-10-01 00:00:00+00:00
[2024-10-01T20:54:01.185+0000] {processor.py:208} INFO - Processing /home/airflow/.local/lib/python3.12/site-packages/airflow/example_dags/example_inlet_event_extra.py took 0.685 seconds
[2024-10-01T20:54:31.661+0000] {processor.py:186} INFO - Started process (PID=1104) to work on /home/airflow/.local/lib/python3.12/site-packages/airflow/example_dags/example_inlet_event_extra.py
[2024-10-01T20:54:31.663+0000] {processor.py:914} INFO - Processing file /home/airflow/.local/lib/python3.12/site-packages/airflow/example_dags/example_inlet_event_extra.py for tasks to queue
[2024-10-01T20:54:31.665+0000] {logging_mixin.py:190} INFO - [2024-10-01T20:54:31.665+0000] {dagbag.py:588} INFO - Filling up the DagBag from /home/airflow/.local/lib/python3.12/site-packages/airflow/example_dags/example_inlet_event_extra.py
[2024-10-01T20:54:31.852+0000] {processor.py:925} INFO - DAG(s) 'read_dataset_event_from_classic', 'read_dataset_event' retrieved from /home/airflow/.local/lib/python3.12/site-packages/airflow/example_dags/example_inlet_event_extra.py
[2024-10-01T20:54:31.869+0000] {logging_mixin.py:190} INFO - [2024-10-01T20:54:31.869+0000] {dag.py:3239} INFO - Sync 2 DAGs
[2024-10-01T20:54:31.886+0000] {logging_mixin.py:190} INFO - [2024-10-01T20:54:31.886+0000] {dag.py:4180} INFO - Setting next_dagrun for read_dataset_event to 2024-09-30 00:00:00+00:00, run_after=2024-10-01 00:00:00+00:00
[2024-10-01T20:54:31.889+0000] {logging_mixin.py:190} INFO - [2024-10-01T20:54:31.889+0000] {dag.py:4180} INFO - Setting next_dagrun for read_dataset_event_from_classic to 2024-09-30 00:00:00+00:00, run_after=2024-10-01 00:00:00+00:00
[2024-10-01T20:54:31.899+0000] {processor.py:208} INFO - Processing /home/airflow/.local/lib/python3.12/site-packages/airflow/example_dags/example_inlet_event_extra.py took 0.246 seconds
[2024-10-01T20:55:02.037+0000] {processor.py:186} INFO - Started process (PID=1166) to work on /home/airflow/.local/lib/python3.12/site-packages/airflow/example_dags/example_inlet_event_extra.py
[2024-10-01T20:55:02.040+0000] {processor.py:914} INFO - Processing file /home/airflow/.local/lib/python3.12/site-packages/airflow/example_dags/example_inlet_event_extra.py for tasks to queue
[2024-10-01T20:55:02.044+0000] {logging_mixin.py:190} INFO - [2024-10-01T20:55:02.044+0000] {dagbag.py:588} INFO - Filling up the DagBag from /home/airflow/.local/lib/python3.12/site-packages/airflow/example_dags/example_inlet_event_extra.py
[2024-10-01T20:55:02.248+0000] {processor.py:925} INFO - DAG(s) 'read_dataset_event_from_classic', 'read_dataset_event' retrieved from /home/airflow/.local/lib/python3.12/site-packages/airflow/example_dags/example_inlet_event_extra.py
[2024-10-01T20:55:02.266+0000] {logging_mixin.py:190} INFO - [2024-10-01T20:55:02.266+0000] {dag.py:3239} INFO - Sync 2 DAGs
[2024-10-01T20:55:02.287+0000] {logging_mixin.py:190} INFO - [2024-10-01T20:55:02.287+0000] {dag.py:4180} INFO - Setting next_dagrun for read_dataset_event to 2024-09-30 00:00:00+00:00, run_after=2024-10-01 00:00:00+00:00
[2024-10-01T20:55:02.291+0000] {logging_mixin.py:190} INFO - [2024-10-01T20:55:02.290+0000] {dag.py:4180} INFO - Setting next_dagrun for read_dataset_event_from_classic to 2024-09-30 00:00:00+00:00, run_after=2024-10-01 00:00:00+00:00
[2024-10-01T20:55:02.300+0000] {processor.py:208} INFO - Processing /home/airflow/.local/lib/python3.12/site-packages/airflow/example_dags/example_inlet_event_extra.py took 0.281 seconds
[2024-10-01T20:55:32.483+0000] {processor.py:186} INFO - Started process (PID=1228) to work on /home/airflow/.local/lib/python3.12/site-packages/airflow/example_dags/example_inlet_event_extra.py
[2024-10-01T20:55:32.485+0000] {processor.py:914} INFO - Processing file /home/airflow/.local/lib/python3.12/site-packages/airflow/example_dags/example_inlet_event_extra.py for tasks to queue
[2024-10-01T20:55:32.489+0000] {logging_mixin.py:190} INFO - [2024-10-01T20:55:32.488+0000] {dagbag.py:588} INFO - Filling up the DagBag from /home/airflow/.local/lib/python3.12/site-packages/airflow/example_dags/example_inlet_event_extra.py
[2024-10-01T20:55:32.679+0000] {processor.py:925} INFO - DAG(s) 'read_dataset_event', 'read_dataset_event_from_classic' retrieved from /home/airflow/.local/lib/python3.12/site-packages/airflow/example_dags/example_inlet_event_extra.py
[2024-10-01T20:55:32.696+0000] {logging_mixin.py:190} INFO - [2024-10-01T20:55:32.696+0000] {dag.py:3239} INFO - Sync 2 DAGs
[2024-10-01T20:55:32.714+0000] {logging_mixin.py:190} INFO - [2024-10-01T20:55:32.714+0000] {dag.py:4180} INFO - Setting next_dagrun for read_dataset_event to 2024-09-30 00:00:00+00:00, run_after=2024-10-01 00:00:00+00:00
[2024-10-01T20:55:32.718+0000] {logging_mixin.py:190} INFO - [2024-10-01T20:55:32.717+0000] {dag.py:4180} INFO - Setting next_dagrun for read_dataset_event_from_classic to 2024-09-30 00:00:00+00:00, run_after=2024-10-01 00:00:00+00:00
[2024-10-01T20:55:32.727+0000] {processor.py:208} INFO - Processing /home/airflow/.local/lib/python3.12/site-packages/airflow/example_dags/example_inlet_event_extra.py took 0.258 seconds
[2024-10-01T20:56:07.668+0000] {processor.py:186} INFO - Started process (PID=1285) to work on /home/airflow/.local/lib/python3.12/site-packages/airflow/example_dags/example_inlet_event_extra.py
[2024-10-01T20:56:07.678+0000] {processor.py:914} INFO - Processing file /home/airflow/.local/lib/python3.12/site-packages/airflow/example_dags/example_inlet_event_extra.py for tasks to queue
[2024-10-01T20:56:07.682+0000] {logging_mixin.py:190} INFO - [2024-10-01T20:56:07.681+0000] {dagbag.py:588} INFO - Filling up the DagBag from /home/airflow/.local/lib/python3.12/site-packages/airflow/example_dags/example_inlet_event_extra.py
[2024-10-01T20:56:08.098+0000] {processor.py:925} INFO - DAG(s) 'read_dataset_event', 'read_dataset_event_from_classic' retrieved from /home/airflow/.local/lib/python3.12/site-packages/airflow/example_dags/example_inlet_event_extra.py
[2024-10-01T20:56:08.129+0000] {logging_mixin.py:190} INFO - [2024-10-01T20:56:08.129+0000] {dag.py:3239} INFO - Sync 2 DAGs
[2024-10-01T20:56:08.169+0000] {logging_mixin.py:190} INFO - [2024-10-01T20:56:08.169+0000] {dag.py:4180} INFO - Setting next_dagrun for read_dataset_event to 2024-09-30 00:00:00+00:00, run_after=2024-10-01 00:00:00+00:00
[2024-10-01T20:56:08.178+0000] {logging_mixin.py:190} INFO - [2024-10-01T20:56:08.177+0000] {dag.py:4180} INFO - Setting next_dagrun for read_dataset_event_from_classic to 2024-09-30 00:00:00+00:00, run_after=2024-10-01 00:00:00+00:00
[2024-10-01T20:56:08.195+0000] {processor.py:208} INFO - Processing /home/airflow/.local/lib/python3.12/site-packages/airflow/example_dags/example_inlet_event_extra.py took 0.558 seconds
[2024-10-01T20:56:38.876+0000] {processor.py:186} INFO - Started process (PID=1347) to work on /home/airflow/.local/lib/python3.12/site-packages/airflow/example_dags/example_inlet_event_extra.py
[2024-10-01T20:56:38.879+0000] {processor.py:914} INFO - Processing file /home/airflow/.local/lib/python3.12/site-packages/airflow/example_dags/example_inlet_event_extra.py for tasks to queue
[2024-10-01T20:56:38.882+0000] {logging_mixin.py:190} INFO - [2024-10-01T20:56:38.882+0000] {dagbag.py:588} INFO - Filling up the DagBag from /home/airflow/.local/lib/python3.12/site-packages/airflow/example_dags/example_inlet_event_extra.py
[2024-10-01T20:56:39.052+0000] {processor.py:925} INFO - DAG(s) 'read_dataset_event', 'read_dataset_event_from_classic' retrieved from /home/airflow/.local/lib/python3.12/site-packages/airflow/example_dags/example_inlet_event_extra.py
[2024-10-01T20:56:39.078+0000] {logging_mixin.py:190} INFO - [2024-10-01T20:56:39.077+0000] {dag.py:3239} INFO - Sync 2 DAGs
[2024-10-01T20:56:39.098+0000] {logging_mixin.py:190} INFO - [2024-10-01T20:56:39.098+0000] {dag.py:4180} INFO - Setting next_dagrun for read_dataset_event to 2024-09-30 00:00:00+00:00, run_after=2024-10-01 00:00:00+00:00
[2024-10-01T20:56:39.102+0000] {logging_mixin.py:190} INFO - [2024-10-01T20:56:39.102+0000] {dag.py:4180} INFO - Setting next_dagrun for read_dataset_event_from_classic to 2024-09-30 00:00:00+00:00, run_after=2024-10-01 00:00:00+00:00
[2024-10-01T20:56:39.117+0000] {processor.py:208} INFO - Processing /home/airflow/.local/lib/python3.12/site-packages/airflow/example_dags/example_inlet_event_extra.py took 0.249 seconds
