[2024-10-01T20:46:19.246+0000] {processor.py:186} INFO - Started process (PID=105) to work on /home/airflow/.local/lib/python3.12/site-packages/airflow/example_dags/example_external_task_marker_dag.py
[2024-10-01T20:46:19.247+0000] {processor.py:914} INFO - Processing file /home/airflow/.local/lib/python3.12/site-packages/airflow/example_dags/example_external_task_marker_dag.py for tasks to queue
[2024-10-01T20:46:19.250+0000] {logging_mixin.py:190} INFO - [2024-10-01T20:46:19.249+0000] {dagbag.py:588} INFO - Filling up the DagBag from /home/airflow/.local/lib/python3.12/site-packages/airflow/example_dags/example_external_task_marker_dag.py
[2024-10-01T20:46:19.273+0000] {processor.py:925} INFO - DAG(s) 'example_external_task_marker_child', 'example_external_task_marker_parent' retrieved from /home/airflow/.local/lib/python3.12/site-packages/airflow/example_dags/example_external_task_marker_dag.py
[2024-10-01T20:46:19.453+0000] {logging_mixin.py:190} INFO - [2024-10-01T20:46:19.447+0000] {override.py:1900} INFO - Created Permission View: can delete on DAG:example_external_task_marker_child
[2024-10-01T20:46:19.466+0000] {logging_mixin.py:190} INFO - [2024-10-01T20:46:19.465+0000] {override.py:1900} INFO - Created Permission View: can read on DAG:example_external_task_marker_child
[2024-10-01T20:46:19.471+0000] {logging_mixin.py:190} INFO - [2024-10-01T20:46:19.471+0000] {override.py:1900} INFO - Created Permission View: can edit on DAG:example_external_task_marker_child
[2024-10-01T20:46:19.481+0000] {logging_mixin.py:190} INFO - [2024-10-01T20:46:19.479+0000] {override.py:1900} INFO - Created Permission View: can delete on DAG Run:example_external_task_marker_child
[2024-10-01T20:46:19.499+0000] {logging_mixin.py:190} INFO - [2024-10-01T20:46:19.499+0000] {override.py:1900} INFO - Created Permission View: can read on DAG Run:example_external_task_marker_child
[2024-10-01T20:46:19.506+0000] {logging_mixin.py:190} INFO - [2024-10-01T20:46:19.505+0000] {override.py:1900} INFO - Created Permission View: menu access on DAG Run:example_external_task_marker_child
[2024-10-01T20:46:19.514+0000] {logging_mixin.py:190} INFO - [2024-10-01T20:46:19.514+0000] {override.py:1900} INFO - Created Permission View: can create on DAG Run:example_external_task_marker_child
[2024-10-01T20:46:19.532+0000] {logging_mixin.py:190} INFO - [2024-10-01T20:46:19.532+0000] {override.py:1900} INFO - Created Permission View: can delete on DAG:example_external_task_marker_parent
[2024-10-01T20:46:19.541+0000] {logging_mixin.py:190} INFO - [2024-10-01T20:46:19.541+0000] {override.py:1900} INFO - Created Permission View: can read on DAG:example_external_task_marker_parent
[2024-10-01T20:46:19.548+0000] {logging_mixin.py:190} INFO - [2024-10-01T20:46:19.547+0000] {override.py:1900} INFO - Created Permission View: can edit on DAG:example_external_task_marker_parent
[2024-10-01T20:46:19.569+0000] {logging_mixin.py:190} INFO - [2024-10-01T20:46:19.568+0000] {override.py:1900} INFO - Created Permission View: can delete on DAG Run:example_external_task_marker_parent
[2024-10-01T20:46:19.576+0000] {logging_mixin.py:190} INFO - [2024-10-01T20:46:19.576+0000] {override.py:1900} INFO - Created Permission View: can read on DAG Run:example_external_task_marker_parent
[2024-10-01T20:46:19.579+0000] {logging_mixin.py:190} INFO - [2024-10-01T20:46:19.579+0000] {override.py:1900} INFO - Created Permission View: menu access on DAG Run:example_external_task_marker_parent
[2024-10-01T20:46:19.582+0000] {logging_mixin.py:190} INFO - [2024-10-01T20:46:19.582+0000] {override.py:1900} INFO - Created Permission View: can create on DAG Run:example_external_task_marker_parent
[2024-10-01T20:46:19.583+0000] {logging_mixin.py:190} INFO - [2024-10-01T20:46:19.583+0000] {dag.py:3239} INFO - Sync 2 DAGs
[2024-10-01T20:46:19.595+0000] {logging_mixin.py:190} INFO - [2024-10-01T20:46:19.594+0000] {dag.py:3262} INFO - Creating ORM DAG for example_external_task_marker_child
[2024-10-01T20:46:19.595+0000] {logging_mixin.py:190} INFO - [2024-10-01T20:46:19.595+0000] {dag.py:3262} INFO - Creating ORM DAG for example_external_task_marker_parent
[2024-10-01T20:46:19.596+0000] {logging_mixin.py:190} INFO - [2024-10-01T20:46:19.596+0000] {dag.py:4180} INFO - Setting next_dagrun for example_external_task_marker_child to None, run_after=None
[2024-10-01T20:46:19.597+0000] {logging_mixin.py:190} INFO - [2024-10-01T20:46:19.597+0000] {dag.py:4180} INFO - Setting next_dagrun for example_external_task_marker_parent to None, run_after=None
[2024-10-01T20:46:19.621+0000] {processor.py:208} INFO - Processing /home/airflow/.local/lib/python3.12/site-packages/airflow/example_dags/example_external_task_marker_dag.py took 0.383 seconds
[2024-10-01T20:46:49.981+0000] {processor.py:186} INFO - Started process (PID=167) to work on /home/airflow/.local/lib/python3.12/site-packages/airflow/example_dags/example_external_task_marker_dag.py
[2024-10-01T20:46:49.983+0000] {processor.py:914} INFO - Processing file /home/airflow/.local/lib/python3.12/site-packages/airflow/example_dags/example_external_task_marker_dag.py for tasks to queue
[2024-10-01T20:46:49.989+0000] {logging_mixin.py:190} INFO - [2024-10-01T20:46:49.989+0000] {dagbag.py:588} INFO - Filling up the DagBag from /home/airflow/.local/lib/python3.12/site-packages/airflow/example_dags/example_external_task_marker_dag.py
[2024-10-01T20:46:50.001+0000] {processor.py:925} INFO - DAG(s) 'example_external_task_marker_child', 'example_external_task_marker_parent' retrieved from /home/airflow/.local/lib/python3.12/site-packages/airflow/example_dags/example_external_task_marker_dag.py
[2024-10-01T20:46:50.028+0000] {logging_mixin.py:190} INFO - [2024-10-01T20:46:50.028+0000] {dag.py:3239} INFO - Sync 2 DAGs
[2024-10-01T20:46:50.040+0000] {logging_mixin.py:190} INFO - [2024-10-01T20:46:50.040+0000] {dag.py:4180} INFO - Setting next_dagrun for example_external_task_marker_child to None, run_after=None
[2024-10-01T20:46:50.045+0000] {logging_mixin.py:190} INFO - [2024-10-01T20:46:50.045+0000] {dag.py:4180} INFO - Setting next_dagrun for example_external_task_marker_parent to None, run_after=None
[2024-10-01T20:46:50.054+0000] {processor.py:208} INFO - Processing /home/airflow/.local/lib/python3.12/site-packages/airflow/example_dags/example_external_task_marker_dag.py took 0.080 seconds
[2024-10-01T20:47:20.506+0000] {processor.py:186} INFO - Started process (PID=229) to work on /home/airflow/.local/lib/python3.12/site-packages/airflow/example_dags/example_external_task_marker_dag.py
[2024-10-01T20:47:20.507+0000] {processor.py:914} INFO - Processing file /home/airflow/.local/lib/python3.12/site-packages/airflow/example_dags/example_external_task_marker_dag.py for tasks to queue
[2024-10-01T20:47:20.509+0000] {logging_mixin.py:190} INFO - [2024-10-01T20:47:20.509+0000] {dagbag.py:588} INFO - Filling up the DagBag from /home/airflow/.local/lib/python3.12/site-packages/airflow/example_dags/example_external_task_marker_dag.py
[2024-10-01T20:47:20.518+0000] {processor.py:925} INFO - DAG(s) 'example_external_task_marker_child', 'example_external_task_marker_parent' retrieved from /home/airflow/.local/lib/python3.12/site-packages/airflow/example_dags/example_external_task_marker_dag.py
[2024-10-01T20:47:20.540+0000] {logging_mixin.py:190} INFO - [2024-10-01T20:47:20.540+0000] {dag.py:3239} INFO - Sync 2 DAGs
[2024-10-01T20:47:20.555+0000] {logging_mixin.py:190} INFO - [2024-10-01T20:47:20.555+0000] {dag.py:4180} INFO - Setting next_dagrun for example_external_task_marker_child to None, run_after=None
[2024-10-01T20:47:20.558+0000] {logging_mixin.py:190} INFO - [2024-10-01T20:47:20.558+0000] {dag.py:4180} INFO - Setting next_dagrun for example_external_task_marker_parent to None, run_after=None
[2024-10-01T20:47:20.583+0000] {processor.py:208} INFO - Processing /home/airflow/.local/lib/python3.12/site-packages/airflow/example_dags/example_external_task_marker_dag.py took 0.083 seconds
[2024-10-01T20:47:51.114+0000] {processor.py:186} INFO - Started process (PID=291) to work on /home/airflow/.local/lib/python3.12/site-packages/airflow/example_dags/example_external_task_marker_dag.py
[2024-10-01T20:47:51.116+0000] {processor.py:914} INFO - Processing file /home/airflow/.local/lib/python3.12/site-packages/airflow/example_dags/example_external_task_marker_dag.py for tasks to queue
[2024-10-01T20:47:51.121+0000] {logging_mixin.py:190} INFO - [2024-10-01T20:47:51.120+0000] {dagbag.py:588} INFO - Filling up the DagBag from /home/airflow/.local/lib/python3.12/site-packages/airflow/example_dags/example_external_task_marker_dag.py
[2024-10-01T20:47:51.134+0000] {processor.py:925} INFO - DAG(s) 'example_external_task_marker_parent', 'example_external_task_marker_child' retrieved from /home/airflow/.local/lib/python3.12/site-packages/airflow/example_dags/example_external_task_marker_dag.py
[2024-10-01T20:47:51.158+0000] {logging_mixin.py:190} INFO - [2024-10-01T20:47:51.158+0000] {dag.py:3239} INFO - Sync 2 DAGs
[2024-10-01T20:47:51.170+0000] {logging_mixin.py:190} INFO - [2024-10-01T20:47:51.170+0000] {dag.py:4180} INFO - Setting next_dagrun for example_external_task_marker_child to None, run_after=None
[2024-10-01T20:47:51.178+0000] {logging_mixin.py:190} INFO - [2024-10-01T20:47:51.177+0000] {dag.py:4180} INFO - Setting next_dagrun for example_external_task_marker_parent to None, run_after=None
[2024-10-01T20:47:51.192+0000] {processor.py:208} INFO - Processing /home/airflow/.local/lib/python3.12/site-packages/airflow/example_dags/example_external_task_marker_dag.py took 0.101 seconds
[2024-10-01T20:48:21.824+0000] {processor.py:186} INFO - Started process (PID=353) to work on /home/airflow/.local/lib/python3.12/site-packages/airflow/example_dags/example_external_task_marker_dag.py
[2024-10-01T20:48:21.825+0000] {processor.py:914} INFO - Processing file /home/airflow/.local/lib/python3.12/site-packages/airflow/example_dags/example_external_task_marker_dag.py for tasks to queue
[2024-10-01T20:48:21.828+0000] {logging_mixin.py:190} INFO - [2024-10-01T20:48:21.828+0000] {dagbag.py:588} INFO - Filling up the DagBag from /home/airflow/.local/lib/python3.12/site-packages/airflow/example_dags/example_external_task_marker_dag.py
[2024-10-01T20:48:21.838+0000] {processor.py:925} INFO - DAG(s) 'example_external_task_marker_parent', 'example_external_task_marker_child' retrieved from /home/airflow/.local/lib/python3.12/site-packages/airflow/example_dags/example_external_task_marker_dag.py
[2024-10-01T20:48:21.866+0000] {logging_mixin.py:190} INFO - [2024-10-01T20:48:21.865+0000] {dag.py:3239} INFO - Sync 2 DAGs
[2024-10-01T20:48:21.877+0000] {logging_mixin.py:190} INFO - [2024-10-01T20:48:21.877+0000] {dag.py:4180} INFO - Setting next_dagrun for example_external_task_marker_child to None, run_after=None
[2024-10-01T20:48:21.879+0000] {logging_mixin.py:190} INFO - [2024-10-01T20:48:21.879+0000] {dag.py:4180} INFO - Setting next_dagrun for example_external_task_marker_parent to None, run_after=None
[2024-10-01T20:48:21.889+0000] {processor.py:208} INFO - Processing /home/airflow/.local/lib/python3.12/site-packages/airflow/example_dags/example_external_task_marker_dag.py took 0.074 seconds
[2024-10-01T20:48:52.229+0000] {processor.py:186} INFO - Started process (PID=415) to work on /home/airflow/.local/lib/python3.12/site-packages/airflow/example_dags/example_external_task_marker_dag.py
[2024-10-01T20:48:52.230+0000] {processor.py:914} INFO - Processing file /home/airflow/.local/lib/python3.12/site-packages/airflow/example_dags/example_external_task_marker_dag.py for tasks to queue
[2024-10-01T20:48:52.232+0000] {logging_mixin.py:190} INFO - [2024-10-01T20:48:52.232+0000] {dagbag.py:588} INFO - Filling up the DagBag from /home/airflow/.local/lib/python3.12/site-packages/airflow/example_dags/example_external_task_marker_dag.py
[2024-10-01T20:48:52.240+0000] {processor.py:925} INFO - DAG(s) 'example_external_task_marker_child', 'example_external_task_marker_parent' retrieved from /home/airflow/.local/lib/python3.12/site-packages/airflow/example_dags/example_external_task_marker_dag.py
[2024-10-01T20:48:52.270+0000] {logging_mixin.py:190} INFO - [2024-10-01T20:48:52.269+0000] {dag.py:3239} INFO - Sync 2 DAGs
[2024-10-01T20:48:52.284+0000] {logging_mixin.py:190} INFO - [2024-10-01T20:48:52.284+0000] {dag.py:4180} INFO - Setting next_dagrun for example_external_task_marker_child to None, run_after=None
[2024-10-01T20:48:52.288+0000] {logging_mixin.py:190} INFO - [2024-10-01T20:48:52.287+0000] {dag.py:4180} INFO - Setting next_dagrun for example_external_task_marker_parent to None, run_after=None
[2024-10-01T20:48:52.306+0000] {processor.py:208} INFO - Processing /home/airflow/.local/lib/python3.12/site-packages/airflow/example_dags/example_external_task_marker_dag.py took 0.084 seconds
[2024-10-01T20:49:22.580+0000] {processor.py:186} INFO - Started process (PID=477) to work on /home/airflow/.local/lib/python3.12/site-packages/airflow/example_dags/example_external_task_marker_dag.py
[2024-10-01T20:49:22.581+0000] {processor.py:914} INFO - Processing file /home/airflow/.local/lib/python3.12/site-packages/airflow/example_dags/example_external_task_marker_dag.py for tasks to queue
[2024-10-01T20:49:22.583+0000] {logging_mixin.py:190} INFO - [2024-10-01T20:49:22.583+0000] {dagbag.py:588} INFO - Filling up the DagBag from /home/airflow/.local/lib/python3.12/site-packages/airflow/example_dags/example_external_task_marker_dag.py
[2024-10-01T20:49:22.589+0000] {processor.py:925} INFO - DAG(s) 'example_external_task_marker_parent', 'example_external_task_marker_child' retrieved from /home/airflow/.local/lib/python3.12/site-packages/airflow/example_dags/example_external_task_marker_dag.py
[2024-10-01T20:49:22.608+0000] {logging_mixin.py:190} INFO - [2024-10-01T20:49:22.607+0000] {dag.py:3239} INFO - Sync 2 DAGs
[2024-10-01T20:49:22.618+0000] {logging_mixin.py:190} INFO - [2024-10-01T20:49:22.618+0000] {dag.py:4180} INFO - Setting next_dagrun for example_external_task_marker_child to None, run_after=None
[2024-10-01T20:49:22.620+0000] {logging_mixin.py:190} INFO - [2024-10-01T20:49:22.620+0000] {dag.py:4180} INFO - Setting next_dagrun for example_external_task_marker_parent to None, run_after=None
[2024-10-01T20:49:22.629+0000] {processor.py:208} INFO - Processing /home/airflow/.local/lib/python3.12/site-packages/airflow/example_dags/example_external_task_marker_dag.py took 0.054 seconds
[2024-10-01T20:49:53.322+0000] {processor.py:186} INFO - Started process (PID=539) to work on /home/airflow/.local/lib/python3.12/site-packages/airflow/example_dags/example_external_task_marker_dag.py
[2024-10-01T20:49:53.324+0000] {processor.py:914} INFO - Processing file /home/airflow/.local/lib/python3.12/site-packages/airflow/example_dags/example_external_task_marker_dag.py for tasks to queue
[2024-10-01T20:49:53.328+0000] {logging_mixin.py:190} INFO - [2024-10-01T20:49:53.327+0000] {dagbag.py:588} INFO - Filling up the DagBag from /home/airflow/.local/lib/python3.12/site-packages/airflow/example_dags/example_external_task_marker_dag.py
[2024-10-01T20:49:53.335+0000] {processor.py:925} INFO - DAG(s) 'example_external_task_marker_child', 'example_external_task_marker_parent' retrieved from /home/airflow/.local/lib/python3.12/site-packages/airflow/example_dags/example_external_task_marker_dag.py
[2024-10-01T20:49:53.353+0000] {logging_mixin.py:190} INFO - [2024-10-01T20:49:53.353+0000] {dag.py:3239} INFO - Sync 2 DAGs
[2024-10-01T20:49:53.363+0000] {logging_mixin.py:190} INFO - [2024-10-01T20:49:53.363+0000] {dag.py:4180} INFO - Setting next_dagrun for example_external_task_marker_child to None, run_after=None
[2024-10-01T20:49:53.366+0000] {logging_mixin.py:190} INFO - [2024-10-01T20:49:53.366+0000] {dag.py:4180} INFO - Setting next_dagrun for example_external_task_marker_parent to None, run_after=None
[2024-10-01T20:49:53.379+0000] {processor.py:208} INFO - Processing /home/airflow/.local/lib/python3.12/site-packages/airflow/example_dags/example_external_task_marker_dag.py took 0.065 seconds
[2024-10-01T20:50:23.999+0000] {processor.py:186} INFO - Started process (PID=601) to work on /home/airflow/.local/lib/python3.12/site-packages/airflow/example_dags/example_external_task_marker_dag.py
[2024-10-01T20:50:24.000+0000] {processor.py:914} INFO - Processing file /home/airflow/.local/lib/python3.12/site-packages/airflow/example_dags/example_external_task_marker_dag.py for tasks to queue
[2024-10-01T20:50:24.003+0000] {logging_mixin.py:190} INFO - [2024-10-01T20:50:24.003+0000] {dagbag.py:588} INFO - Filling up the DagBag from /home/airflow/.local/lib/python3.12/site-packages/airflow/example_dags/example_external_task_marker_dag.py
[2024-10-01T20:50:24.011+0000] {processor.py:925} INFO - DAG(s) 'example_external_task_marker_parent', 'example_external_task_marker_child' retrieved from /home/airflow/.local/lib/python3.12/site-packages/airflow/example_dags/example_external_task_marker_dag.py
[2024-10-01T20:50:24.035+0000] {logging_mixin.py:190} INFO - [2024-10-01T20:50:24.035+0000] {dag.py:3239} INFO - Sync 2 DAGs
[2024-10-01T20:50:24.054+0000] {logging_mixin.py:190} INFO - [2024-10-01T20:50:24.054+0000] {dag.py:4180} INFO - Setting next_dagrun for example_external_task_marker_child to None, run_after=None
[2024-10-01T20:50:24.058+0000] {logging_mixin.py:190} INFO - [2024-10-01T20:50:24.057+0000] {dag.py:4180} INFO - Setting next_dagrun for example_external_task_marker_parent to None, run_after=None
[2024-10-01T20:50:24.068+0000] {processor.py:208} INFO - Processing /home/airflow/.local/lib/python3.12/site-packages/airflow/example_dags/example_external_task_marker_dag.py took 0.074 seconds
[2024-10-01T20:50:54.701+0000] {processor.py:186} INFO - Started process (PID=663) to work on /home/airflow/.local/lib/python3.12/site-packages/airflow/example_dags/example_external_task_marker_dag.py
[2024-10-01T20:50:54.702+0000] {processor.py:914} INFO - Processing file /home/airflow/.local/lib/python3.12/site-packages/airflow/example_dags/example_external_task_marker_dag.py for tasks to queue
[2024-10-01T20:50:54.706+0000] {logging_mixin.py:190} INFO - [2024-10-01T20:50:54.706+0000] {dagbag.py:588} INFO - Filling up the DagBag from /home/airflow/.local/lib/python3.12/site-packages/airflow/example_dags/example_external_task_marker_dag.py
[2024-10-01T20:50:54.715+0000] {processor.py:925} INFO - DAG(s) 'example_external_task_marker_child', 'example_external_task_marker_parent' retrieved from /home/airflow/.local/lib/python3.12/site-packages/airflow/example_dags/example_external_task_marker_dag.py
[2024-10-01T20:50:54.746+0000] {logging_mixin.py:190} INFO - [2024-10-01T20:50:54.746+0000] {dag.py:3239} INFO - Sync 2 DAGs
[2024-10-01T20:50:54.761+0000] {logging_mixin.py:190} INFO - [2024-10-01T20:50:54.761+0000] {dag.py:4180} INFO - Setting next_dagrun for example_external_task_marker_child to None, run_after=None
[2024-10-01T20:50:54.763+0000] {logging_mixin.py:190} INFO - [2024-10-01T20:50:54.763+0000] {dag.py:4180} INFO - Setting next_dagrun for example_external_task_marker_parent to None, run_after=None
[2024-10-01T20:50:54.774+0000] {processor.py:208} INFO - Processing /home/airflow/.local/lib/python3.12/site-packages/airflow/example_dags/example_external_task_marker_dag.py took 0.081 seconds
[2024-10-01T20:51:25.015+0000] {processor.py:186} INFO - Started process (PID=725) to work on /home/airflow/.local/lib/python3.12/site-packages/airflow/example_dags/example_external_task_marker_dag.py
[2024-10-01T20:51:25.034+0000] {processor.py:914} INFO - Processing file /home/airflow/.local/lib/python3.12/site-packages/airflow/example_dags/example_external_task_marker_dag.py for tasks to queue
[2024-10-01T20:51:25.047+0000] {logging_mixin.py:190} INFO - [2024-10-01T20:51:25.047+0000] {dagbag.py:588} INFO - Filling up the DagBag from /home/airflow/.local/lib/python3.12/site-packages/airflow/example_dags/example_external_task_marker_dag.py
[2024-10-01T20:51:25.057+0000] {processor.py:925} INFO - DAG(s) 'example_external_task_marker_parent', 'example_external_task_marker_child' retrieved from /home/airflow/.local/lib/python3.12/site-packages/airflow/example_dags/example_external_task_marker_dag.py
[2024-10-01T20:51:25.082+0000] {logging_mixin.py:190} INFO - [2024-10-01T20:51:25.082+0000] {dag.py:3239} INFO - Sync 2 DAGs
[2024-10-01T20:51:25.095+0000] {logging_mixin.py:190} INFO - [2024-10-01T20:51:25.095+0000] {dag.py:4180} INFO - Setting next_dagrun for example_external_task_marker_child to None, run_after=None
[2024-10-01T20:51:25.100+0000] {logging_mixin.py:190} INFO - [2024-10-01T20:51:25.100+0000] {dag.py:4180} INFO - Setting next_dagrun for example_external_task_marker_parent to None, run_after=None
[2024-10-01T20:51:25.110+0000] {processor.py:208} INFO - Processing /home/airflow/.local/lib/python3.12/site-packages/airflow/example_dags/example_external_task_marker_dag.py took 0.106 seconds
[2024-10-01T20:51:55.901+0000] {processor.py:186} INFO - Started process (PID=787) to work on /home/airflow/.local/lib/python3.12/site-packages/airflow/example_dags/example_external_task_marker_dag.py
[2024-10-01T20:51:55.903+0000] {processor.py:914} INFO - Processing file /home/airflow/.local/lib/python3.12/site-packages/airflow/example_dags/example_external_task_marker_dag.py for tasks to queue
[2024-10-01T20:51:55.904+0000] {logging_mixin.py:190} INFO - [2024-10-01T20:51:55.904+0000] {dagbag.py:588} INFO - Filling up the DagBag from /home/airflow/.local/lib/python3.12/site-packages/airflow/example_dags/example_external_task_marker_dag.py
[2024-10-01T20:51:55.910+0000] {processor.py:925} INFO - DAG(s) 'example_external_task_marker_parent', 'example_external_task_marker_child' retrieved from /home/airflow/.local/lib/python3.12/site-packages/airflow/example_dags/example_external_task_marker_dag.py
[2024-10-01T20:51:55.925+0000] {logging_mixin.py:190} INFO - [2024-10-01T20:51:55.925+0000] {dag.py:3239} INFO - Sync 2 DAGs
[2024-10-01T20:51:55.936+0000] {logging_mixin.py:190} INFO - [2024-10-01T20:51:55.936+0000] {dag.py:4180} INFO - Setting next_dagrun for example_external_task_marker_child to None, run_after=None
[2024-10-01T20:51:55.938+0000] {logging_mixin.py:190} INFO - [2024-10-01T20:51:55.938+0000] {dag.py:4180} INFO - Setting next_dagrun for example_external_task_marker_parent to None, run_after=None
[2024-10-01T20:51:55.951+0000] {processor.py:208} INFO - Processing /home/airflow/.local/lib/python3.12/site-packages/airflow/example_dags/example_external_task_marker_dag.py took 0.055 seconds
[2024-10-01T20:52:26.547+0000] {processor.py:186} INFO - Started process (PID=849) to work on /home/airflow/.local/lib/python3.12/site-packages/airflow/example_dags/example_external_task_marker_dag.py
[2024-10-01T20:52:26.549+0000] {processor.py:914} INFO - Processing file /home/airflow/.local/lib/python3.12/site-packages/airflow/example_dags/example_external_task_marker_dag.py for tasks to queue
[2024-10-01T20:52:26.552+0000] {logging_mixin.py:190} INFO - [2024-10-01T20:52:26.552+0000] {dagbag.py:588} INFO - Filling up the DagBag from /home/airflow/.local/lib/python3.12/site-packages/airflow/example_dags/example_external_task_marker_dag.py
[2024-10-01T20:52:26.562+0000] {processor.py:925} INFO - DAG(s) 'example_external_task_marker_child', 'example_external_task_marker_parent' retrieved from /home/airflow/.local/lib/python3.12/site-packages/airflow/example_dags/example_external_task_marker_dag.py
[2024-10-01T20:52:26.583+0000] {logging_mixin.py:190} INFO - [2024-10-01T20:52:26.583+0000] {dag.py:3239} INFO - Sync 2 DAGs
[2024-10-01T20:52:26.595+0000] {logging_mixin.py:190} INFO - [2024-10-01T20:52:26.595+0000] {dag.py:4180} INFO - Setting next_dagrun for example_external_task_marker_child to None, run_after=None
[2024-10-01T20:52:26.598+0000] {logging_mixin.py:190} INFO - [2024-10-01T20:52:26.598+0000] {dag.py:4180} INFO - Setting next_dagrun for example_external_task_marker_parent to None, run_after=None
[2024-10-01T20:52:26.608+0000] {processor.py:208} INFO - Processing /home/airflow/.local/lib/python3.12/site-packages/airflow/example_dags/example_external_task_marker_dag.py took 0.078 seconds
[2024-10-01T20:52:57.068+0000] {processor.py:186} INFO - Started process (PID=911) to work on /home/airflow/.local/lib/python3.12/site-packages/airflow/example_dags/example_external_task_marker_dag.py
[2024-10-01T20:52:57.069+0000] {processor.py:914} INFO - Processing file /home/airflow/.local/lib/python3.12/site-packages/airflow/example_dags/example_external_task_marker_dag.py for tasks to queue
[2024-10-01T20:52:57.072+0000] {logging_mixin.py:190} INFO - [2024-10-01T20:52:57.072+0000] {dagbag.py:588} INFO - Filling up the DagBag from /home/airflow/.local/lib/python3.12/site-packages/airflow/example_dags/example_external_task_marker_dag.py
[2024-10-01T20:52:57.080+0000] {processor.py:925} INFO - DAG(s) 'example_external_task_marker_parent', 'example_external_task_marker_child' retrieved from /home/airflow/.local/lib/python3.12/site-packages/airflow/example_dags/example_external_task_marker_dag.py
[2024-10-01T20:52:57.099+0000] {logging_mixin.py:190} INFO - [2024-10-01T20:52:57.099+0000] {dag.py:3239} INFO - Sync 2 DAGs
[2024-10-01T20:52:57.110+0000] {logging_mixin.py:190} INFO - [2024-10-01T20:52:57.110+0000] {dag.py:4180} INFO - Setting next_dagrun for example_external_task_marker_child to None, run_after=None
[2024-10-01T20:52:57.113+0000] {logging_mixin.py:190} INFO - [2024-10-01T20:52:57.113+0000] {dag.py:4180} INFO - Setting next_dagrun for example_external_task_marker_parent to None, run_after=None
[2024-10-01T20:52:57.122+0000] {processor.py:208} INFO - Processing /home/airflow/.local/lib/python3.12/site-packages/airflow/example_dags/example_external_task_marker_dag.py took 0.060 seconds
[2024-10-01T20:53:27.210+0000] {processor.py:186} INFO - Started process (PID=973) to work on /home/airflow/.local/lib/python3.12/site-packages/airflow/example_dags/example_external_task_marker_dag.py
[2024-10-01T20:53:27.211+0000] {processor.py:914} INFO - Processing file /home/airflow/.local/lib/python3.12/site-packages/airflow/example_dags/example_external_task_marker_dag.py for tasks to queue
[2024-10-01T20:53:27.213+0000] {logging_mixin.py:190} INFO - [2024-10-01T20:53:27.213+0000] {dagbag.py:588} INFO - Filling up the DagBag from /home/airflow/.local/lib/python3.12/site-packages/airflow/example_dags/example_external_task_marker_dag.py
[2024-10-01T20:53:27.221+0000] {processor.py:925} INFO - DAG(s) 'example_external_task_marker_parent', 'example_external_task_marker_child' retrieved from /home/airflow/.local/lib/python3.12/site-packages/airflow/example_dags/example_external_task_marker_dag.py
[2024-10-01T20:53:27.243+0000] {logging_mixin.py:190} INFO - [2024-10-01T20:53:27.243+0000] {dag.py:3239} INFO - Sync 2 DAGs
[2024-10-01T20:53:27.255+0000] {logging_mixin.py:190} INFO - [2024-10-01T20:53:27.255+0000] {dag.py:4180} INFO - Setting next_dagrun for example_external_task_marker_child to None, run_after=None
[2024-10-01T20:53:27.257+0000] {logging_mixin.py:190} INFO - [2024-10-01T20:53:27.257+0000] {dag.py:4180} INFO - Setting next_dagrun for example_external_task_marker_parent to None, run_after=None
[2024-10-01T20:53:27.268+0000] {processor.py:208} INFO - Processing /home/airflow/.local/lib/python3.12/site-packages/airflow/example_dags/example_external_task_marker_dag.py took 0.066 seconds
[2024-10-01T20:53:58.560+0000] {processor.py:186} INFO - Started process (PID=1034) to work on /home/airflow/.local/lib/python3.12/site-packages/airflow/example_dags/example_external_task_marker_dag.py
[2024-10-01T20:53:58.561+0000] {processor.py:914} INFO - Processing file /home/airflow/.local/lib/python3.12/site-packages/airflow/example_dags/example_external_task_marker_dag.py for tasks to queue
[2024-10-01T20:53:58.564+0000] {logging_mixin.py:190} INFO - [2024-10-01T20:53:58.564+0000] {dagbag.py:588} INFO - Filling up the DagBag from /home/airflow/.local/lib/python3.12/site-packages/airflow/example_dags/example_external_task_marker_dag.py
[2024-10-01T20:53:58.576+0000] {processor.py:925} INFO - DAG(s) 'example_external_task_marker_parent', 'example_external_task_marker_child' retrieved from /home/airflow/.local/lib/python3.12/site-packages/airflow/example_dags/example_external_task_marker_dag.py
[2024-10-01T20:53:58.597+0000] {logging_mixin.py:190} INFO - [2024-10-01T20:53:58.597+0000] {dag.py:3239} INFO - Sync 2 DAGs
[2024-10-01T20:53:58.610+0000] {logging_mixin.py:190} INFO - [2024-10-01T20:53:58.610+0000] {dag.py:4180} INFO - Setting next_dagrun for example_external_task_marker_child to None, run_after=None
[2024-10-01T20:53:58.615+0000] {logging_mixin.py:190} INFO - [2024-10-01T20:53:58.614+0000] {dag.py:4180} INFO - Setting next_dagrun for example_external_task_marker_parent to None, run_after=None
[2024-10-01T20:53:58.650+0000] {processor.py:208} INFO - Processing /home/airflow/.local/lib/python3.12/site-packages/airflow/example_dags/example_external_task_marker_dag.py took 0.098 seconds
[2024-10-01T20:54:29.305+0000] {processor.py:186} INFO - Started process (PID=1096) to work on /home/airflow/.local/lib/python3.12/site-packages/airflow/example_dags/example_external_task_marker_dag.py
[2024-10-01T20:54:29.309+0000] {processor.py:914} INFO - Processing file /home/airflow/.local/lib/python3.12/site-packages/airflow/example_dags/example_external_task_marker_dag.py for tasks to queue
[2024-10-01T20:54:29.312+0000] {logging_mixin.py:190} INFO - [2024-10-01T20:54:29.312+0000] {dagbag.py:588} INFO - Filling up the DagBag from /home/airflow/.local/lib/python3.12/site-packages/airflow/example_dags/example_external_task_marker_dag.py
[2024-10-01T20:54:29.320+0000] {processor.py:925} INFO - DAG(s) 'example_external_task_marker_child', 'example_external_task_marker_parent' retrieved from /home/airflow/.local/lib/python3.12/site-packages/airflow/example_dags/example_external_task_marker_dag.py
[2024-10-01T20:54:29.343+0000] {logging_mixin.py:190} INFO - [2024-10-01T20:54:29.342+0000] {dag.py:3239} INFO - Sync 2 DAGs
[2024-10-01T20:54:29.359+0000] {logging_mixin.py:190} INFO - [2024-10-01T20:54:29.358+0000] {dag.py:4180} INFO - Setting next_dagrun for example_external_task_marker_child to None, run_after=None
[2024-10-01T20:54:29.364+0000] {logging_mixin.py:190} INFO - [2024-10-01T20:54:29.364+0000] {dag.py:4180} INFO - Setting next_dagrun for example_external_task_marker_parent to None, run_after=None
[2024-10-01T20:54:29.375+0000] {processor.py:208} INFO - Processing /home/airflow/.local/lib/python3.12/site-packages/airflow/example_dags/example_external_task_marker_dag.py took 0.076 seconds
[2024-10-01T20:54:59.623+0000] {processor.py:186} INFO - Started process (PID=1158) to work on /home/airflow/.local/lib/python3.12/site-packages/airflow/example_dags/example_external_task_marker_dag.py
[2024-10-01T20:54:59.624+0000] {processor.py:914} INFO - Processing file /home/airflow/.local/lib/python3.12/site-packages/airflow/example_dags/example_external_task_marker_dag.py for tasks to queue
[2024-10-01T20:54:59.628+0000] {logging_mixin.py:190} INFO - [2024-10-01T20:54:59.627+0000] {dagbag.py:588} INFO - Filling up the DagBag from /home/airflow/.local/lib/python3.12/site-packages/airflow/example_dags/example_external_task_marker_dag.py
[2024-10-01T20:54:59.635+0000] {processor.py:925} INFO - DAG(s) 'example_external_task_marker_child', 'example_external_task_marker_parent' retrieved from /home/airflow/.local/lib/python3.12/site-packages/airflow/example_dags/example_external_task_marker_dag.py
[2024-10-01T20:54:59.656+0000] {logging_mixin.py:190} INFO - [2024-10-01T20:54:59.655+0000] {dag.py:3239} INFO - Sync 2 DAGs
[2024-10-01T20:54:59.669+0000] {logging_mixin.py:190} INFO - [2024-10-01T20:54:59.668+0000] {dag.py:4180} INFO - Setting next_dagrun for example_external_task_marker_child to None, run_after=None
[2024-10-01T20:54:59.671+0000] {logging_mixin.py:190} INFO - [2024-10-01T20:54:59.671+0000] {dag.py:4180} INFO - Setting next_dagrun for example_external_task_marker_parent to None, run_after=None
[2024-10-01T20:54:59.687+0000] {processor.py:208} INFO - Processing /home/airflow/.local/lib/python3.12/site-packages/airflow/example_dags/example_external_task_marker_dag.py took 0.071 seconds
[2024-10-01T20:55:30.052+0000] {processor.py:186} INFO - Started process (PID=1220) to work on /home/airflow/.local/lib/python3.12/site-packages/airflow/example_dags/example_external_task_marker_dag.py
[2024-10-01T20:55:30.053+0000] {processor.py:914} INFO - Processing file /home/airflow/.local/lib/python3.12/site-packages/airflow/example_dags/example_external_task_marker_dag.py for tasks to queue
[2024-10-01T20:55:30.055+0000] {logging_mixin.py:190} INFO - [2024-10-01T20:55:30.055+0000] {dagbag.py:588} INFO - Filling up the DagBag from /home/airflow/.local/lib/python3.12/site-packages/airflow/example_dags/example_external_task_marker_dag.py
[2024-10-01T20:55:30.061+0000] {processor.py:925} INFO - DAG(s) 'example_external_task_marker_parent', 'example_external_task_marker_child' retrieved from /home/airflow/.local/lib/python3.12/site-packages/airflow/example_dags/example_external_task_marker_dag.py
[2024-10-01T20:55:30.078+0000] {logging_mixin.py:190} INFO - [2024-10-01T20:55:30.078+0000] {dag.py:3239} INFO - Sync 2 DAGs
[2024-10-01T20:55:30.087+0000] {logging_mixin.py:190} INFO - [2024-10-01T20:55:30.087+0000] {dag.py:4180} INFO - Setting next_dagrun for example_external_task_marker_child to None, run_after=None
[2024-10-01T20:55:30.089+0000] {logging_mixin.py:190} INFO - [2024-10-01T20:55:30.089+0000] {dag.py:4180} INFO - Setting next_dagrun for example_external_task_marker_parent to None, run_after=None
[2024-10-01T20:55:30.098+0000] {processor.py:208} INFO - Processing /home/airflow/.local/lib/python3.12/site-packages/airflow/example_dags/example_external_task_marker_dag.py took 0.053 seconds
[2024-10-01T20:56:07.113+0000] {processor.py:186} INFO - Started process (PID=1282) to work on /home/airflow/.local/lib/python3.12/site-packages/airflow/example_dags/example_external_task_marker_dag.py
[2024-10-01T20:56:07.119+0000] {processor.py:914} INFO - Processing file /home/airflow/.local/lib/python3.12/site-packages/airflow/example_dags/example_external_task_marker_dag.py for tasks to queue
[2024-10-01T20:56:07.131+0000] {logging_mixin.py:190} INFO - [2024-10-01T20:56:07.130+0000] {dagbag.py:588} INFO - Filling up the DagBag from /home/airflow/.local/lib/python3.12/site-packages/airflow/example_dags/example_external_task_marker_dag.py
[2024-10-01T20:56:07.170+0000] {processor.py:925} INFO - DAG(s) 'example_external_task_marker_child', 'example_external_task_marker_parent' retrieved from /home/airflow/.local/lib/python3.12/site-packages/airflow/example_dags/example_external_task_marker_dag.py
[2024-10-01T20:56:07.255+0000] {logging_mixin.py:190} INFO - [2024-10-01T20:56:07.254+0000] {dag.py:3239} INFO - Sync 2 DAGs
[2024-10-01T20:56:07.282+0000] {logging_mixin.py:190} INFO - [2024-10-01T20:56:07.282+0000] {dag.py:4180} INFO - Setting next_dagrun for example_external_task_marker_child to None, run_after=None
[2024-10-01T20:56:07.286+0000] {logging_mixin.py:190} INFO - [2024-10-01T20:56:07.286+0000] {dag.py:4180} INFO - Setting next_dagrun for example_external_task_marker_parent to None, run_after=None
[2024-10-01T20:56:07.304+0000] {processor.py:208} INFO - Processing /home/airflow/.local/lib/python3.12/site-packages/airflow/example_dags/example_external_task_marker_dag.py took 0.211 seconds
[2024-10-01T20:56:37.699+0000] {processor.py:186} INFO - Started process (PID=1344) to work on /home/airflow/.local/lib/python3.12/site-packages/airflow/example_dags/example_external_task_marker_dag.py
[2024-10-01T20:56:37.700+0000] {processor.py:914} INFO - Processing file /home/airflow/.local/lib/python3.12/site-packages/airflow/example_dags/example_external_task_marker_dag.py for tasks to queue
[2024-10-01T20:56:37.701+0000] {logging_mixin.py:190} INFO - [2024-10-01T20:56:37.701+0000] {dagbag.py:588} INFO - Filling up the DagBag from /home/airflow/.local/lib/python3.12/site-packages/airflow/example_dags/example_external_task_marker_dag.py
[2024-10-01T20:56:37.707+0000] {processor.py:925} INFO - DAG(s) 'example_external_task_marker_child', 'example_external_task_marker_parent' retrieved from /home/airflow/.local/lib/python3.12/site-packages/airflow/example_dags/example_external_task_marker_dag.py
[2024-10-01T20:56:37.731+0000] {logging_mixin.py:190} INFO - [2024-10-01T20:56:37.731+0000] {dag.py:3239} INFO - Sync 2 DAGs
[2024-10-01T20:56:37.744+0000] {logging_mixin.py:190} INFO - [2024-10-01T20:56:37.743+0000] {dag.py:4180} INFO - Setting next_dagrun for example_external_task_marker_child to None, run_after=None
[2024-10-01T20:56:37.746+0000] {logging_mixin.py:190} INFO - [2024-10-01T20:56:37.746+0000] {dag.py:4180} INFO - Setting next_dagrun for example_external_task_marker_parent to None, run_after=None
[2024-10-01T20:56:37.754+0000] {processor.py:208} INFO - Processing /home/airflow/.local/lib/python3.12/site-packages/airflow/example_dags/example_external_task_marker_dag.py took 0.062 seconds
