[2024-10-01T20:46:11.390+0000] {processor.py:186} INFO - Started process (PID=70) to work on /home/airflow/.local/lib/python3.12/site-packages/airflow/example_dags/example_dataset_alias.py
[2024-10-01T20:46:11.392+0000] {processor.py:914} INFO - Processing file /home/airflow/.local/lib/python3.12/site-packages/airflow/example_dags/example_dataset_alias.py for tasks to queue
[2024-10-01T20:46:11.395+0000] {logging_mixin.py:190} INFO - [2024-10-01T20:46:11.395+0000] {dagbag.py:588} INFO - Filling up the DagBag from /home/airflow/.local/lib/python3.12/site-packages/airflow/example_dags/example_dataset_alias.py
[2024-10-01T20:46:11.723+0000] {processor.py:925} INFO - DAG(s) 'dataset_alias_example_alias_producer', 'dataset_s3_bucket_producer', 'dataset_s3_bucket_consumer', 'dataset_alias_example_alias_consumer' retrieved from /home/airflow/.local/lib/python3.12/site-packages/airflow/example_dags/example_dataset_alias.py
[2024-10-01T20:46:11.851+0000] {logging_mixin.py:190} INFO - [2024-10-01T20:46:11.850+0000] {override.py:1900} INFO - Created Permission View: can delete on DAG:dataset_alias_example_alias_producer
[2024-10-01T20:46:11.860+0000] {logging_mixin.py:190} INFO - [2024-10-01T20:46:11.860+0000] {override.py:1900} INFO - Created Permission View: can read on DAG:dataset_alias_example_alias_producer
[2024-10-01T20:46:11.866+0000] {logging_mixin.py:190} INFO - [2024-10-01T20:46:11.866+0000] {override.py:1900} INFO - Created Permission View: can edit on DAG:dataset_alias_example_alias_producer
[2024-10-01T20:46:11.869+0000] {logging_mixin.py:190} INFO - [2024-10-01T20:46:11.869+0000] {override.py:1900} INFO - Created Permission View: can delete on DAG Run:dataset_alias_example_alias_producer
[2024-10-01T20:46:11.876+0000] {logging_mixin.py:190} INFO - [2024-10-01T20:46:11.875+0000] {override.py:1900} INFO - Created Permission View: can read on DAG Run:dataset_alias_example_alias_producer
[2024-10-01T20:46:11.886+0000] {logging_mixin.py:190} INFO - [2024-10-01T20:46:11.886+0000] {override.py:1900} INFO - Created Permission View: menu access on DAG Run:dataset_alias_example_alias_producer
[2024-10-01T20:46:11.895+0000] {logging_mixin.py:190} INFO - [2024-10-01T20:46:11.895+0000] {override.py:1900} INFO - Created Permission View: can create on DAG Run:dataset_alias_example_alias_producer
[2024-10-01T20:46:11.909+0000] {logging_mixin.py:190} INFO - [2024-10-01T20:46:11.909+0000] {override.py:1900} INFO - Created Permission View: can delete on DAG:dataset_s3_bucket_producer
[2024-10-01T20:46:11.912+0000] {logging_mixin.py:190} INFO - [2024-10-01T20:46:11.912+0000] {override.py:1900} INFO - Created Permission View: can read on DAG:dataset_s3_bucket_producer
[2024-10-01T20:46:11.916+0000] {logging_mixin.py:190} INFO - [2024-10-01T20:46:11.915+0000] {override.py:1900} INFO - Created Permission View: can edit on DAG:dataset_s3_bucket_producer
[2024-10-01T20:46:11.919+0000] {logging_mixin.py:190} INFO - [2024-10-01T20:46:11.919+0000] {override.py:1900} INFO - Created Permission View: can delete on DAG Run:dataset_s3_bucket_producer
[2024-10-01T20:46:11.922+0000] {logging_mixin.py:190} INFO - [2024-10-01T20:46:11.922+0000] {override.py:1900} INFO - Created Permission View: can read on DAG Run:dataset_s3_bucket_producer
[2024-10-01T20:46:11.926+0000] {logging_mixin.py:190} INFO - [2024-10-01T20:46:11.926+0000] {override.py:1900} INFO - Created Permission View: menu access on DAG Run:dataset_s3_bucket_producer
[2024-10-01T20:46:11.930+0000] {logging_mixin.py:190} INFO - [2024-10-01T20:46:11.930+0000] {override.py:1900} INFO - Created Permission View: can create on DAG Run:dataset_s3_bucket_producer
[2024-10-01T20:46:11.938+0000] {logging_mixin.py:190} INFO - [2024-10-01T20:46:11.938+0000] {override.py:1900} INFO - Created Permission View: can delete on DAG:dataset_s3_bucket_consumer
[2024-10-01T20:46:11.941+0000] {logging_mixin.py:190} INFO - [2024-10-01T20:46:11.941+0000] {override.py:1900} INFO - Created Permission View: can read on DAG:dataset_s3_bucket_consumer
[2024-10-01T20:46:11.945+0000] {logging_mixin.py:190} INFO - [2024-10-01T20:46:11.945+0000] {override.py:1900} INFO - Created Permission View: can edit on DAG:dataset_s3_bucket_consumer
[2024-10-01T20:46:11.949+0000] {logging_mixin.py:190} INFO - [2024-10-01T20:46:11.949+0000] {override.py:1900} INFO - Created Permission View: can delete on DAG Run:dataset_s3_bucket_consumer
[2024-10-01T20:46:11.953+0000] {logging_mixin.py:190} INFO - [2024-10-01T20:46:11.953+0000] {override.py:1900} INFO - Created Permission View: can read on DAG Run:dataset_s3_bucket_consumer
[2024-10-01T20:46:11.956+0000] {logging_mixin.py:190} INFO - [2024-10-01T20:46:11.956+0000] {override.py:1900} INFO - Created Permission View: menu access on DAG Run:dataset_s3_bucket_consumer
[2024-10-01T20:46:11.959+0000] {logging_mixin.py:190} INFO - [2024-10-01T20:46:11.959+0000] {override.py:1900} INFO - Created Permission View: can create on DAG Run:dataset_s3_bucket_consumer
[2024-10-01T20:46:11.978+0000] {logging_mixin.py:190} INFO - [2024-10-01T20:46:11.977+0000] {override.py:1900} INFO - Created Permission View: can delete on DAG:dataset_alias_example_alias_consumer
[2024-10-01T20:46:11.984+0000] {logging_mixin.py:190} INFO - [2024-10-01T20:46:11.984+0000] {override.py:1900} INFO - Created Permission View: can read on DAG:dataset_alias_example_alias_consumer
[2024-10-01T20:46:11.988+0000] {logging_mixin.py:190} INFO - [2024-10-01T20:46:11.988+0000] {override.py:1900} INFO - Created Permission View: can edit on DAG:dataset_alias_example_alias_consumer
[2024-10-01T20:46:11.994+0000] {logging_mixin.py:190} INFO - [2024-10-01T20:46:11.993+0000] {override.py:1900} INFO - Created Permission View: can delete on DAG Run:dataset_alias_example_alias_consumer
[2024-10-01T20:46:11.999+0000] {logging_mixin.py:190} INFO - [2024-10-01T20:46:11.998+0000] {override.py:1900} INFO - Created Permission View: can read on DAG Run:dataset_alias_example_alias_consumer
[2024-10-01T20:46:12.005+0000] {logging_mixin.py:190} INFO - [2024-10-01T20:46:12.005+0000] {override.py:1900} INFO - Created Permission View: menu access on DAG Run:dataset_alias_example_alias_consumer
[2024-10-01T20:46:12.011+0000] {logging_mixin.py:190} INFO - [2024-10-01T20:46:12.011+0000] {override.py:1900} INFO - Created Permission View: can create on DAG Run:dataset_alias_example_alias_consumer
[2024-10-01T20:46:12.014+0000] {logging_mixin.py:190} INFO - [2024-10-01T20:46:12.014+0000] {dag.py:3239} INFO - Sync 4 DAGs
[2024-10-01T20:46:12.073+0000] {logging_mixin.py:190} INFO - [2024-10-01T20:46:12.072+0000] {dag.py:3262} INFO - Creating ORM DAG for dataset_alias_example_alias_consumer
[2024-10-01T20:46:12.078+0000] {logging_mixin.py:190} INFO - [2024-10-01T20:46:12.078+0000] {dag.py:3262} INFO - Creating ORM DAG for dataset_s3_bucket_producer
[2024-10-01T20:46:12.085+0000] {logging_mixin.py:190} INFO - [2024-10-01T20:46:12.084+0000] {dag.py:3262} INFO - Creating ORM DAG for dataset_s3_bucket_consumer
[2024-10-01T20:46:12.088+0000] {logging_mixin.py:190} INFO - [2024-10-01T20:46:12.088+0000] {dag.py:3262} INFO - Creating ORM DAG for dataset_alias_example_alias_producer
[2024-10-01T20:46:12.126+0000] {logging_mixin.py:190} INFO - [2024-10-01T20:46:12.126+0000] {dag.py:4180} INFO - Setting next_dagrun for dataset_alias_example_alias_consumer to None, run_after=None
[2024-10-01T20:46:12.128+0000] {logging_mixin.py:190} INFO - [2024-10-01T20:46:12.128+0000] {dag.py:4180} INFO - Setting next_dagrun for dataset_alias_example_alias_producer to None, run_after=None
[2024-10-01T20:46:12.132+0000] {logging_mixin.py:190} INFO - [2024-10-01T20:46:12.131+0000] {dag.py:4180} INFO - Setting next_dagrun for dataset_s3_bucket_consumer to None, run_after=None
[2024-10-01T20:46:12.133+0000] {logging_mixin.py:190} INFO - [2024-10-01T20:46:12.133+0000] {dag.py:4180} INFO - Setting next_dagrun for dataset_s3_bucket_producer to None, run_after=None
[2024-10-01T20:46:12.170+0000] {processor.py:208} INFO - Processing /home/airflow/.local/lib/python3.12/site-packages/airflow/example_dags/example_dataset_alias.py took 0.798 seconds
[2024-10-01T20:46:42.667+0000] {processor.py:186} INFO - Started process (PID=132) to work on /home/airflow/.local/lib/python3.12/site-packages/airflow/example_dags/example_dataset_alias.py
[2024-10-01T20:46:42.671+0000] {processor.py:914} INFO - Processing file /home/airflow/.local/lib/python3.12/site-packages/airflow/example_dags/example_dataset_alias.py for tasks to queue
[2024-10-01T20:46:42.677+0000] {logging_mixin.py:190} INFO - [2024-10-01T20:46:42.677+0000] {dagbag.py:588} INFO - Filling up the DagBag from /home/airflow/.local/lib/python3.12/site-packages/airflow/example_dags/example_dataset_alias.py
[2024-10-01T20:46:42.824+0000] {processor.py:925} INFO - DAG(s) 'dataset_s3_bucket_producer', 'dataset_alias_example_alias_producer', 'dataset_alias_example_alias_consumer', 'dataset_s3_bucket_consumer' retrieved from /home/airflow/.local/lib/python3.12/site-packages/airflow/example_dags/example_dataset_alias.py
[2024-10-01T20:46:42.847+0000] {logging_mixin.py:190} INFO - [2024-10-01T20:46:42.847+0000] {dag.py:3239} INFO - Sync 4 DAGs
[2024-10-01T20:46:42.864+0000] {logging_mixin.py:190} INFO - [2024-10-01T20:46:42.864+0000] {dag.py:4180} INFO - Setting next_dagrun for dataset_alias_example_alias_consumer to None, run_after=None
[2024-10-01T20:46:42.869+0000] {logging_mixin.py:190} INFO - [2024-10-01T20:46:42.869+0000] {dag.py:4180} INFO - Setting next_dagrun for dataset_alias_example_alias_producer to None, run_after=None
[2024-10-01T20:46:42.870+0000] {logging_mixin.py:190} INFO - [2024-10-01T20:46:42.870+0000] {dag.py:4180} INFO - Setting next_dagrun for dataset_s3_bucket_consumer to None, run_after=None
[2024-10-01T20:46:42.871+0000] {logging_mixin.py:190} INFO - [2024-10-01T20:46:42.870+0000] {dag.py:4180} INFO - Setting next_dagrun for dataset_s3_bucket_producer to None, run_after=None
[2024-10-01T20:46:42.886+0000] {processor.py:208} INFO - Processing /home/airflow/.local/lib/python3.12/site-packages/airflow/example_dags/example_dataset_alias.py took 0.227 seconds
[2024-10-01T20:47:13.083+0000] {processor.py:186} INFO - Started process (PID=194) to work on /home/airflow/.local/lib/python3.12/site-packages/airflow/example_dags/example_dataset_alias.py
[2024-10-01T20:47:13.086+0000] {processor.py:914} INFO - Processing file /home/airflow/.local/lib/python3.12/site-packages/airflow/example_dags/example_dataset_alias.py for tasks to queue
[2024-10-01T20:47:13.106+0000] {logging_mixin.py:190} INFO - [2024-10-01T20:47:13.105+0000] {dagbag.py:588} INFO - Filling up the DagBag from /home/airflow/.local/lib/python3.12/site-packages/airflow/example_dags/example_dataset_alias.py
[2024-10-01T20:47:13.529+0000] {processor.py:925} INFO - DAG(s) 'dataset_alias_example_alias_consumer', 'dataset_s3_bucket_producer', 'dataset_s3_bucket_consumer', 'dataset_alias_example_alias_producer' retrieved from /home/airflow/.local/lib/python3.12/site-packages/airflow/example_dags/example_dataset_alias.py
[2024-10-01T20:47:13.572+0000] {logging_mixin.py:190} INFO - [2024-10-01T20:47:13.571+0000] {dag.py:3239} INFO - Sync 4 DAGs
[2024-10-01T20:47:13.601+0000] {logging_mixin.py:190} INFO - [2024-10-01T20:47:13.601+0000] {dag.py:4180} INFO - Setting next_dagrun for dataset_alias_example_alias_consumer to None, run_after=None
[2024-10-01T20:47:13.604+0000] {logging_mixin.py:190} INFO - [2024-10-01T20:47:13.604+0000] {dag.py:4180} INFO - Setting next_dagrun for dataset_alias_example_alias_producer to None, run_after=None
[2024-10-01T20:47:13.607+0000] {logging_mixin.py:190} INFO - [2024-10-01T20:47:13.606+0000] {dag.py:4180} INFO - Setting next_dagrun for dataset_s3_bucket_consumer to None, run_after=None
[2024-10-01T20:47:13.607+0000] {logging_mixin.py:190} INFO - [2024-10-01T20:47:13.607+0000] {dag.py:4180} INFO - Setting next_dagrun for dataset_s3_bucket_producer to None, run_after=None
[2024-10-01T20:47:13.632+0000] {processor.py:208} INFO - Processing /home/airflow/.local/lib/python3.12/site-packages/airflow/example_dags/example_dataset_alias.py took 0.562 seconds
[2024-10-01T20:47:43.861+0000] {processor.py:186} INFO - Started process (PID=258) to work on /home/airflow/.local/lib/python3.12/site-packages/airflow/example_dags/example_dataset_alias.py
[2024-10-01T20:47:43.862+0000] {processor.py:914} INFO - Processing file /home/airflow/.local/lib/python3.12/site-packages/airflow/example_dags/example_dataset_alias.py for tasks to queue
[2024-10-01T20:47:43.864+0000] {logging_mixin.py:190} INFO - [2024-10-01T20:47:43.863+0000] {dagbag.py:588} INFO - Filling up the DagBag from /home/airflow/.local/lib/python3.12/site-packages/airflow/example_dags/example_dataset_alias.py
[2024-10-01T20:47:44.089+0000] {processor.py:925} INFO - DAG(s) 'dataset_s3_bucket_consumer', 'dataset_alias_example_alias_producer', 'dataset_alias_example_alias_consumer', 'dataset_s3_bucket_producer' retrieved from /home/airflow/.local/lib/python3.12/site-packages/airflow/example_dags/example_dataset_alias.py
[2024-10-01T20:47:44.116+0000] {logging_mixin.py:190} INFO - [2024-10-01T20:47:44.116+0000] {dag.py:3239} INFO - Sync 4 DAGs
[2024-10-01T20:47:44.137+0000] {logging_mixin.py:190} INFO - [2024-10-01T20:47:44.137+0000] {dag.py:4180} INFO - Setting next_dagrun for dataset_alias_example_alias_consumer to None, run_after=None
[2024-10-01T20:47:44.139+0000] {logging_mixin.py:190} INFO - [2024-10-01T20:47:44.139+0000] {dag.py:4180} INFO - Setting next_dagrun for dataset_alias_example_alias_producer to None, run_after=None
[2024-10-01T20:47:44.140+0000] {logging_mixin.py:190} INFO - [2024-10-01T20:47:44.140+0000] {dag.py:4180} INFO - Setting next_dagrun for dataset_s3_bucket_consumer to None, run_after=None
[2024-10-01T20:47:44.141+0000] {logging_mixin.py:190} INFO - [2024-10-01T20:47:44.141+0000] {dag.py:4180} INFO - Setting next_dagrun for dataset_s3_bucket_producer to None, run_after=None
[2024-10-01T20:47:44.154+0000] {processor.py:208} INFO - Processing /home/airflow/.local/lib/python3.12/site-packages/airflow/example_dags/example_dataset_alias.py took 0.298 seconds
[2024-10-01T20:48:14.562+0000] {processor.py:186} INFO - Started process (PID=318) to work on /home/airflow/.local/lib/python3.12/site-packages/airflow/example_dags/example_dataset_alias.py
[2024-10-01T20:48:14.566+0000] {processor.py:914} INFO - Processing file /home/airflow/.local/lib/python3.12/site-packages/airflow/example_dags/example_dataset_alias.py for tasks to queue
[2024-10-01T20:48:14.569+0000] {logging_mixin.py:190} INFO - [2024-10-01T20:48:14.569+0000] {dagbag.py:588} INFO - Filling up the DagBag from /home/airflow/.local/lib/python3.12/site-packages/airflow/example_dags/example_dataset_alias.py
[2024-10-01T20:48:14.871+0000] {processor.py:925} INFO - DAG(s) 'dataset_s3_bucket_consumer', 'dataset_s3_bucket_producer', 'dataset_alias_example_alias_producer', 'dataset_alias_example_alias_consumer' retrieved from /home/airflow/.local/lib/python3.12/site-packages/airflow/example_dags/example_dataset_alias.py
[2024-10-01T20:48:14.892+0000] {logging_mixin.py:190} INFO - [2024-10-01T20:48:14.892+0000] {dag.py:3239} INFO - Sync 4 DAGs
[2024-10-01T20:48:14.936+0000] {logging_mixin.py:190} INFO - [2024-10-01T20:48:14.935+0000] {dag.py:4180} INFO - Setting next_dagrun for dataset_alias_example_alias_consumer to None, run_after=None
[2024-10-01T20:48:14.939+0000] {logging_mixin.py:190} INFO - [2024-10-01T20:48:14.939+0000] {dag.py:4180} INFO - Setting next_dagrun for dataset_alias_example_alias_producer to None, run_after=None
[2024-10-01T20:48:14.942+0000] {logging_mixin.py:190} INFO - [2024-10-01T20:48:14.942+0000] {dag.py:4180} INFO - Setting next_dagrun for dataset_s3_bucket_consumer to None, run_after=None
[2024-10-01T20:48:14.946+0000] {logging_mixin.py:190} INFO - [2024-10-01T20:48:14.946+0000] {dag.py:4180} INFO - Setting next_dagrun for dataset_s3_bucket_producer to None, run_after=None
[2024-10-01T20:48:14.980+0000] {processor.py:208} INFO - Processing /home/airflow/.local/lib/python3.12/site-packages/airflow/example_dags/example_dataset_alias.py took 0.427 seconds
[2024-10-01T20:48:45.261+0000] {processor.py:186} INFO - Started process (PID=380) to work on /home/airflow/.local/lib/python3.12/site-packages/airflow/example_dags/example_dataset_alias.py
[2024-10-01T20:48:45.265+0000] {processor.py:914} INFO - Processing file /home/airflow/.local/lib/python3.12/site-packages/airflow/example_dags/example_dataset_alias.py for tasks to queue
[2024-10-01T20:48:45.268+0000] {logging_mixin.py:190} INFO - [2024-10-01T20:48:45.268+0000] {dagbag.py:588} INFO - Filling up the DagBag from /home/airflow/.local/lib/python3.12/site-packages/airflow/example_dags/example_dataset_alias.py
[2024-10-01T20:48:45.398+0000] {processor.py:925} INFO - DAG(s) 'dataset_alias_example_alias_consumer', 'dataset_s3_bucket_consumer', 'dataset_s3_bucket_producer', 'dataset_alias_example_alias_producer' retrieved from /home/airflow/.local/lib/python3.12/site-packages/airflow/example_dags/example_dataset_alias.py
[2024-10-01T20:48:45.413+0000] {logging_mixin.py:190} INFO - [2024-10-01T20:48:45.413+0000] {dag.py:3239} INFO - Sync 4 DAGs
[2024-10-01T20:48:45.430+0000] {logging_mixin.py:190} INFO - [2024-10-01T20:48:45.430+0000] {dag.py:4180} INFO - Setting next_dagrun for dataset_alias_example_alias_consumer to None, run_after=None
[2024-10-01T20:48:45.436+0000] {logging_mixin.py:190} INFO - [2024-10-01T20:48:45.436+0000] {dag.py:4180} INFO - Setting next_dagrun for dataset_alias_example_alias_producer to None, run_after=None
[2024-10-01T20:48:45.437+0000] {logging_mixin.py:190} INFO - [2024-10-01T20:48:45.437+0000] {dag.py:4180} INFO - Setting next_dagrun for dataset_s3_bucket_consumer to None, run_after=None
[2024-10-01T20:48:45.438+0000] {logging_mixin.py:190} INFO - [2024-10-01T20:48:45.438+0000] {dag.py:4180} INFO - Setting next_dagrun for dataset_s3_bucket_producer to None, run_after=None
[2024-10-01T20:48:45.458+0000] {processor.py:208} INFO - Processing /home/airflow/.local/lib/python3.12/site-packages/airflow/example_dags/example_dataset_alias.py took 0.203 seconds
[2024-10-01T20:49:15.879+0000] {processor.py:186} INFO - Started process (PID=442) to work on /home/airflow/.local/lib/python3.12/site-packages/airflow/example_dags/example_dataset_alias.py
[2024-10-01T20:49:15.880+0000] {processor.py:914} INFO - Processing file /home/airflow/.local/lib/python3.12/site-packages/airflow/example_dags/example_dataset_alias.py for tasks to queue
[2024-10-01T20:49:15.882+0000] {logging_mixin.py:190} INFO - [2024-10-01T20:49:15.882+0000] {dagbag.py:588} INFO - Filling up the DagBag from /home/airflow/.local/lib/python3.12/site-packages/airflow/example_dags/example_dataset_alias.py
[2024-10-01T20:49:16.017+0000] {processor.py:925} INFO - DAG(s) 'dataset_alias_example_alias_producer', 'dataset_s3_bucket_producer', 'dataset_alias_example_alias_consumer', 'dataset_s3_bucket_consumer' retrieved from /home/airflow/.local/lib/python3.12/site-packages/airflow/example_dags/example_dataset_alias.py
[2024-10-01T20:49:16.049+0000] {logging_mixin.py:190} INFO - [2024-10-01T20:49:16.049+0000] {dag.py:3239} INFO - Sync 4 DAGs
[2024-10-01T20:49:16.073+0000] {logging_mixin.py:190} INFO - [2024-10-01T20:49:16.072+0000] {dag.py:4180} INFO - Setting next_dagrun for dataset_alias_example_alias_consumer to None, run_after=None
[2024-10-01T20:49:16.076+0000] {logging_mixin.py:190} INFO - [2024-10-01T20:49:16.076+0000] {dag.py:4180} INFO - Setting next_dagrun for dataset_alias_example_alias_producer to None, run_after=None
[2024-10-01T20:49:16.076+0000] {logging_mixin.py:190} INFO - [2024-10-01T20:49:16.076+0000] {dag.py:4180} INFO - Setting next_dagrun for dataset_s3_bucket_consumer to None, run_after=None
[2024-10-01T20:49:16.077+0000] {logging_mixin.py:190} INFO - [2024-10-01T20:49:16.077+0000] {dag.py:4180} INFO - Setting next_dagrun for dataset_s3_bucket_producer to None, run_after=None
[2024-10-01T20:49:16.096+0000] {processor.py:208} INFO - Processing /home/airflow/.local/lib/python3.12/site-packages/airflow/example_dags/example_dataset_alias.py took 0.222 seconds
[2024-10-01T20:49:46.768+0000] {processor.py:186} INFO - Started process (PID=504) to work on /home/airflow/.local/lib/python3.12/site-packages/airflow/example_dags/example_dataset_alias.py
[2024-10-01T20:49:46.769+0000] {processor.py:914} INFO - Processing file /home/airflow/.local/lib/python3.12/site-packages/airflow/example_dags/example_dataset_alias.py for tasks to queue
[2024-10-01T20:49:46.772+0000] {logging_mixin.py:190} INFO - [2024-10-01T20:49:46.771+0000] {dagbag.py:588} INFO - Filling up the DagBag from /home/airflow/.local/lib/python3.12/site-packages/airflow/example_dags/example_dataset_alias.py
[2024-10-01T20:49:46.893+0000] {processor.py:925} INFO - DAG(s) 'dataset_s3_bucket_consumer', 'dataset_alias_example_alias_producer', 'dataset_s3_bucket_producer', 'dataset_alias_example_alias_consumer' retrieved from /home/airflow/.local/lib/python3.12/site-packages/airflow/example_dags/example_dataset_alias.py
[2024-10-01T20:49:46.907+0000] {logging_mixin.py:190} INFO - [2024-10-01T20:49:46.907+0000] {dag.py:3239} INFO - Sync 4 DAGs
[2024-10-01T20:49:46.923+0000] {logging_mixin.py:190} INFO - [2024-10-01T20:49:46.923+0000] {dag.py:4180} INFO - Setting next_dagrun for dataset_alias_example_alias_consumer to None, run_after=None
[2024-10-01T20:49:46.925+0000] {logging_mixin.py:190} INFO - [2024-10-01T20:49:46.925+0000] {dag.py:4180} INFO - Setting next_dagrun for dataset_alias_example_alias_producer to None, run_after=None
[2024-10-01T20:49:46.926+0000] {logging_mixin.py:190} INFO - [2024-10-01T20:49:46.925+0000] {dag.py:4180} INFO - Setting next_dagrun for dataset_s3_bucket_consumer to None, run_after=None
[2024-10-01T20:49:46.926+0000] {logging_mixin.py:190} INFO - [2024-10-01T20:49:46.926+0000] {dag.py:4180} INFO - Setting next_dagrun for dataset_s3_bucket_producer to None, run_after=None
[2024-10-01T20:49:46.943+0000] {processor.py:208} INFO - Processing /home/airflow/.local/lib/python3.12/site-packages/airflow/example_dags/example_dataset_alias.py took 0.183 seconds
[2024-10-01T20:50:17.426+0000] {processor.py:186} INFO - Started process (PID=566) to work on /home/airflow/.local/lib/python3.12/site-packages/airflow/example_dags/example_dataset_alias.py
[2024-10-01T20:50:17.429+0000] {processor.py:914} INFO - Processing file /home/airflow/.local/lib/python3.12/site-packages/airflow/example_dags/example_dataset_alias.py for tasks to queue
[2024-10-01T20:50:17.430+0000] {logging_mixin.py:190} INFO - [2024-10-01T20:50:17.430+0000] {dagbag.py:588} INFO - Filling up the DagBag from /home/airflow/.local/lib/python3.12/site-packages/airflow/example_dags/example_dataset_alias.py
[2024-10-01T20:50:17.549+0000] {processor.py:925} INFO - DAG(s) 'dataset_alias_example_alias_producer', 'dataset_s3_bucket_producer', 'dataset_alias_example_alias_consumer', 'dataset_s3_bucket_consumer' retrieved from /home/airflow/.local/lib/python3.12/site-packages/airflow/example_dags/example_dataset_alias.py
[2024-10-01T20:50:17.562+0000] {logging_mixin.py:190} INFO - [2024-10-01T20:50:17.562+0000] {dag.py:3239} INFO - Sync 4 DAGs
[2024-10-01T20:50:17.579+0000] {logging_mixin.py:190} INFO - [2024-10-01T20:50:17.578+0000] {dag.py:4180} INFO - Setting next_dagrun for dataset_alias_example_alias_consumer to None, run_after=None
[2024-10-01T20:50:17.582+0000] {logging_mixin.py:190} INFO - [2024-10-01T20:50:17.582+0000] {dag.py:4180} INFO - Setting next_dagrun for dataset_alias_example_alias_producer to None, run_after=None
[2024-10-01T20:50:17.584+0000] {logging_mixin.py:190} INFO - [2024-10-01T20:50:17.584+0000] {dag.py:4180} INFO - Setting next_dagrun for dataset_s3_bucket_consumer to None, run_after=None
[2024-10-01T20:50:17.585+0000] {logging_mixin.py:190} INFO - [2024-10-01T20:50:17.585+0000] {dag.py:4180} INFO - Setting next_dagrun for dataset_s3_bucket_producer to None, run_after=None
[2024-10-01T20:50:17.601+0000] {processor.py:208} INFO - Processing /home/airflow/.local/lib/python3.12/site-packages/airflow/example_dags/example_dataset_alias.py took 0.182 seconds
[2024-10-01T20:50:48.488+0000] {processor.py:186} INFO - Started process (PID=628) to work on /home/airflow/.local/lib/python3.12/site-packages/airflow/example_dags/example_dataset_alias.py
[2024-10-01T20:50:48.489+0000] {processor.py:914} INFO - Processing file /home/airflow/.local/lib/python3.12/site-packages/airflow/example_dags/example_dataset_alias.py for tasks to queue
[2024-10-01T20:50:48.491+0000] {logging_mixin.py:190} INFO - [2024-10-01T20:50:48.491+0000] {dagbag.py:588} INFO - Filling up the DagBag from /home/airflow/.local/lib/python3.12/site-packages/airflow/example_dags/example_dataset_alias.py
[2024-10-01T20:50:48.599+0000] {processor.py:925} INFO - DAG(s) 'dataset_s3_bucket_producer', 'dataset_s3_bucket_consumer', 'dataset_alias_example_alias_producer', 'dataset_alias_example_alias_consumer' retrieved from /home/airflow/.local/lib/python3.12/site-packages/airflow/example_dags/example_dataset_alias.py
[2024-10-01T20:50:48.614+0000] {logging_mixin.py:190} INFO - [2024-10-01T20:50:48.613+0000] {dag.py:3239} INFO - Sync 4 DAGs
[2024-10-01T20:50:48.628+0000] {logging_mixin.py:190} INFO - [2024-10-01T20:50:48.628+0000] {dag.py:4180} INFO - Setting next_dagrun for dataset_alias_example_alias_consumer to None, run_after=None
[2024-10-01T20:50:48.631+0000] {logging_mixin.py:190} INFO - [2024-10-01T20:50:48.631+0000] {dag.py:4180} INFO - Setting next_dagrun for dataset_alias_example_alias_producer to None, run_after=None
[2024-10-01T20:50:48.632+0000] {logging_mixin.py:190} INFO - [2024-10-01T20:50:48.632+0000] {dag.py:4180} INFO - Setting next_dagrun for dataset_s3_bucket_consumer to None, run_after=None
[2024-10-01T20:50:48.633+0000] {logging_mixin.py:190} INFO - [2024-10-01T20:50:48.633+0000] {dag.py:4180} INFO - Setting next_dagrun for dataset_s3_bucket_producer to None, run_after=None
[2024-10-01T20:50:48.647+0000] {processor.py:208} INFO - Processing /home/airflow/.local/lib/python3.12/site-packages/airflow/example_dags/example_dataset_alias.py took 0.165 seconds
[2024-10-01T20:51:18.720+0000] {processor.py:186} INFO - Started process (PID=692) to work on /home/airflow/.local/lib/python3.12/site-packages/airflow/example_dags/example_dataset_alias.py
[2024-10-01T20:51:18.721+0000] {processor.py:914} INFO - Processing file /home/airflow/.local/lib/python3.12/site-packages/airflow/example_dags/example_dataset_alias.py for tasks to queue
[2024-10-01T20:51:18.722+0000] {logging_mixin.py:190} INFO - [2024-10-01T20:51:18.722+0000] {dagbag.py:588} INFO - Filling up the DagBag from /home/airflow/.local/lib/python3.12/site-packages/airflow/example_dags/example_dataset_alias.py
[2024-10-01T20:51:18.834+0000] {processor.py:925} INFO - DAG(s) 'dataset_alias_example_alias_producer', 'dataset_alias_example_alias_consumer', 'dataset_s3_bucket_producer', 'dataset_s3_bucket_consumer' retrieved from /home/airflow/.local/lib/python3.12/site-packages/airflow/example_dags/example_dataset_alias.py
[2024-10-01T20:51:18.846+0000] {logging_mixin.py:190} INFO - [2024-10-01T20:51:18.846+0000] {dag.py:3239} INFO - Sync 4 DAGs
[2024-10-01T20:51:18.861+0000] {logging_mixin.py:190} INFO - [2024-10-01T20:51:18.861+0000] {dag.py:4180} INFO - Setting next_dagrun for dataset_alias_example_alias_consumer to None, run_after=None
[2024-10-01T20:51:18.863+0000] {logging_mixin.py:190} INFO - [2024-10-01T20:51:18.863+0000] {dag.py:4180} INFO - Setting next_dagrun for dataset_alias_example_alias_producer to None, run_after=None
[2024-10-01T20:51:18.864+0000] {logging_mixin.py:190} INFO - [2024-10-01T20:51:18.863+0000] {dag.py:4180} INFO - Setting next_dagrun for dataset_s3_bucket_consumer to None, run_after=None
[2024-10-01T20:51:18.864+0000] {logging_mixin.py:190} INFO - [2024-10-01T20:51:18.864+0000] {dag.py:4180} INFO - Setting next_dagrun for dataset_s3_bucket_producer to None, run_after=None
[2024-10-01T20:51:18.875+0000] {processor.py:208} INFO - Processing /home/airflow/.local/lib/python3.12/site-packages/airflow/example_dags/example_dataset_alias.py took 0.162 seconds
[2024-10-01T20:51:49.144+0000] {processor.py:186} INFO - Started process (PID=752) to work on /home/airflow/.local/lib/python3.12/site-packages/airflow/example_dags/example_dataset_alias.py
[2024-10-01T20:51:49.145+0000] {processor.py:914} INFO - Processing file /home/airflow/.local/lib/python3.12/site-packages/airflow/example_dags/example_dataset_alias.py for tasks to queue
[2024-10-01T20:51:49.147+0000] {logging_mixin.py:190} INFO - [2024-10-01T20:51:49.147+0000] {dagbag.py:588} INFO - Filling up the DagBag from /home/airflow/.local/lib/python3.12/site-packages/airflow/example_dags/example_dataset_alias.py
[2024-10-01T20:51:49.262+0000] {processor.py:925} INFO - DAG(s) 'dataset_alias_example_alias_producer', 'dataset_s3_bucket_producer', 'dataset_alias_example_alias_consumer', 'dataset_s3_bucket_consumer' retrieved from /home/airflow/.local/lib/python3.12/site-packages/airflow/example_dags/example_dataset_alias.py
[2024-10-01T20:51:49.279+0000] {logging_mixin.py:190} INFO - [2024-10-01T20:51:49.279+0000] {dag.py:3239} INFO - Sync 4 DAGs
[2024-10-01T20:51:49.294+0000] {logging_mixin.py:190} INFO - [2024-10-01T20:51:49.294+0000] {dag.py:4180} INFO - Setting next_dagrun for dataset_alias_example_alias_consumer to None, run_after=None
[2024-10-01T20:51:49.295+0000] {logging_mixin.py:190} INFO - [2024-10-01T20:51:49.295+0000] {dag.py:4180} INFO - Setting next_dagrun for dataset_alias_example_alias_producer to None, run_after=None
[2024-10-01T20:51:49.296+0000] {logging_mixin.py:190} INFO - [2024-10-01T20:51:49.296+0000] {dag.py:4180} INFO - Setting next_dagrun for dataset_s3_bucket_consumer to None, run_after=None
[2024-10-01T20:51:49.297+0000] {logging_mixin.py:190} INFO - [2024-10-01T20:51:49.297+0000] {dag.py:4180} INFO - Setting next_dagrun for dataset_s3_bucket_producer to None, run_after=None
[2024-10-01T20:51:49.308+0000] {processor.py:208} INFO - Processing /home/airflow/.local/lib/python3.12/site-packages/airflow/example_dags/example_dataset_alias.py took 0.171 seconds
[2024-10-01T20:52:19.501+0000] {processor.py:186} INFO - Started process (PID=816) to work on /home/airflow/.local/lib/python3.12/site-packages/airflow/example_dags/example_dataset_alias.py
[2024-10-01T20:52:19.502+0000] {processor.py:914} INFO - Processing file /home/airflow/.local/lib/python3.12/site-packages/airflow/example_dags/example_dataset_alias.py for tasks to queue
[2024-10-01T20:52:19.504+0000] {logging_mixin.py:190} INFO - [2024-10-01T20:52:19.504+0000] {dagbag.py:588} INFO - Filling up the DagBag from /home/airflow/.local/lib/python3.12/site-packages/airflow/example_dags/example_dataset_alias.py
[2024-10-01T20:52:19.639+0000] {processor.py:925} INFO - DAG(s) 'dataset_alias_example_alias_consumer', 'dataset_s3_bucket_producer', 'dataset_alias_example_alias_producer', 'dataset_s3_bucket_consumer' retrieved from /home/airflow/.local/lib/python3.12/site-packages/airflow/example_dags/example_dataset_alias.py
[2024-10-01T20:52:19.655+0000] {logging_mixin.py:190} INFO - [2024-10-01T20:52:19.655+0000] {dag.py:3239} INFO - Sync 4 DAGs
[2024-10-01T20:52:19.673+0000] {logging_mixin.py:190} INFO - [2024-10-01T20:52:19.672+0000] {dag.py:4180} INFO - Setting next_dagrun for dataset_alias_example_alias_consumer to None, run_after=None
[2024-10-01T20:52:19.675+0000] {logging_mixin.py:190} INFO - [2024-10-01T20:52:19.675+0000] {dag.py:4180} INFO - Setting next_dagrun for dataset_alias_example_alias_producer to None, run_after=None
[2024-10-01T20:52:19.676+0000] {logging_mixin.py:190} INFO - [2024-10-01T20:52:19.676+0000] {dag.py:4180} INFO - Setting next_dagrun for dataset_s3_bucket_consumer to None, run_after=None
[2024-10-01T20:52:19.677+0000] {logging_mixin.py:190} INFO - [2024-10-01T20:52:19.677+0000] {dag.py:4180} INFO - Setting next_dagrun for dataset_s3_bucket_producer to None, run_after=None
[2024-10-01T20:52:19.690+0000] {processor.py:208} INFO - Processing /home/airflow/.local/lib/python3.12/site-packages/airflow/example_dags/example_dataset_alias.py took 0.195 seconds
[2024-10-01T20:52:50.017+0000] {processor.py:186} INFO - Started process (PID=876) to work on /home/airflow/.local/lib/python3.12/site-packages/airflow/example_dags/example_dataset_alias.py
[2024-10-01T20:52:50.018+0000] {processor.py:914} INFO - Processing file /home/airflow/.local/lib/python3.12/site-packages/airflow/example_dags/example_dataset_alias.py for tasks to queue
[2024-10-01T20:52:50.020+0000] {logging_mixin.py:190} INFO - [2024-10-01T20:52:50.019+0000] {dagbag.py:588} INFO - Filling up the DagBag from /home/airflow/.local/lib/python3.12/site-packages/airflow/example_dags/example_dataset_alias.py
[2024-10-01T20:52:50.130+0000] {processor.py:925} INFO - DAG(s) 'dataset_alias_example_alias_producer', 'dataset_alias_example_alias_consumer', 'dataset_s3_bucket_consumer', 'dataset_s3_bucket_producer' retrieved from /home/airflow/.local/lib/python3.12/site-packages/airflow/example_dags/example_dataset_alias.py
[2024-10-01T20:52:50.143+0000] {logging_mixin.py:190} INFO - [2024-10-01T20:52:50.143+0000] {dag.py:3239} INFO - Sync 4 DAGs
[2024-10-01T20:52:50.159+0000] {logging_mixin.py:190} INFO - [2024-10-01T20:52:50.159+0000] {dag.py:4180} INFO - Setting next_dagrun for dataset_alias_example_alias_consumer to None, run_after=None
[2024-10-01T20:52:50.161+0000] {logging_mixin.py:190} INFO - [2024-10-01T20:52:50.161+0000] {dag.py:4180} INFO - Setting next_dagrun for dataset_alias_example_alias_producer to None, run_after=None
[2024-10-01T20:52:50.163+0000] {logging_mixin.py:190} INFO - [2024-10-01T20:52:50.163+0000] {dag.py:4180} INFO - Setting next_dagrun for dataset_s3_bucket_consumer to None, run_after=None
[2024-10-01T20:52:50.163+0000] {logging_mixin.py:190} INFO - [2024-10-01T20:52:50.163+0000] {dag.py:4180} INFO - Setting next_dagrun for dataset_s3_bucket_producer to None, run_after=None
[2024-10-01T20:52:50.178+0000] {processor.py:208} INFO - Processing /home/airflow/.local/lib/python3.12/site-packages/airflow/example_dags/example_dataset_alias.py took 0.166 seconds
[2024-10-01T20:53:21.023+0000] {processor.py:186} INFO - Started process (PID=938) to work on /home/airflow/.local/lib/python3.12/site-packages/airflow/example_dags/example_dataset_alias.py
[2024-10-01T20:53:21.024+0000] {processor.py:914} INFO - Processing file /home/airflow/.local/lib/python3.12/site-packages/airflow/example_dags/example_dataset_alias.py for tasks to queue
[2024-10-01T20:53:21.025+0000] {logging_mixin.py:190} INFO - [2024-10-01T20:53:21.025+0000] {dagbag.py:588} INFO - Filling up the DagBag from /home/airflow/.local/lib/python3.12/site-packages/airflow/example_dags/example_dataset_alias.py
[2024-10-01T20:53:21.138+0000] {processor.py:925} INFO - DAG(s) 'dataset_alias_example_alias_producer', 'dataset_alias_example_alias_consumer', 'dataset_s3_bucket_producer', 'dataset_s3_bucket_consumer' retrieved from /home/airflow/.local/lib/python3.12/site-packages/airflow/example_dags/example_dataset_alias.py
[2024-10-01T20:53:21.153+0000] {logging_mixin.py:190} INFO - [2024-10-01T20:53:21.153+0000] {dag.py:3239} INFO - Sync 4 DAGs
[2024-10-01T20:53:21.170+0000] {logging_mixin.py:190} INFO - [2024-10-01T20:53:21.169+0000] {dag.py:4180} INFO - Setting next_dagrun for dataset_alias_example_alias_consumer to None, run_after=None
[2024-10-01T20:53:21.171+0000] {logging_mixin.py:190} INFO - [2024-10-01T20:53:21.171+0000] {dag.py:4180} INFO - Setting next_dagrun for dataset_alias_example_alias_producer to None, run_after=None
[2024-10-01T20:53:21.172+0000] {logging_mixin.py:190} INFO - [2024-10-01T20:53:21.172+0000] {dag.py:4180} INFO - Setting next_dagrun for dataset_s3_bucket_consumer to None, run_after=None
[2024-10-01T20:53:21.173+0000] {logging_mixin.py:190} INFO - [2024-10-01T20:53:21.173+0000] {dag.py:4180} INFO - Setting next_dagrun for dataset_s3_bucket_producer to None, run_after=None
[2024-10-01T20:53:21.185+0000] {processor.py:208} INFO - Processing /home/airflow/.local/lib/python3.12/site-packages/airflow/example_dags/example_dataset_alias.py took 0.167 seconds
[2024-10-01T20:53:51.428+0000] {processor.py:186} INFO - Started process (PID=999) to work on /home/airflow/.local/lib/python3.12/site-packages/airflow/example_dags/example_dataset_alias.py
[2024-10-01T20:53:51.429+0000] {processor.py:914} INFO - Processing file /home/airflow/.local/lib/python3.12/site-packages/airflow/example_dags/example_dataset_alias.py for tasks to queue
[2024-10-01T20:53:51.431+0000] {logging_mixin.py:190} INFO - [2024-10-01T20:53:51.430+0000] {dagbag.py:588} INFO - Filling up the DagBag from /home/airflow/.local/lib/python3.12/site-packages/airflow/example_dags/example_dataset_alias.py
[2024-10-01T20:53:51.571+0000] {processor.py:925} INFO - DAG(s) 'dataset_s3_bucket_producer', 'dataset_s3_bucket_consumer', 'dataset_alias_example_alias_producer', 'dataset_alias_example_alias_consumer' retrieved from /home/airflow/.local/lib/python3.12/site-packages/airflow/example_dags/example_dataset_alias.py
[2024-10-01T20:53:51.593+0000] {logging_mixin.py:190} INFO - [2024-10-01T20:53:51.593+0000] {dag.py:3239} INFO - Sync 4 DAGs
[2024-10-01T20:53:51.630+0000] {logging_mixin.py:190} INFO - [2024-10-01T20:53:51.630+0000] {dag.py:4180} INFO - Setting next_dagrun for dataset_alias_example_alias_consumer to None, run_after=None
[2024-10-01T20:53:51.637+0000] {logging_mixin.py:190} INFO - [2024-10-01T20:53:51.637+0000] {dag.py:4180} INFO - Setting next_dagrun for dataset_alias_example_alias_producer to None, run_after=None
[2024-10-01T20:53:51.638+0000] {logging_mixin.py:190} INFO - [2024-10-01T20:53:51.638+0000] {dag.py:4180} INFO - Setting next_dagrun for dataset_s3_bucket_consumer to None, run_after=None
[2024-10-01T20:53:51.639+0000] {logging_mixin.py:190} INFO - [2024-10-01T20:53:51.639+0000] {dag.py:4180} INFO - Setting next_dagrun for dataset_s3_bucket_producer to None, run_after=None
[2024-10-01T20:53:51.654+0000] {processor.py:208} INFO - Processing /home/airflow/.local/lib/python3.12/site-packages/airflow/example_dags/example_dataset_alias.py took 0.231 seconds
[2024-10-01T20:54:22.209+0000] {processor.py:186} INFO - Started process (PID=1061) to work on /home/airflow/.local/lib/python3.12/site-packages/airflow/example_dags/example_dataset_alias.py
[2024-10-01T20:54:22.213+0000] {processor.py:914} INFO - Processing file /home/airflow/.local/lib/python3.12/site-packages/airflow/example_dags/example_dataset_alias.py for tasks to queue
[2024-10-01T20:54:22.215+0000] {logging_mixin.py:190} INFO - [2024-10-01T20:54:22.214+0000] {dagbag.py:588} INFO - Filling up the DagBag from /home/airflow/.local/lib/python3.12/site-packages/airflow/example_dags/example_dataset_alias.py
[2024-10-01T20:54:22.347+0000] {processor.py:925} INFO - DAG(s) 'dataset_s3_bucket_producer', 'dataset_alias_example_alias_producer', 'dataset_s3_bucket_consumer', 'dataset_alias_example_alias_consumer' retrieved from /home/airflow/.local/lib/python3.12/site-packages/airflow/example_dags/example_dataset_alias.py
[2024-10-01T20:54:22.364+0000] {logging_mixin.py:190} INFO - [2024-10-01T20:54:22.364+0000] {dag.py:3239} INFO - Sync 4 DAGs
[2024-10-01T20:54:22.380+0000] {logging_mixin.py:190} INFO - [2024-10-01T20:54:22.380+0000] {dag.py:4180} INFO - Setting next_dagrun for dataset_alias_example_alias_consumer to None, run_after=None
[2024-10-01T20:54:22.382+0000] {logging_mixin.py:190} INFO - [2024-10-01T20:54:22.382+0000] {dag.py:4180} INFO - Setting next_dagrun for dataset_alias_example_alias_producer to None, run_after=None
[2024-10-01T20:54:22.383+0000] {logging_mixin.py:190} INFO - [2024-10-01T20:54:22.383+0000] {dag.py:4180} INFO - Setting next_dagrun for dataset_s3_bucket_consumer to None, run_after=None
[2024-10-01T20:54:22.383+0000] {logging_mixin.py:190} INFO - [2024-10-01T20:54:22.383+0000] {dag.py:4180} INFO - Setting next_dagrun for dataset_s3_bucket_producer to None, run_after=None
[2024-10-01T20:54:22.395+0000] {processor.py:208} INFO - Processing /home/airflow/.local/lib/python3.12/site-packages/airflow/example_dags/example_dataset_alias.py took 0.192 seconds
[2024-10-01T20:54:52.627+0000] {processor.py:186} INFO - Started process (PID=1123) to work on /home/airflow/.local/lib/python3.12/site-packages/airflow/example_dags/example_dataset_alias.py
[2024-10-01T20:54:52.628+0000] {processor.py:914} INFO - Processing file /home/airflow/.local/lib/python3.12/site-packages/airflow/example_dags/example_dataset_alias.py for tasks to queue
[2024-10-01T20:54:52.630+0000] {logging_mixin.py:190} INFO - [2024-10-01T20:54:52.629+0000] {dagbag.py:588} INFO - Filling up the DagBag from /home/airflow/.local/lib/python3.12/site-packages/airflow/example_dags/example_dataset_alias.py
[2024-10-01T20:54:52.770+0000] {processor.py:925} INFO - DAG(s) 'dataset_s3_bucket_producer', 'dataset_alias_example_alias_consumer', 'dataset_alias_example_alias_producer', 'dataset_s3_bucket_consumer' retrieved from /home/airflow/.local/lib/python3.12/site-packages/airflow/example_dags/example_dataset_alias.py
[2024-10-01T20:54:52.792+0000] {logging_mixin.py:190} INFO - [2024-10-01T20:54:52.792+0000] {dag.py:3239} INFO - Sync 4 DAGs
[2024-10-01T20:54:52.816+0000] {logging_mixin.py:190} INFO - [2024-10-01T20:54:52.816+0000] {dag.py:4180} INFO - Setting next_dagrun for dataset_alias_example_alias_consumer to None, run_after=None
[2024-10-01T20:54:52.820+0000] {logging_mixin.py:190} INFO - [2024-10-01T20:54:52.820+0000] {dag.py:4180} INFO - Setting next_dagrun for dataset_alias_example_alias_producer to None, run_after=None
[2024-10-01T20:54:52.821+0000] {logging_mixin.py:190} INFO - [2024-10-01T20:54:52.821+0000] {dag.py:4180} INFO - Setting next_dagrun for dataset_s3_bucket_consumer to None, run_after=None
[2024-10-01T20:54:52.822+0000] {logging_mixin.py:190} INFO - [2024-10-01T20:54:52.822+0000] {dag.py:4180} INFO - Setting next_dagrun for dataset_s3_bucket_producer to None, run_after=None
[2024-10-01T20:54:52.841+0000] {processor.py:208} INFO - Processing /home/airflow/.local/lib/python3.12/site-packages/airflow/example_dags/example_dataset_alias.py took 0.217 seconds
[2024-10-01T20:55:23.671+0000] {processor.py:186} INFO - Started process (PID=1185) to work on /home/airflow/.local/lib/python3.12/site-packages/airflow/example_dags/example_dataset_alias.py
[2024-10-01T20:55:23.672+0000] {processor.py:914} INFO - Processing file /home/airflow/.local/lib/python3.12/site-packages/airflow/example_dags/example_dataset_alias.py for tasks to queue
[2024-10-01T20:55:23.674+0000] {logging_mixin.py:190} INFO - [2024-10-01T20:55:23.674+0000] {dagbag.py:588} INFO - Filling up the DagBag from /home/airflow/.local/lib/python3.12/site-packages/airflow/example_dags/example_dataset_alias.py
[2024-10-01T20:55:23.868+0000] {processor.py:925} INFO - DAG(s) 'dataset_s3_bucket_producer', 'dataset_alias_example_alias_producer', 'dataset_s3_bucket_consumer', 'dataset_alias_example_alias_consumer' retrieved from /home/airflow/.local/lib/python3.12/site-packages/airflow/example_dags/example_dataset_alias.py
[2024-10-01T20:55:23.883+0000] {logging_mixin.py:190} INFO - [2024-10-01T20:55:23.883+0000] {dag.py:3239} INFO - Sync 4 DAGs
[2024-10-01T20:55:23.907+0000] {logging_mixin.py:190} INFO - [2024-10-01T20:55:23.907+0000] {dag.py:4180} INFO - Setting next_dagrun for dataset_alias_example_alias_consumer to None, run_after=None
[2024-10-01T20:55:23.909+0000] {logging_mixin.py:190} INFO - [2024-10-01T20:55:23.909+0000] {dag.py:4180} INFO - Setting next_dagrun for dataset_alias_example_alias_producer to None, run_after=None
[2024-10-01T20:55:23.910+0000] {logging_mixin.py:190} INFO - [2024-10-01T20:55:23.910+0000] {dag.py:4180} INFO - Setting next_dagrun for dataset_s3_bucket_consumer to None, run_after=None
[2024-10-01T20:55:23.911+0000] {logging_mixin.py:190} INFO - [2024-10-01T20:55:23.911+0000] {dag.py:4180} INFO - Setting next_dagrun for dataset_s3_bucket_producer to None, run_after=None
[2024-10-01T20:55:23.932+0000] {processor.py:208} INFO - Processing /home/airflow/.local/lib/python3.12/site-packages/airflow/example_dags/example_dataset_alias.py took 0.268 seconds
[2024-10-01T20:55:55.579+0000] {processor.py:186} INFO - Started process (PID=1247) to work on /home/airflow/.local/lib/python3.12/site-packages/airflow/example_dags/example_dataset_alias.py
[2024-10-01T20:55:55.584+0000] {processor.py:914} INFO - Processing file /home/airflow/.local/lib/python3.12/site-packages/airflow/example_dags/example_dataset_alias.py for tasks to queue
[2024-10-01T20:55:55.596+0000] {logging_mixin.py:190} INFO - [2024-10-01T20:55:55.595+0000] {dagbag.py:588} INFO - Filling up the DagBag from /home/airflow/.local/lib/python3.12/site-packages/airflow/example_dags/example_dataset_alias.py
[2024-10-01T20:55:55.971+0000] {processor.py:925} INFO - DAG(s) 'dataset_alias_example_alias_consumer', 'dataset_s3_bucket_consumer', 'dataset_s3_bucket_producer', 'dataset_alias_example_alias_producer' retrieved from /home/airflow/.local/lib/python3.12/site-packages/airflow/example_dags/example_dataset_alias.py
[2024-10-01T20:55:56.016+0000] {logging_mixin.py:190} INFO - [2024-10-01T20:55:56.016+0000] {dag.py:3239} INFO - Sync 4 DAGs
[2024-10-01T20:55:56.069+0000] {logging_mixin.py:190} INFO - [2024-10-01T20:55:56.068+0000] {dag.py:4180} INFO - Setting next_dagrun for dataset_alias_example_alias_consumer to None, run_after=None
[2024-10-01T20:55:56.072+0000] {logging_mixin.py:190} INFO - [2024-10-01T20:55:56.072+0000] {dag.py:4180} INFO - Setting next_dagrun for dataset_alias_example_alias_producer to None, run_after=None
[2024-10-01T20:55:56.073+0000] {logging_mixin.py:190} INFO - [2024-10-01T20:55:56.073+0000] {dag.py:4180} INFO - Setting next_dagrun for dataset_s3_bucket_consumer to None, run_after=None
[2024-10-01T20:55:56.075+0000] {logging_mixin.py:190} INFO - [2024-10-01T20:55:56.075+0000] {dag.py:4180} INFO - Setting next_dagrun for dataset_s3_bucket_producer to None, run_after=None
[2024-10-01T20:55:56.106+0000] {processor.py:208} INFO - Processing /home/airflow/.local/lib/python3.12/site-packages/airflow/example_dags/example_dataset_alias.py took 0.539 seconds
[2024-10-01T20:56:26.242+0000] {processor.py:186} INFO - Started process (PID=1309) to work on /home/airflow/.local/lib/python3.12/site-packages/airflow/example_dags/example_dataset_alias.py
[2024-10-01T20:56:26.244+0000] {processor.py:914} INFO - Processing file /home/airflow/.local/lib/python3.12/site-packages/airflow/example_dags/example_dataset_alias.py for tasks to queue
[2024-10-01T20:56:26.246+0000] {logging_mixin.py:190} INFO - [2024-10-01T20:56:26.246+0000] {dagbag.py:588} INFO - Filling up the DagBag from /home/airflow/.local/lib/python3.12/site-packages/airflow/example_dags/example_dataset_alias.py
[2024-10-01T20:56:26.404+0000] {processor.py:925} INFO - DAG(s) 'dataset_alias_example_alias_producer', 'dataset_s3_bucket_producer', 'dataset_alias_example_alias_consumer', 'dataset_s3_bucket_consumer' retrieved from /home/airflow/.local/lib/python3.12/site-packages/airflow/example_dags/example_dataset_alias.py
[2024-10-01T20:56:26.425+0000] {logging_mixin.py:190} INFO - [2024-10-01T20:56:26.425+0000] {dag.py:3239} INFO - Sync 4 DAGs
[2024-10-01T20:56:26.452+0000] {logging_mixin.py:190} INFO - [2024-10-01T20:56:26.452+0000] {dag.py:4180} INFO - Setting next_dagrun for dataset_alias_example_alias_consumer to None, run_after=None
[2024-10-01T20:56:26.455+0000] {logging_mixin.py:190} INFO - [2024-10-01T20:56:26.455+0000] {dag.py:4180} INFO - Setting next_dagrun for dataset_alias_example_alias_producer to None, run_after=None
[2024-10-01T20:56:26.466+0000] {logging_mixin.py:190} INFO - [2024-10-01T20:56:26.465+0000] {dag.py:4180} INFO - Setting next_dagrun for dataset_s3_bucket_consumer to None, run_after=None
[2024-10-01T20:56:26.475+0000] {logging_mixin.py:190} INFO - [2024-10-01T20:56:26.470+0000] {dag.py:4180} INFO - Setting next_dagrun for dataset_s3_bucket_producer to None, run_after=None
[2024-10-01T20:56:26.503+0000] {processor.py:208} INFO - Processing /home/airflow/.local/lib/python3.12/site-packages/airflow/example_dags/example_dataset_alias.py took 0.270 seconds
[2024-10-01T20:56:57.496+0000] {processor.py:186} INFO - Started process (PID=1371) to work on /home/airflow/.local/lib/python3.12/site-packages/airflow/example_dags/example_dataset_alias.py
[2024-10-01T20:56:57.497+0000] {processor.py:914} INFO - Processing file /home/airflow/.local/lib/python3.12/site-packages/airflow/example_dags/example_dataset_alias.py for tasks to queue
[2024-10-01T20:56:57.499+0000] {logging_mixin.py:190} INFO - [2024-10-01T20:56:57.498+0000] {dagbag.py:588} INFO - Filling up the DagBag from /home/airflow/.local/lib/python3.12/site-packages/airflow/example_dags/example_dataset_alias.py
[2024-10-01T20:56:57.632+0000] {processor.py:925} INFO - DAG(s) 'dataset_alias_example_alias_producer', 'dataset_s3_bucket_producer', 'dataset_s3_bucket_consumer', 'dataset_alias_example_alias_consumer' retrieved from /home/airflow/.local/lib/python3.12/site-packages/airflow/example_dags/example_dataset_alias.py
[2024-10-01T20:56:57.655+0000] {logging_mixin.py:190} INFO - [2024-10-01T20:56:57.654+0000] {dag.py:3239} INFO - Sync 4 DAGs
[2024-10-01T20:56:57.671+0000] {logging_mixin.py:190} INFO - [2024-10-01T20:56:57.671+0000] {dag.py:4180} INFO - Setting next_dagrun for dataset_alias_example_alias_consumer to None, run_after=None
[2024-10-01T20:56:57.673+0000] {logging_mixin.py:190} INFO - [2024-10-01T20:56:57.673+0000] {dag.py:4180} INFO - Setting next_dagrun for dataset_alias_example_alias_producer to None, run_after=None
[2024-10-01T20:56:57.674+0000] {logging_mixin.py:190} INFO - [2024-10-01T20:56:57.674+0000] {dag.py:4180} INFO - Setting next_dagrun for dataset_s3_bucket_consumer to None, run_after=None
[2024-10-01T20:56:57.675+0000] {logging_mixin.py:190} INFO - [2024-10-01T20:56:57.675+0000] {dag.py:4180} INFO - Setting next_dagrun for dataset_s3_bucket_producer to None, run_after=None
[2024-10-01T20:56:57.694+0000] {processor.py:208} INFO - Processing /home/airflow/.local/lib/python3.12/site-packages/airflow/example_dags/example_dataset_alias.py took 0.203 seconds
