[2024-10-01T20:46:10.518+0000] {processor.py:186} INFO - Started process (PID=68) to work on /home/airflow/.local/lib/python3.12/site-packages/airflow/example_dags/example_outlet_event_extra.py
[2024-10-01T20:46:10.520+0000] {processor.py:914} INFO - Processing file /home/airflow/.local/lib/python3.12/site-packages/airflow/example_dags/example_outlet_event_extra.py for tasks to queue
[2024-10-01T20:46:10.539+0000] {logging_mixin.py:190} INFO - [2024-10-01T20:46:10.536+0000] {dagbag.py:588} INFO - Filling up the DagBag from /home/airflow/.local/lib/python3.12/site-packages/airflow/example_dags/example_outlet_event_extra.py
[2024-10-01T20:46:10.853+0000] {processor.py:925} INFO - DAG(s) 'dataset_with_extra_from_classic_operator', 'dataset_with_extra_by_yield', 'dataset_with_extra_by_context' retrieved from /home/airflow/.local/lib/python3.12/site-packages/airflow/example_dags/example_outlet_event_extra.py
[2024-10-01T20:46:11.120+0000] {logging_mixin.py:190} INFO - [2024-10-01T20:46:11.113+0000] {override.py:1900} INFO - Created Permission View: can delete on DAG:dataset_with_extra_from_classic_operator
[2024-10-01T20:46:11.138+0000] {logging_mixin.py:190} INFO - [2024-10-01T20:46:11.138+0000] {override.py:1900} INFO - Created Permission View: can read on DAG:dataset_with_extra_from_classic_operator
[2024-10-01T20:46:11.143+0000] {logging_mixin.py:190} INFO - [2024-10-01T20:46:11.142+0000] {override.py:1900} INFO - Created Permission View: can edit on DAG:dataset_with_extra_from_classic_operator
[2024-10-01T20:46:11.147+0000] {logging_mixin.py:190} INFO - [2024-10-01T20:46:11.147+0000] {override.py:1900} INFO - Created Permission View: can delete on DAG Run:dataset_with_extra_from_classic_operator
[2024-10-01T20:46:11.159+0000] {logging_mixin.py:190} INFO - [2024-10-01T20:46:11.157+0000] {override.py:1900} INFO - Created Permission View: can read on DAG Run:dataset_with_extra_from_classic_operator
[2024-10-01T20:46:11.172+0000] {logging_mixin.py:190} INFO - [2024-10-01T20:46:11.171+0000] {override.py:1900} INFO - Created Permission View: menu access on DAG Run:dataset_with_extra_from_classic_operator
[2024-10-01T20:46:11.180+0000] {logging_mixin.py:190} INFO - [2024-10-01T20:46:11.179+0000] {override.py:1900} INFO - Created Permission View: can create on DAG Run:dataset_with_extra_from_classic_operator
[2024-10-01T20:46:11.198+0000] {logging_mixin.py:190} INFO - [2024-10-01T20:46:11.197+0000] {override.py:1900} INFO - Created Permission View: can delete on DAG:dataset_with_extra_by_yield
[2024-10-01T20:46:11.214+0000] {logging_mixin.py:190} INFO - [2024-10-01T20:46:11.213+0000] {override.py:1900} INFO - Created Permission View: can read on DAG:dataset_with_extra_by_yield
[2024-10-01T20:46:11.221+0000] {logging_mixin.py:190} INFO - [2024-10-01T20:46:11.220+0000] {override.py:1900} INFO - Created Permission View: can edit on DAG:dataset_with_extra_by_yield
[2024-10-01T20:46:11.230+0000] {logging_mixin.py:190} INFO - [2024-10-01T20:46:11.229+0000] {override.py:1900} INFO - Created Permission View: can delete on DAG Run:dataset_with_extra_by_yield
[2024-10-01T20:46:11.235+0000] {logging_mixin.py:190} INFO - [2024-10-01T20:46:11.235+0000] {override.py:1900} INFO - Created Permission View: can read on DAG Run:dataset_with_extra_by_yield
[2024-10-01T20:46:11.239+0000] {logging_mixin.py:190} INFO - [2024-10-01T20:46:11.239+0000] {override.py:1900} INFO - Created Permission View: menu access on DAG Run:dataset_with_extra_by_yield
[2024-10-01T20:46:11.243+0000] {logging_mixin.py:190} INFO - [2024-10-01T20:46:11.243+0000] {override.py:1900} INFO - Created Permission View: can create on DAG Run:dataset_with_extra_by_yield
[2024-10-01T20:46:11.251+0000] {logging_mixin.py:190} INFO - [2024-10-01T20:46:11.251+0000] {override.py:1900} INFO - Created Permission View: can delete on DAG:dataset_with_extra_by_context
[2024-10-01T20:46:11.259+0000] {logging_mixin.py:190} INFO - [2024-10-01T20:46:11.259+0000] {override.py:1900} INFO - Created Permission View: can read on DAG:dataset_with_extra_by_context
[2024-10-01T20:46:11.274+0000] {logging_mixin.py:190} INFO - [2024-10-01T20:46:11.273+0000] {override.py:1900} INFO - Created Permission View: can edit on DAG:dataset_with_extra_by_context
[2024-10-01T20:46:11.285+0000] {logging_mixin.py:190} INFO - [2024-10-01T20:46:11.284+0000] {override.py:1900} INFO - Created Permission View: can delete on DAG Run:dataset_with_extra_by_context
[2024-10-01T20:46:11.291+0000] {logging_mixin.py:190} INFO - [2024-10-01T20:46:11.291+0000] {override.py:1900} INFO - Created Permission View: can read on DAG Run:dataset_with_extra_by_context
[2024-10-01T20:46:11.297+0000] {logging_mixin.py:190} INFO - [2024-10-01T20:46:11.296+0000] {override.py:1900} INFO - Created Permission View: menu access on DAG Run:dataset_with_extra_by_context
[2024-10-01T20:46:11.303+0000] {logging_mixin.py:190} INFO - [2024-10-01T20:46:11.302+0000] {override.py:1900} INFO - Created Permission View: can create on DAG Run:dataset_with_extra_by_context
[2024-10-01T20:46:11.303+0000] {logging_mixin.py:190} INFO - [2024-10-01T20:46:11.303+0000] {dag.py:3239} INFO - Sync 3 DAGs
[2024-10-01T20:46:11.320+0000] {logging_mixin.py:190} INFO - [2024-10-01T20:46:11.320+0000] {dag.py:3262} INFO - Creating ORM DAG for dataset_with_extra_from_classic_operator
[2024-10-01T20:46:11.322+0000] {logging_mixin.py:190} INFO - [2024-10-01T20:46:11.322+0000] {dag.py:3262} INFO - Creating ORM DAG for dataset_with_extra_by_yield
[2024-10-01T20:46:11.324+0000] {logging_mixin.py:190} INFO - [2024-10-01T20:46:11.323+0000] {dag.py:3262} INFO - Creating ORM DAG for dataset_with_extra_by_context
[2024-10-01T20:46:11.355+0000] {logging_mixin.py:190} INFO - [2024-10-01T20:46:11.354+0000] {dag.py:4180} INFO - Setting next_dagrun for dataset_with_extra_by_context to 2024-09-30 00:00:00+00:00, run_after=2024-10-01 00:00:00+00:00
[2024-10-01T20:46:11.358+0000] {logging_mixin.py:190} INFO - [2024-10-01T20:46:11.358+0000] {dag.py:4180} INFO - Setting next_dagrun for dataset_with_extra_by_yield to 2024-09-30 00:00:00+00:00, run_after=2024-10-01 00:00:00+00:00
[2024-10-01T20:46:11.360+0000] {logging_mixin.py:190} INFO - [2024-10-01T20:46:11.360+0000] {dag.py:4180} INFO - Setting next_dagrun for dataset_with_extra_from_classic_operator to 2024-09-30 00:00:00+00:00, run_after=2024-10-01 00:00:00+00:00
[2024-10-01T20:46:11.410+0000] {processor.py:208} INFO - Processing /home/airflow/.local/lib/python3.12/site-packages/airflow/example_dags/example_outlet_event_extra.py took 0.931 seconds
[2024-10-01T20:46:41.548+0000] {processor.py:186} INFO - Started process (PID=130) to work on /home/airflow/.local/lib/python3.12/site-packages/airflow/example_dags/example_outlet_event_extra.py
[2024-10-01T20:46:41.549+0000] {processor.py:914} INFO - Processing file /home/airflow/.local/lib/python3.12/site-packages/airflow/example_dags/example_outlet_event_extra.py for tasks to queue
[2024-10-01T20:46:41.551+0000] {logging_mixin.py:190} INFO - [2024-10-01T20:46:41.550+0000] {dagbag.py:588} INFO - Filling up the DagBag from /home/airflow/.local/lib/python3.12/site-packages/airflow/example_dags/example_outlet_event_extra.py
[2024-10-01T20:46:41.653+0000] {processor.py:925} INFO - DAG(s) 'dataset_with_extra_by_yield', 'dataset_with_extra_by_context', 'dataset_with_extra_from_classic_operator' retrieved from /home/airflow/.local/lib/python3.12/site-packages/airflow/example_dags/example_outlet_event_extra.py
[2024-10-01T20:46:41.671+0000] {logging_mixin.py:190} INFO - [2024-10-01T20:46:41.671+0000] {dag.py:3239} INFO - Sync 3 DAGs
[2024-10-01T20:46:41.686+0000] {logging_mixin.py:190} INFO - [2024-10-01T20:46:41.685+0000] {dag.py:4180} INFO - Setting next_dagrun for dataset_with_extra_by_context to 2024-09-30 00:00:00+00:00, run_after=2024-10-01 00:00:00+00:00
[2024-10-01T20:46:41.688+0000] {logging_mixin.py:190} INFO - [2024-10-01T20:46:41.688+0000] {dag.py:4180} INFO - Setting next_dagrun for dataset_with_extra_by_yield to 2024-09-30 00:00:00+00:00, run_after=2024-10-01 00:00:00+00:00
[2024-10-01T20:46:41.690+0000] {logging_mixin.py:190} INFO - [2024-10-01T20:46:41.689+0000] {dag.py:4180} INFO - Setting next_dagrun for dataset_with_extra_from_classic_operator to 2024-09-30 00:00:00+00:00, run_after=2024-10-01 00:00:00+00:00
[2024-10-01T20:46:41.700+0000] {processor.py:208} INFO - Processing /home/airflow/.local/lib/python3.12/site-packages/airflow/example_dags/example_outlet_event_extra.py took 0.159 seconds
[2024-10-01T20:47:11.879+0000] {processor.py:186} INFO - Started process (PID=192) to work on /home/airflow/.local/lib/python3.12/site-packages/airflow/example_dags/example_outlet_event_extra.py
[2024-10-01T20:47:11.882+0000] {processor.py:914} INFO - Processing file /home/airflow/.local/lib/python3.12/site-packages/airflow/example_dags/example_outlet_event_extra.py for tasks to queue
[2024-10-01T20:47:11.884+0000] {logging_mixin.py:190} INFO - [2024-10-01T20:47:11.884+0000] {dagbag.py:588} INFO - Filling up the DagBag from /home/airflow/.local/lib/python3.12/site-packages/airflow/example_dags/example_outlet_event_extra.py
[2024-10-01T20:47:12.013+0000] {processor.py:925} INFO - DAG(s) 'dataset_with_extra_from_classic_operator', 'dataset_with_extra_by_context', 'dataset_with_extra_by_yield' retrieved from /home/airflow/.local/lib/python3.12/site-packages/airflow/example_dags/example_outlet_event_extra.py
[2024-10-01T20:47:12.035+0000] {logging_mixin.py:190} INFO - [2024-10-01T20:47:12.035+0000] {dag.py:3239} INFO - Sync 3 DAGs
[2024-10-01T20:47:12.055+0000] {logging_mixin.py:190} INFO - [2024-10-01T20:47:12.055+0000] {dag.py:4180} INFO - Setting next_dagrun for dataset_with_extra_by_context to 2024-09-30 00:00:00+00:00, run_after=2024-10-01 00:00:00+00:00
[2024-10-01T20:47:12.061+0000] {logging_mixin.py:190} INFO - [2024-10-01T20:47:12.060+0000] {dag.py:4180} INFO - Setting next_dagrun for dataset_with_extra_by_yield to 2024-09-30 00:00:00+00:00, run_after=2024-10-01 00:00:00+00:00
[2024-10-01T20:47:12.063+0000] {logging_mixin.py:190} INFO - [2024-10-01T20:47:12.063+0000] {dag.py:4180} INFO - Setting next_dagrun for dataset_with_extra_from_classic_operator to 2024-09-30 00:00:00+00:00, run_after=2024-10-01 00:00:00+00:00
[2024-10-01T20:47:12.078+0000] {processor.py:208} INFO - Processing /home/airflow/.local/lib/python3.12/site-packages/airflow/example_dags/example_outlet_event_extra.py took 0.213 seconds
[2024-10-01T20:47:42.541+0000] {processor.py:186} INFO - Started process (PID=255) to work on /home/airflow/.local/lib/python3.12/site-packages/airflow/example_dags/example_outlet_event_extra.py
[2024-10-01T20:47:42.542+0000] {processor.py:914} INFO - Processing file /home/airflow/.local/lib/python3.12/site-packages/airflow/example_dags/example_outlet_event_extra.py for tasks to queue
[2024-10-01T20:47:42.544+0000] {logging_mixin.py:190} INFO - [2024-10-01T20:47:42.543+0000] {dagbag.py:588} INFO - Filling up the DagBag from /home/airflow/.local/lib/python3.12/site-packages/airflow/example_dags/example_outlet_event_extra.py
[2024-10-01T20:47:42.657+0000] {processor.py:925} INFO - DAG(s) 'dataset_with_extra_by_context', 'dataset_with_extra_by_yield', 'dataset_with_extra_from_classic_operator' retrieved from /home/airflow/.local/lib/python3.12/site-packages/airflow/example_dags/example_outlet_event_extra.py
[2024-10-01T20:47:42.677+0000] {logging_mixin.py:190} INFO - [2024-10-01T20:47:42.677+0000] {dag.py:3239} INFO - Sync 3 DAGs
[2024-10-01T20:47:42.696+0000] {logging_mixin.py:190} INFO - [2024-10-01T20:47:42.696+0000] {dag.py:4180} INFO - Setting next_dagrun for dataset_with_extra_by_context to 2024-09-30 00:00:00+00:00, run_after=2024-10-01 00:00:00+00:00
[2024-10-01T20:47:42.699+0000] {logging_mixin.py:190} INFO - [2024-10-01T20:47:42.699+0000] {dag.py:4180} INFO - Setting next_dagrun for dataset_with_extra_by_yield to 2024-09-30 00:00:00+00:00, run_after=2024-10-01 00:00:00+00:00
[2024-10-01T20:47:42.700+0000] {logging_mixin.py:190} INFO - [2024-10-01T20:47:42.700+0000] {dag.py:4180} INFO - Setting next_dagrun for dataset_with_extra_from_classic_operator to 2024-09-30 00:00:00+00:00, run_after=2024-10-01 00:00:00+00:00
[2024-10-01T20:47:42.714+0000] {processor.py:208} INFO - Processing /home/airflow/.local/lib/python3.12/site-packages/airflow/example_dags/example_outlet_event_extra.py took 0.178 seconds
[2024-10-01T20:48:13.380+0000] {processor.py:186} INFO - Started process (PID=316) to work on /home/airflow/.local/lib/python3.12/site-packages/airflow/example_dags/example_outlet_event_extra.py
[2024-10-01T20:48:13.382+0000] {processor.py:914} INFO - Processing file /home/airflow/.local/lib/python3.12/site-packages/airflow/example_dags/example_outlet_event_extra.py for tasks to queue
[2024-10-01T20:48:13.386+0000] {logging_mixin.py:190} INFO - [2024-10-01T20:48:13.386+0000] {dagbag.py:588} INFO - Filling up the DagBag from /home/airflow/.local/lib/python3.12/site-packages/airflow/example_dags/example_outlet_event_extra.py
[2024-10-01T20:48:13.530+0000] {processor.py:925} INFO - DAG(s) 'dataset_with_extra_by_context', 'dataset_with_extra_from_classic_operator', 'dataset_with_extra_by_yield' retrieved from /home/airflow/.local/lib/python3.12/site-packages/airflow/example_dags/example_outlet_event_extra.py
[2024-10-01T20:48:13.559+0000] {logging_mixin.py:190} INFO - [2024-10-01T20:48:13.559+0000] {dag.py:3239} INFO - Sync 3 DAGs
[2024-10-01T20:48:13.594+0000] {logging_mixin.py:190} INFO - [2024-10-01T20:48:13.594+0000] {dag.py:4180} INFO - Setting next_dagrun for dataset_with_extra_by_context to 2024-09-30 00:00:00+00:00, run_after=2024-10-01 00:00:00+00:00
[2024-10-01T20:48:13.597+0000] {logging_mixin.py:190} INFO - [2024-10-01T20:48:13.597+0000] {dag.py:4180} INFO - Setting next_dagrun for dataset_with_extra_by_yield to 2024-09-30 00:00:00+00:00, run_after=2024-10-01 00:00:00+00:00
[2024-10-01T20:48:13.599+0000] {logging_mixin.py:190} INFO - [2024-10-01T20:48:13.598+0000] {dag.py:4180} INFO - Setting next_dagrun for dataset_with_extra_from_classic_operator to 2024-09-30 00:00:00+00:00, run_after=2024-10-01 00:00:00+00:00
[2024-10-01T20:48:13.612+0000] {processor.py:208} INFO - Processing /home/airflow/.local/lib/python3.12/site-packages/airflow/example_dags/example_outlet_event_extra.py took 0.243 seconds
[2024-10-01T20:48:44.149+0000] {processor.py:186} INFO - Started process (PID=378) to work on /home/airflow/.local/lib/python3.12/site-packages/airflow/example_dags/example_outlet_event_extra.py
[2024-10-01T20:48:44.151+0000] {processor.py:914} INFO - Processing file /home/airflow/.local/lib/python3.12/site-packages/airflow/example_dags/example_outlet_event_extra.py for tasks to queue
[2024-10-01T20:48:44.152+0000] {logging_mixin.py:190} INFO - [2024-10-01T20:48:44.152+0000] {dagbag.py:588} INFO - Filling up the DagBag from /home/airflow/.local/lib/python3.12/site-packages/airflow/example_dags/example_outlet_event_extra.py
[2024-10-01T20:48:44.254+0000] {processor.py:925} INFO - DAG(s) 'dataset_with_extra_by_yield', 'dataset_with_extra_from_classic_operator', 'dataset_with_extra_by_context' retrieved from /home/airflow/.local/lib/python3.12/site-packages/airflow/example_dags/example_outlet_event_extra.py
[2024-10-01T20:48:44.269+0000] {logging_mixin.py:190} INFO - [2024-10-01T20:48:44.269+0000] {dag.py:3239} INFO - Sync 3 DAGs
[2024-10-01T20:48:44.283+0000] {logging_mixin.py:190} INFO - [2024-10-01T20:48:44.283+0000] {dag.py:4180} INFO - Setting next_dagrun for dataset_with_extra_by_context to 2024-09-30 00:00:00+00:00, run_after=2024-10-01 00:00:00+00:00
[2024-10-01T20:48:44.286+0000] {logging_mixin.py:190} INFO - [2024-10-01T20:48:44.285+0000] {dag.py:4180} INFO - Setting next_dagrun for dataset_with_extra_by_yield to 2024-09-30 00:00:00+00:00, run_after=2024-10-01 00:00:00+00:00
[2024-10-01T20:48:44.287+0000] {logging_mixin.py:190} INFO - [2024-10-01T20:48:44.287+0000] {dag.py:4180} INFO - Setting next_dagrun for dataset_with_extra_from_classic_operator to 2024-09-30 00:00:00+00:00, run_after=2024-10-01 00:00:00+00:00
[2024-10-01T20:48:44.298+0000] {processor.py:208} INFO - Processing /home/airflow/.local/lib/python3.12/site-packages/airflow/example_dags/example_outlet_event_extra.py took 0.154 seconds
[2024-10-01T20:49:14.685+0000] {processor.py:186} INFO - Started process (PID=440) to work on /home/airflow/.local/lib/python3.12/site-packages/airflow/example_dags/example_outlet_event_extra.py
[2024-10-01T20:49:14.686+0000] {processor.py:914} INFO - Processing file /home/airflow/.local/lib/python3.12/site-packages/airflow/example_dags/example_outlet_event_extra.py for tasks to queue
[2024-10-01T20:49:14.690+0000] {logging_mixin.py:190} INFO - [2024-10-01T20:49:14.689+0000] {dagbag.py:588} INFO - Filling up the DagBag from /home/airflow/.local/lib/python3.12/site-packages/airflow/example_dags/example_outlet_event_extra.py
[2024-10-01T20:49:14.814+0000] {processor.py:925} INFO - DAG(s) 'dataset_with_extra_by_context', 'dataset_with_extra_by_yield', 'dataset_with_extra_from_classic_operator' retrieved from /home/airflow/.local/lib/python3.12/site-packages/airflow/example_dags/example_outlet_event_extra.py
[2024-10-01T20:49:14.836+0000] {logging_mixin.py:190} INFO - [2024-10-01T20:49:14.836+0000] {dag.py:3239} INFO - Sync 3 DAGs
[2024-10-01T20:49:14.855+0000] {logging_mixin.py:190} INFO - [2024-10-01T20:49:14.855+0000] {dag.py:4180} INFO - Setting next_dagrun for dataset_with_extra_by_context to 2024-09-30 00:00:00+00:00, run_after=2024-10-01 00:00:00+00:00
[2024-10-01T20:49:14.859+0000] {logging_mixin.py:190} INFO - [2024-10-01T20:49:14.859+0000] {dag.py:4180} INFO - Setting next_dagrun for dataset_with_extra_by_yield to 2024-09-30 00:00:00+00:00, run_after=2024-10-01 00:00:00+00:00
[2024-10-01T20:49:14.861+0000] {logging_mixin.py:190} INFO - [2024-10-01T20:49:14.861+0000] {dag.py:4180} INFO - Setting next_dagrun for dataset_with_extra_from_classic_operator to 2024-09-30 00:00:00+00:00, run_after=2024-10-01 00:00:00+00:00
[2024-10-01T20:49:14.874+0000] {processor.py:208} INFO - Processing /home/airflow/.local/lib/python3.12/site-packages/airflow/example_dags/example_outlet_event_extra.py took 0.193 seconds
[2024-10-01T20:49:45.616+0000] {processor.py:186} INFO - Started process (PID=502) to work on /home/airflow/.local/lib/python3.12/site-packages/airflow/example_dags/example_outlet_event_extra.py
[2024-10-01T20:49:45.618+0000] {processor.py:914} INFO - Processing file /home/airflow/.local/lib/python3.12/site-packages/airflow/example_dags/example_outlet_event_extra.py for tasks to queue
[2024-10-01T20:49:45.619+0000] {logging_mixin.py:190} INFO - [2024-10-01T20:49:45.619+0000] {dagbag.py:588} INFO - Filling up the DagBag from /home/airflow/.local/lib/python3.12/site-packages/airflow/example_dags/example_outlet_event_extra.py
[2024-10-01T20:49:45.725+0000] {processor.py:925} INFO - DAG(s) 'dataset_with_extra_by_yield', 'dataset_with_extra_from_classic_operator', 'dataset_with_extra_by_context' retrieved from /home/airflow/.local/lib/python3.12/site-packages/airflow/example_dags/example_outlet_event_extra.py
[2024-10-01T20:49:45.740+0000] {logging_mixin.py:190} INFO - [2024-10-01T20:49:45.740+0000] {dag.py:3239} INFO - Sync 3 DAGs
[2024-10-01T20:49:45.755+0000] {logging_mixin.py:190} INFO - [2024-10-01T20:49:45.755+0000] {dag.py:4180} INFO - Setting next_dagrun for dataset_with_extra_by_context to 2024-09-30 00:00:00+00:00, run_after=2024-10-01 00:00:00+00:00
[2024-10-01T20:49:45.758+0000] {logging_mixin.py:190} INFO - [2024-10-01T20:49:45.758+0000] {dag.py:4180} INFO - Setting next_dagrun for dataset_with_extra_by_yield to 2024-09-30 00:00:00+00:00, run_after=2024-10-01 00:00:00+00:00
[2024-10-01T20:49:45.759+0000] {logging_mixin.py:190} INFO - [2024-10-01T20:49:45.759+0000] {dag.py:4180} INFO - Setting next_dagrun for dataset_with_extra_from_classic_operator to 2024-09-30 00:00:00+00:00, run_after=2024-10-01 00:00:00+00:00
[2024-10-01T20:49:45.769+0000] {processor.py:208} INFO - Processing /home/airflow/.local/lib/python3.12/site-packages/airflow/example_dags/example_outlet_event_extra.py took 0.158 seconds
[2024-10-01T20:50:16.274+0000] {processor.py:186} INFO - Started process (PID=564) to work on /home/airflow/.local/lib/python3.12/site-packages/airflow/example_dags/example_outlet_event_extra.py
[2024-10-01T20:50:16.276+0000] {processor.py:914} INFO - Processing file /home/airflow/.local/lib/python3.12/site-packages/airflow/example_dags/example_outlet_event_extra.py for tasks to queue
[2024-10-01T20:50:16.278+0000] {logging_mixin.py:190} INFO - [2024-10-01T20:50:16.278+0000] {dagbag.py:588} INFO - Filling up the DagBag from /home/airflow/.local/lib/python3.12/site-packages/airflow/example_dags/example_outlet_event_extra.py
[2024-10-01T20:50:16.397+0000] {processor.py:925} INFO - DAG(s) 'dataset_with_extra_from_classic_operator', 'dataset_with_extra_by_yield', 'dataset_with_extra_by_context' retrieved from /home/airflow/.local/lib/python3.12/site-packages/airflow/example_dags/example_outlet_event_extra.py
[2024-10-01T20:50:16.412+0000] {logging_mixin.py:190} INFO - [2024-10-01T20:50:16.411+0000] {dag.py:3239} INFO - Sync 3 DAGs
[2024-10-01T20:50:16.426+0000] {logging_mixin.py:190} INFO - [2024-10-01T20:50:16.426+0000] {dag.py:4180} INFO - Setting next_dagrun for dataset_with_extra_by_context to 2024-09-30 00:00:00+00:00, run_after=2024-10-01 00:00:00+00:00
[2024-10-01T20:50:16.429+0000] {logging_mixin.py:190} INFO - [2024-10-01T20:50:16.429+0000] {dag.py:4180} INFO - Setting next_dagrun for dataset_with_extra_by_yield to 2024-09-30 00:00:00+00:00, run_after=2024-10-01 00:00:00+00:00
[2024-10-01T20:50:16.430+0000] {logging_mixin.py:190} INFO - [2024-10-01T20:50:16.430+0000] {dag.py:4180} INFO - Setting next_dagrun for dataset_with_extra_from_classic_operator to 2024-09-30 00:00:00+00:00, run_after=2024-10-01 00:00:00+00:00
[2024-10-01T20:50:16.440+0000] {processor.py:208} INFO - Processing /home/airflow/.local/lib/python3.12/site-packages/airflow/example_dags/example_outlet_event_extra.py took 0.171 seconds
[2024-10-01T20:50:47.283+0000] {processor.py:186} INFO - Started process (PID=626) to work on /home/airflow/.local/lib/python3.12/site-packages/airflow/example_dags/example_outlet_event_extra.py
[2024-10-01T20:50:47.284+0000] {processor.py:914} INFO - Processing file /home/airflow/.local/lib/python3.12/site-packages/airflow/example_dags/example_outlet_event_extra.py for tasks to queue
[2024-10-01T20:50:47.286+0000] {logging_mixin.py:190} INFO - [2024-10-01T20:50:47.285+0000] {dagbag.py:588} INFO - Filling up the DagBag from /home/airflow/.local/lib/python3.12/site-packages/airflow/example_dags/example_outlet_event_extra.py
[2024-10-01T20:50:47.418+0000] {processor.py:925} INFO - DAG(s) 'dataset_with_extra_by_context', 'dataset_with_extra_by_yield', 'dataset_with_extra_from_classic_operator' retrieved from /home/airflow/.local/lib/python3.12/site-packages/airflow/example_dags/example_outlet_event_extra.py
[2024-10-01T20:50:47.439+0000] {logging_mixin.py:190} INFO - [2024-10-01T20:50:47.438+0000] {dag.py:3239} INFO - Sync 3 DAGs
[2024-10-01T20:50:47.454+0000] {logging_mixin.py:190} INFO - [2024-10-01T20:50:47.454+0000] {dag.py:4180} INFO - Setting next_dagrun for dataset_with_extra_by_context to 2024-09-30 00:00:00+00:00, run_after=2024-10-01 00:00:00+00:00
[2024-10-01T20:50:47.457+0000] {logging_mixin.py:190} INFO - [2024-10-01T20:50:47.457+0000] {dag.py:4180} INFO - Setting next_dagrun for dataset_with_extra_by_yield to 2024-09-30 00:00:00+00:00, run_after=2024-10-01 00:00:00+00:00
[2024-10-01T20:50:47.458+0000] {logging_mixin.py:190} INFO - [2024-10-01T20:50:47.458+0000] {dag.py:4180} INFO - Setting next_dagrun for dataset_with_extra_from_classic_operator to 2024-09-30 00:00:00+00:00, run_after=2024-10-01 00:00:00+00:00
[2024-10-01T20:50:47.469+0000] {processor.py:208} INFO - Processing /home/airflow/.local/lib/python3.12/site-packages/airflow/example_dags/example_outlet_event_extra.py took 0.192 seconds
[2024-10-01T20:51:18.428+0000] {processor.py:186} INFO - Started process (PID=688) to work on /home/airflow/.local/lib/python3.12/site-packages/airflow/example_dags/example_outlet_event_extra.py
[2024-10-01T20:51:18.429+0000] {processor.py:914} INFO - Processing file /home/airflow/.local/lib/python3.12/site-packages/airflow/example_dags/example_outlet_event_extra.py for tasks to queue
[2024-10-01T20:51:18.431+0000] {logging_mixin.py:190} INFO - [2024-10-01T20:51:18.430+0000] {dagbag.py:588} INFO - Filling up the DagBag from /home/airflow/.local/lib/python3.12/site-packages/airflow/example_dags/example_outlet_event_extra.py
[2024-10-01T20:51:18.560+0000] {processor.py:925} INFO - DAG(s) 'dataset_with_extra_by_yield', 'dataset_with_extra_from_classic_operator', 'dataset_with_extra_by_context' retrieved from /home/airflow/.local/lib/python3.12/site-packages/airflow/example_dags/example_outlet_event_extra.py
[2024-10-01T20:51:18.592+0000] {logging_mixin.py:190} INFO - [2024-10-01T20:51:18.591+0000] {dag.py:3239} INFO - Sync 3 DAGs
[2024-10-01T20:51:18.611+0000] {logging_mixin.py:190} INFO - [2024-10-01T20:51:18.611+0000] {dag.py:4180} INFO - Setting next_dagrun for dataset_with_extra_by_context to 2024-09-30 00:00:00+00:00, run_after=2024-10-01 00:00:00+00:00
[2024-10-01T20:51:18.614+0000] {logging_mixin.py:190} INFO - [2024-10-01T20:51:18.614+0000] {dag.py:4180} INFO - Setting next_dagrun for dataset_with_extra_by_yield to 2024-09-30 00:00:00+00:00, run_after=2024-10-01 00:00:00+00:00
[2024-10-01T20:51:18.617+0000] {logging_mixin.py:190} INFO - [2024-10-01T20:51:18.617+0000] {dag.py:4180} INFO - Setting next_dagrun for dataset_with_extra_from_classic_operator to 2024-09-30 00:00:00+00:00, run_after=2024-10-01 00:00:00+00:00
[2024-10-01T20:51:18.630+0000] {processor.py:208} INFO - Processing /home/airflow/.local/lib/python3.12/site-packages/airflow/example_dags/example_outlet_event_extra.py took 0.208 seconds
[2024-10-01T20:51:48.975+0000] {processor.py:186} INFO - Started process (PID=751) to work on /home/airflow/.local/lib/python3.12/site-packages/airflow/example_dags/example_outlet_event_extra.py
[2024-10-01T20:51:48.976+0000] {processor.py:914} INFO - Processing file /home/airflow/.local/lib/python3.12/site-packages/airflow/example_dags/example_outlet_event_extra.py for tasks to queue
[2024-10-01T20:51:48.978+0000] {logging_mixin.py:190} INFO - [2024-10-01T20:51:48.977+0000] {dagbag.py:588} INFO - Filling up the DagBag from /home/airflow/.local/lib/python3.12/site-packages/airflow/example_dags/example_outlet_event_extra.py
[2024-10-01T20:51:49.076+0000] {processor.py:925} INFO - DAG(s) 'dataset_with_extra_by_yield', 'dataset_with_extra_from_classic_operator', 'dataset_with_extra_by_context' retrieved from /home/airflow/.local/lib/python3.12/site-packages/airflow/example_dags/example_outlet_event_extra.py
[2024-10-01T20:51:49.095+0000] {logging_mixin.py:190} INFO - [2024-10-01T20:51:49.094+0000] {dag.py:3239} INFO - Sync 3 DAGs
[2024-10-01T20:51:49.111+0000] {logging_mixin.py:190} INFO - [2024-10-01T20:51:49.111+0000] {dag.py:4180} INFO - Setting next_dagrun for dataset_with_extra_by_context to 2024-09-30 00:00:00+00:00, run_after=2024-10-01 00:00:00+00:00
[2024-10-01T20:51:49.113+0000] {logging_mixin.py:190} INFO - [2024-10-01T20:51:49.113+0000] {dag.py:4180} INFO - Setting next_dagrun for dataset_with_extra_by_yield to 2024-09-30 00:00:00+00:00, run_after=2024-10-01 00:00:00+00:00
[2024-10-01T20:51:49.115+0000] {logging_mixin.py:190} INFO - [2024-10-01T20:51:49.115+0000] {dag.py:4180} INFO - Setting next_dagrun for dataset_with_extra_from_classic_operator to 2024-09-30 00:00:00+00:00, run_after=2024-10-01 00:00:00+00:00
[2024-10-01T20:51:49.125+0000] {processor.py:208} INFO - Processing /home/airflow/.local/lib/python3.12/site-packages/airflow/example_dags/example_outlet_event_extra.py took 0.154 seconds
[2024-10-01T20:52:19.304+0000] {processor.py:186} INFO - Started process (PID=813) to work on /home/airflow/.local/lib/python3.12/site-packages/airflow/example_dags/example_outlet_event_extra.py
[2024-10-01T20:52:19.306+0000] {processor.py:914} INFO - Processing file /home/airflow/.local/lib/python3.12/site-packages/airflow/example_dags/example_outlet_event_extra.py for tasks to queue
[2024-10-01T20:52:19.308+0000] {logging_mixin.py:190} INFO - [2024-10-01T20:52:19.308+0000] {dagbag.py:588} INFO - Filling up the DagBag from /home/airflow/.local/lib/python3.12/site-packages/airflow/example_dags/example_outlet_event_extra.py
[2024-10-01T20:52:19.446+0000] {processor.py:925} INFO - DAG(s) 'dataset_with_extra_by_context', 'dataset_with_extra_from_classic_operator', 'dataset_with_extra_by_yield' retrieved from /home/airflow/.local/lib/python3.12/site-packages/airflow/example_dags/example_outlet_event_extra.py
[2024-10-01T20:52:19.464+0000] {logging_mixin.py:190} INFO - [2024-10-01T20:52:19.463+0000] {dag.py:3239} INFO - Sync 3 DAGs
[2024-10-01T20:52:19.482+0000] {logging_mixin.py:190} INFO - [2024-10-01T20:52:19.482+0000] {dag.py:4180} INFO - Setting next_dagrun for dataset_with_extra_by_context to 2024-09-30 00:00:00+00:00, run_after=2024-10-01 00:00:00+00:00
[2024-10-01T20:52:19.487+0000] {logging_mixin.py:190} INFO - [2024-10-01T20:52:19.486+0000] {dag.py:4180} INFO - Setting next_dagrun for dataset_with_extra_by_yield to 2024-09-30 00:00:00+00:00, run_after=2024-10-01 00:00:00+00:00
[2024-10-01T20:52:19.490+0000] {logging_mixin.py:190} INFO - [2024-10-01T20:52:19.490+0000] {dag.py:4180} INFO - Setting next_dagrun for dataset_with_extra_from_classic_operator to 2024-09-30 00:00:00+00:00, run_after=2024-10-01 00:00:00+00:00
[2024-10-01T20:52:19.507+0000] {processor.py:208} INFO - Processing /home/airflow/.local/lib/python3.12/site-packages/airflow/example_dags/example_outlet_event_extra.py took 0.211 seconds
[2024-10-01T20:52:49.918+0000] {processor.py:186} INFO - Started process (PID=874) to work on /home/airflow/.local/lib/python3.12/site-packages/airflow/example_dags/example_outlet_event_extra.py
[2024-10-01T20:52:49.919+0000] {processor.py:914} INFO - Processing file /home/airflow/.local/lib/python3.12/site-packages/airflow/example_dags/example_outlet_event_extra.py for tasks to queue
[2024-10-01T20:52:49.920+0000] {logging_mixin.py:190} INFO - [2024-10-01T20:52:49.920+0000] {dagbag.py:588} INFO - Filling up the DagBag from /home/airflow/.local/lib/python3.12/site-packages/airflow/example_dags/example_outlet_event_extra.py
[2024-10-01T20:52:50.026+0000] {processor.py:925} INFO - DAG(s) 'dataset_with_extra_by_yield', 'dataset_with_extra_by_context', 'dataset_with_extra_from_classic_operator' retrieved from /home/airflow/.local/lib/python3.12/site-packages/airflow/example_dags/example_outlet_event_extra.py
[2024-10-01T20:52:50.043+0000] {logging_mixin.py:190} INFO - [2024-10-01T20:52:50.043+0000] {dag.py:3239} INFO - Sync 3 DAGs
[2024-10-01T20:52:50.058+0000] {logging_mixin.py:190} INFO - [2024-10-01T20:52:50.057+0000] {dag.py:4180} INFO - Setting next_dagrun for dataset_with_extra_by_context to 2024-09-30 00:00:00+00:00, run_after=2024-10-01 00:00:00+00:00
[2024-10-01T20:52:50.060+0000] {logging_mixin.py:190} INFO - [2024-10-01T20:52:50.060+0000] {dag.py:4180} INFO - Setting next_dagrun for dataset_with_extra_by_yield to 2024-09-30 00:00:00+00:00, run_after=2024-10-01 00:00:00+00:00
[2024-10-01T20:52:50.061+0000] {logging_mixin.py:190} INFO - [2024-10-01T20:52:50.061+0000] {dag.py:4180} INFO - Setting next_dagrun for dataset_with_extra_from_classic_operator to 2024-09-30 00:00:00+00:00, run_after=2024-10-01 00:00:00+00:00
[2024-10-01T20:52:50.072+0000] {processor.py:208} INFO - Processing /home/airflow/.local/lib/python3.12/site-packages/airflow/example_dags/example_outlet_event_extra.py took 0.158 seconds
[2024-10-01T20:53:20.885+0000] {processor.py:186} INFO - Started process (PID=936) to work on /home/airflow/.local/lib/python3.12/site-packages/airflow/example_dags/example_outlet_event_extra.py
[2024-10-01T20:53:20.886+0000] {processor.py:914} INFO - Processing file /home/airflow/.local/lib/python3.12/site-packages/airflow/example_dags/example_outlet_event_extra.py for tasks to queue
[2024-10-01T20:53:20.889+0000] {logging_mixin.py:190} INFO - [2024-10-01T20:53:20.888+0000] {dagbag.py:588} INFO - Filling up the DagBag from /home/airflow/.local/lib/python3.12/site-packages/airflow/example_dags/example_outlet_event_extra.py
[2024-10-01T20:53:20.999+0000] {processor.py:925} INFO - DAG(s) 'dataset_with_extra_by_yield', 'dataset_with_extra_from_classic_operator', 'dataset_with_extra_by_context' retrieved from /home/airflow/.local/lib/python3.12/site-packages/airflow/example_dags/example_outlet_event_extra.py
[2024-10-01T20:53:21.017+0000] {logging_mixin.py:190} INFO - [2024-10-01T20:53:21.017+0000] {dag.py:3239} INFO - Sync 3 DAGs
[2024-10-01T20:53:21.038+0000] {logging_mixin.py:190} INFO - [2024-10-01T20:53:21.038+0000] {dag.py:4180} INFO - Setting next_dagrun for dataset_with_extra_by_context to 2024-09-30 00:00:00+00:00, run_after=2024-10-01 00:00:00+00:00
[2024-10-01T20:53:21.041+0000] {logging_mixin.py:190} INFO - [2024-10-01T20:53:21.041+0000] {dag.py:4180} INFO - Setting next_dagrun for dataset_with_extra_by_yield to 2024-09-30 00:00:00+00:00, run_after=2024-10-01 00:00:00+00:00
[2024-10-01T20:53:21.042+0000] {logging_mixin.py:190} INFO - [2024-10-01T20:53:21.042+0000] {dag.py:4180} INFO - Setting next_dagrun for dataset_with_extra_from_classic_operator to 2024-09-30 00:00:00+00:00, run_after=2024-10-01 00:00:00+00:00
[2024-10-01T20:53:21.054+0000] {processor.py:208} INFO - Processing /home/airflow/.local/lib/python3.12/site-packages/airflow/example_dags/example_outlet_event_extra.py took 0.175 seconds
[2024-10-01T20:53:51.363+0000] {processor.py:186} INFO - Started process (PID=998) to work on /home/airflow/.local/lib/python3.12/site-packages/airflow/example_dags/example_outlet_event_extra.py
[2024-10-01T20:53:51.364+0000] {processor.py:914} INFO - Processing file /home/airflow/.local/lib/python3.12/site-packages/airflow/example_dags/example_outlet_event_extra.py for tasks to queue
[2024-10-01T20:53:51.368+0000] {logging_mixin.py:190} INFO - [2024-10-01T20:53:51.367+0000] {dagbag.py:588} INFO - Filling up the DagBag from /home/airflow/.local/lib/python3.12/site-packages/airflow/example_dags/example_outlet_event_extra.py
[2024-10-01T20:53:51.521+0000] {processor.py:925} INFO - DAG(s) 'dataset_with_extra_by_yield', 'dataset_with_extra_from_classic_operator', 'dataset_with_extra_by_context' retrieved from /home/airflow/.local/lib/python3.12/site-packages/airflow/example_dags/example_outlet_event_extra.py
[2024-10-01T20:53:51.546+0000] {logging_mixin.py:190} INFO - [2024-10-01T20:53:51.546+0000] {dag.py:3239} INFO - Sync 3 DAGs
[2024-10-01T20:53:51.569+0000] {logging_mixin.py:190} INFO - [2024-10-01T20:53:51.568+0000] {dag.py:4180} INFO - Setting next_dagrun for dataset_with_extra_by_context to 2024-09-30 00:00:00+00:00, run_after=2024-10-01 00:00:00+00:00
[2024-10-01T20:53:51.571+0000] {logging_mixin.py:190} INFO - [2024-10-01T20:53:51.571+0000] {dag.py:4180} INFO - Setting next_dagrun for dataset_with_extra_by_yield to 2024-09-30 00:00:00+00:00, run_after=2024-10-01 00:00:00+00:00
[2024-10-01T20:53:51.573+0000] {logging_mixin.py:190} INFO - [2024-10-01T20:53:51.573+0000] {dag.py:4180} INFO - Setting next_dagrun for dataset_with_extra_from_classic_operator to 2024-09-30 00:00:00+00:00, run_after=2024-10-01 00:00:00+00:00
[2024-10-01T20:53:51.589+0000] {processor.py:208} INFO - Processing /home/airflow/.local/lib/python3.12/site-packages/airflow/example_dags/example_outlet_event_extra.py took 0.233 seconds
[2024-10-01T20:54:21.993+0000] {processor.py:186} INFO - Started process (PID=1059) to work on /home/airflow/.local/lib/python3.12/site-packages/airflow/example_dags/example_outlet_event_extra.py
[2024-10-01T20:54:21.995+0000] {processor.py:914} INFO - Processing file /home/airflow/.local/lib/python3.12/site-packages/airflow/example_dags/example_outlet_event_extra.py for tasks to queue
[2024-10-01T20:54:21.998+0000] {logging_mixin.py:190} INFO - [2024-10-01T20:54:21.998+0000] {dagbag.py:588} INFO - Filling up the DagBag from /home/airflow/.local/lib/python3.12/site-packages/airflow/example_dags/example_outlet_event_extra.py
[2024-10-01T20:54:22.163+0000] {processor.py:925} INFO - DAG(s) 'dataset_with_extra_by_context', 'dataset_with_extra_from_classic_operator', 'dataset_with_extra_by_yield' retrieved from /home/airflow/.local/lib/python3.12/site-packages/airflow/example_dags/example_outlet_event_extra.py
[2024-10-01T20:54:22.190+0000] {logging_mixin.py:190} INFO - [2024-10-01T20:54:22.190+0000] {dag.py:3239} INFO - Sync 3 DAGs
[2024-10-01T20:54:22.215+0000] {logging_mixin.py:190} INFO - [2024-10-01T20:54:22.215+0000] {dag.py:4180} INFO - Setting next_dagrun for dataset_with_extra_by_context to 2024-09-30 00:00:00+00:00, run_after=2024-10-01 00:00:00+00:00
[2024-10-01T20:54:22.221+0000] {logging_mixin.py:190} INFO - [2024-10-01T20:54:22.221+0000] {dag.py:4180} INFO - Setting next_dagrun for dataset_with_extra_by_yield to 2024-09-30 00:00:00+00:00, run_after=2024-10-01 00:00:00+00:00
[2024-10-01T20:54:22.223+0000] {logging_mixin.py:190} INFO - [2024-10-01T20:54:22.222+0000] {dag.py:4180} INFO - Setting next_dagrun for dataset_with_extra_from_classic_operator to 2024-09-30 00:00:00+00:00, run_after=2024-10-01 00:00:00+00:00
[2024-10-01T20:54:22.235+0000] {processor.py:208} INFO - Processing /home/airflow/.local/lib/python3.12/site-packages/airflow/example_dags/example_outlet_event_extra.py took 0.257 seconds
[2024-10-01T20:54:52.525+0000] {processor.py:186} INFO - Started process (PID=1121) to work on /home/airflow/.local/lib/python3.12/site-packages/airflow/example_dags/example_outlet_event_extra.py
[2024-10-01T20:54:52.526+0000] {processor.py:914} INFO - Processing file /home/airflow/.local/lib/python3.12/site-packages/airflow/example_dags/example_outlet_event_extra.py for tasks to queue
[2024-10-01T20:54:52.528+0000] {logging_mixin.py:190} INFO - [2024-10-01T20:54:52.527+0000] {dagbag.py:588} INFO - Filling up the DagBag from /home/airflow/.local/lib/python3.12/site-packages/airflow/example_dags/example_outlet_event_extra.py
[2024-10-01T20:54:52.633+0000] {processor.py:925} INFO - DAG(s) 'dataset_with_extra_by_context', 'dataset_with_extra_from_classic_operator', 'dataset_with_extra_by_yield' retrieved from /home/airflow/.local/lib/python3.12/site-packages/airflow/example_dags/example_outlet_event_extra.py
[2024-10-01T20:54:52.653+0000] {logging_mixin.py:190} INFO - [2024-10-01T20:54:52.653+0000] {dag.py:3239} INFO - Sync 3 DAGs
[2024-10-01T20:54:52.670+0000] {logging_mixin.py:190} INFO - [2024-10-01T20:54:52.670+0000] {dag.py:4180} INFO - Setting next_dagrun for dataset_with_extra_by_context to 2024-09-30 00:00:00+00:00, run_after=2024-10-01 00:00:00+00:00
[2024-10-01T20:54:52.672+0000] {logging_mixin.py:190} INFO - [2024-10-01T20:54:52.672+0000] {dag.py:4180} INFO - Setting next_dagrun for dataset_with_extra_by_yield to 2024-09-30 00:00:00+00:00, run_after=2024-10-01 00:00:00+00:00
[2024-10-01T20:54:52.674+0000] {logging_mixin.py:190} INFO - [2024-10-01T20:54:52.673+0000] {dag.py:4180} INFO - Setting next_dagrun for dataset_with_extra_from_classic_operator to 2024-09-30 00:00:00+00:00, run_after=2024-10-01 00:00:00+00:00
[2024-10-01T20:54:52.696+0000] {processor.py:208} INFO - Processing /home/airflow/.local/lib/python3.12/site-packages/airflow/example_dags/example_outlet_event_extra.py took 0.175 seconds
[2024-10-01T20:55:23.510+0000] {processor.py:186} INFO - Started process (PID=1183) to work on /home/airflow/.local/lib/python3.12/site-packages/airflow/example_dags/example_outlet_event_extra.py
[2024-10-01T20:55:23.511+0000] {processor.py:914} INFO - Processing file /home/airflow/.local/lib/python3.12/site-packages/airflow/example_dags/example_outlet_event_extra.py for tasks to queue
[2024-10-01T20:55:23.513+0000] {logging_mixin.py:190} INFO - [2024-10-01T20:55:23.513+0000] {dagbag.py:588} INFO - Filling up the DagBag from /home/airflow/.local/lib/python3.12/site-packages/airflow/example_dags/example_outlet_event_extra.py
[2024-10-01T20:55:23.666+0000] {processor.py:925} INFO - DAG(s) 'dataset_with_extra_by_context', 'dataset_with_extra_by_yield', 'dataset_with_extra_from_classic_operator' retrieved from /home/airflow/.local/lib/python3.12/site-packages/airflow/example_dags/example_outlet_event_extra.py
[2024-10-01T20:55:23.692+0000] {logging_mixin.py:190} INFO - [2024-10-01T20:55:23.692+0000] {dag.py:3239} INFO - Sync 3 DAGs
[2024-10-01T20:55:23.721+0000] {logging_mixin.py:190} INFO - [2024-10-01T20:55:23.721+0000] {dag.py:4180} INFO - Setting next_dagrun for dataset_with_extra_by_context to 2024-09-30 00:00:00+00:00, run_after=2024-10-01 00:00:00+00:00
[2024-10-01T20:55:23.733+0000] {logging_mixin.py:190} INFO - [2024-10-01T20:55:23.731+0000] {dag.py:4180} INFO - Setting next_dagrun for dataset_with_extra_by_yield to 2024-09-30 00:00:00+00:00, run_after=2024-10-01 00:00:00+00:00
[2024-10-01T20:55:23.736+0000] {logging_mixin.py:190} INFO - [2024-10-01T20:55:23.736+0000] {dag.py:4180} INFO - Setting next_dagrun for dataset_with_extra_from_classic_operator to 2024-09-30 00:00:00+00:00, run_after=2024-10-01 00:00:00+00:00
[2024-10-01T20:55:23.758+0000] {processor.py:208} INFO - Processing /home/airflow/.local/lib/python3.12/site-packages/airflow/example_dags/example_outlet_event_extra.py took 0.253 seconds
[2024-10-01T20:55:54.302+0000] {processor.py:186} INFO - Started process (PID=1245) to work on /home/airflow/.local/lib/python3.12/site-packages/airflow/example_dags/example_outlet_event_extra.py
[2024-10-01T20:55:54.305+0000] {processor.py:914} INFO - Processing file /home/airflow/.local/lib/python3.12/site-packages/airflow/example_dags/example_outlet_event_extra.py for tasks to queue
[2024-10-01T20:55:54.311+0000] {logging_mixin.py:190} INFO - [2024-10-01T20:55:54.310+0000] {dagbag.py:588} INFO - Filling up the DagBag from /home/airflow/.local/lib/python3.12/site-packages/airflow/example_dags/example_outlet_event_extra.py
[2024-10-01T20:55:54.734+0000] {processor.py:925} INFO - DAG(s) 'dataset_with_extra_by_yield', 'dataset_with_extra_from_classic_operator', 'dataset_with_extra_by_context' retrieved from /home/airflow/.local/lib/python3.12/site-packages/airflow/example_dags/example_outlet_event_extra.py
[2024-10-01T20:55:54.836+0000] {logging_mixin.py:190} INFO - [2024-10-01T20:55:54.834+0000] {dag.py:3239} INFO - Sync 3 DAGs
[2024-10-01T20:55:55.307+0000] {logging_mixin.py:190} INFO - [2024-10-01T20:55:55.302+0000] {dag.py:4180} INFO - Setting next_dagrun for dataset_with_extra_by_context to 2024-09-30 00:00:00+00:00, run_after=2024-10-01 00:00:00+00:00
[2024-10-01T20:55:55.354+0000] {logging_mixin.py:190} INFO - [2024-10-01T20:55:55.352+0000] {dag.py:4180} INFO - Setting next_dagrun for dataset_with_extra_by_yield to 2024-09-30 00:00:00+00:00, run_after=2024-10-01 00:00:00+00:00
[2024-10-01T20:55:55.361+0000] {logging_mixin.py:190} INFO - [2024-10-01T20:55:55.360+0000] {dag.py:4180} INFO - Setting next_dagrun for dataset_with_extra_from_classic_operator to 2024-09-30 00:00:00+00:00, run_after=2024-10-01 00:00:00+00:00
[2024-10-01T20:55:55.444+0000] {processor.py:208} INFO - Processing /home/airflow/.local/lib/python3.12/site-packages/airflow/example_dags/example_outlet_event_extra.py took 1.159 seconds
[2024-10-01T20:56:25.751+0000] {processor.py:186} INFO - Started process (PID=1307) to work on /home/airflow/.local/lib/python3.12/site-packages/airflow/example_dags/example_outlet_event_extra.py
[2024-10-01T20:56:25.756+0000] {processor.py:914} INFO - Processing file /home/airflow/.local/lib/python3.12/site-packages/airflow/example_dags/example_outlet_event_extra.py for tasks to queue
[2024-10-01T20:56:25.760+0000] {logging_mixin.py:190} INFO - [2024-10-01T20:56:25.759+0000] {dagbag.py:588} INFO - Filling up the DagBag from /home/airflow/.local/lib/python3.12/site-packages/airflow/example_dags/example_outlet_event_extra.py
[2024-10-01T20:56:26.025+0000] {processor.py:925} INFO - DAG(s) 'dataset_with_extra_by_context', 'dataset_with_extra_by_yield', 'dataset_with_extra_from_classic_operator' retrieved from /home/airflow/.local/lib/python3.12/site-packages/airflow/example_dags/example_outlet_event_extra.py
[2024-10-01T20:56:26.094+0000] {logging_mixin.py:190} INFO - [2024-10-01T20:56:26.094+0000] {dag.py:3239} INFO - Sync 3 DAGs
[2024-10-01T20:56:26.121+0000] {logging_mixin.py:190} INFO - [2024-10-01T20:56:26.121+0000] {dag.py:4180} INFO - Setting next_dagrun for dataset_with_extra_by_context to 2024-09-30 00:00:00+00:00, run_after=2024-10-01 00:00:00+00:00
[2024-10-01T20:56:26.124+0000] {logging_mixin.py:190} INFO - [2024-10-01T20:56:26.124+0000] {dag.py:4180} INFO - Setting next_dagrun for dataset_with_extra_by_yield to 2024-09-30 00:00:00+00:00, run_after=2024-10-01 00:00:00+00:00
[2024-10-01T20:56:26.130+0000] {logging_mixin.py:190} INFO - [2024-10-01T20:56:26.130+0000] {dag.py:4180} INFO - Setting next_dagrun for dataset_with_extra_from_classic_operator to 2024-09-30 00:00:00+00:00, run_after=2024-10-01 00:00:00+00:00
[2024-10-01T20:56:26.152+0000] {processor.py:208} INFO - Processing /home/airflow/.local/lib/python3.12/site-packages/airflow/example_dags/example_outlet_event_extra.py took 0.425 seconds
[2024-10-01T20:56:57.107+0000] {processor.py:186} INFO - Started process (PID=1369) to work on /home/airflow/.local/lib/python3.12/site-packages/airflow/example_dags/example_outlet_event_extra.py
[2024-10-01T20:56:57.114+0000] {processor.py:914} INFO - Processing file /home/airflow/.local/lib/python3.12/site-packages/airflow/example_dags/example_outlet_event_extra.py for tasks to queue
[2024-10-01T20:56:57.120+0000] {logging_mixin.py:190} INFO - [2024-10-01T20:56:57.120+0000] {dagbag.py:588} INFO - Filling up the DagBag from /home/airflow/.local/lib/python3.12/site-packages/airflow/example_dags/example_outlet_event_extra.py
[2024-10-01T20:56:57.294+0000] {processor.py:925} INFO - DAG(s) 'dataset_with_extra_by_context', 'dataset_with_extra_from_classic_operator', 'dataset_with_extra_by_yield' retrieved from /home/airflow/.local/lib/python3.12/site-packages/airflow/example_dags/example_outlet_event_extra.py
[2024-10-01T20:56:57.343+0000] {logging_mixin.py:190} INFO - [2024-10-01T20:56:57.342+0000] {dag.py:3239} INFO - Sync 3 DAGs
[2024-10-01T20:56:57.368+0000] {logging_mixin.py:190} INFO - [2024-10-01T20:56:57.368+0000] {dag.py:4180} INFO - Setting next_dagrun for dataset_with_extra_by_context to 2024-09-30 00:00:00+00:00, run_after=2024-10-01 00:00:00+00:00
[2024-10-01T20:56:57.371+0000] {logging_mixin.py:190} INFO - [2024-10-01T20:56:57.371+0000] {dag.py:4180} INFO - Setting next_dagrun for dataset_with_extra_by_yield to 2024-09-30 00:00:00+00:00, run_after=2024-10-01 00:00:00+00:00
[2024-10-01T20:56:57.372+0000] {logging_mixin.py:190} INFO - [2024-10-01T20:56:57.372+0000] {dag.py:4180} INFO - Setting next_dagrun for dataset_with_extra_from_classic_operator to 2024-09-30 00:00:00+00:00, run_after=2024-10-01 00:00:00+00:00
[2024-10-01T20:56:57.392+0000] {processor.py:208} INFO - Processing /home/airflow/.local/lib/python3.12/site-packages/airflow/example_dags/example_outlet_event_extra.py took 0.300 seconds
