[2024-10-01T20:46:19.698+0000] {processor.py:186} INFO - Started process (PID=106) to work on /home/airflow/.local/lib/python3.12/site-packages/airflow/example_dags/example_trigger_target_dag.py
[2024-10-01T20:46:19.700+0000] {processor.py:914} INFO - Processing file /home/airflow/.local/lib/python3.12/site-packages/airflow/example_dags/example_trigger_target_dag.py for tasks to queue
[2024-10-01T20:46:19.706+0000] {logging_mixin.py:190} INFO - [2024-10-01T20:46:19.705+0000] {dagbag.py:588} INFO - Filling up the DagBag from /home/airflow/.local/lib/python3.12/site-packages/airflow/example_dags/example_trigger_target_dag.py
[2024-10-01T20:46:19.728+0000] {processor.py:925} INFO - DAG(s) 'example_trigger_target_dag' retrieved from /home/airflow/.local/lib/python3.12/site-packages/airflow/example_dags/example_trigger_target_dag.py
[2024-10-01T20:46:19.895+0000] {logging_mixin.py:190} INFO - [2024-10-01T20:46:19.893+0000] {override.py:1900} INFO - Created Permission View: can delete on DAG:example_trigger_target_dag
[2024-10-01T20:46:19.908+0000] {logging_mixin.py:190} INFO - [2024-10-01T20:46:19.907+0000] {override.py:1900} INFO - Created Permission View: can read on DAG:example_trigger_target_dag
[2024-10-01T20:46:19.911+0000] {logging_mixin.py:190} INFO - [2024-10-01T20:46:19.911+0000] {override.py:1900} INFO - Created Permission View: can edit on DAG:example_trigger_target_dag
[2024-10-01T20:46:19.915+0000] {logging_mixin.py:190} INFO - [2024-10-01T20:46:19.915+0000] {override.py:1900} INFO - Created Permission View: can delete on DAG Run:example_trigger_target_dag
[2024-10-01T20:46:19.918+0000] {logging_mixin.py:190} INFO - [2024-10-01T20:46:19.918+0000] {override.py:1900} INFO - Created Permission View: can read on DAG Run:example_trigger_target_dag
[2024-10-01T20:46:19.925+0000] {logging_mixin.py:190} INFO - [2024-10-01T20:46:19.925+0000] {override.py:1900} INFO - Created Permission View: menu access on DAG Run:example_trigger_target_dag
[2024-10-01T20:46:19.932+0000] {logging_mixin.py:190} INFO - [2024-10-01T20:46:19.932+0000] {override.py:1900} INFO - Created Permission View: can create on DAG Run:example_trigger_target_dag
[2024-10-01T20:46:19.933+0000] {logging_mixin.py:190} INFO - [2024-10-01T20:46:19.933+0000] {dag.py:3239} INFO - Sync 1 DAGs
[2024-10-01T20:46:19.947+0000] {logging_mixin.py:190} INFO - [2024-10-01T20:46:19.947+0000] {dag.py:3262} INFO - Creating ORM DAG for example_trigger_target_dag
[2024-10-01T20:46:19.948+0000] {logging_mixin.py:190} INFO - [2024-10-01T20:46:19.947+0000] {dag.py:4180} INFO - Setting next_dagrun for example_trigger_target_dag to None, run_after=None
[2024-10-01T20:46:19.964+0000] {processor.py:208} INFO - Processing /home/airflow/.local/lib/python3.12/site-packages/airflow/example_dags/example_trigger_target_dag.py took 0.277 seconds
[2024-10-01T20:46:50.061+0000] {processor.py:186} INFO - Started process (PID=168) to work on /home/airflow/.local/lib/python3.12/site-packages/airflow/example_dags/example_trigger_target_dag.py
[2024-10-01T20:46:50.062+0000] {processor.py:914} INFO - Processing file /home/airflow/.local/lib/python3.12/site-packages/airflow/example_dags/example_trigger_target_dag.py for tasks to queue
[2024-10-01T20:46:50.063+0000] {logging_mixin.py:190} INFO - [2024-10-01T20:46:50.063+0000] {dagbag.py:588} INFO - Filling up the DagBag from /home/airflow/.local/lib/python3.12/site-packages/airflow/example_dags/example_trigger_target_dag.py
[2024-10-01T20:46:50.069+0000] {processor.py:925} INFO - DAG(s) 'example_trigger_target_dag' retrieved from /home/airflow/.local/lib/python3.12/site-packages/airflow/example_dags/example_trigger_target_dag.py
[2024-10-01T20:46:50.084+0000] {logging_mixin.py:190} INFO - [2024-10-01T20:46:50.084+0000] {dag.py:3239} INFO - Sync 1 DAGs
[2024-10-01T20:46:50.093+0000] {logging_mixin.py:190} INFO - [2024-10-01T20:46:50.093+0000] {dag.py:4180} INFO - Setting next_dagrun for example_trigger_target_dag to None, run_after=None
[2024-10-01T20:46:50.111+0000] {processor.py:208} INFO - Processing /home/airflow/.local/lib/python3.12/site-packages/airflow/example_dags/example_trigger_target_dag.py took 0.055 seconds
[2024-10-01T20:47:20.600+0000] {processor.py:186} INFO - Started process (PID=230) to work on /home/airflow/.local/lib/python3.12/site-packages/airflow/example_dags/example_trigger_target_dag.py
[2024-10-01T20:47:20.601+0000] {processor.py:914} INFO - Processing file /home/airflow/.local/lib/python3.12/site-packages/airflow/example_dags/example_trigger_target_dag.py for tasks to queue
[2024-10-01T20:47:20.604+0000] {logging_mixin.py:190} INFO - [2024-10-01T20:47:20.604+0000] {dagbag.py:588} INFO - Filling up the DagBag from /home/airflow/.local/lib/python3.12/site-packages/airflow/example_dags/example_trigger_target_dag.py
[2024-10-01T20:47:20.615+0000] {processor.py:925} INFO - DAG(s) 'example_trigger_target_dag' retrieved from /home/airflow/.local/lib/python3.12/site-packages/airflow/example_dags/example_trigger_target_dag.py
[2024-10-01T20:47:20.634+0000] {logging_mixin.py:190} INFO - [2024-10-01T20:47:20.634+0000] {dag.py:3239} INFO - Sync 1 DAGs
[2024-10-01T20:47:20.649+0000] {logging_mixin.py:190} INFO - [2024-10-01T20:47:20.649+0000] {dag.py:4180} INFO - Setting next_dagrun for example_trigger_target_dag to None, run_after=None
[2024-10-01T20:47:20.664+0000] {processor.py:208} INFO - Processing /home/airflow/.local/lib/python3.12/site-packages/airflow/example_dags/example_trigger_target_dag.py took 0.072 seconds
[2024-10-01T20:47:51.166+0000] {processor.py:186} INFO - Started process (PID=292) to work on /home/airflow/.local/lib/python3.12/site-packages/airflow/example_dags/example_trigger_target_dag.py
[2024-10-01T20:47:51.168+0000] {processor.py:914} INFO - Processing file /home/airflow/.local/lib/python3.12/site-packages/airflow/example_dags/example_trigger_target_dag.py for tasks to queue
[2024-10-01T20:47:51.170+0000] {logging_mixin.py:190} INFO - [2024-10-01T20:47:51.170+0000] {dagbag.py:588} INFO - Filling up the DagBag from /home/airflow/.local/lib/python3.12/site-packages/airflow/example_dags/example_trigger_target_dag.py
[2024-10-01T20:47:51.176+0000] {processor.py:925} INFO - DAG(s) 'example_trigger_target_dag' retrieved from /home/airflow/.local/lib/python3.12/site-packages/airflow/example_dags/example_trigger_target_dag.py
[2024-10-01T20:47:51.193+0000] {logging_mixin.py:190} INFO - [2024-10-01T20:47:51.193+0000] {dag.py:3239} INFO - Sync 1 DAGs
[2024-10-01T20:47:51.205+0000] {logging_mixin.py:190} INFO - [2024-10-01T20:47:51.205+0000] {dag.py:4180} INFO - Setting next_dagrun for example_trigger_target_dag to None, run_after=None
[2024-10-01T20:47:51.220+0000] {processor.py:208} INFO - Processing /home/airflow/.local/lib/python3.12/site-packages/airflow/example_dags/example_trigger_target_dag.py took 0.061 seconds
[2024-10-01T20:48:21.889+0000] {processor.py:186} INFO - Started process (PID=354) to work on /home/airflow/.local/lib/python3.12/site-packages/airflow/example_dags/example_trigger_target_dag.py
[2024-10-01T20:48:21.890+0000] {processor.py:914} INFO - Processing file /home/airflow/.local/lib/python3.12/site-packages/airflow/example_dags/example_trigger_target_dag.py for tasks to queue
[2024-10-01T20:48:21.892+0000] {logging_mixin.py:190} INFO - [2024-10-01T20:48:21.892+0000] {dagbag.py:588} INFO - Filling up the DagBag from /home/airflow/.local/lib/python3.12/site-packages/airflow/example_dags/example_trigger_target_dag.py
[2024-10-01T20:48:21.898+0000] {processor.py:925} INFO - DAG(s) 'example_trigger_target_dag' retrieved from /home/airflow/.local/lib/python3.12/site-packages/airflow/example_dags/example_trigger_target_dag.py
[2024-10-01T20:48:21.915+0000] {logging_mixin.py:190} INFO - [2024-10-01T20:48:21.915+0000] {dag.py:3239} INFO - Sync 1 DAGs
[2024-10-01T20:48:21.942+0000] {logging_mixin.py:190} INFO - [2024-10-01T20:48:21.942+0000] {dag.py:4180} INFO - Setting next_dagrun for example_trigger_target_dag to None, run_after=None
[2024-10-01T20:48:21.966+0000] {processor.py:208} INFO - Processing /home/airflow/.local/lib/python3.12/site-packages/airflow/example_dags/example_trigger_target_dag.py took 0.081 seconds
[2024-10-01T20:48:52.303+0000] {processor.py:186} INFO - Started process (PID=416) to work on /home/airflow/.local/lib/python3.12/site-packages/airflow/example_dags/example_trigger_target_dag.py
[2024-10-01T20:48:52.304+0000] {processor.py:914} INFO - Processing file /home/airflow/.local/lib/python3.12/site-packages/airflow/example_dags/example_trigger_target_dag.py for tasks to queue
[2024-10-01T20:48:52.307+0000] {logging_mixin.py:190} INFO - [2024-10-01T20:48:52.307+0000] {dagbag.py:588} INFO - Filling up the DagBag from /home/airflow/.local/lib/python3.12/site-packages/airflow/example_dags/example_trigger_target_dag.py
[2024-10-01T20:48:52.322+0000] {processor.py:925} INFO - DAG(s) 'example_trigger_target_dag' retrieved from /home/airflow/.local/lib/python3.12/site-packages/airflow/example_dags/example_trigger_target_dag.py
[2024-10-01T20:48:52.341+0000] {logging_mixin.py:190} INFO - [2024-10-01T20:48:52.341+0000] {dag.py:3239} INFO - Sync 1 DAGs
[2024-10-01T20:48:52.358+0000] {logging_mixin.py:190} INFO - [2024-10-01T20:48:52.358+0000] {dag.py:4180} INFO - Setting next_dagrun for example_trigger_target_dag to None, run_after=None
[2024-10-01T20:48:52.378+0000] {processor.py:208} INFO - Processing /home/airflow/.local/lib/python3.12/site-packages/airflow/example_dags/example_trigger_target_dag.py took 0.082 seconds
[2024-10-01T20:49:22.622+0000] {processor.py:186} INFO - Started process (PID=478) to work on /home/airflow/.local/lib/python3.12/site-packages/airflow/example_dags/example_trigger_target_dag.py
[2024-10-01T20:49:22.624+0000] {processor.py:914} INFO - Processing file /home/airflow/.local/lib/python3.12/site-packages/airflow/example_dags/example_trigger_target_dag.py for tasks to queue
[2024-10-01T20:49:22.626+0000] {logging_mixin.py:190} INFO - [2024-10-01T20:49:22.626+0000] {dagbag.py:588} INFO - Filling up the DagBag from /home/airflow/.local/lib/python3.12/site-packages/airflow/example_dags/example_trigger_target_dag.py
[2024-10-01T20:49:22.631+0000] {processor.py:925} INFO - DAG(s) 'example_trigger_target_dag' retrieved from /home/airflow/.local/lib/python3.12/site-packages/airflow/example_dags/example_trigger_target_dag.py
[2024-10-01T20:49:22.644+0000] {logging_mixin.py:190} INFO - [2024-10-01T20:49:22.644+0000] {dag.py:3239} INFO - Sync 1 DAGs
[2024-10-01T20:49:22.653+0000] {logging_mixin.py:190} INFO - [2024-10-01T20:49:22.653+0000] {dag.py:4180} INFO - Setting next_dagrun for example_trigger_target_dag to None, run_after=None
[2024-10-01T20:49:22.670+0000] {processor.py:208} INFO - Processing /home/airflow/.local/lib/python3.12/site-packages/airflow/example_dags/example_trigger_target_dag.py took 0.053 seconds
[2024-10-01T20:49:53.327+0000] {processor.py:186} INFO - Started process (PID=540) to work on /home/airflow/.local/lib/python3.12/site-packages/airflow/example_dags/example_trigger_target_dag.py
[2024-10-01T20:49:53.328+0000] {processor.py:914} INFO - Processing file /home/airflow/.local/lib/python3.12/site-packages/airflow/example_dags/example_trigger_target_dag.py for tasks to queue
[2024-10-01T20:49:53.330+0000] {logging_mixin.py:190} INFO - [2024-10-01T20:49:53.330+0000] {dagbag.py:588} INFO - Filling up the DagBag from /home/airflow/.local/lib/python3.12/site-packages/airflow/example_dags/example_trigger_target_dag.py
[2024-10-01T20:49:53.335+0000] {processor.py:925} INFO - DAG(s) 'example_trigger_target_dag' retrieved from /home/airflow/.local/lib/python3.12/site-packages/airflow/example_dags/example_trigger_target_dag.py
[2024-10-01T20:49:53.352+0000] {logging_mixin.py:190} INFO - [2024-10-01T20:49:53.352+0000] {dag.py:3239} INFO - Sync 1 DAGs
[2024-10-01T20:49:53.363+0000] {logging_mixin.py:190} INFO - [2024-10-01T20:49:53.363+0000] {dag.py:4180} INFO - Setting next_dagrun for example_trigger_target_dag to None, run_after=None
[2024-10-01T20:49:53.378+0000] {processor.py:208} INFO - Processing /home/airflow/.local/lib/python3.12/site-packages/airflow/example_dags/example_trigger_target_dag.py took 0.056 seconds
[2024-10-01T20:50:24.064+0000] {processor.py:186} INFO - Started process (PID=602) to work on /home/airflow/.local/lib/python3.12/site-packages/airflow/example_dags/example_trigger_target_dag.py
[2024-10-01T20:50:24.065+0000] {processor.py:914} INFO - Processing file /home/airflow/.local/lib/python3.12/site-packages/airflow/example_dags/example_trigger_target_dag.py for tasks to queue
[2024-10-01T20:50:24.067+0000] {logging_mixin.py:190} INFO - [2024-10-01T20:50:24.067+0000] {dagbag.py:588} INFO - Filling up the DagBag from /home/airflow/.local/lib/python3.12/site-packages/airflow/example_dags/example_trigger_target_dag.py
[2024-10-01T20:50:24.077+0000] {processor.py:925} INFO - DAG(s) 'example_trigger_target_dag' retrieved from /home/airflow/.local/lib/python3.12/site-packages/airflow/example_dags/example_trigger_target_dag.py
[2024-10-01T20:50:24.095+0000] {logging_mixin.py:190} INFO - [2024-10-01T20:50:24.094+0000] {dag.py:3239} INFO - Sync 1 DAGs
[2024-10-01T20:50:24.106+0000] {logging_mixin.py:190} INFO - [2024-10-01T20:50:24.106+0000] {dag.py:4180} INFO - Setting next_dagrun for example_trigger_target_dag to None, run_after=None
[2024-10-01T20:50:24.125+0000] {processor.py:208} INFO - Processing /home/airflow/.local/lib/python3.12/site-packages/airflow/example_dags/example_trigger_target_dag.py took 0.066 seconds
[2024-10-01T20:50:54.777+0000] {processor.py:186} INFO - Started process (PID=664) to work on /home/airflow/.local/lib/python3.12/site-packages/airflow/example_dags/example_trigger_target_dag.py
[2024-10-01T20:50:54.779+0000] {processor.py:914} INFO - Processing file /home/airflow/.local/lib/python3.12/site-packages/airflow/example_dags/example_trigger_target_dag.py for tasks to queue
[2024-10-01T20:50:54.781+0000] {logging_mixin.py:190} INFO - [2024-10-01T20:50:54.781+0000] {dagbag.py:588} INFO - Filling up the DagBag from /home/airflow/.local/lib/python3.12/site-packages/airflow/example_dags/example_trigger_target_dag.py
[2024-10-01T20:50:54.788+0000] {processor.py:925} INFO - DAG(s) 'example_trigger_target_dag' retrieved from /home/airflow/.local/lib/python3.12/site-packages/airflow/example_dags/example_trigger_target_dag.py
[2024-10-01T20:50:54.827+0000] {logging_mixin.py:190} INFO - [2024-10-01T20:50:54.827+0000] {dag.py:3239} INFO - Sync 1 DAGs
[2024-10-01T20:50:54.838+0000] {logging_mixin.py:190} INFO - [2024-10-01T20:50:54.838+0000] {dag.py:4180} INFO - Setting next_dagrun for example_trigger_target_dag to None, run_after=None
[2024-10-01T20:50:54.852+0000] {processor.py:208} INFO - Processing /home/airflow/.local/lib/python3.12/site-packages/airflow/example_dags/example_trigger_target_dag.py took 0.082 seconds
[2024-10-01T20:51:25.094+0000] {processor.py:186} INFO - Started process (PID=726) to work on /home/airflow/.local/lib/python3.12/site-packages/airflow/example_dags/example_trigger_target_dag.py
[2024-10-01T20:51:25.096+0000] {processor.py:914} INFO - Processing file /home/airflow/.local/lib/python3.12/site-packages/airflow/example_dags/example_trigger_target_dag.py for tasks to queue
[2024-10-01T20:51:25.098+0000] {logging_mixin.py:190} INFO - [2024-10-01T20:51:25.098+0000] {dagbag.py:588} INFO - Filling up the DagBag from /home/airflow/.local/lib/python3.12/site-packages/airflow/example_dags/example_trigger_target_dag.py
[2024-10-01T20:51:25.106+0000] {processor.py:925} INFO - DAG(s) 'example_trigger_target_dag' retrieved from /home/airflow/.local/lib/python3.12/site-packages/airflow/example_dags/example_trigger_target_dag.py
[2024-10-01T20:51:25.124+0000] {logging_mixin.py:190} INFO - [2024-10-01T20:51:25.124+0000] {dag.py:3239} INFO - Sync 1 DAGs
[2024-10-01T20:51:25.138+0000] {logging_mixin.py:190} INFO - [2024-10-01T20:51:25.138+0000] {dag.py:4180} INFO - Setting next_dagrun for example_trigger_target_dag to None, run_after=None
[2024-10-01T20:51:25.153+0000] {processor.py:208} INFO - Processing /home/airflow/.local/lib/python3.12/site-packages/airflow/example_dags/example_trigger_target_dag.py took 0.065 seconds
[2024-10-01T20:51:55.953+0000] {processor.py:186} INFO - Started process (PID=788) to work on /home/airflow/.local/lib/python3.12/site-packages/airflow/example_dags/example_trigger_target_dag.py
[2024-10-01T20:51:55.955+0000] {processor.py:914} INFO - Processing file /home/airflow/.local/lib/python3.12/site-packages/airflow/example_dags/example_trigger_target_dag.py for tasks to queue
[2024-10-01T20:51:55.957+0000] {logging_mixin.py:190} INFO - [2024-10-01T20:51:55.957+0000] {dagbag.py:588} INFO - Filling up the DagBag from /home/airflow/.local/lib/python3.12/site-packages/airflow/example_dags/example_trigger_target_dag.py
[2024-10-01T20:51:55.965+0000] {processor.py:925} INFO - DAG(s) 'example_trigger_target_dag' retrieved from /home/airflow/.local/lib/python3.12/site-packages/airflow/example_dags/example_trigger_target_dag.py
[2024-10-01T20:51:55.976+0000] {logging_mixin.py:190} INFO - [2024-10-01T20:51:55.976+0000] {dag.py:3239} INFO - Sync 1 DAGs
[2024-10-01T20:51:55.985+0000] {logging_mixin.py:190} INFO - [2024-10-01T20:51:55.985+0000] {dag.py:4180} INFO - Setting next_dagrun for example_trigger_target_dag to None, run_after=None
[2024-10-01T20:51:55.995+0000] {processor.py:208} INFO - Processing /home/airflow/.local/lib/python3.12/site-packages/airflow/example_dags/example_trigger_target_dag.py took 0.046 seconds
[2024-10-01T20:52:26.608+0000] {processor.py:186} INFO - Started process (PID=850) to work on /home/airflow/.local/lib/python3.12/site-packages/airflow/example_dags/example_trigger_target_dag.py
[2024-10-01T20:52:26.609+0000] {processor.py:914} INFO - Processing file /home/airflow/.local/lib/python3.12/site-packages/airflow/example_dags/example_trigger_target_dag.py for tasks to queue
[2024-10-01T20:52:26.611+0000] {logging_mixin.py:190} INFO - [2024-10-01T20:52:26.611+0000] {dagbag.py:588} INFO - Filling up the DagBag from /home/airflow/.local/lib/python3.12/site-packages/airflow/example_dags/example_trigger_target_dag.py
[2024-10-01T20:52:26.617+0000] {processor.py:925} INFO - DAG(s) 'example_trigger_target_dag' retrieved from /home/airflow/.local/lib/python3.12/site-packages/airflow/example_dags/example_trigger_target_dag.py
[2024-10-01T20:52:26.633+0000] {logging_mixin.py:190} INFO - [2024-10-01T20:52:26.633+0000] {dag.py:3239} INFO - Sync 1 DAGs
[2024-10-01T20:52:26.643+0000] {logging_mixin.py:190} INFO - [2024-10-01T20:52:26.642+0000] {dag.py:4180} INFO - Setting next_dagrun for example_trigger_target_dag to None, run_after=None
[2024-10-01T20:52:26.653+0000] {processor.py:208} INFO - Processing /home/airflow/.local/lib/python3.12/site-packages/airflow/example_dags/example_trigger_target_dag.py took 0.050 seconds
[2024-10-01T20:52:57.115+0000] {processor.py:186} INFO - Started process (PID=912) to work on /home/airflow/.local/lib/python3.12/site-packages/airflow/example_dags/example_trigger_target_dag.py
[2024-10-01T20:52:57.117+0000] {processor.py:914} INFO - Processing file /home/airflow/.local/lib/python3.12/site-packages/airflow/example_dags/example_trigger_target_dag.py for tasks to queue
[2024-10-01T20:52:57.119+0000] {logging_mixin.py:190} INFO - [2024-10-01T20:52:57.119+0000] {dagbag.py:588} INFO - Filling up the DagBag from /home/airflow/.local/lib/python3.12/site-packages/airflow/example_dags/example_trigger_target_dag.py
[2024-10-01T20:52:57.128+0000] {processor.py:925} INFO - DAG(s) 'example_trigger_target_dag' retrieved from /home/airflow/.local/lib/python3.12/site-packages/airflow/example_dags/example_trigger_target_dag.py
[2024-10-01T20:52:57.146+0000] {logging_mixin.py:190} INFO - [2024-10-01T20:52:57.146+0000] {dag.py:3239} INFO - Sync 1 DAGs
[2024-10-01T20:52:57.156+0000] {logging_mixin.py:190} INFO - [2024-10-01T20:52:57.156+0000] {dag.py:4180} INFO - Setting next_dagrun for example_trigger_target_dag to None, run_after=None
[2024-10-01T20:52:57.171+0000] {processor.py:208} INFO - Processing /home/airflow/.local/lib/python3.12/site-packages/airflow/example_dags/example_trigger_target_dag.py took 0.060 seconds
[2024-10-01T20:53:27.285+0000] {processor.py:186} INFO - Started process (PID=974) to work on /home/airflow/.local/lib/python3.12/site-packages/airflow/example_dags/example_trigger_target_dag.py
[2024-10-01T20:53:27.286+0000] {processor.py:914} INFO - Processing file /home/airflow/.local/lib/python3.12/site-packages/airflow/example_dags/example_trigger_target_dag.py for tasks to queue
[2024-10-01T20:53:27.287+0000] {logging_mixin.py:190} INFO - [2024-10-01T20:53:27.287+0000] {dagbag.py:588} INFO - Filling up the DagBag from /home/airflow/.local/lib/python3.12/site-packages/airflow/example_dags/example_trigger_target_dag.py
[2024-10-01T20:53:27.293+0000] {processor.py:925} INFO - DAG(s) 'example_trigger_target_dag' retrieved from /home/airflow/.local/lib/python3.12/site-packages/airflow/example_dags/example_trigger_target_dag.py
[2024-10-01T20:53:27.306+0000] {logging_mixin.py:190} INFO - [2024-10-01T20:53:27.306+0000] {dag.py:3239} INFO - Sync 1 DAGs
[2024-10-01T20:53:27.315+0000] {logging_mixin.py:190} INFO - [2024-10-01T20:53:27.315+0000] {dag.py:4180} INFO - Setting next_dagrun for example_trigger_target_dag to None, run_after=None
[2024-10-01T20:53:27.325+0000] {processor.py:208} INFO - Processing /home/airflow/.local/lib/python3.12/site-packages/airflow/example_dags/example_trigger_target_dag.py took 0.044 seconds
[2024-10-01T20:53:58.679+0000] {processor.py:186} INFO - Started process (PID=1035) to work on /home/airflow/.local/lib/python3.12/site-packages/airflow/example_dags/example_trigger_target_dag.py
[2024-10-01T20:53:58.684+0000] {processor.py:914} INFO - Processing file /home/airflow/.local/lib/python3.12/site-packages/airflow/example_dags/example_trigger_target_dag.py for tasks to queue
[2024-10-01T20:53:58.688+0000] {logging_mixin.py:190} INFO - [2024-10-01T20:53:58.687+0000] {dagbag.py:588} INFO - Filling up the DagBag from /home/airflow/.local/lib/python3.12/site-packages/airflow/example_dags/example_trigger_target_dag.py
[2024-10-01T20:53:58.696+0000] {processor.py:925} INFO - DAG(s) 'example_trigger_target_dag' retrieved from /home/airflow/.local/lib/python3.12/site-packages/airflow/example_dags/example_trigger_target_dag.py
[2024-10-01T20:53:58.720+0000] {logging_mixin.py:190} INFO - [2024-10-01T20:53:58.720+0000] {dag.py:3239} INFO - Sync 1 DAGs
[2024-10-01T20:53:58.740+0000] {logging_mixin.py:190} INFO - [2024-10-01T20:53:58.739+0000] {dag.py:4180} INFO - Setting next_dagrun for example_trigger_target_dag to None, run_after=None
[2024-10-01T20:53:58.756+0000] {processor.py:208} INFO - Processing /home/airflow/.local/lib/python3.12/site-packages/airflow/example_dags/example_trigger_target_dag.py took 0.099 seconds
[2024-10-01T20:54:29.415+0000] {processor.py:186} INFO - Started process (PID=1097) to work on /home/airflow/.local/lib/python3.12/site-packages/airflow/example_dags/example_trigger_target_dag.py
[2024-10-01T20:54:29.416+0000] {processor.py:914} INFO - Processing file /home/airflow/.local/lib/python3.12/site-packages/airflow/example_dags/example_trigger_target_dag.py for tasks to queue
[2024-10-01T20:54:29.418+0000] {logging_mixin.py:190} INFO - [2024-10-01T20:54:29.418+0000] {dagbag.py:588} INFO - Filling up the DagBag from /home/airflow/.local/lib/python3.12/site-packages/airflow/example_dags/example_trigger_target_dag.py
[2024-10-01T20:54:29.424+0000] {processor.py:925} INFO - DAG(s) 'example_trigger_target_dag' retrieved from /home/airflow/.local/lib/python3.12/site-packages/airflow/example_dags/example_trigger_target_dag.py
[2024-10-01T20:54:29.437+0000] {logging_mixin.py:190} INFO - [2024-10-01T20:54:29.437+0000] {dag.py:3239} INFO - Sync 1 DAGs
[2024-10-01T20:54:29.446+0000] {logging_mixin.py:190} INFO - [2024-10-01T20:54:29.446+0000] {dag.py:4180} INFO - Setting next_dagrun for example_trigger_target_dag to None, run_after=None
[2024-10-01T20:54:29.456+0000] {processor.py:208} INFO - Processing /home/airflow/.local/lib/python3.12/site-packages/airflow/example_dags/example_trigger_target_dag.py took 0.048 seconds
[2024-10-01T20:54:59.694+0000] {processor.py:186} INFO - Started process (PID=1159) to work on /home/airflow/.local/lib/python3.12/site-packages/airflow/example_dags/example_trigger_target_dag.py
[2024-10-01T20:54:59.695+0000] {processor.py:914} INFO - Processing file /home/airflow/.local/lib/python3.12/site-packages/airflow/example_dags/example_trigger_target_dag.py for tasks to queue
[2024-10-01T20:54:59.697+0000] {logging_mixin.py:190} INFO - [2024-10-01T20:54:59.697+0000] {dagbag.py:588} INFO - Filling up the DagBag from /home/airflow/.local/lib/python3.12/site-packages/airflow/example_dags/example_trigger_target_dag.py
[2024-10-01T20:54:59.704+0000] {processor.py:925} INFO - DAG(s) 'example_trigger_target_dag' retrieved from /home/airflow/.local/lib/python3.12/site-packages/airflow/example_dags/example_trigger_target_dag.py
[2024-10-01T20:54:59.719+0000] {logging_mixin.py:190} INFO - [2024-10-01T20:54:59.719+0000] {dag.py:3239} INFO - Sync 1 DAGs
[2024-10-01T20:54:59.729+0000] {logging_mixin.py:190} INFO - [2024-10-01T20:54:59.728+0000] {dag.py:4180} INFO - Setting next_dagrun for example_trigger_target_dag to None, run_after=None
[2024-10-01T20:54:59.741+0000] {processor.py:208} INFO - Processing /home/airflow/.local/lib/python3.12/site-packages/airflow/example_dags/example_trigger_target_dag.py took 0.052 seconds
[2024-10-01T20:55:30.054+0000] {processor.py:186} INFO - Started process (PID=1221) to work on /home/airflow/.local/lib/python3.12/site-packages/airflow/example_dags/example_trigger_target_dag.py
[2024-10-01T20:55:30.055+0000] {processor.py:914} INFO - Processing file /home/airflow/.local/lib/python3.12/site-packages/airflow/example_dags/example_trigger_target_dag.py for tasks to queue
[2024-10-01T20:55:30.060+0000] {logging_mixin.py:190} INFO - [2024-10-01T20:55:30.060+0000] {dagbag.py:588} INFO - Filling up the DagBag from /home/airflow/.local/lib/python3.12/site-packages/airflow/example_dags/example_trigger_target_dag.py
[2024-10-01T20:55:30.068+0000] {processor.py:925} INFO - DAG(s) 'example_trigger_target_dag' retrieved from /home/airflow/.local/lib/python3.12/site-packages/airflow/example_dags/example_trigger_target_dag.py
[2024-10-01T20:55:30.083+0000] {logging_mixin.py:190} INFO - [2024-10-01T20:55:30.083+0000] {dag.py:3239} INFO - Sync 1 DAGs
[2024-10-01T20:55:30.093+0000] {logging_mixin.py:190} INFO - [2024-10-01T20:55:30.093+0000] {dag.py:4180} INFO - Setting next_dagrun for example_trigger_target_dag to None, run_after=None
[2024-10-01T20:55:30.104+0000] {processor.py:208} INFO - Processing /home/airflow/.local/lib/python3.12/site-packages/airflow/example_dags/example_trigger_target_dag.py took 0.057 seconds
[2024-10-01T20:56:07.380+0000] {processor.py:186} INFO - Started process (PID=1283) to work on /home/airflow/.local/lib/python3.12/site-packages/airflow/example_dags/example_trigger_target_dag.py
[2024-10-01T20:56:07.382+0000] {processor.py:914} INFO - Processing file /home/airflow/.local/lib/python3.12/site-packages/airflow/example_dags/example_trigger_target_dag.py for tasks to queue
[2024-10-01T20:56:07.386+0000] {logging_mixin.py:190} INFO - [2024-10-01T20:56:07.386+0000] {dagbag.py:588} INFO - Filling up the DagBag from /home/airflow/.local/lib/python3.12/site-packages/airflow/example_dags/example_trigger_target_dag.py
[2024-10-01T20:56:07.400+0000] {processor.py:925} INFO - DAG(s) 'example_trigger_target_dag' retrieved from /home/airflow/.local/lib/python3.12/site-packages/airflow/example_dags/example_trigger_target_dag.py
[2024-10-01T20:56:07.444+0000] {logging_mixin.py:190} INFO - [2024-10-01T20:56:07.443+0000] {dag.py:3239} INFO - Sync 1 DAGs
[2024-10-01T20:56:07.461+0000] {logging_mixin.py:190} INFO - [2024-10-01T20:56:07.461+0000] {dag.py:4180} INFO - Setting next_dagrun for example_trigger_target_dag to None, run_after=None
[2024-10-01T20:56:07.541+0000] {processor.py:208} INFO - Processing /home/airflow/.local/lib/python3.12/site-packages/airflow/example_dags/example_trigger_target_dag.py took 0.179 seconds
[2024-10-01T20:56:37.785+0000] {processor.py:186} INFO - Started process (PID=1345) to work on /home/airflow/.local/lib/python3.12/site-packages/airflow/example_dags/example_trigger_target_dag.py
[2024-10-01T20:56:37.786+0000] {processor.py:914} INFO - Processing file /home/airflow/.local/lib/python3.12/site-packages/airflow/example_dags/example_trigger_target_dag.py for tasks to queue
[2024-10-01T20:56:37.788+0000] {logging_mixin.py:190} INFO - [2024-10-01T20:56:37.788+0000] {dagbag.py:588} INFO - Filling up the DagBag from /home/airflow/.local/lib/python3.12/site-packages/airflow/example_dags/example_trigger_target_dag.py
[2024-10-01T20:56:37.794+0000] {processor.py:925} INFO - DAG(s) 'example_trigger_target_dag' retrieved from /home/airflow/.local/lib/python3.12/site-packages/airflow/example_dags/example_trigger_target_dag.py
[2024-10-01T20:56:37.809+0000] {logging_mixin.py:190} INFO - [2024-10-01T20:56:37.808+0000] {dag.py:3239} INFO - Sync 1 DAGs
[2024-10-01T20:56:37.817+0000] {logging_mixin.py:190} INFO - [2024-10-01T20:56:37.817+0000] {dag.py:4180} INFO - Setting next_dagrun for example_trigger_target_dag to None, run_after=None
[2024-10-01T20:56:37.827+0000] {processor.py:208} INFO - Processing /home/airflow/.local/lib/python3.12/site-packages/airflow/example_dags/example_trigger_target_dag.py took 0.052 seconds
