[2024-10-01T20:46:09.885+0000] {processor.py:186} INFO - Started process (PID=61) to work on /home/airflow/.local/lib/python3.12/site-packages/airflow/example_dags/example_latest_only_with_trigger.py
[2024-10-01T20:46:09.888+0000] {processor.py:914} INFO - Processing file /home/airflow/.local/lib/python3.12/site-packages/airflow/example_dags/example_latest_only_with_trigger.py for tasks to queue
[2024-10-01T20:46:09.917+0000] {logging_mixin.py:190} INFO - [2024-10-01T20:46:09.916+0000] {dagbag.py:588} INFO - Filling up the DagBag from /home/airflow/.local/lib/python3.12/site-packages/airflow/example_dags/example_latest_only_with_trigger.py
[2024-10-01T20:46:09.939+0000] {processor.py:925} INFO - DAG(s) 'latest_only_with_trigger' retrieved from /home/airflow/.local/lib/python3.12/site-packages/airflow/example_dags/example_latest_only_with_trigger.py
[2024-10-01T20:46:10.188+0000] {logging_mixin.py:190} INFO - [2024-10-01T20:46:10.177+0000] {override.py:1900} INFO - Created Permission View: can delete on DAG:latest_only_with_trigger
[2024-10-01T20:46:10.204+0000] {logging_mixin.py:190} INFO - [2024-10-01T20:46:10.203+0000] {override.py:1900} INFO - Created Permission View: can read on DAG:latest_only_with_trigger
[2024-10-01T20:46:10.211+0000] {logging_mixin.py:190} INFO - [2024-10-01T20:46:10.211+0000] {override.py:1900} INFO - Created Permission View: can edit on DAG:latest_only_with_trigger
[2024-10-01T20:46:10.217+0000] {logging_mixin.py:190} INFO - [2024-10-01T20:46:10.216+0000] {override.py:1900} INFO - Created Permission View: can delete on DAG Run:latest_only_with_trigger
[2024-10-01T20:46:10.226+0000] {logging_mixin.py:190} INFO - [2024-10-01T20:46:10.226+0000] {override.py:1900} INFO - Created Permission View: can read on DAG Run:latest_only_with_trigger
[2024-10-01T20:46:10.236+0000] {logging_mixin.py:190} INFO - [2024-10-01T20:46:10.235+0000] {override.py:1900} INFO - Created Permission View: menu access on DAG Run:latest_only_with_trigger
[2024-10-01T20:46:10.243+0000] {logging_mixin.py:190} INFO - [2024-10-01T20:46:10.242+0000] {override.py:1900} INFO - Created Permission View: can create on DAG Run:latest_only_with_trigger
[2024-10-01T20:46:10.244+0000] {logging_mixin.py:190} INFO - [2024-10-01T20:46:10.244+0000] {dag.py:3239} INFO - Sync 1 DAGs
[2024-10-01T20:46:10.272+0000] {logging_mixin.py:190} INFO - [2024-10-01T20:46:10.271+0000] {dag.py:3262} INFO - Creating ORM DAG for latest_only_with_trigger
[2024-10-01T20:46:10.310+0000] {logging_mixin.py:190} INFO - [2024-10-01T20:46:10.309+0000] {dag.py:4180} INFO - Setting next_dagrun for latest_only_with_trigger to 2024-10-01 16:00:00+00:00, run_after=2024-10-01 20:00:00+00:00
[2024-10-01T20:46:10.375+0000] {processor.py:208} INFO - Processing /home/airflow/.local/lib/python3.12/site-packages/airflow/example_dags/example_latest_only_with_trigger.py took 0.517 seconds
[2024-10-01T20:46:40.528+0000] {processor.py:186} INFO - Started process (PID=129) to work on /home/airflow/.local/lib/python3.12/site-packages/airflow/example_dags/example_latest_only_with_trigger.py
[2024-10-01T20:46:40.533+0000] {processor.py:914} INFO - Processing file /home/airflow/.local/lib/python3.12/site-packages/airflow/example_dags/example_latest_only_with_trigger.py for tasks to queue
[2024-10-01T20:46:40.536+0000] {logging_mixin.py:190} INFO - [2024-10-01T20:46:40.535+0000] {dagbag.py:588} INFO - Filling up the DagBag from /home/airflow/.local/lib/python3.12/site-packages/airflow/example_dags/example_latest_only_with_trigger.py
[2024-10-01T20:46:40.544+0000] {processor.py:925} INFO - DAG(s) 'latest_only_with_trigger' retrieved from /home/airflow/.local/lib/python3.12/site-packages/airflow/example_dags/example_latest_only_with_trigger.py
[2024-10-01T20:46:40.562+0000] {logging_mixin.py:190} INFO - [2024-10-01T20:46:40.562+0000] {dag.py:3239} INFO - Sync 1 DAGs
[2024-10-01T20:46:40.581+0000] {logging_mixin.py:190} INFO - [2024-10-01T20:46:40.581+0000] {dag.py:4180} INFO - Setting next_dagrun for latest_only_with_trigger to 2024-10-01 16:00:00+00:00, run_after=2024-10-01 20:00:00+00:00
[2024-10-01T20:46:40.599+0000] {processor.py:208} INFO - Processing /home/airflow/.local/lib/python3.12/site-packages/airflow/example_dags/example_latest_only_with_trigger.py took 0.076 seconds
[2024-10-01T20:47:11.756+0000] {processor.py:186} INFO - Started process (PID=191) to work on /home/airflow/.local/lib/python3.12/site-packages/airflow/example_dags/example_latest_only_with_trigger.py
[2024-10-01T20:47:11.758+0000] {processor.py:914} INFO - Processing file /home/airflow/.local/lib/python3.12/site-packages/airflow/example_dags/example_latest_only_with_trigger.py for tasks to queue
[2024-10-01T20:47:11.762+0000] {logging_mixin.py:190} INFO - [2024-10-01T20:47:11.761+0000] {dagbag.py:588} INFO - Filling up the DagBag from /home/airflow/.local/lib/python3.12/site-packages/airflow/example_dags/example_latest_only_with_trigger.py
[2024-10-01T20:47:11.780+0000] {processor.py:925} INFO - DAG(s) 'latest_only_with_trigger' retrieved from /home/airflow/.local/lib/python3.12/site-packages/airflow/example_dags/example_latest_only_with_trigger.py
[2024-10-01T20:47:11.807+0000] {logging_mixin.py:190} INFO - [2024-10-01T20:47:11.807+0000] {dag.py:3239} INFO - Sync 1 DAGs
[2024-10-01T20:47:11.829+0000] {logging_mixin.py:190} INFO - [2024-10-01T20:47:11.829+0000] {dag.py:4180} INFO - Setting next_dagrun for latest_only_with_trigger to 2024-10-01 16:00:00+00:00, run_after=2024-10-01 20:00:00+00:00
[2024-10-01T20:47:11.843+0000] {processor.py:208} INFO - Processing /home/airflow/.local/lib/python3.12/site-packages/airflow/example_dags/example_latest_only_with_trigger.py took 0.099 seconds
[2024-10-01T20:47:41.902+0000] {processor.py:186} INFO - Started process (PID=252) to work on /home/airflow/.local/lib/python3.12/site-packages/airflow/example_dags/example_latest_only_with_trigger.py
[2024-10-01T20:47:41.907+0000] {processor.py:914} INFO - Processing file /home/airflow/.local/lib/python3.12/site-packages/airflow/example_dags/example_latest_only_with_trigger.py for tasks to queue
[2024-10-01T20:47:41.911+0000] {logging_mixin.py:190} INFO - [2024-10-01T20:47:41.911+0000] {dagbag.py:588} INFO - Filling up the DagBag from /home/airflow/.local/lib/python3.12/site-packages/airflow/example_dags/example_latest_only_with_trigger.py
[2024-10-01T20:47:41.923+0000] {processor.py:925} INFO - DAG(s) 'latest_only_with_trigger' retrieved from /home/airflow/.local/lib/python3.12/site-packages/airflow/example_dags/example_latest_only_with_trigger.py
[2024-10-01T20:47:41.951+0000] {logging_mixin.py:190} INFO - [2024-10-01T20:47:41.951+0000] {dag.py:3239} INFO - Sync 1 DAGs
[2024-10-01T20:47:41.992+0000] {logging_mixin.py:190} INFO - [2024-10-01T20:47:41.992+0000] {dag.py:4180} INFO - Setting next_dagrun for latest_only_with_trigger to 2024-10-01 16:00:00+00:00, run_after=2024-10-01 20:00:00+00:00
[2024-10-01T20:47:42.009+0000] {processor.py:208} INFO - Processing /home/airflow/.local/lib/python3.12/site-packages/airflow/example_dags/example_latest_only_with_trigger.py took 0.119 seconds
[2024-10-01T20:48:13.251+0000] {processor.py:186} INFO - Started process (PID=315) to work on /home/airflow/.local/lib/python3.12/site-packages/airflow/example_dags/example_latest_only_with_trigger.py
[2024-10-01T20:48:13.253+0000] {processor.py:914} INFO - Processing file /home/airflow/.local/lib/python3.12/site-packages/airflow/example_dags/example_latest_only_with_trigger.py for tasks to queue
[2024-10-01T20:48:13.257+0000] {logging_mixin.py:190} INFO - [2024-10-01T20:48:13.256+0000] {dagbag.py:588} INFO - Filling up the DagBag from /home/airflow/.local/lib/python3.12/site-packages/airflow/example_dags/example_latest_only_with_trigger.py
[2024-10-01T20:48:13.266+0000] {processor.py:925} INFO - DAG(s) 'latest_only_with_trigger' retrieved from /home/airflow/.local/lib/python3.12/site-packages/airflow/example_dags/example_latest_only_with_trigger.py
[2024-10-01T20:48:13.293+0000] {logging_mixin.py:190} INFO - [2024-10-01T20:48:13.293+0000] {dag.py:3239} INFO - Sync 1 DAGs
[2024-10-01T20:48:13.318+0000] {logging_mixin.py:190} INFO - [2024-10-01T20:48:13.318+0000] {dag.py:4180} INFO - Setting next_dagrun for latest_only_with_trigger to 2024-10-01 16:00:00+00:00, run_after=2024-10-01 20:00:00+00:00
[2024-10-01T20:48:13.332+0000] {processor.py:208} INFO - Processing /home/airflow/.local/lib/python3.12/site-packages/airflow/example_dags/example_latest_only_with_trigger.py took 0.088 seconds
[2024-10-01T20:48:44.055+0000] {processor.py:186} INFO - Started process (PID=377) to work on /home/airflow/.local/lib/python3.12/site-packages/airflow/example_dags/example_latest_only_with_trigger.py
[2024-10-01T20:48:44.057+0000] {processor.py:914} INFO - Processing file /home/airflow/.local/lib/python3.12/site-packages/airflow/example_dags/example_latest_only_with_trigger.py for tasks to queue
[2024-10-01T20:48:44.060+0000] {logging_mixin.py:190} INFO - [2024-10-01T20:48:44.060+0000] {dagbag.py:588} INFO - Filling up the DagBag from /home/airflow/.local/lib/python3.12/site-packages/airflow/example_dags/example_latest_only_with_trigger.py
[2024-10-01T20:48:44.068+0000] {processor.py:925} INFO - DAG(s) 'latest_only_with_trigger' retrieved from /home/airflow/.local/lib/python3.12/site-packages/airflow/example_dags/example_latest_only_with_trigger.py
[2024-10-01T20:48:44.086+0000] {logging_mixin.py:190} INFO - [2024-10-01T20:48:44.086+0000] {dag.py:3239} INFO - Sync 1 DAGs
[2024-10-01T20:48:44.108+0000] {logging_mixin.py:190} INFO - [2024-10-01T20:48:44.107+0000] {dag.py:4180} INFO - Setting next_dagrun for latest_only_with_trigger to 2024-10-01 16:00:00+00:00, run_after=2024-10-01 20:00:00+00:00
[2024-10-01T20:48:44.128+0000] {processor.py:208} INFO - Processing /home/airflow/.local/lib/python3.12/site-packages/airflow/example_dags/example_latest_only_with_trigger.py took 0.077 seconds
[2024-10-01T20:49:14.600+0000] {processor.py:186} INFO - Started process (PID=439) to work on /home/airflow/.local/lib/python3.12/site-packages/airflow/example_dags/example_latest_only_with_trigger.py
[2024-10-01T20:49:14.601+0000] {processor.py:914} INFO - Processing file /home/airflow/.local/lib/python3.12/site-packages/airflow/example_dags/example_latest_only_with_trigger.py for tasks to queue
[2024-10-01T20:49:14.603+0000] {logging_mixin.py:190} INFO - [2024-10-01T20:49:14.602+0000] {dagbag.py:588} INFO - Filling up the DagBag from /home/airflow/.local/lib/python3.12/site-packages/airflow/example_dags/example_latest_only_with_trigger.py
[2024-10-01T20:49:14.609+0000] {processor.py:925} INFO - DAG(s) 'latest_only_with_trigger' retrieved from /home/airflow/.local/lib/python3.12/site-packages/airflow/example_dags/example_latest_only_with_trigger.py
[2024-10-01T20:49:14.626+0000] {logging_mixin.py:190} INFO - [2024-10-01T20:49:14.626+0000] {dag.py:3239} INFO - Sync 1 DAGs
[2024-10-01T20:49:14.642+0000] {logging_mixin.py:190} INFO - [2024-10-01T20:49:14.642+0000] {dag.py:4180} INFO - Setting next_dagrun for latest_only_with_trigger to 2024-10-01 16:00:00+00:00, run_after=2024-10-01 20:00:00+00:00
[2024-10-01T20:49:14.660+0000] {processor.py:208} INFO - Processing /home/airflow/.local/lib/python3.12/site-packages/airflow/example_dags/example_latest_only_with_trigger.py took 0.065 seconds
[2024-10-01T20:49:45.551+0000] {processor.py:186} INFO - Started process (PID=501) to work on /home/airflow/.local/lib/python3.12/site-packages/airflow/example_dags/example_latest_only_with_trigger.py
[2024-10-01T20:49:45.552+0000] {processor.py:914} INFO - Processing file /home/airflow/.local/lib/python3.12/site-packages/airflow/example_dags/example_latest_only_with_trigger.py for tasks to queue
[2024-10-01T20:49:45.554+0000] {logging_mixin.py:190} INFO - [2024-10-01T20:49:45.554+0000] {dagbag.py:588} INFO - Filling up the DagBag from /home/airflow/.local/lib/python3.12/site-packages/airflow/example_dags/example_latest_only_with_trigger.py
[2024-10-01T20:49:45.559+0000] {processor.py:925} INFO - DAG(s) 'latest_only_with_trigger' retrieved from /home/airflow/.local/lib/python3.12/site-packages/airflow/example_dags/example_latest_only_with_trigger.py
[2024-10-01T20:49:45.572+0000] {logging_mixin.py:190} INFO - [2024-10-01T20:49:45.572+0000] {dag.py:3239} INFO - Sync 1 DAGs
[2024-10-01T20:49:45.586+0000] {logging_mixin.py:190} INFO - [2024-10-01T20:49:45.586+0000] {dag.py:4180} INFO - Setting next_dagrun for latest_only_with_trigger to 2024-10-01 16:00:00+00:00, run_after=2024-10-01 20:00:00+00:00
[2024-10-01T20:49:45.598+0000] {processor.py:208} INFO - Processing /home/airflow/.local/lib/python3.12/site-packages/airflow/example_dags/example_latest_only_with_trigger.py took 0.051 seconds
[2024-10-01T20:50:16.206+0000] {processor.py:186} INFO - Started process (PID=563) to work on /home/airflow/.local/lib/python3.12/site-packages/airflow/example_dags/example_latest_only_with_trigger.py
[2024-10-01T20:50:16.207+0000] {processor.py:914} INFO - Processing file /home/airflow/.local/lib/python3.12/site-packages/airflow/example_dags/example_latest_only_with_trigger.py for tasks to queue
[2024-10-01T20:50:16.208+0000] {logging_mixin.py:190} INFO - [2024-10-01T20:50:16.208+0000] {dagbag.py:588} INFO - Filling up the DagBag from /home/airflow/.local/lib/python3.12/site-packages/airflow/example_dags/example_latest_only_with_trigger.py
[2024-10-01T20:50:16.214+0000] {processor.py:925} INFO - DAG(s) 'latest_only_with_trigger' retrieved from /home/airflow/.local/lib/python3.12/site-packages/airflow/example_dags/example_latest_only_with_trigger.py
[2024-10-01T20:50:16.227+0000] {logging_mixin.py:190} INFO - [2024-10-01T20:50:16.227+0000] {dag.py:3239} INFO - Sync 1 DAGs
[2024-10-01T20:50:16.242+0000] {logging_mixin.py:190} INFO - [2024-10-01T20:50:16.242+0000] {dag.py:4180} INFO - Setting next_dagrun for latest_only_with_trigger to 2024-10-01 16:00:00+00:00, run_after=2024-10-01 20:00:00+00:00
[2024-10-01T20:50:16.253+0000] {processor.py:208} INFO - Processing /home/airflow/.local/lib/python3.12/site-packages/airflow/example_dags/example_latest_only_with_trigger.py took 0.051 seconds
[2024-10-01T20:50:47.216+0000] {processor.py:186} INFO - Started process (PID=625) to work on /home/airflow/.local/lib/python3.12/site-packages/airflow/example_dags/example_latest_only_with_trigger.py
[2024-10-01T20:50:47.217+0000] {processor.py:914} INFO - Processing file /home/airflow/.local/lib/python3.12/site-packages/airflow/example_dags/example_latest_only_with_trigger.py for tasks to queue
[2024-10-01T20:50:47.219+0000] {logging_mixin.py:190} INFO - [2024-10-01T20:50:47.219+0000] {dagbag.py:588} INFO - Filling up the DagBag from /home/airflow/.local/lib/python3.12/site-packages/airflow/example_dags/example_latest_only_with_trigger.py
[2024-10-01T20:50:47.224+0000] {processor.py:925} INFO - DAG(s) 'latest_only_with_trigger' retrieved from /home/airflow/.local/lib/python3.12/site-packages/airflow/example_dags/example_latest_only_with_trigger.py
[2024-10-01T20:50:47.239+0000] {logging_mixin.py:190} INFO - [2024-10-01T20:50:47.239+0000] {dag.py:3239} INFO - Sync 1 DAGs
[2024-10-01T20:50:47.253+0000] {logging_mixin.py:190} INFO - [2024-10-01T20:50:47.253+0000] {dag.py:4180} INFO - Setting next_dagrun for latest_only_with_trigger to 2024-10-01 16:00:00+00:00, run_after=2024-10-01 20:00:00+00:00
[2024-10-01T20:50:47.263+0000] {processor.py:208} INFO - Processing /home/airflow/.local/lib/python3.12/site-packages/airflow/example_dags/example_latest_only_with_trigger.py took 0.054 seconds
[2024-10-01T20:51:18.295+0000] {processor.py:186} INFO - Started process (PID=687) to work on /home/airflow/.local/lib/python3.12/site-packages/airflow/example_dags/example_latest_only_with_trigger.py
[2024-10-01T20:51:18.297+0000] {processor.py:914} INFO - Processing file /home/airflow/.local/lib/python3.12/site-packages/airflow/example_dags/example_latest_only_with_trigger.py for tasks to queue
[2024-10-01T20:51:18.302+0000] {logging_mixin.py:190} INFO - [2024-10-01T20:51:18.302+0000] {dagbag.py:588} INFO - Filling up the DagBag from /home/airflow/.local/lib/python3.12/site-packages/airflow/example_dags/example_latest_only_with_trigger.py
[2024-10-01T20:51:18.314+0000] {processor.py:925} INFO - DAG(s) 'latest_only_with_trigger' retrieved from /home/airflow/.local/lib/python3.12/site-packages/airflow/example_dags/example_latest_only_with_trigger.py
[2024-10-01T20:51:18.338+0000] {logging_mixin.py:190} INFO - [2024-10-01T20:51:18.338+0000] {dag.py:3239} INFO - Sync 1 DAGs
[2024-10-01T20:51:18.371+0000] {logging_mixin.py:190} INFO - [2024-10-01T20:51:18.370+0000] {dag.py:4180} INFO - Setting next_dagrun for latest_only_with_trigger to 2024-10-01 16:00:00+00:00, run_after=2024-10-01 20:00:00+00:00
[2024-10-01T20:51:18.389+0000] {processor.py:208} INFO - Processing /home/airflow/.local/lib/python3.12/site-packages/airflow/example_dags/example_latest_only_with_trigger.py took 0.103 seconds
[2024-10-01T20:51:48.824+0000] {processor.py:186} INFO - Started process (PID=749) to work on /home/airflow/.local/lib/python3.12/site-packages/airflow/example_dags/example_latest_only_with_trigger.py
[2024-10-01T20:51:48.825+0000] {processor.py:914} INFO - Processing file /home/airflow/.local/lib/python3.12/site-packages/airflow/example_dags/example_latest_only_with_trigger.py for tasks to queue
[2024-10-01T20:51:48.827+0000] {logging_mixin.py:190} INFO - [2024-10-01T20:51:48.827+0000] {dagbag.py:588} INFO - Filling up the DagBag from /home/airflow/.local/lib/python3.12/site-packages/airflow/example_dags/example_latest_only_with_trigger.py
[2024-10-01T20:51:48.833+0000] {processor.py:925} INFO - DAG(s) 'latest_only_with_trigger' retrieved from /home/airflow/.local/lib/python3.12/site-packages/airflow/example_dags/example_latest_only_with_trigger.py
[2024-10-01T20:51:48.850+0000] {logging_mixin.py:190} INFO - [2024-10-01T20:51:48.849+0000] {dag.py:3239} INFO - Sync 1 DAGs
[2024-10-01T20:51:48.867+0000] {logging_mixin.py:190} INFO - [2024-10-01T20:51:48.867+0000] {dag.py:4180} INFO - Setting next_dagrun for latest_only_with_trigger to 2024-10-01 16:00:00+00:00, run_after=2024-10-01 20:00:00+00:00
[2024-10-01T20:51:48.881+0000] {processor.py:208} INFO - Processing /home/airflow/.local/lib/python3.12/site-packages/airflow/example_dags/example_latest_only_with_trigger.py took 0.063 seconds
[2024-10-01T20:52:19.105+0000] {processor.py:186} INFO - Started process (PID=811) to work on /home/airflow/.local/lib/python3.12/site-packages/airflow/example_dags/example_latest_only_with_trigger.py
[2024-10-01T20:52:19.106+0000] {processor.py:914} INFO - Processing file /home/airflow/.local/lib/python3.12/site-packages/airflow/example_dags/example_latest_only_with_trigger.py for tasks to queue
[2024-10-01T20:52:19.108+0000] {logging_mixin.py:190} INFO - [2024-10-01T20:52:19.107+0000] {dagbag.py:588} INFO - Filling up the DagBag from /home/airflow/.local/lib/python3.12/site-packages/airflow/example_dags/example_latest_only_with_trigger.py
[2024-10-01T20:52:19.115+0000] {processor.py:925} INFO - DAG(s) 'latest_only_with_trigger' retrieved from /home/airflow/.local/lib/python3.12/site-packages/airflow/example_dags/example_latest_only_with_trigger.py
[2024-10-01T20:52:19.160+0000] {logging_mixin.py:190} INFO - [2024-10-01T20:52:19.160+0000] {dag.py:3239} INFO - Sync 1 DAGs
[2024-10-01T20:52:19.188+0000] {logging_mixin.py:190} INFO - [2024-10-01T20:52:19.187+0000] {dag.py:4180} INFO - Setting next_dagrun for latest_only_with_trigger to 2024-10-01 16:00:00+00:00, run_after=2024-10-01 20:00:00+00:00
[2024-10-01T20:52:19.203+0000] {processor.py:208} INFO - Processing /home/airflow/.local/lib/python3.12/site-packages/airflow/example_dags/example_latest_only_with_trigger.py took 0.104 seconds
[2024-10-01T20:52:49.818+0000] {processor.py:186} INFO - Started process (PID=873) to work on /home/airflow/.local/lib/python3.12/site-packages/airflow/example_dags/example_latest_only_with_trigger.py
[2024-10-01T20:52:49.820+0000] {processor.py:914} INFO - Processing file /home/airflow/.local/lib/python3.12/site-packages/airflow/example_dags/example_latest_only_with_trigger.py for tasks to queue
[2024-10-01T20:52:49.823+0000] {logging_mixin.py:190} INFO - [2024-10-01T20:52:49.823+0000] {dagbag.py:588} INFO - Filling up the DagBag from /home/airflow/.local/lib/python3.12/site-packages/airflow/example_dags/example_latest_only_with_trigger.py
[2024-10-01T20:52:49.832+0000] {processor.py:925} INFO - DAG(s) 'latest_only_with_trigger' retrieved from /home/airflow/.local/lib/python3.12/site-packages/airflow/example_dags/example_latest_only_with_trigger.py
[2024-10-01T20:52:49.863+0000] {logging_mixin.py:190} INFO - [2024-10-01T20:52:49.863+0000] {dag.py:3239} INFO - Sync 1 DAGs
[2024-10-01T20:52:49.884+0000] {logging_mixin.py:190} INFO - [2024-10-01T20:52:49.884+0000] {dag.py:4180} INFO - Setting next_dagrun for latest_only_with_trigger to 2024-10-01 16:00:00+00:00, run_after=2024-10-01 20:00:00+00:00
[2024-10-01T20:52:49.896+0000] {processor.py:208} INFO - Processing /home/airflow/.local/lib/python3.12/site-packages/airflow/example_dags/example_latest_only_with_trigger.py took 0.099 seconds
[2024-10-01T20:53:20.801+0000] {processor.py:186} INFO - Started process (PID=935) to work on /home/airflow/.local/lib/python3.12/site-packages/airflow/example_dags/example_latest_only_with_trigger.py
[2024-10-01T20:53:20.803+0000] {processor.py:914} INFO - Processing file /home/airflow/.local/lib/python3.12/site-packages/airflow/example_dags/example_latest_only_with_trigger.py for tasks to queue
[2024-10-01T20:53:20.805+0000] {logging_mixin.py:190} INFO - [2024-10-01T20:53:20.804+0000] {dagbag.py:588} INFO - Filling up the DagBag from /home/airflow/.local/lib/python3.12/site-packages/airflow/example_dags/example_latest_only_with_trigger.py
[2024-10-01T20:53:20.811+0000] {processor.py:925} INFO - DAG(s) 'latest_only_with_trigger' retrieved from /home/airflow/.local/lib/python3.12/site-packages/airflow/example_dags/example_latest_only_with_trigger.py
[2024-10-01T20:53:20.836+0000] {logging_mixin.py:190} INFO - [2024-10-01T20:53:20.836+0000] {dag.py:3239} INFO - Sync 1 DAGs
[2024-10-01T20:53:20.854+0000] {logging_mixin.py:190} INFO - [2024-10-01T20:53:20.854+0000] {dag.py:4180} INFO - Setting next_dagrun for latest_only_with_trigger to 2024-10-01 16:00:00+00:00, run_after=2024-10-01 20:00:00+00:00
[2024-10-01T20:53:20.865+0000] {processor.py:208} INFO - Processing /home/airflow/.local/lib/python3.12/site-packages/airflow/example_dags/example_latest_only_with_trigger.py took 0.081 seconds
[2024-10-01T20:53:51.171+0000] {processor.py:186} INFO - Started process (PID=996) to work on /home/airflow/.local/lib/python3.12/site-packages/airflow/example_dags/example_latest_only_with_trigger.py
[2024-10-01T20:53:51.172+0000] {processor.py:914} INFO - Processing file /home/airflow/.local/lib/python3.12/site-packages/airflow/example_dags/example_latest_only_with_trigger.py for tasks to queue
[2024-10-01T20:53:51.175+0000] {logging_mixin.py:190} INFO - [2024-10-01T20:53:51.174+0000] {dagbag.py:588} INFO - Filling up the DagBag from /home/airflow/.local/lib/python3.12/site-packages/airflow/example_dags/example_latest_only_with_trigger.py
[2024-10-01T20:53:51.191+0000] {processor.py:925} INFO - DAG(s) 'latest_only_with_trigger' retrieved from /home/airflow/.local/lib/python3.12/site-packages/airflow/example_dags/example_latest_only_with_trigger.py
[2024-10-01T20:53:51.222+0000] {logging_mixin.py:190} INFO - [2024-10-01T20:53:51.222+0000] {dag.py:3239} INFO - Sync 1 DAGs
[2024-10-01T20:53:51.249+0000] {logging_mixin.py:190} INFO - [2024-10-01T20:53:51.249+0000] {dag.py:4180} INFO - Setting next_dagrun for latest_only_with_trigger to 2024-10-01 16:00:00+00:00, run_after=2024-10-01 20:00:00+00:00
[2024-10-01T20:53:51.263+0000] {processor.py:208} INFO - Processing /home/airflow/.local/lib/python3.12/site-packages/airflow/example_dags/example_latest_only_with_trigger.py took 0.098 seconds
[2024-10-01T20:54:21.904+0000] {processor.py:186} INFO - Started process (PID=1058) to work on /home/airflow/.local/lib/python3.12/site-packages/airflow/example_dags/example_latest_only_with_trigger.py
[2024-10-01T20:54:21.905+0000] {processor.py:914} INFO - Processing file /home/airflow/.local/lib/python3.12/site-packages/airflow/example_dags/example_latest_only_with_trigger.py for tasks to queue
[2024-10-01T20:54:21.907+0000] {logging_mixin.py:190} INFO - [2024-10-01T20:54:21.906+0000] {dagbag.py:588} INFO - Filling up the DagBag from /home/airflow/.local/lib/python3.12/site-packages/airflow/example_dags/example_latest_only_with_trigger.py
[2024-10-01T20:54:21.914+0000] {processor.py:925} INFO - DAG(s) 'latest_only_with_trigger' retrieved from /home/airflow/.local/lib/python3.12/site-packages/airflow/example_dags/example_latest_only_with_trigger.py
[2024-10-01T20:54:21.934+0000] {logging_mixin.py:190} INFO - [2024-10-01T20:54:21.934+0000] {dag.py:3239} INFO - Sync 1 DAGs
[2024-10-01T20:54:21.953+0000] {logging_mixin.py:190} INFO - [2024-10-01T20:54:21.952+0000] {dag.py:4180} INFO - Setting next_dagrun for latest_only_with_trigger to 2024-10-01 16:00:00+00:00, run_after=2024-10-01 20:00:00+00:00
[2024-10-01T20:54:21.963+0000] {processor.py:208} INFO - Processing /home/airflow/.local/lib/python3.12/site-packages/airflow/example_dags/example_latest_only_with_trigger.py took 0.064 seconds
[2024-10-01T20:54:52.420+0000] {processor.py:186} INFO - Started process (PID=1120) to work on /home/airflow/.local/lib/python3.12/site-packages/airflow/example_dags/example_latest_only_with_trigger.py
[2024-10-01T20:54:52.421+0000] {processor.py:914} INFO - Processing file /home/airflow/.local/lib/python3.12/site-packages/airflow/example_dags/example_latest_only_with_trigger.py for tasks to queue
[2024-10-01T20:54:52.425+0000] {logging_mixin.py:190} INFO - [2024-10-01T20:54:52.424+0000] {dagbag.py:588} INFO - Filling up the DagBag from /home/airflow/.local/lib/python3.12/site-packages/airflow/example_dags/example_latest_only_with_trigger.py
[2024-10-01T20:54:52.438+0000] {processor.py:925} INFO - DAG(s) 'latest_only_with_trigger' retrieved from /home/airflow/.local/lib/python3.12/site-packages/airflow/example_dags/example_latest_only_with_trigger.py
[2024-10-01T20:54:52.467+0000] {logging_mixin.py:190} INFO - [2024-10-01T20:54:52.467+0000] {dag.py:3239} INFO - Sync 1 DAGs
[2024-10-01T20:54:52.493+0000] {logging_mixin.py:190} INFO - [2024-10-01T20:54:52.493+0000] {dag.py:4180} INFO - Setting next_dagrun for latest_only_with_trigger to 2024-10-01 16:00:00+00:00, run_after=2024-10-01 20:00:00+00:00
[2024-10-01T20:54:52.504+0000] {processor.py:208} INFO - Processing /home/airflow/.local/lib/python3.12/site-packages/airflow/example_dags/example_latest_only_with_trigger.py took 0.095 seconds
[2024-10-01T20:55:23.395+0000] {processor.py:186} INFO - Started process (PID=1182) to work on /home/airflow/.local/lib/python3.12/site-packages/airflow/example_dags/example_latest_only_with_trigger.py
[2024-10-01T20:55:23.397+0000] {processor.py:914} INFO - Processing file /home/airflow/.local/lib/python3.12/site-packages/airflow/example_dags/example_latest_only_with_trigger.py for tasks to queue
[2024-10-01T20:55:23.398+0000] {logging_mixin.py:190} INFO - [2024-10-01T20:55:23.398+0000] {dagbag.py:588} INFO - Filling up the DagBag from /home/airflow/.local/lib/python3.12/site-packages/airflow/example_dags/example_latest_only_with_trigger.py
[2024-10-01T20:55:23.405+0000] {processor.py:925} INFO - DAG(s) 'latest_only_with_trigger' retrieved from /home/airflow/.local/lib/python3.12/site-packages/airflow/example_dags/example_latest_only_with_trigger.py
[2024-10-01T20:55:23.433+0000] {logging_mixin.py:190} INFO - [2024-10-01T20:55:23.432+0000] {dag.py:3239} INFO - Sync 1 DAGs
[2024-10-01T20:55:23.463+0000] {logging_mixin.py:190} INFO - [2024-10-01T20:55:23.463+0000] {dag.py:4180} INFO - Setting next_dagrun for latest_only_with_trigger to 2024-10-01 16:00:00+00:00, run_after=2024-10-01 20:00:00+00:00
[2024-10-01T20:55:23.479+0000] {processor.py:208} INFO - Processing /home/airflow/.local/lib/python3.12/site-packages/airflow/example_dags/example_latest_only_with_trigger.py took 0.088 seconds
[2024-10-01T20:55:53.543+0000] {processor.py:186} INFO - Started process (PID=1243) to work on /home/airflow/.local/lib/python3.12/site-packages/airflow/example_dags/example_latest_only_with_trigger.py
[2024-10-01T20:55:53.546+0000] {processor.py:914} INFO - Processing file /home/airflow/.local/lib/python3.12/site-packages/airflow/example_dags/example_latest_only_with_trigger.py for tasks to queue
[2024-10-01T20:55:53.577+0000] {logging_mixin.py:190} INFO - [2024-10-01T20:55:53.572+0000] {dagbag.py:588} INFO - Filling up the DagBag from /home/airflow/.local/lib/python3.12/site-packages/airflow/example_dags/example_latest_only_with_trigger.py
[2024-10-01T20:55:53.672+0000] {processor.py:925} INFO - DAG(s) 'latest_only_with_trigger' retrieved from /home/airflow/.local/lib/python3.12/site-packages/airflow/example_dags/example_latest_only_with_trigger.py
[2024-10-01T20:55:53.830+0000] {logging_mixin.py:190} INFO - [2024-10-01T20:55:53.830+0000] {dag.py:3239} INFO - Sync 1 DAGs
[2024-10-01T20:55:54.053+0000] {logging_mixin.py:190} INFO - [2024-10-01T20:55:54.039+0000] {dag.py:4180} INFO - Setting next_dagrun for latest_only_with_trigger to 2024-10-01 16:00:00+00:00, run_after=2024-10-01 20:00:00+00:00
[2024-10-01T20:55:54.118+0000] {processor.py:208} INFO - Processing /home/airflow/.local/lib/python3.12/site-packages/airflow/example_dags/example_latest_only_with_trigger.py took 0.607 seconds
[2024-10-01T20:56:24.437+0000] {processor.py:186} INFO - Started process (PID=1305) to work on /home/airflow/.local/lib/python3.12/site-packages/airflow/example_dags/example_latest_only_with_trigger.py
[2024-10-01T20:56:24.442+0000] {processor.py:914} INFO - Processing file /home/airflow/.local/lib/python3.12/site-packages/airflow/example_dags/example_latest_only_with_trigger.py for tasks to queue
[2024-10-01T20:56:24.455+0000] {logging_mixin.py:190} INFO - [2024-10-01T20:56:24.452+0000] {dagbag.py:588} INFO - Filling up the DagBag from /home/airflow/.local/lib/python3.12/site-packages/airflow/example_dags/example_latest_only_with_trigger.py
[2024-10-01T20:56:24.499+0000] {processor.py:925} INFO - DAG(s) 'latest_only_with_trigger' retrieved from /home/airflow/.local/lib/python3.12/site-packages/airflow/example_dags/example_latest_only_with_trigger.py
[2024-10-01T20:56:24.584+0000] {logging_mixin.py:190} INFO - [2024-10-01T20:56:24.584+0000] {dag.py:3239} INFO - Sync 1 DAGs
[2024-10-01T20:56:24.630+0000] {logging_mixin.py:190} INFO - [2024-10-01T20:56:24.629+0000] {dag.py:4180} INFO - Setting next_dagrun for latest_only_with_trigger to 2024-10-01 16:00:00+00:00, run_after=2024-10-01 20:00:00+00:00
[2024-10-01T20:56:24.653+0000] {processor.py:208} INFO - Processing /home/airflow/.local/lib/python3.12/site-packages/airflow/example_dags/example_latest_only_with_trigger.py took 0.248 seconds
[2024-10-01T20:56:54.995+0000] {processor.py:186} INFO - Started process (PID=1367) to work on /home/airflow/.local/lib/python3.12/site-packages/airflow/example_dags/example_latest_only_with_trigger.py
[2024-10-01T20:56:55.002+0000] {processor.py:914} INFO - Processing file /home/airflow/.local/lib/python3.12/site-packages/airflow/example_dags/example_latest_only_with_trigger.py for tasks to queue
[2024-10-01T20:56:55.014+0000] {logging_mixin.py:190} INFO - [2024-10-01T20:56:55.013+0000] {dagbag.py:588} INFO - Filling up the DagBag from /home/airflow/.local/lib/python3.12/site-packages/airflow/example_dags/example_latest_only_with_trigger.py
[2024-10-01T20:56:55.035+0000] {processor.py:925} INFO - DAG(s) 'latest_only_with_trigger' retrieved from /home/airflow/.local/lib/python3.12/site-packages/airflow/example_dags/example_latest_only_with_trigger.py
[2024-10-01T20:56:55.062+0000] {logging_mixin.py:190} INFO - [2024-10-01T20:56:55.062+0000] {dag.py:3239} INFO - Sync 1 DAGs
[2024-10-01T20:56:55.103+0000] {logging_mixin.py:190} INFO - [2024-10-01T20:56:55.102+0000] {dag.py:4180} INFO - Setting next_dagrun for latest_only_with_trigger to 2024-10-01 16:00:00+00:00, run_after=2024-10-01 20:00:00+00:00
[2024-10-01T20:56:55.127+0000] {processor.py:208} INFO - Processing /home/airflow/.local/lib/python3.12/site-packages/airflow/example_dags/example_latest_only_with_trigger.py took 0.141 seconds
