[2024-10-01T20:46:12.219+0000] {processor.py:186} INFO - Started process (PID=74) to work on /home/airflow/.local/lib/python3.12/site-packages/airflow/example_dags/example_subdag_operator.py
[2024-10-01T20:46:12.223+0000] {processor.py:914} INFO - Processing file /home/airflow/.local/lib/python3.12/site-packages/airflow/example_dags/example_subdag_operator.py for tasks to queue
[2024-10-01T20:46:12.231+0000] {logging_mixin.py:190} INFO - [2024-10-01T20:46:12.231+0000] {dagbag.py:588} INFO - Filling up the DagBag from /home/airflow/.local/lib/python3.12/site-packages/airflow/example_dags/example_subdag_operator.py
[2024-10-01T20:46:12.264+0000] {processor.py:925} INFO - DAG(s) 'example_subdag_operator.section-1', 'example_subdag_operator.section-2', 'example_subdag_operator' retrieved from /home/airflow/.local/lib/python3.12/site-packages/airflow/example_dags/example_subdag_operator.py
[2024-10-01T20:46:12.404+0000] {logging_mixin.py:190} INFO - [2024-10-01T20:46:12.403+0000] {override.py:1900} INFO - Created Permission View: can delete on DAG:example_subdag_operator
[2024-10-01T20:46:12.411+0000] {logging_mixin.py:190} INFO - [2024-10-01T20:46:12.411+0000] {override.py:1900} INFO - Created Permission View: can read on DAG:example_subdag_operator
[2024-10-01T20:46:12.415+0000] {logging_mixin.py:190} INFO - [2024-10-01T20:46:12.415+0000] {override.py:1900} INFO - Created Permission View: can edit on DAG:example_subdag_operator
[2024-10-01T20:46:12.420+0000] {logging_mixin.py:190} INFO - [2024-10-01T20:46:12.420+0000] {override.py:1900} INFO - Created Permission View: can delete on DAG Run:example_subdag_operator
[2024-10-01T20:46:12.424+0000] {logging_mixin.py:190} INFO - [2024-10-01T20:46:12.423+0000] {override.py:1900} INFO - Created Permission View: can read on DAG Run:example_subdag_operator
[2024-10-01T20:46:12.446+0000] {logging_mixin.py:190} INFO - [2024-10-01T20:46:12.445+0000] {override.py:1900} INFO - Created Permission View: menu access on DAG Run:example_subdag_operator
[2024-10-01T20:46:12.454+0000] {logging_mixin.py:190} INFO - [2024-10-01T20:46:12.454+0000] {override.py:1900} INFO - Created Permission View: can create on DAG Run:example_subdag_operator
[2024-10-01T20:46:12.458+0000] {logging_mixin.py:190} INFO - [2024-10-01T20:46:12.458+0000] {dag.py:3239} INFO - Sync 3 DAGs
[2024-10-01T20:46:12.474+0000] {logging_mixin.py:190} INFO - [2024-10-01T20:46:12.473+0000] {dag.py:3262} INFO - Creating ORM DAG for example_subdag_operator.section-2
[2024-10-01T20:46:12.475+0000] {logging_mixin.py:190} INFO - [2024-10-01T20:46:12.475+0000] {dag.py:3262} INFO - Creating ORM DAG for example_subdag_operator
[2024-10-01T20:46:12.477+0000] {logging_mixin.py:190} INFO - [2024-10-01T20:46:12.476+0000] {dag.py:3262} INFO - Creating ORM DAG for example_subdag_operator.section-1
[2024-10-01T20:46:12.490+0000] {logging_mixin.py:190} INFO - [2024-10-01T20:46:12.490+0000] {dag.py:4180} INFO - Setting next_dagrun for example_subdag_operator to 2022-01-01 00:00:00+00:00, run_after=2022-01-01 00:00:00+00:00
[2024-10-01T20:46:12.495+0000] {logging_mixin.py:190} INFO - [2024-10-01T20:46:12.495+0000] {dag.py:4180} INFO - Setting next_dagrun for example_subdag_operator.section-1 to None, run_after=None
[2024-10-01T20:46:12.495+0000] {logging_mixin.py:190} INFO - [2024-10-01T20:46:12.495+0000] {dag.py:4180} INFO - Setting next_dagrun for example_subdag_operator.section-2 to None, run_after=None
[2024-10-01T20:46:12.506+0000] {logging_mixin.py:190} INFO - [2024-10-01T20:46:12.505+0000] {dag.py:3239} INFO - Sync 2 DAGs
[2024-10-01T20:46:12.522+0000] {logging_mixin.py:190} INFO - [2024-10-01T20:46:12.521+0000] {dag.py:4180} INFO - Setting next_dagrun for example_subdag_operator.section-1 to None, run_after=None
[2024-10-01T20:46:12.532+0000] {logging_mixin.py:190} INFO - [2024-10-01T20:46:12.532+0000] {dag.py:4180} INFO - Setting next_dagrun for example_subdag_operator.section-2 to None, run_after=None
[2024-10-01T20:46:12.565+0000] {processor.py:208} INFO - Processing /home/airflow/.local/lib/python3.12/site-packages/airflow/example_dags/example_subdag_operator.py took 0.354 seconds
[2024-10-01T20:46:42.907+0000] {processor.py:186} INFO - Started process (PID=136) to work on /home/airflow/.local/lib/python3.12/site-packages/airflow/example_dags/example_subdag_operator.py
[2024-10-01T20:46:42.908+0000] {processor.py:914} INFO - Processing file /home/airflow/.local/lib/python3.12/site-packages/airflow/example_dags/example_subdag_operator.py for tasks to queue
[2024-10-01T20:46:42.909+0000] {logging_mixin.py:190} INFO - [2024-10-01T20:46:42.909+0000] {dagbag.py:588} INFO - Filling up the DagBag from /home/airflow/.local/lib/python3.12/site-packages/airflow/example_dags/example_subdag_operator.py
[2024-10-01T20:46:42.925+0000] {processor.py:925} INFO - DAG(s) 'example_subdag_operator.section-1', 'example_subdag_operator.section-2', 'example_subdag_operator' retrieved from /home/airflow/.local/lib/python3.12/site-packages/airflow/example_dags/example_subdag_operator.py
[2024-10-01T20:46:42.933+0000] {logging_mixin.py:190} INFO - [2024-10-01T20:46:42.933+0000] {dag.py:3239} INFO - Sync 3 DAGs
[2024-10-01T20:46:42.946+0000] {logging_mixin.py:190} INFO - [2024-10-01T20:46:42.946+0000] {dag.py:4180} INFO - Setting next_dagrun for example_subdag_operator to 2022-01-01 00:00:00+00:00, run_after=2022-01-01 00:00:00+00:00
[2024-10-01T20:46:42.948+0000] {logging_mixin.py:190} INFO - [2024-10-01T20:46:42.948+0000] {dag.py:4180} INFO - Setting next_dagrun for example_subdag_operator.section-1 to None, run_after=None
[2024-10-01T20:46:42.948+0000] {logging_mixin.py:190} INFO - [2024-10-01T20:46:42.948+0000] {dag.py:4180} INFO - Setting next_dagrun for example_subdag_operator.section-2 to None, run_after=None
[2024-10-01T20:46:42.952+0000] {logging_mixin.py:190} INFO - [2024-10-01T20:46:42.952+0000] {dag.py:3239} INFO - Sync 2 DAGs
[2024-10-01T20:46:42.955+0000] {logging_mixin.py:190} INFO - [2024-10-01T20:46:42.954+0000] {dag.py:4180} INFO - Setting next_dagrun for example_subdag_operator.section-1 to None, run_after=None
[2024-10-01T20:46:42.955+0000] {logging_mixin.py:190} INFO - [2024-10-01T20:46:42.955+0000] {dag.py:4180} INFO - Setting next_dagrun for example_subdag_operator.section-2 to None, run_after=None
[2024-10-01T20:46:42.960+0000] {processor.py:208} INFO - Processing /home/airflow/.local/lib/python3.12/site-packages/airflow/example_dags/example_subdag_operator.py took 0.057 seconds
[2024-10-01T20:47:13.662+0000] {processor.py:186} INFO - Started process (PID=198) to work on /home/airflow/.local/lib/python3.12/site-packages/airflow/example_dags/example_subdag_operator.py
[2024-10-01T20:47:13.663+0000] {processor.py:914} INFO - Processing file /home/airflow/.local/lib/python3.12/site-packages/airflow/example_dags/example_subdag_operator.py for tasks to queue
[2024-10-01T20:47:13.665+0000] {logging_mixin.py:190} INFO - [2024-10-01T20:47:13.665+0000] {dagbag.py:588} INFO - Filling up the DagBag from /home/airflow/.local/lib/python3.12/site-packages/airflow/example_dags/example_subdag_operator.py
[2024-10-01T20:47:13.687+0000] {processor.py:925} INFO - DAG(s) 'example_subdag_operator.section-1', 'example_subdag_operator.section-2', 'example_subdag_operator' retrieved from /home/airflow/.local/lib/python3.12/site-packages/airflow/example_dags/example_subdag_operator.py
[2024-10-01T20:47:13.698+0000] {logging_mixin.py:190} INFO - [2024-10-01T20:47:13.698+0000] {dag.py:3239} INFO - Sync 3 DAGs
[2024-10-01T20:47:13.719+0000] {logging_mixin.py:190} INFO - [2024-10-01T20:47:13.719+0000] {dag.py:4180} INFO - Setting next_dagrun for example_subdag_operator to 2022-01-01 00:00:00+00:00, run_after=2022-01-01 00:00:00+00:00
[2024-10-01T20:47:13.725+0000] {logging_mixin.py:190} INFO - [2024-10-01T20:47:13.725+0000] {dag.py:4180} INFO - Setting next_dagrun for example_subdag_operator.section-1 to None, run_after=None
[2024-10-01T20:47:13.728+0000] {logging_mixin.py:190} INFO - [2024-10-01T20:47:13.728+0000] {dag.py:4180} INFO - Setting next_dagrun for example_subdag_operator.section-2 to None, run_after=None
[2024-10-01T20:47:13.736+0000] {logging_mixin.py:190} INFO - [2024-10-01T20:47:13.736+0000] {dag.py:3239} INFO - Sync 2 DAGs
[2024-10-01T20:47:13.746+0000] {logging_mixin.py:190} INFO - [2024-10-01T20:47:13.746+0000] {dag.py:4180} INFO - Setting next_dagrun for example_subdag_operator.section-1 to None, run_after=None
[2024-10-01T20:47:13.746+0000] {logging_mixin.py:190} INFO - [2024-10-01T20:47:13.746+0000] {dag.py:4180} INFO - Setting next_dagrun for example_subdag_operator.section-2 to None, run_after=None
[2024-10-01T20:47:13.758+0000] {processor.py:208} INFO - Processing /home/airflow/.local/lib/python3.12/site-packages/airflow/example_dags/example_subdag_operator.py took 0.102 seconds
[2024-10-01T20:47:44.299+0000] {processor.py:186} INFO - Started process (PID=260) to work on /home/airflow/.local/lib/python3.12/site-packages/airflow/example_dags/example_subdag_operator.py
[2024-10-01T20:47:44.301+0000] {processor.py:914} INFO - Processing file /home/airflow/.local/lib/python3.12/site-packages/airflow/example_dags/example_subdag_operator.py for tasks to queue
[2024-10-01T20:47:44.303+0000] {logging_mixin.py:190} INFO - [2024-10-01T20:47:44.303+0000] {dagbag.py:588} INFO - Filling up the DagBag from /home/airflow/.local/lib/python3.12/site-packages/airflow/example_dags/example_subdag_operator.py
[2024-10-01T20:47:44.330+0000] {processor.py:925} INFO - DAG(s) 'example_subdag_operator.section-1', 'example_subdag_operator.section-2', 'example_subdag_operator' retrieved from /home/airflow/.local/lib/python3.12/site-packages/airflow/example_dags/example_subdag_operator.py
[2024-10-01T20:47:44.364+0000] {logging_mixin.py:190} INFO - [2024-10-01T20:47:44.363+0000] {dag.py:3239} INFO - Sync 3 DAGs
[2024-10-01T20:47:44.541+0000] {logging_mixin.py:190} INFO - [2024-10-01T20:47:44.538+0000] {dag.py:4180} INFO - Setting next_dagrun for example_subdag_operator to 2022-01-01 00:00:00+00:00, run_after=2022-01-01 00:00:00+00:00
[2024-10-01T20:47:44.550+0000] {logging_mixin.py:190} INFO - [2024-10-01T20:47:44.550+0000] {dag.py:4180} INFO - Setting next_dagrun for example_subdag_operator.section-1 to None, run_after=None
[2024-10-01T20:47:44.556+0000] {logging_mixin.py:190} INFO - [2024-10-01T20:47:44.556+0000] {dag.py:4180} INFO - Setting next_dagrun for example_subdag_operator.section-2 to None, run_after=None
[2024-10-01T20:47:44.576+0000] {logging_mixin.py:190} INFO - [2024-10-01T20:47:44.575+0000] {dag.py:3239} INFO - Sync 2 DAGs
[2024-10-01T20:47:44.592+0000] {logging_mixin.py:190} INFO - [2024-10-01T20:47:44.592+0000] {dag.py:4180} INFO - Setting next_dagrun for example_subdag_operator.section-1 to None, run_after=None
[2024-10-01T20:47:44.594+0000] {logging_mixin.py:190} INFO - [2024-10-01T20:47:44.593+0000] {dag.py:4180} INFO - Setting next_dagrun for example_subdag_operator.section-2 to None, run_after=None
[2024-10-01T20:47:44.626+0000] {processor.py:208} INFO - Processing /home/airflow/.local/lib/python3.12/site-packages/airflow/example_dags/example_subdag_operator.py took 0.336 seconds
[2024-10-01T20:48:15.028+0000] {processor.py:186} INFO - Started process (PID=322) to work on /home/airflow/.local/lib/python3.12/site-packages/airflow/example_dags/example_subdag_operator.py
[2024-10-01T20:48:15.031+0000] {processor.py:914} INFO - Processing file /home/airflow/.local/lib/python3.12/site-packages/airflow/example_dags/example_subdag_operator.py for tasks to queue
[2024-10-01T20:48:15.034+0000] {logging_mixin.py:190} INFO - [2024-10-01T20:48:15.033+0000] {dagbag.py:588} INFO - Filling up the DagBag from /home/airflow/.local/lib/python3.12/site-packages/airflow/example_dags/example_subdag_operator.py
[2024-10-01T20:48:15.059+0000] {processor.py:925} INFO - DAG(s) 'example_subdag_operator.section-1', 'example_subdag_operator.section-2', 'example_subdag_operator' retrieved from /home/airflow/.local/lib/python3.12/site-packages/airflow/example_dags/example_subdag_operator.py
[2024-10-01T20:48:15.089+0000] {logging_mixin.py:190} INFO - [2024-10-01T20:48:15.088+0000] {dag.py:3239} INFO - Sync 3 DAGs
[2024-10-01T20:48:15.110+0000] {logging_mixin.py:190} INFO - [2024-10-01T20:48:15.110+0000] {dag.py:4180} INFO - Setting next_dagrun for example_subdag_operator to 2022-01-01 00:00:00+00:00, run_after=2022-01-01 00:00:00+00:00
[2024-10-01T20:48:15.113+0000] {logging_mixin.py:190} INFO - [2024-10-01T20:48:15.113+0000] {dag.py:4180} INFO - Setting next_dagrun for example_subdag_operator.section-1 to None, run_after=None
[2024-10-01T20:48:15.114+0000] {logging_mixin.py:190} INFO - [2024-10-01T20:48:15.114+0000] {dag.py:4180} INFO - Setting next_dagrun for example_subdag_operator.section-2 to None, run_after=None
[2024-10-01T20:48:15.120+0000] {logging_mixin.py:190} INFO - [2024-10-01T20:48:15.119+0000] {dag.py:3239} INFO - Sync 2 DAGs
[2024-10-01T20:48:15.124+0000] {logging_mixin.py:190} INFO - [2024-10-01T20:48:15.124+0000] {dag.py:4180} INFO - Setting next_dagrun for example_subdag_operator.section-1 to None, run_after=None
[2024-10-01T20:48:15.126+0000] {logging_mixin.py:190} INFO - [2024-10-01T20:48:15.126+0000] {dag.py:4180} INFO - Setting next_dagrun for example_subdag_operator.section-2 to None, run_after=None
[2024-10-01T20:48:15.133+0000] {processor.py:208} INFO - Processing /home/airflow/.local/lib/python3.12/site-packages/airflow/example_dags/example_subdag_operator.py took 0.110 seconds
[2024-10-01T20:48:45.483+0000] {processor.py:186} INFO - Started process (PID=384) to work on /home/airflow/.local/lib/python3.12/site-packages/airflow/example_dags/example_subdag_operator.py
[2024-10-01T20:48:45.486+0000] {processor.py:914} INFO - Processing file /home/airflow/.local/lib/python3.12/site-packages/airflow/example_dags/example_subdag_operator.py for tasks to queue
[2024-10-01T20:48:45.488+0000] {logging_mixin.py:190} INFO - [2024-10-01T20:48:45.488+0000] {dagbag.py:588} INFO - Filling up the DagBag from /home/airflow/.local/lib/python3.12/site-packages/airflow/example_dags/example_subdag_operator.py
[2024-10-01T20:48:45.506+0000] {processor.py:925} INFO - DAG(s) 'example_subdag_operator.section-1', 'example_subdag_operator.section-2', 'example_subdag_operator' retrieved from /home/airflow/.local/lib/python3.12/site-packages/airflow/example_dags/example_subdag_operator.py
[2024-10-01T20:48:45.518+0000] {logging_mixin.py:190} INFO - [2024-10-01T20:48:45.518+0000] {dag.py:3239} INFO - Sync 3 DAGs
[2024-10-01T20:48:45.535+0000] {logging_mixin.py:190} INFO - [2024-10-01T20:48:45.534+0000] {dag.py:4180} INFO - Setting next_dagrun for example_subdag_operator to 2022-01-01 00:00:00+00:00, run_after=2022-01-01 00:00:00+00:00
[2024-10-01T20:48:45.537+0000] {logging_mixin.py:190} INFO - [2024-10-01T20:48:45.537+0000] {dag.py:4180} INFO - Setting next_dagrun for example_subdag_operator.section-1 to None, run_after=None
[2024-10-01T20:48:45.540+0000] {logging_mixin.py:190} INFO - [2024-10-01T20:48:45.540+0000] {dag.py:4180} INFO - Setting next_dagrun for example_subdag_operator.section-2 to None, run_after=None
[2024-10-01T20:48:45.545+0000] {logging_mixin.py:190} INFO - [2024-10-01T20:48:45.545+0000] {dag.py:3239} INFO - Sync 2 DAGs
[2024-10-01T20:48:45.553+0000] {logging_mixin.py:190} INFO - [2024-10-01T20:48:45.553+0000] {dag.py:4180} INFO - Setting next_dagrun for example_subdag_operator.section-1 to None, run_after=None
[2024-10-01T20:48:45.554+0000] {logging_mixin.py:190} INFO - [2024-10-01T20:48:45.553+0000] {dag.py:4180} INFO - Setting next_dagrun for example_subdag_operator.section-2 to None, run_after=None
[2024-10-01T20:48:45.562+0000] {processor.py:208} INFO - Processing /home/airflow/.local/lib/python3.12/site-packages/airflow/example_dags/example_subdag_operator.py took 0.085 seconds
[2024-10-01T20:49:16.138+0000] {processor.py:186} INFO - Started process (PID=446) to work on /home/airflow/.local/lib/python3.12/site-packages/airflow/example_dags/example_subdag_operator.py
[2024-10-01T20:49:16.139+0000] {processor.py:914} INFO - Processing file /home/airflow/.local/lib/python3.12/site-packages/airflow/example_dags/example_subdag_operator.py for tasks to queue
[2024-10-01T20:49:16.141+0000] {logging_mixin.py:190} INFO - [2024-10-01T20:49:16.140+0000] {dagbag.py:588} INFO - Filling up the DagBag from /home/airflow/.local/lib/python3.12/site-packages/airflow/example_dags/example_subdag_operator.py
[2024-10-01T20:49:16.177+0000] {processor.py:925} INFO - DAG(s) 'example_subdag_operator.section-1', 'example_subdag_operator.section-2', 'example_subdag_operator' retrieved from /home/airflow/.local/lib/python3.12/site-packages/airflow/example_dags/example_subdag_operator.py
[2024-10-01T20:49:16.201+0000] {logging_mixin.py:190} INFO - [2024-10-01T20:49:16.201+0000] {dag.py:3239} INFO - Sync 3 DAGs
[2024-10-01T20:49:16.225+0000] {logging_mixin.py:190} INFO - [2024-10-01T20:49:16.224+0000] {dag.py:4180} INFO - Setting next_dagrun for example_subdag_operator to 2022-01-01 00:00:00+00:00, run_after=2022-01-01 00:00:00+00:00
[2024-10-01T20:49:16.227+0000] {logging_mixin.py:190} INFO - [2024-10-01T20:49:16.227+0000] {dag.py:4180} INFO - Setting next_dagrun for example_subdag_operator.section-1 to None, run_after=None
[2024-10-01T20:49:16.228+0000] {logging_mixin.py:190} INFO - [2024-10-01T20:49:16.228+0000] {dag.py:4180} INFO - Setting next_dagrun for example_subdag_operator.section-2 to None, run_after=None
[2024-10-01T20:49:16.237+0000] {logging_mixin.py:190} INFO - [2024-10-01T20:49:16.236+0000] {dag.py:3239} INFO - Sync 2 DAGs
[2024-10-01T20:49:16.240+0000] {logging_mixin.py:190} INFO - [2024-10-01T20:49:16.240+0000] {dag.py:4180} INFO - Setting next_dagrun for example_subdag_operator.section-1 to None, run_after=None
[2024-10-01T20:49:16.241+0000] {logging_mixin.py:190} INFO - [2024-10-01T20:49:16.241+0000] {dag.py:4180} INFO - Setting next_dagrun for example_subdag_operator.section-2 to None, run_after=None
[2024-10-01T20:49:16.251+0000] {processor.py:208} INFO - Processing /home/airflow/.local/lib/python3.12/site-packages/airflow/example_dags/example_subdag_operator.py took 0.122 seconds
[2024-10-01T20:49:46.962+0000] {processor.py:186} INFO - Started process (PID=508) to work on /home/airflow/.local/lib/python3.12/site-packages/airflow/example_dags/example_subdag_operator.py
[2024-10-01T20:49:46.963+0000] {processor.py:914} INFO - Processing file /home/airflow/.local/lib/python3.12/site-packages/airflow/example_dags/example_subdag_operator.py for tasks to queue
[2024-10-01T20:49:46.965+0000] {logging_mixin.py:190} INFO - [2024-10-01T20:49:46.965+0000] {dagbag.py:588} INFO - Filling up the DagBag from /home/airflow/.local/lib/python3.12/site-packages/airflow/example_dags/example_subdag_operator.py
[2024-10-01T20:49:46.984+0000] {processor.py:925} INFO - DAG(s) 'example_subdag_operator.section-1', 'example_subdag_operator.section-2', 'example_subdag_operator' retrieved from /home/airflow/.local/lib/python3.12/site-packages/airflow/example_dags/example_subdag_operator.py
[2024-10-01T20:49:46.993+0000] {logging_mixin.py:190} INFO - [2024-10-01T20:49:46.993+0000] {dag.py:3239} INFO - Sync 3 DAGs
[2024-10-01T20:49:47.008+0000] {logging_mixin.py:190} INFO - [2024-10-01T20:49:47.008+0000] {dag.py:4180} INFO - Setting next_dagrun for example_subdag_operator to 2022-01-01 00:00:00+00:00, run_after=2022-01-01 00:00:00+00:00
[2024-10-01T20:49:47.013+0000] {logging_mixin.py:190} INFO - [2024-10-01T20:49:47.013+0000] {dag.py:4180} INFO - Setting next_dagrun for example_subdag_operator.section-1 to None, run_after=None
[2024-10-01T20:49:47.014+0000] {logging_mixin.py:190} INFO - [2024-10-01T20:49:47.014+0000] {dag.py:4180} INFO - Setting next_dagrun for example_subdag_operator.section-2 to None, run_after=None
[2024-10-01T20:49:47.019+0000] {logging_mixin.py:190} INFO - [2024-10-01T20:49:47.019+0000] {dag.py:3239} INFO - Sync 2 DAGs
[2024-10-01T20:49:47.024+0000] {logging_mixin.py:190} INFO - [2024-10-01T20:49:47.024+0000] {dag.py:4180} INFO - Setting next_dagrun for example_subdag_operator.section-1 to None, run_after=None
[2024-10-01T20:49:47.024+0000] {logging_mixin.py:190} INFO - [2024-10-01T20:49:47.024+0000] {dag.py:4180} INFO - Setting next_dagrun for example_subdag_operator.section-2 to None, run_after=None
[2024-10-01T20:49:47.032+0000] {processor.py:208} INFO - Processing /home/airflow/.local/lib/python3.12/site-packages/airflow/example_dags/example_subdag_operator.py took 0.074 seconds
[2024-10-01T20:50:17.627+0000] {processor.py:186} INFO - Started process (PID=570) to work on /home/airflow/.local/lib/python3.12/site-packages/airflow/example_dags/example_subdag_operator.py
[2024-10-01T20:50:17.628+0000] {processor.py:914} INFO - Processing file /home/airflow/.local/lib/python3.12/site-packages/airflow/example_dags/example_subdag_operator.py for tasks to queue
[2024-10-01T20:50:17.630+0000] {logging_mixin.py:190} INFO - [2024-10-01T20:50:17.629+0000] {dagbag.py:588} INFO - Filling up the DagBag from /home/airflow/.local/lib/python3.12/site-packages/airflow/example_dags/example_subdag_operator.py
[2024-10-01T20:50:17.647+0000] {processor.py:925} INFO - DAG(s) 'example_subdag_operator.section-1', 'example_subdag_operator.section-2', 'example_subdag_operator' retrieved from /home/airflow/.local/lib/python3.12/site-packages/airflow/example_dags/example_subdag_operator.py
[2024-10-01T20:50:17.657+0000] {logging_mixin.py:190} INFO - [2024-10-01T20:50:17.657+0000] {dag.py:3239} INFO - Sync 3 DAGs
[2024-10-01T20:50:17.673+0000] {logging_mixin.py:190} INFO - [2024-10-01T20:50:17.673+0000] {dag.py:4180} INFO - Setting next_dagrun for example_subdag_operator to 2022-01-01 00:00:00+00:00, run_after=2022-01-01 00:00:00+00:00
[2024-10-01T20:50:17.679+0000] {logging_mixin.py:190} INFO - [2024-10-01T20:50:17.679+0000] {dag.py:4180} INFO - Setting next_dagrun for example_subdag_operator.section-1 to None, run_after=None
[2024-10-01T20:50:17.680+0000] {logging_mixin.py:190} INFO - [2024-10-01T20:50:17.680+0000] {dag.py:4180} INFO - Setting next_dagrun for example_subdag_operator.section-2 to None, run_after=None
[2024-10-01T20:50:17.684+0000] {logging_mixin.py:190} INFO - [2024-10-01T20:50:17.684+0000] {dag.py:3239} INFO - Sync 2 DAGs
[2024-10-01T20:50:17.692+0000] {logging_mixin.py:190} INFO - [2024-10-01T20:50:17.692+0000] {dag.py:4180} INFO - Setting next_dagrun for example_subdag_operator.section-1 to None, run_after=None
[2024-10-01T20:50:17.693+0000] {logging_mixin.py:190} INFO - [2024-10-01T20:50:17.693+0000] {dag.py:4180} INFO - Setting next_dagrun for example_subdag_operator.section-2 to None, run_after=None
[2024-10-01T20:50:17.706+0000] {processor.py:208} INFO - Processing /home/airflow/.local/lib/python3.12/site-packages/airflow/example_dags/example_subdag_operator.py took 0.085 seconds
[2024-10-01T20:50:48.669+0000] {processor.py:186} INFO - Started process (PID=632) to work on /home/airflow/.local/lib/python3.12/site-packages/airflow/example_dags/example_subdag_operator.py
[2024-10-01T20:50:48.670+0000] {processor.py:914} INFO - Processing file /home/airflow/.local/lib/python3.12/site-packages/airflow/example_dags/example_subdag_operator.py for tasks to queue
[2024-10-01T20:50:48.672+0000] {logging_mixin.py:190} INFO - [2024-10-01T20:50:48.671+0000] {dagbag.py:588} INFO - Filling up the DagBag from /home/airflow/.local/lib/python3.12/site-packages/airflow/example_dags/example_subdag_operator.py
[2024-10-01T20:50:48.690+0000] {processor.py:925} INFO - DAG(s) 'example_subdag_operator.section-1', 'example_subdag_operator.section-2', 'example_subdag_operator' retrieved from /home/airflow/.local/lib/python3.12/site-packages/airflow/example_dags/example_subdag_operator.py
[2024-10-01T20:50:48.700+0000] {logging_mixin.py:190} INFO - [2024-10-01T20:50:48.700+0000] {dag.py:3239} INFO - Sync 3 DAGs
[2024-10-01T20:50:48.714+0000] {logging_mixin.py:190} INFO - [2024-10-01T20:50:48.714+0000] {dag.py:4180} INFO - Setting next_dagrun for example_subdag_operator to 2022-01-01 00:00:00+00:00, run_after=2022-01-01 00:00:00+00:00
[2024-10-01T20:50:48.718+0000] {logging_mixin.py:190} INFO - [2024-10-01T20:50:48.718+0000] {dag.py:4180} INFO - Setting next_dagrun for example_subdag_operator.section-1 to None, run_after=None
[2024-10-01T20:50:48.719+0000] {logging_mixin.py:190} INFO - [2024-10-01T20:50:48.719+0000] {dag.py:4180} INFO - Setting next_dagrun for example_subdag_operator.section-2 to None, run_after=None
[2024-10-01T20:50:48.723+0000] {logging_mixin.py:190} INFO - [2024-10-01T20:50:48.723+0000] {dag.py:3239} INFO - Sync 2 DAGs
[2024-10-01T20:50:48.728+0000] {logging_mixin.py:190} INFO - [2024-10-01T20:50:48.728+0000] {dag.py:4180} INFO - Setting next_dagrun for example_subdag_operator.section-1 to None, run_after=None
[2024-10-01T20:50:48.730+0000] {logging_mixin.py:190} INFO - [2024-10-01T20:50:48.730+0000] {dag.py:4180} INFO - Setting next_dagrun for example_subdag_operator.section-2 to None, run_after=None
[2024-10-01T20:50:48.739+0000] {processor.py:208} INFO - Processing /home/airflow/.local/lib/python3.12/site-packages/airflow/example_dags/example_subdag_operator.py took 0.074 seconds
[2024-10-01T20:51:18.797+0000] {processor.py:186} INFO - Started process (PID=694) to work on /home/airflow/.local/lib/python3.12/site-packages/airflow/example_dags/example_subdag_operator.py
[2024-10-01T20:51:18.798+0000] {processor.py:914} INFO - Processing file /home/airflow/.local/lib/python3.12/site-packages/airflow/example_dags/example_subdag_operator.py for tasks to queue
[2024-10-01T20:51:18.801+0000] {logging_mixin.py:190} INFO - [2024-10-01T20:51:18.801+0000] {dagbag.py:588} INFO - Filling up the DagBag from /home/airflow/.local/lib/python3.12/site-packages/airflow/example_dags/example_subdag_operator.py
[2024-10-01T20:51:18.824+0000] {processor.py:925} INFO - DAG(s) 'example_subdag_operator.section-1', 'example_subdag_operator.section-2', 'example_subdag_operator' retrieved from /home/airflow/.local/lib/python3.12/site-packages/airflow/example_dags/example_subdag_operator.py
[2024-10-01T20:51:18.835+0000] {logging_mixin.py:190} INFO - [2024-10-01T20:51:18.835+0000] {dag.py:3239} INFO - Sync 3 DAGs
[2024-10-01T20:51:18.851+0000] {logging_mixin.py:190} INFO - [2024-10-01T20:51:18.850+0000] {dag.py:4180} INFO - Setting next_dagrun for example_subdag_operator to 2022-01-01 00:00:00+00:00, run_after=2022-01-01 00:00:00+00:00
[2024-10-01T20:51:18.856+0000] {logging_mixin.py:190} INFO - [2024-10-01T20:51:18.856+0000] {dag.py:4180} INFO - Setting next_dagrun for example_subdag_operator.section-1 to None, run_after=None
[2024-10-01T20:51:18.859+0000] {logging_mixin.py:190} INFO - [2024-10-01T20:51:18.859+0000] {dag.py:4180} INFO - Setting next_dagrun for example_subdag_operator.section-2 to None, run_after=None
[2024-10-01T20:51:18.864+0000] {logging_mixin.py:190} INFO - [2024-10-01T20:51:18.864+0000] {dag.py:3239} INFO - Sync 2 DAGs
[2024-10-01T20:51:18.867+0000] {logging_mixin.py:190} INFO - [2024-10-01T20:51:18.867+0000] {dag.py:4180} INFO - Setting next_dagrun for example_subdag_operator.section-1 to None, run_after=None
[2024-10-01T20:51:18.868+0000] {logging_mixin.py:190} INFO - [2024-10-01T20:51:18.868+0000] {dag.py:4180} INFO - Setting next_dagrun for example_subdag_operator.section-2 to None, run_after=None
[2024-10-01T20:51:18.875+0000] {processor.py:208} INFO - Processing /home/airflow/.local/lib/python3.12/site-packages/airflow/example_dags/example_subdag_operator.py took 0.092 seconds
[2024-10-01T20:51:49.328+0000] {processor.py:186} INFO - Started process (PID=756) to work on /home/airflow/.local/lib/python3.12/site-packages/airflow/example_dags/example_subdag_operator.py
[2024-10-01T20:51:49.330+0000] {processor.py:914} INFO - Processing file /home/airflow/.local/lib/python3.12/site-packages/airflow/example_dags/example_subdag_operator.py for tasks to queue
[2024-10-01T20:51:49.333+0000] {logging_mixin.py:190} INFO - [2024-10-01T20:51:49.333+0000] {dagbag.py:588} INFO - Filling up the DagBag from /home/airflow/.local/lib/python3.12/site-packages/airflow/example_dags/example_subdag_operator.py
[2024-10-01T20:51:49.350+0000] {processor.py:925} INFO - DAG(s) 'example_subdag_operator.section-1', 'example_subdag_operator.section-2', 'example_subdag_operator' retrieved from /home/airflow/.local/lib/python3.12/site-packages/airflow/example_dags/example_subdag_operator.py
[2024-10-01T20:51:49.363+0000] {logging_mixin.py:190} INFO - [2024-10-01T20:51:49.363+0000] {dag.py:3239} INFO - Sync 3 DAGs
[2024-10-01T20:51:49.378+0000] {logging_mixin.py:190} INFO - [2024-10-01T20:51:49.377+0000] {dag.py:4180} INFO - Setting next_dagrun for example_subdag_operator to 2022-01-01 00:00:00+00:00, run_after=2022-01-01 00:00:00+00:00
[2024-10-01T20:51:49.380+0000] {logging_mixin.py:190} INFO - [2024-10-01T20:51:49.380+0000] {dag.py:4180} INFO - Setting next_dagrun for example_subdag_operator.section-1 to None, run_after=None
[2024-10-01T20:51:49.381+0000] {logging_mixin.py:190} INFO - [2024-10-01T20:51:49.381+0000] {dag.py:4180} INFO - Setting next_dagrun for example_subdag_operator.section-2 to None, run_after=None
[2024-10-01T20:51:49.385+0000] {logging_mixin.py:190} INFO - [2024-10-01T20:51:49.385+0000] {dag.py:3239} INFO - Sync 2 DAGs
[2024-10-01T20:51:49.389+0000] {logging_mixin.py:190} INFO - [2024-10-01T20:51:49.389+0000] {dag.py:4180} INFO - Setting next_dagrun for example_subdag_operator.section-1 to None, run_after=None
[2024-10-01T20:51:49.389+0000] {logging_mixin.py:190} INFO - [2024-10-01T20:51:49.389+0000] {dag.py:4180} INFO - Setting next_dagrun for example_subdag_operator.section-2 to None, run_after=None
[2024-10-01T20:51:49.394+0000] {processor.py:208} INFO - Processing /home/airflow/.local/lib/python3.12/site-packages/airflow/example_dags/example_subdag_operator.py took 0.072 seconds
[2024-10-01T20:52:19.616+0000] {processor.py:186} INFO - Started process (PID=818) to work on /home/airflow/.local/lib/python3.12/site-packages/airflow/example_dags/example_subdag_operator.py
[2024-10-01T20:52:19.617+0000] {processor.py:914} INFO - Processing file /home/airflow/.local/lib/python3.12/site-packages/airflow/example_dags/example_subdag_operator.py for tasks to queue
[2024-10-01T20:52:19.619+0000] {logging_mixin.py:190} INFO - [2024-10-01T20:52:19.618+0000] {dagbag.py:588} INFO - Filling up the DagBag from /home/airflow/.local/lib/python3.12/site-packages/airflow/example_dags/example_subdag_operator.py
[2024-10-01T20:52:19.637+0000] {processor.py:925} INFO - DAG(s) 'example_subdag_operator.section-1', 'example_subdag_operator.section-2', 'example_subdag_operator' retrieved from /home/airflow/.local/lib/python3.12/site-packages/airflow/example_dags/example_subdag_operator.py
[2024-10-01T20:52:19.647+0000] {logging_mixin.py:190} INFO - [2024-10-01T20:52:19.647+0000] {dag.py:3239} INFO - Sync 3 DAGs
[2024-10-01T20:52:19.664+0000] {logging_mixin.py:190} INFO - [2024-10-01T20:52:19.663+0000] {dag.py:4180} INFO - Setting next_dagrun for example_subdag_operator to 2022-01-01 00:00:00+00:00, run_after=2022-01-01 00:00:00+00:00
[2024-10-01T20:52:19.667+0000] {logging_mixin.py:190} INFO - [2024-10-01T20:52:19.667+0000] {dag.py:4180} INFO - Setting next_dagrun for example_subdag_operator.section-1 to None, run_after=None
[2024-10-01T20:52:19.668+0000] {logging_mixin.py:190} INFO - [2024-10-01T20:52:19.668+0000] {dag.py:4180} INFO - Setting next_dagrun for example_subdag_operator.section-2 to None, run_after=None
[2024-10-01T20:52:19.673+0000] {logging_mixin.py:190} INFO - [2024-10-01T20:52:19.673+0000] {dag.py:3239} INFO - Sync 2 DAGs
[2024-10-01T20:52:19.677+0000] {logging_mixin.py:190} INFO - [2024-10-01T20:52:19.677+0000] {dag.py:4180} INFO - Setting next_dagrun for example_subdag_operator.section-1 to None, run_after=None
[2024-10-01T20:52:19.677+0000] {logging_mixin.py:190} INFO - [2024-10-01T20:52:19.677+0000] {dag.py:4180} INFO - Setting next_dagrun for example_subdag_operator.section-2 to None, run_after=None
[2024-10-01T20:52:19.684+0000] {processor.py:208} INFO - Processing /home/airflow/.local/lib/python3.12/site-packages/airflow/example_dags/example_subdag_operator.py took 0.073 seconds
[2024-10-01T20:52:50.235+0000] {processor.py:186} INFO - Started process (PID=880) to work on /home/airflow/.local/lib/python3.12/site-packages/airflow/example_dags/example_subdag_operator.py
[2024-10-01T20:52:50.236+0000] {processor.py:914} INFO - Processing file /home/airflow/.local/lib/python3.12/site-packages/airflow/example_dags/example_subdag_operator.py for tasks to queue
[2024-10-01T20:52:50.237+0000] {logging_mixin.py:190} INFO - [2024-10-01T20:52:50.237+0000] {dagbag.py:588} INFO - Filling up the DagBag from /home/airflow/.local/lib/python3.12/site-packages/airflow/example_dags/example_subdag_operator.py
[2024-10-01T20:52:50.254+0000] {processor.py:925} INFO - DAG(s) 'example_subdag_operator.section-1', 'example_subdag_operator.section-2', 'example_subdag_operator' retrieved from /home/airflow/.local/lib/python3.12/site-packages/airflow/example_dags/example_subdag_operator.py
[2024-10-01T20:52:50.264+0000] {logging_mixin.py:190} INFO - [2024-10-01T20:52:50.264+0000] {dag.py:3239} INFO - Sync 3 DAGs
[2024-10-01T20:52:50.279+0000] {logging_mixin.py:190} INFO - [2024-10-01T20:52:50.279+0000] {dag.py:4180} INFO - Setting next_dagrun for example_subdag_operator to 2022-01-01 00:00:00+00:00, run_after=2022-01-01 00:00:00+00:00
[2024-10-01T20:52:50.281+0000] {logging_mixin.py:190} INFO - [2024-10-01T20:52:50.281+0000] {dag.py:4180} INFO - Setting next_dagrun for example_subdag_operator.section-1 to None, run_after=None
[2024-10-01T20:52:50.282+0000] {logging_mixin.py:190} INFO - [2024-10-01T20:52:50.282+0000] {dag.py:4180} INFO - Setting next_dagrun for example_subdag_operator.section-2 to None, run_after=None
[2024-10-01T20:52:50.287+0000] {logging_mixin.py:190} INFO - [2024-10-01T20:52:50.287+0000] {dag.py:3239} INFO - Sync 2 DAGs
[2024-10-01T20:52:50.290+0000] {logging_mixin.py:190} INFO - [2024-10-01T20:52:50.289+0000] {dag.py:4180} INFO - Setting next_dagrun for example_subdag_operator.section-1 to None, run_after=None
[2024-10-01T20:52:50.290+0000] {logging_mixin.py:190} INFO - [2024-10-01T20:52:50.290+0000] {dag.py:4180} INFO - Setting next_dagrun for example_subdag_operator.section-2 to None, run_after=None
[2024-10-01T20:52:50.296+0000] {processor.py:208} INFO - Processing /home/airflow/.local/lib/python3.12/site-packages/airflow/example_dags/example_subdag_operator.py took 0.065 seconds
[2024-10-01T20:53:21.206+0000] {processor.py:186} INFO - Started process (PID=942) to work on /home/airflow/.local/lib/python3.12/site-packages/airflow/example_dags/example_subdag_operator.py
[2024-10-01T20:53:21.207+0000] {processor.py:914} INFO - Processing file /home/airflow/.local/lib/python3.12/site-packages/airflow/example_dags/example_subdag_operator.py for tasks to queue
[2024-10-01T20:53:21.209+0000] {logging_mixin.py:190} INFO - [2024-10-01T20:53:21.208+0000] {dagbag.py:588} INFO - Filling up the DagBag from /home/airflow/.local/lib/python3.12/site-packages/airflow/example_dags/example_subdag_operator.py
[2024-10-01T20:53:21.231+0000] {processor.py:925} INFO - DAG(s) 'example_subdag_operator.section-1', 'example_subdag_operator.section-2', 'example_subdag_operator' retrieved from /home/airflow/.local/lib/python3.12/site-packages/airflow/example_dags/example_subdag_operator.py
[2024-10-01T20:53:21.239+0000] {logging_mixin.py:190} INFO - [2024-10-01T20:53:21.239+0000] {dag.py:3239} INFO - Sync 3 DAGs
[2024-10-01T20:53:21.257+0000] {logging_mixin.py:190} INFO - [2024-10-01T20:53:21.257+0000] {dag.py:4180} INFO - Setting next_dagrun for example_subdag_operator to 2022-01-01 00:00:00+00:00, run_after=2022-01-01 00:00:00+00:00
[2024-10-01T20:53:21.259+0000] {logging_mixin.py:190} INFO - [2024-10-01T20:53:21.259+0000] {dag.py:4180} INFO - Setting next_dagrun for example_subdag_operator.section-1 to None, run_after=None
[2024-10-01T20:53:21.263+0000] {logging_mixin.py:190} INFO - [2024-10-01T20:53:21.263+0000] {dag.py:4180} INFO - Setting next_dagrun for example_subdag_operator.section-2 to None, run_after=None
[2024-10-01T20:53:21.267+0000] {logging_mixin.py:190} INFO - [2024-10-01T20:53:21.267+0000] {dag.py:3239} INFO - Sync 2 DAGs
[2024-10-01T20:53:21.270+0000] {logging_mixin.py:190} INFO - [2024-10-01T20:53:21.270+0000] {dag.py:4180} INFO - Setting next_dagrun for example_subdag_operator.section-1 to None, run_after=None
[2024-10-01T20:53:21.271+0000] {logging_mixin.py:190} INFO - [2024-10-01T20:53:21.270+0000] {dag.py:4180} INFO - Setting next_dagrun for example_subdag_operator.section-2 to None, run_after=None
[2024-10-01T20:53:21.276+0000] {processor.py:208} INFO - Processing /home/airflow/.local/lib/python3.12/site-packages/airflow/example_dags/example_subdag_operator.py took 0.074 seconds
[2024-10-01T20:53:51.745+0000] {processor.py:186} INFO - Started process (PID=1003) to work on /home/airflow/.local/lib/python3.12/site-packages/airflow/example_dags/example_subdag_operator.py
[2024-10-01T20:53:51.746+0000] {processor.py:914} INFO - Processing file /home/airflow/.local/lib/python3.12/site-packages/airflow/example_dags/example_subdag_operator.py for tasks to queue
[2024-10-01T20:53:51.749+0000] {logging_mixin.py:190} INFO - [2024-10-01T20:53:51.749+0000] {dagbag.py:588} INFO - Filling up the DagBag from /home/airflow/.local/lib/python3.12/site-packages/airflow/example_dags/example_subdag_operator.py
[2024-10-01T20:53:51.768+0000] {processor.py:925} INFO - DAG(s) 'example_subdag_operator.section-1', 'example_subdag_operator.section-2', 'example_subdag_operator' retrieved from /home/airflow/.local/lib/python3.12/site-packages/airflow/example_dags/example_subdag_operator.py
[2024-10-01T20:53:51.779+0000] {logging_mixin.py:190} INFO - [2024-10-01T20:53:51.778+0000] {dag.py:3239} INFO - Sync 3 DAGs
[2024-10-01T20:53:51.792+0000] {logging_mixin.py:190} INFO - [2024-10-01T20:53:51.792+0000] {dag.py:4180} INFO - Setting next_dagrun for example_subdag_operator to 2022-01-01 00:00:00+00:00, run_after=2022-01-01 00:00:00+00:00
[2024-10-01T20:53:51.795+0000] {logging_mixin.py:190} INFO - [2024-10-01T20:53:51.795+0000] {dag.py:4180} INFO - Setting next_dagrun for example_subdag_operator.section-1 to None, run_after=None
[2024-10-01T20:53:51.795+0000] {logging_mixin.py:190} INFO - [2024-10-01T20:53:51.795+0000] {dag.py:4180} INFO - Setting next_dagrun for example_subdag_operator.section-2 to None, run_after=None
[2024-10-01T20:53:51.800+0000] {logging_mixin.py:190} INFO - [2024-10-01T20:53:51.799+0000] {dag.py:3239} INFO - Sync 2 DAGs
[2024-10-01T20:53:51.803+0000] {logging_mixin.py:190} INFO - [2024-10-01T20:53:51.803+0000] {dag.py:4180} INFO - Setting next_dagrun for example_subdag_operator.section-1 to None, run_after=None
[2024-10-01T20:53:51.803+0000] {logging_mixin.py:190} INFO - [2024-10-01T20:53:51.803+0000] {dag.py:4180} INFO - Setting next_dagrun for example_subdag_operator.section-2 to None, run_after=None
[2024-10-01T20:53:51.812+0000] {processor.py:208} INFO - Processing /home/airflow/.local/lib/python3.12/site-packages/airflow/example_dags/example_subdag_operator.py took 0.071 seconds
[2024-10-01T20:54:22.483+0000] {processor.py:186} INFO - Started process (PID=1065) to work on /home/airflow/.local/lib/python3.12/site-packages/airflow/example_dags/example_subdag_operator.py
[2024-10-01T20:54:22.484+0000] {processor.py:914} INFO - Processing file /home/airflow/.local/lib/python3.12/site-packages/airflow/example_dags/example_subdag_operator.py for tasks to queue
[2024-10-01T20:54:22.485+0000] {logging_mixin.py:190} INFO - [2024-10-01T20:54:22.485+0000] {dagbag.py:588} INFO - Filling up the DagBag from /home/airflow/.local/lib/python3.12/site-packages/airflow/example_dags/example_subdag_operator.py
[2024-10-01T20:54:22.517+0000] {processor.py:925} INFO - DAG(s) 'example_subdag_operator.section-1', 'example_subdag_operator.section-2', 'example_subdag_operator' retrieved from /home/airflow/.local/lib/python3.12/site-packages/airflow/example_dags/example_subdag_operator.py
[2024-10-01T20:54:22.535+0000] {logging_mixin.py:190} INFO - [2024-10-01T20:54:22.535+0000] {dag.py:3239} INFO - Sync 3 DAGs
[2024-10-01T20:54:22.559+0000] {logging_mixin.py:190} INFO - [2024-10-01T20:54:22.559+0000] {dag.py:4180} INFO - Setting next_dagrun for example_subdag_operator to 2022-01-01 00:00:00+00:00, run_after=2022-01-01 00:00:00+00:00
[2024-10-01T20:54:22.562+0000] {logging_mixin.py:190} INFO - [2024-10-01T20:54:22.561+0000] {dag.py:4180} INFO - Setting next_dagrun for example_subdag_operator.section-1 to None, run_after=None
[2024-10-01T20:54:22.562+0000] {logging_mixin.py:190} INFO - [2024-10-01T20:54:22.562+0000] {dag.py:4180} INFO - Setting next_dagrun for example_subdag_operator.section-2 to None, run_after=None
[2024-10-01T20:54:22.567+0000] {logging_mixin.py:190} INFO - [2024-10-01T20:54:22.567+0000] {dag.py:3239} INFO - Sync 2 DAGs
[2024-10-01T20:54:22.572+0000] {logging_mixin.py:190} INFO - [2024-10-01T20:54:22.572+0000] {dag.py:4180} INFO - Setting next_dagrun for example_subdag_operator.section-1 to None, run_after=None
[2024-10-01T20:54:22.573+0000] {logging_mixin.py:190} INFO - [2024-10-01T20:54:22.573+0000] {dag.py:4180} INFO - Setting next_dagrun for example_subdag_operator.section-2 to None, run_after=None
[2024-10-01T20:54:22.582+0000] {processor.py:208} INFO - Processing /home/airflow/.local/lib/python3.12/site-packages/airflow/example_dags/example_subdag_operator.py took 0.105 seconds
[2024-10-01T20:54:52.926+0000] {processor.py:186} INFO - Started process (PID=1127) to work on /home/airflow/.local/lib/python3.12/site-packages/airflow/example_dags/example_subdag_operator.py
[2024-10-01T20:54:52.928+0000] {processor.py:914} INFO - Processing file /home/airflow/.local/lib/python3.12/site-packages/airflow/example_dags/example_subdag_operator.py for tasks to queue
[2024-10-01T20:54:52.930+0000] {logging_mixin.py:190} INFO - [2024-10-01T20:54:52.930+0000] {dagbag.py:588} INFO - Filling up the DagBag from /home/airflow/.local/lib/python3.12/site-packages/airflow/example_dags/example_subdag_operator.py
[2024-10-01T20:54:52.954+0000] {processor.py:925} INFO - DAG(s) 'example_subdag_operator.section-1', 'example_subdag_operator.section-2', 'example_subdag_operator' retrieved from /home/airflow/.local/lib/python3.12/site-packages/airflow/example_dags/example_subdag_operator.py
[2024-10-01T20:54:52.967+0000] {logging_mixin.py:190} INFO - [2024-10-01T20:54:52.967+0000] {dag.py:3239} INFO - Sync 3 DAGs
[2024-10-01T20:54:52.985+0000] {logging_mixin.py:190} INFO - [2024-10-01T20:54:52.984+0000] {dag.py:4180} INFO - Setting next_dagrun for example_subdag_operator to 2022-01-01 00:00:00+00:00, run_after=2022-01-01 00:00:00+00:00
[2024-10-01T20:54:52.987+0000] {logging_mixin.py:190} INFO - [2024-10-01T20:54:52.987+0000] {dag.py:4180} INFO - Setting next_dagrun for example_subdag_operator.section-1 to None, run_after=None
[2024-10-01T20:54:52.988+0000] {logging_mixin.py:190} INFO - [2024-10-01T20:54:52.988+0000] {dag.py:4180} INFO - Setting next_dagrun for example_subdag_operator.section-2 to None, run_after=None
[2024-10-01T20:54:52.992+0000] {logging_mixin.py:190} INFO - [2024-10-01T20:54:52.992+0000] {dag.py:3239} INFO - Sync 2 DAGs
[2024-10-01T20:54:52.997+0000] {logging_mixin.py:190} INFO - [2024-10-01T20:54:52.996+0000] {dag.py:4180} INFO - Setting next_dagrun for example_subdag_operator.section-1 to None, run_after=None
[2024-10-01T20:54:52.997+0000] {logging_mixin.py:190} INFO - [2024-10-01T20:54:52.997+0000] {dag.py:4180} INFO - Setting next_dagrun for example_subdag_operator.section-2 to None, run_after=None
[2024-10-01T20:54:53.005+0000] {processor.py:208} INFO - Processing /home/airflow/.local/lib/python3.12/site-packages/airflow/example_dags/example_subdag_operator.py took 0.084 seconds
[2024-10-01T20:55:24.007+0000] {processor.py:186} INFO - Started process (PID=1189) to work on /home/airflow/.local/lib/python3.12/site-packages/airflow/example_dags/example_subdag_operator.py
[2024-10-01T20:55:24.008+0000] {processor.py:914} INFO - Processing file /home/airflow/.local/lib/python3.12/site-packages/airflow/example_dags/example_subdag_operator.py for tasks to queue
[2024-10-01T20:55:24.009+0000] {logging_mixin.py:190} INFO - [2024-10-01T20:55:24.009+0000] {dagbag.py:588} INFO - Filling up the DagBag from /home/airflow/.local/lib/python3.12/site-packages/airflow/example_dags/example_subdag_operator.py
[2024-10-01T20:55:24.026+0000] {processor.py:925} INFO - DAG(s) 'example_subdag_operator.section-1', 'example_subdag_operator.section-2', 'example_subdag_operator' retrieved from /home/airflow/.local/lib/python3.12/site-packages/airflow/example_dags/example_subdag_operator.py
[2024-10-01T20:55:24.047+0000] {logging_mixin.py:190} INFO - [2024-10-01T20:55:24.047+0000] {dag.py:3239} INFO - Sync 3 DAGs
[2024-10-01T20:55:24.083+0000] {logging_mixin.py:190} INFO - [2024-10-01T20:55:24.083+0000] {dag.py:4180} INFO - Setting next_dagrun for example_subdag_operator to 2022-01-01 00:00:00+00:00, run_after=2022-01-01 00:00:00+00:00
[2024-10-01T20:55:24.087+0000] {logging_mixin.py:190} INFO - [2024-10-01T20:55:24.087+0000] {dag.py:4180} INFO - Setting next_dagrun for example_subdag_operator.section-1 to None, run_after=None
[2024-10-01T20:55:24.088+0000] {logging_mixin.py:190} INFO - [2024-10-01T20:55:24.088+0000] {dag.py:4180} INFO - Setting next_dagrun for example_subdag_operator.section-2 to None, run_after=None
[2024-10-01T20:55:24.094+0000] {logging_mixin.py:190} INFO - [2024-10-01T20:55:24.094+0000] {dag.py:3239} INFO - Sync 2 DAGs
[2024-10-01T20:55:24.097+0000] {logging_mixin.py:190} INFO - [2024-10-01T20:55:24.097+0000] {dag.py:4180} INFO - Setting next_dagrun for example_subdag_operator.section-1 to None, run_after=None
[2024-10-01T20:55:24.098+0000] {logging_mixin.py:190} INFO - [2024-10-01T20:55:24.098+0000] {dag.py:4180} INFO - Setting next_dagrun for example_subdag_operator.section-2 to None, run_after=None
[2024-10-01T20:55:24.105+0000] {processor.py:208} INFO - Processing /home/airflow/.local/lib/python3.12/site-packages/airflow/example_dags/example_subdag_operator.py took 0.103 seconds
[2024-10-01T20:55:56.214+0000] {processor.py:186} INFO - Started process (PID=1251) to work on /home/airflow/.local/lib/python3.12/site-packages/airflow/example_dags/example_subdag_operator.py
[2024-10-01T20:55:56.216+0000] {processor.py:914} INFO - Processing file /home/airflow/.local/lib/python3.12/site-packages/airflow/example_dags/example_subdag_operator.py for tasks to queue
[2024-10-01T20:55:56.219+0000] {logging_mixin.py:190} INFO - [2024-10-01T20:55:56.219+0000] {dagbag.py:588} INFO - Filling up the DagBag from /home/airflow/.local/lib/python3.12/site-packages/airflow/example_dags/example_subdag_operator.py
[2024-10-01T20:55:56.279+0000] {processor.py:925} INFO - DAG(s) 'example_subdag_operator.section-1', 'example_subdag_operator.section-2', 'example_subdag_operator' retrieved from /home/airflow/.local/lib/python3.12/site-packages/airflow/example_dags/example_subdag_operator.py
[2024-10-01T20:55:56.335+0000] {logging_mixin.py:190} INFO - [2024-10-01T20:55:56.335+0000] {dag.py:3239} INFO - Sync 3 DAGs
[2024-10-01T20:55:56.402+0000] {logging_mixin.py:190} INFO - [2024-10-01T20:55:56.402+0000] {dag.py:4180} INFO - Setting next_dagrun for example_subdag_operator to 2022-01-01 00:00:00+00:00, run_after=2022-01-01 00:00:00+00:00
[2024-10-01T20:55:56.412+0000] {logging_mixin.py:190} INFO - [2024-10-01T20:55:56.411+0000] {dag.py:4180} INFO - Setting next_dagrun for example_subdag_operator.section-1 to None, run_after=None
[2024-10-01T20:55:56.423+0000] {logging_mixin.py:190} INFO - [2024-10-01T20:55:56.422+0000] {dag.py:4180} INFO - Setting next_dagrun for example_subdag_operator.section-2 to None, run_after=None
[2024-10-01T20:55:56.445+0000] {logging_mixin.py:190} INFO - [2024-10-01T20:55:56.445+0000] {dag.py:3239} INFO - Sync 2 DAGs
[2024-10-01T20:55:56.455+0000] {logging_mixin.py:190} INFO - [2024-10-01T20:55:56.455+0000] {dag.py:4180} INFO - Setting next_dagrun for example_subdag_operator.section-1 to None, run_after=None
[2024-10-01T20:55:56.457+0000] {logging_mixin.py:190} INFO - [2024-10-01T20:55:56.456+0000] {dag.py:4180} INFO - Setting next_dagrun for example_subdag_operator.section-2 to None, run_after=None
[2024-10-01T20:55:56.522+0000] {processor.py:208} INFO - Processing /home/airflow/.local/lib/python3.12/site-packages/airflow/example_dags/example_subdag_operator.py took 0.315 seconds
[2024-10-01T20:56:26.575+0000] {processor.py:186} INFO - Started process (PID=1313) to work on /home/airflow/.local/lib/python3.12/site-packages/airflow/example_dags/example_subdag_operator.py
[2024-10-01T20:56:26.576+0000] {processor.py:914} INFO - Processing file /home/airflow/.local/lib/python3.12/site-packages/airflow/example_dags/example_subdag_operator.py for tasks to queue
[2024-10-01T20:56:26.578+0000] {logging_mixin.py:190} INFO - [2024-10-01T20:56:26.577+0000] {dagbag.py:588} INFO - Filling up the DagBag from /home/airflow/.local/lib/python3.12/site-packages/airflow/example_dags/example_subdag_operator.py
[2024-10-01T20:56:26.596+0000] {processor.py:925} INFO - DAG(s) 'example_subdag_operator.section-1', 'example_subdag_operator.section-2', 'example_subdag_operator' retrieved from /home/airflow/.local/lib/python3.12/site-packages/airflow/example_dags/example_subdag_operator.py
[2024-10-01T20:56:26.605+0000] {logging_mixin.py:190} INFO - [2024-10-01T20:56:26.605+0000] {dag.py:3239} INFO - Sync 3 DAGs
[2024-10-01T20:56:26.619+0000] {logging_mixin.py:190} INFO - [2024-10-01T20:56:26.619+0000] {dag.py:4180} INFO - Setting next_dagrun for example_subdag_operator to 2022-01-01 00:00:00+00:00, run_after=2022-01-01 00:00:00+00:00
[2024-10-01T20:56:26.622+0000] {logging_mixin.py:190} INFO - [2024-10-01T20:56:26.622+0000] {dag.py:4180} INFO - Setting next_dagrun for example_subdag_operator.section-1 to None, run_after=None
[2024-10-01T20:56:26.622+0000] {logging_mixin.py:190} INFO - [2024-10-01T20:56:26.622+0000] {dag.py:4180} INFO - Setting next_dagrun for example_subdag_operator.section-2 to None, run_after=None
[2024-10-01T20:56:26.627+0000] {logging_mixin.py:190} INFO - [2024-10-01T20:56:26.627+0000] {dag.py:3239} INFO - Sync 2 DAGs
[2024-10-01T20:56:26.630+0000] {logging_mixin.py:190} INFO - [2024-10-01T20:56:26.630+0000] {dag.py:4180} INFO - Setting next_dagrun for example_subdag_operator.section-1 to None, run_after=None
[2024-10-01T20:56:26.630+0000] {logging_mixin.py:190} INFO - [2024-10-01T20:56:26.630+0000] {dag.py:4180} INFO - Setting next_dagrun for example_subdag_operator.section-2 to None, run_after=None
[2024-10-01T20:56:26.636+0000] {processor.py:208} INFO - Processing /home/airflow/.local/lib/python3.12/site-packages/airflow/example_dags/example_subdag_operator.py took 0.068 seconds
[2024-10-01T20:56:57.720+0000] {processor.py:186} INFO - Started process (PID=1375) to work on /home/airflow/.local/lib/python3.12/site-packages/airflow/example_dags/example_subdag_operator.py
[2024-10-01T20:56:57.722+0000] {processor.py:914} INFO - Processing file /home/airflow/.local/lib/python3.12/site-packages/airflow/example_dags/example_subdag_operator.py for tasks to queue
[2024-10-01T20:56:57.724+0000] {logging_mixin.py:190} INFO - [2024-10-01T20:56:57.724+0000] {dagbag.py:588} INFO - Filling up the DagBag from /home/airflow/.local/lib/python3.12/site-packages/airflow/example_dags/example_subdag_operator.py
[2024-10-01T20:56:57.741+0000] {processor.py:925} INFO - DAG(s) 'example_subdag_operator.section-1', 'example_subdag_operator.section-2', 'example_subdag_operator' retrieved from /home/airflow/.local/lib/python3.12/site-packages/airflow/example_dags/example_subdag_operator.py
[2024-10-01T20:56:57.750+0000] {logging_mixin.py:190} INFO - [2024-10-01T20:56:57.750+0000] {dag.py:3239} INFO - Sync 3 DAGs
[2024-10-01T20:56:57.764+0000] {logging_mixin.py:190} INFO - [2024-10-01T20:56:57.764+0000] {dag.py:4180} INFO - Setting next_dagrun for example_subdag_operator to 2022-01-01 00:00:00+00:00, run_after=2022-01-01 00:00:00+00:00
[2024-10-01T20:56:57.766+0000] {logging_mixin.py:190} INFO - [2024-10-01T20:56:57.766+0000] {dag.py:4180} INFO - Setting next_dagrun for example_subdag_operator.section-1 to None, run_after=None
[2024-10-01T20:56:57.767+0000] {logging_mixin.py:190} INFO - [2024-10-01T20:56:57.766+0000] {dag.py:4180} INFO - Setting next_dagrun for example_subdag_operator.section-2 to None, run_after=None
[2024-10-01T20:56:57.770+0000] {logging_mixin.py:190} INFO - [2024-10-01T20:56:57.770+0000] {dag.py:3239} INFO - Sync 2 DAGs
[2024-10-01T20:56:57.773+0000] {logging_mixin.py:190} INFO - [2024-10-01T20:56:57.773+0000] {dag.py:4180} INFO - Setting next_dagrun for example_subdag_operator.section-1 to None, run_after=None
[2024-10-01T20:56:57.773+0000] {logging_mixin.py:190} INFO - [2024-10-01T20:56:57.773+0000] {dag.py:4180} INFO - Setting next_dagrun for example_subdag_operator.section-2 to None, run_after=None
[2024-10-01T20:56:57.778+0000] {processor.py:208} INFO - Processing /home/airflow/.local/lib/python3.12/site-packages/airflow/example_dags/example_subdag_operator.py took 0.063 seconds
