[2024-10-01T20:46:13.661+0000] {processor.py:186} INFO - Started process (PID=83) to work on /home/airflow/.local/lib/python3.12/site-packages/airflow/example_dags/example_skip_dag.py
[2024-10-01T20:46:13.662+0000] {processor.py:914} INFO - Processing file /home/airflow/.local/lib/python3.12/site-packages/airflow/example_dags/example_skip_dag.py for tasks to queue
[2024-10-01T20:46:13.667+0000] {logging_mixin.py:190} INFO - [2024-10-01T20:46:13.667+0000] {dagbag.py:588} INFO - Filling up the DagBag from /home/airflow/.local/lib/python3.12/site-packages/airflow/example_dags/example_skip_dag.py
[2024-10-01T20:46:13.676+0000] {processor.py:925} INFO - DAG(s) 'example_skip_dag' retrieved from /home/airflow/.local/lib/python3.12/site-packages/airflow/example_dags/example_skip_dag.py
[2024-10-01T20:46:13.784+0000] {logging_mixin.py:190} INFO - [2024-10-01T20:46:13.784+0000] {override.py:1900} INFO - Created Permission View: can delete on DAG:example_skip_dag
[2024-10-01T20:46:13.790+0000] {logging_mixin.py:190} INFO - [2024-10-01T20:46:13.790+0000] {override.py:1900} INFO - Created Permission View: can read on DAG:example_skip_dag
[2024-10-01T20:46:13.802+0000] {logging_mixin.py:190} INFO - [2024-10-01T20:46:13.801+0000] {override.py:1900} INFO - Created Permission View: can edit on DAG:example_skip_dag
[2024-10-01T20:46:13.807+0000] {logging_mixin.py:190} INFO - [2024-10-01T20:46:13.807+0000] {override.py:1900} INFO - Created Permission View: can delete on DAG Run:example_skip_dag
[2024-10-01T20:46:13.822+0000] {logging_mixin.py:190} INFO - [2024-10-01T20:46:13.821+0000] {override.py:1900} INFO - Created Permission View: can read on DAG Run:example_skip_dag
[2024-10-01T20:46:13.837+0000] {logging_mixin.py:190} INFO - [2024-10-01T20:46:13.836+0000] {override.py:1900} INFO - Created Permission View: menu access on DAG Run:example_skip_dag
[2024-10-01T20:46:13.847+0000] {logging_mixin.py:190} INFO - [2024-10-01T20:46:13.847+0000] {override.py:1900} INFO - Created Permission View: can create on DAG Run:example_skip_dag
[2024-10-01T20:46:13.849+0000] {logging_mixin.py:190} INFO - [2024-10-01T20:46:13.848+0000] {dag.py:3239} INFO - Sync 1 DAGs
[2024-10-01T20:46:13.868+0000] {logging_mixin.py:190} INFO - [2024-10-01T20:46:13.867+0000] {dag.py:3262} INFO - Creating ORM DAG for example_skip_dag
[2024-10-01T20:46:13.896+0000] {logging_mixin.py:190} INFO - [2024-10-01T20:46:13.895+0000] {dag.py:4180} INFO - Setting next_dagrun for example_skip_dag to 2024-09-30 00:00:00+00:00, run_after=2024-10-01 00:00:00+00:00
[2024-10-01T20:46:13.925+0000] {processor.py:208} INFO - Processing /home/airflow/.local/lib/python3.12/site-packages/airflow/example_dags/example_skip_dag.py took 0.271 seconds
[2024-10-01T20:46:44.719+0000] {processor.py:186} INFO - Started process (PID=145) to work on /home/airflow/.local/lib/python3.12/site-packages/airflow/example_dags/example_skip_dag.py
[2024-10-01T20:46:44.720+0000] {processor.py:914} INFO - Processing file /home/airflow/.local/lib/python3.12/site-packages/airflow/example_dags/example_skip_dag.py for tasks to queue
[2024-10-01T20:46:44.722+0000] {logging_mixin.py:190} INFO - [2024-10-01T20:46:44.721+0000] {dagbag.py:588} INFO - Filling up the DagBag from /home/airflow/.local/lib/python3.12/site-packages/airflow/example_dags/example_skip_dag.py
[2024-10-01T20:46:44.727+0000] {processor.py:925} INFO - DAG(s) 'example_skip_dag' retrieved from /home/airflow/.local/lib/python3.12/site-packages/airflow/example_dags/example_skip_dag.py
[2024-10-01T20:46:44.739+0000] {logging_mixin.py:190} INFO - [2024-10-01T20:46:44.739+0000] {dag.py:3239} INFO - Sync 1 DAGs
[2024-10-01T20:46:44.752+0000] {logging_mixin.py:190} INFO - [2024-10-01T20:46:44.752+0000] {dag.py:4180} INFO - Setting next_dagrun for example_skip_dag to 2024-09-30 00:00:00+00:00, run_after=2024-10-01 00:00:00+00:00
[2024-10-01T20:46:44.762+0000] {processor.py:208} INFO - Processing /home/airflow/.local/lib/python3.12/site-packages/airflow/example_dags/example_skip_dag.py took 0.046 seconds
[2024-10-01T20:47:15.372+0000] {processor.py:186} INFO - Started process (PID=207) to work on /home/airflow/.local/lib/python3.12/site-packages/airflow/example_dags/example_skip_dag.py
[2024-10-01T20:47:15.375+0000] {processor.py:914} INFO - Processing file /home/airflow/.local/lib/python3.12/site-packages/airflow/example_dags/example_skip_dag.py for tasks to queue
[2024-10-01T20:47:15.380+0000] {logging_mixin.py:190} INFO - [2024-10-01T20:47:15.379+0000] {dagbag.py:588} INFO - Filling up the DagBag from /home/airflow/.local/lib/python3.12/site-packages/airflow/example_dags/example_skip_dag.py
[2024-10-01T20:47:15.395+0000] {processor.py:925} INFO - DAG(s) 'example_skip_dag' retrieved from /home/airflow/.local/lib/python3.12/site-packages/airflow/example_dags/example_skip_dag.py
[2024-10-01T20:47:15.447+0000] {logging_mixin.py:190} INFO - [2024-10-01T20:47:15.446+0000] {dag.py:3239} INFO - Sync 1 DAGs
[2024-10-01T20:47:15.496+0000] {logging_mixin.py:190} INFO - [2024-10-01T20:47:15.496+0000] {dag.py:4180} INFO - Setting next_dagrun for example_skip_dag to 2024-09-30 00:00:00+00:00, run_after=2024-10-01 00:00:00+00:00
[2024-10-01T20:47:15.523+0000] {processor.py:208} INFO - Processing /home/airflow/.local/lib/python3.12/site-packages/airflow/example_dags/example_skip_dag.py took 0.164 seconds
[2024-10-01T20:47:46.574+0000] {processor.py:186} INFO - Started process (PID=269) to work on /home/airflow/.local/lib/python3.12/site-packages/airflow/example_dags/example_skip_dag.py
[2024-10-01T20:47:46.579+0000] {processor.py:914} INFO - Processing file /home/airflow/.local/lib/python3.12/site-packages/airflow/example_dags/example_skip_dag.py for tasks to queue
[2024-10-01T20:47:46.582+0000] {logging_mixin.py:190} INFO - [2024-10-01T20:47:46.581+0000] {dagbag.py:588} INFO - Filling up the DagBag from /home/airflow/.local/lib/python3.12/site-packages/airflow/example_dags/example_skip_dag.py
[2024-10-01T20:47:46.590+0000] {processor.py:925} INFO - DAG(s) 'example_skip_dag' retrieved from /home/airflow/.local/lib/python3.12/site-packages/airflow/example_dags/example_skip_dag.py
[2024-10-01T20:47:46.613+0000] {logging_mixin.py:190} INFO - [2024-10-01T20:47:46.613+0000] {dag.py:3239} INFO - Sync 1 DAGs
[2024-10-01T20:47:46.676+0000] {logging_mixin.py:190} INFO - [2024-10-01T20:47:46.675+0000] {dag.py:4180} INFO - Setting next_dagrun for example_skip_dag to 2024-09-30 00:00:00+00:00, run_after=2024-10-01 00:00:00+00:00
[2024-10-01T20:47:46.699+0000] {processor.py:208} INFO - Processing /home/airflow/.local/lib/python3.12/site-packages/airflow/example_dags/example_skip_dag.py took 0.155 seconds
[2024-10-01T20:48:17.610+0000] {processor.py:186} INFO - Started process (PID=331) to work on /home/airflow/.local/lib/python3.12/site-packages/airflow/example_dags/example_skip_dag.py
[2024-10-01T20:48:17.611+0000] {processor.py:914} INFO - Processing file /home/airflow/.local/lib/python3.12/site-packages/airflow/example_dags/example_skip_dag.py for tasks to queue
[2024-10-01T20:48:17.613+0000] {logging_mixin.py:190} INFO - [2024-10-01T20:48:17.613+0000] {dagbag.py:588} INFO - Filling up the DagBag from /home/airflow/.local/lib/python3.12/site-packages/airflow/example_dags/example_skip_dag.py
[2024-10-01T20:48:17.620+0000] {processor.py:925} INFO - DAG(s) 'example_skip_dag' retrieved from /home/airflow/.local/lib/python3.12/site-packages/airflow/example_dags/example_skip_dag.py
[2024-10-01T20:48:17.646+0000] {logging_mixin.py:190} INFO - [2024-10-01T20:48:17.646+0000] {dag.py:3239} INFO - Sync 1 DAGs
[2024-10-01T20:48:17.662+0000] {logging_mixin.py:190} INFO - [2024-10-01T20:48:17.662+0000] {dag.py:4180} INFO - Setting next_dagrun for example_skip_dag to 2024-09-30 00:00:00+00:00, run_after=2024-10-01 00:00:00+00:00
[2024-10-01T20:48:17.683+0000] {processor.py:208} INFO - Processing /home/airflow/.local/lib/python3.12/site-packages/airflow/example_dags/example_skip_dag.py took 0.078 seconds
[2024-10-01T20:48:47.892+0000] {processor.py:186} INFO - Started process (PID=393) to work on /home/airflow/.local/lib/python3.12/site-packages/airflow/example_dags/example_skip_dag.py
[2024-10-01T20:48:47.893+0000] {processor.py:914} INFO - Processing file /home/airflow/.local/lib/python3.12/site-packages/airflow/example_dags/example_skip_dag.py for tasks to queue
[2024-10-01T20:48:47.897+0000] {logging_mixin.py:190} INFO - [2024-10-01T20:48:47.896+0000] {dagbag.py:588} INFO - Filling up the DagBag from /home/airflow/.local/lib/python3.12/site-packages/airflow/example_dags/example_skip_dag.py
[2024-10-01T20:48:47.912+0000] {processor.py:925} INFO - DAG(s) 'example_skip_dag' retrieved from /home/airflow/.local/lib/python3.12/site-packages/airflow/example_dags/example_skip_dag.py
[2024-10-01T20:48:47.957+0000] {logging_mixin.py:190} INFO - [2024-10-01T20:48:47.957+0000] {dag.py:3239} INFO - Sync 1 DAGs
[2024-10-01T20:48:47.979+0000] {logging_mixin.py:190} INFO - [2024-10-01T20:48:47.979+0000] {dag.py:4180} INFO - Setting next_dagrun for example_skip_dag to 2024-09-30 00:00:00+00:00, run_after=2024-10-01 00:00:00+00:00
[2024-10-01T20:48:47.995+0000] {processor.py:208} INFO - Processing /home/airflow/.local/lib/python3.12/site-packages/airflow/example_dags/example_skip_dag.py took 0.116 seconds
[2024-10-01T20:49:18.581+0000] {processor.py:186} INFO - Started process (PID=455) to work on /home/airflow/.local/lib/python3.12/site-packages/airflow/example_dags/example_skip_dag.py
[2024-10-01T20:49:18.582+0000] {processor.py:914} INFO - Processing file /home/airflow/.local/lib/python3.12/site-packages/airflow/example_dags/example_skip_dag.py for tasks to queue
[2024-10-01T20:49:18.584+0000] {logging_mixin.py:190} INFO - [2024-10-01T20:49:18.584+0000] {dagbag.py:588} INFO - Filling up the DagBag from /home/airflow/.local/lib/python3.12/site-packages/airflow/example_dags/example_skip_dag.py
[2024-10-01T20:49:18.590+0000] {processor.py:925} INFO - DAG(s) 'example_skip_dag' retrieved from /home/airflow/.local/lib/python3.12/site-packages/airflow/example_dags/example_skip_dag.py
[2024-10-01T20:49:18.606+0000] {logging_mixin.py:190} INFO - [2024-10-01T20:49:18.606+0000] {dag.py:3239} INFO - Sync 1 DAGs
[2024-10-01T20:49:18.621+0000] {logging_mixin.py:190} INFO - [2024-10-01T20:49:18.621+0000] {dag.py:4180} INFO - Setting next_dagrun for example_skip_dag to 2024-09-30 00:00:00+00:00, run_after=2024-10-01 00:00:00+00:00
[2024-10-01T20:49:18.631+0000] {processor.py:208} INFO - Processing /home/airflow/.local/lib/python3.12/site-packages/airflow/example_dags/example_skip_dag.py took 0.057 seconds
[2024-10-01T20:49:49.317+0000] {processor.py:186} INFO - Started process (PID=517) to work on /home/airflow/.local/lib/python3.12/site-packages/airflow/example_dags/example_skip_dag.py
[2024-10-01T20:49:49.321+0000] {processor.py:914} INFO - Processing file /home/airflow/.local/lib/python3.12/site-packages/airflow/example_dags/example_skip_dag.py for tasks to queue
[2024-10-01T20:49:49.323+0000] {logging_mixin.py:190} INFO - [2024-10-01T20:49:49.323+0000] {dagbag.py:588} INFO - Filling up the DagBag from /home/airflow/.local/lib/python3.12/site-packages/airflow/example_dags/example_skip_dag.py
[2024-10-01T20:49:49.327+0000] {processor.py:925} INFO - DAG(s) 'example_skip_dag' retrieved from /home/airflow/.local/lib/python3.12/site-packages/airflow/example_dags/example_skip_dag.py
[2024-10-01T20:49:49.343+0000] {logging_mixin.py:190} INFO - [2024-10-01T20:49:49.343+0000] {dag.py:3239} INFO - Sync 1 DAGs
[2024-10-01T20:49:49.356+0000] {logging_mixin.py:190} INFO - [2024-10-01T20:49:49.356+0000] {dag.py:4180} INFO - Setting next_dagrun for example_skip_dag to 2024-09-30 00:00:00+00:00, run_after=2024-10-01 00:00:00+00:00
[2024-10-01T20:49:49.371+0000] {processor.py:208} INFO - Processing /home/airflow/.local/lib/python3.12/site-packages/airflow/example_dags/example_skip_dag.py took 0.061 seconds
[2024-10-01T20:50:19.996+0000] {processor.py:186} INFO - Started process (PID=579) to work on /home/airflow/.local/lib/python3.12/site-packages/airflow/example_dags/example_skip_dag.py
[2024-10-01T20:50:19.997+0000] {processor.py:914} INFO - Processing file /home/airflow/.local/lib/python3.12/site-packages/airflow/example_dags/example_skip_dag.py for tasks to queue
[2024-10-01T20:50:19.999+0000] {logging_mixin.py:190} INFO - [2024-10-01T20:50:19.999+0000] {dagbag.py:588} INFO - Filling up the DagBag from /home/airflow/.local/lib/python3.12/site-packages/airflow/example_dags/example_skip_dag.py
[2024-10-01T20:50:20.005+0000] {processor.py:925} INFO - DAG(s) 'example_skip_dag' retrieved from /home/airflow/.local/lib/python3.12/site-packages/airflow/example_dags/example_skip_dag.py
[2024-10-01T20:50:20.023+0000] {logging_mixin.py:190} INFO - [2024-10-01T20:50:20.023+0000] {dag.py:3239} INFO - Sync 1 DAGs
[2024-10-01T20:50:20.038+0000] {logging_mixin.py:190} INFO - [2024-10-01T20:50:20.038+0000] {dag.py:4180} INFO - Setting next_dagrun for example_skip_dag to 2024-09-30 00:00:00+00:00, run_after=2024-10-01 00:00:00+00:00
[2024-10-01T20:50:20.050+0000] {processor.py:208} INFO - Processing /home/airflow/.local/lib/python3.12/site-packages/airflow/example_dags/example_skip_dag.py took 0.060 seconds
[2024-10-01T20:50:51.113+0000] {processor.py:186} INFO - Started process (PID=641) to work on /home/airflow/.local/lib/python3.12/site-packages/airflow/example_dags/example_skip_dag.py
[2024-10-01T20:50:51.115+0000] {processor.py:914} INFO - Processing file /home/airflow/.local/lib/python3.12/site-packages/airflow/example_dags/example_skip_dag.py for tasks to queue
[2024-10-01T20:50:51.121+0000] {logging_mixin.py:190} INFO - [2024-10-01T20:50:51.120+0000] {dagbag.py:588} INFO - Filling up the DagBag from /home/airflow/.local/lib/python3.12/site-packages/airflow/example_dags/example_skip_dag.py
[2024-10-01T20:50:51.140+0000] {processor.py:925} INFO - DAG(s) 'example_skip_dag' retrieved from /home/airflow/.local/lib/python3.12/site-packages/airflow/example_dags/example_skip_dag.py
[2024-10-01T20:50:51.196+0000] {logging_mixin.py:190} INFO - [2024-10-01T20:50:51.196+0000] {dag.py:3239} INFO - Sync 1 DAGs
[2024-10-01T20:50:51.239+0000] {logging_mixin.py:190} INFO - [2024-10-01T20:50:51.239+0000] {dag.py:4180} INFO - Setting next_dagrun for example_skip_dag to 2024-09-30 00:00:00+00:00, run_after=2024-10-01 00:00:00+00:00
[2024-10-01T20:50:51.255+0000] {processor.py:208} INFO - Processing /home/airflow/.local/lib/python3.12/site-packages/airflow/example_dags/example_skip_dag.py took 0.164 seconds
[2024-10-01T20:51:21.597+0000] {processor.py:186} INFO - Started process (PID=703) to work on /home/airflow/.local/lib/python3.12/site-packages/airflow/example_dags/example_skip_dag.py
[2024-10-01T20:51:21.599+0000] {processor.py:914} INFO - Processing file /home/airflow/.local/lib/python3.12/site-packages/airflow/example_dags/example_skip_dag.py for tasks to queue
[2024-10-01T20:51:21.604+0000] {logging_mixin.py:190} INFO - [2024-10-01T20:51:21.603+0000] {dagbag.py:588} INFO - Filling up the DagBag from /home/airflow/.local/lib/python3.12/site-packages/airflow/example_dags/example_skip_dag.py
[2024-10-01T20:51:21.630+0000] {processor.py:925} INFO - DAG(s) 'example_skip_dag' retrieved from /home/airflow/.local/lib/python3.12/site-packages/airflow/example_dags/example_skip_dag.py
[2024-10-01T20:51:21.662+0000] {logging_mixin.py:190} INFO - [2024-10-01T20:51:21.661+0000] {dag.py:3239} INFO - Sync 1 DAGs
[2024-10-01T20:51:21.684+0000] {logging_mixin.py:190} INFO - [2024-10-01T20:51:21.684+0000] {dag.py:4180} INFO - Setting next_dagrun for example_skip_dag to 2024-09-30 00:00:00+00:00, run_after=2024-10-01 00:00:00+00:00
[2024-10-01T20:51:21.699+0000] {processor.py:208} INFO - Processing /home/airflow/.local/lib/python3.12/site-packages/airflow/example_dags/example_skip_dag.py took 0.116 seconds
[2024-10-01T20:51:51.747+0000] {processor.py:186} INFO - Started process (PID=765) to work on /home/airflow/.local/lib/python3.12/site-packages/airflow/example_dags/example_skip_dag.py
[2024-10-01T20:51:51.749+0000] {processor.py:914} INFO - Processing file /home/airflow/.local/lib/python3.12/site-packages/airflow/example_dags/example_skip_dag.py for tasks to queue
[2024-10-01T20:51:51.752+0000] {logging_mixin.py:190} INFO - [2024-10-01T20:51:51.752+0000] {dagbag.py:588} INFO - Filling up the DagBag from /home/airflow/.local/lib/python3.12/site-packages/airflow/example_dags/example_skip_dag.py
[2024-10-01T20:51:51.762+0000] {processor.py:925} INFO - DAG(s) 'example_skip_dag' retrieved from /home/airflow/.local/lib/python3.12/site-packages/airflow/example_dags/example_skip_dag.py
[2024-10-01T20:51:51.784+0000] {logging_mixin.py:190} INFO - [2024-10-01T20:51:51.784+0000] {dag.py:3239} INFO - Sync 1 DAGs
[2024-10-01T20:51:51.802+0000] {logging_mixin.py:190} INFO - [2024-10-01T20:51:51.802+0000] {dag.py:4180} INFO - Setting next_dagrun for example_skip_dag to 2024-09-30 00:00:00+00:00, run_after=2024-10-01 00:00:00+00:00
[2024-10-01T20:51:51.813+0000] {processor.py:208} INFO - Processing /home/airflow/.local/lib/python3.12/site-packages/airflow/example_dags/example_skip_dag.py took 0.076 seconds
[2024-10-01T20:52:22.068+0000] {processor.py:186} INFO - Started process (PID=827) to work on /home/airflow/.local/lib/python3.12/site-packages/airflow/example_dags/example_skip_dag.py
[2024-10-01T20:52:22.071+0000] {processor.py:914} INFO - Processing file /home/airflow/.local/lib/python3.12/site-packages/airflow/example_dags/example_skip_dag.py for tasks to queue
[2024-10-01T20:52:22.083+0000] {logging_mixin.py:190} INFO - [2024-10-01T20:52:22.082+0000] {dagbag.py:588} INFO - Filling up the DagBag from /home/airflow/.local/lib/python3.12/site-packages/airflow/example_dags/example_skip_dag.py
[2024-10-01T20:52:22.097+0000] {processor.py:925} INFO - DAG(s) 'example_skip_dag' retrieved from /home/airflow/.local/lib/python3.12/site-packages/airflow/example_dags/example_skip_dag.py
[2024-10-01T20:52:22.125+0000] {logging_mixin.py:190} INFO - [2024-10-01T20:52:22.125+0000] {dag.py:3239} INFO - Sync 1 DAGs
[2024-10-01T20:52:22.147+0000] {logging_mixin.py:190} INFO - [2024-10-01T20:52:22.147+0000] {dag.py:4180} INFO - Setting next_dagrun for example_skip_dag to 2024-09-30 00:00:00+00:00, run_after=2024-10-01 00:00:00+00:00
[2024-10-01T20:52:22.165+0000] {processor.py:208} INFO - Processing /home/airflow/.local/lib/python3.12/site-packages/airflow/example_dags/example_skip_dag.py took 0.105 seconds
[2024-10-01T20:52:52.782+0000] {processor.py:186} INFO - Started process (PID=889) to work on /home/airflow/.local/lib/python3.12/site-packages/airflow/example_dags/example_skip_dag.py
[2024-10-01T20:52:52.785+0000] {processor.py:914} INFO - Processing file /home/airflow/.local/lib/python3.12/site-packages/airflow/example_dags/example_skip_dag.py for tasks to queue
[2024-10-01T20:52:52.793+0000] {logging_mixin.py:190} INFO - [2024-10-01T20:52:52.792+0000] {dagbag.py:588} INFO - Filling up the DagBag from /home/airflow/.local/lib/python3.12/site-packages/airflow/example_dags/example_skip_dag.py
[2024-10-01T20:52:52.814+0000] {processor.py:925} INFO - DAG(s) 'example_skip_dag' retrieved from /home/airflow/.local/lib/python3.12/site-packages/airflow/example_dags/example_skip_dag.py
[2024-10-01T20:52:52.840+0000] {logging_mixin.py:190} INFO - [2024-10-01T20:52:52.840+0000] {dag.py:3239} INFO - Sync 1 DAGs
[2024-10-01T20:52:52.876+0000] {logging_mixin.py:190} INFO - [2024-10-01T20:52:52.876+0000] {dag.py:4180} INFO - Setting next_dagrun for example_skip_dag to 2024-09-30 00:00:00+00:00, run_after=2024-10-01 00:00:00+00:00
[2024-10-01T20:52:52.895+0000] {processor.py:208} INFO - Processing /home/airflow/.local/lib/python3.12/site-packages/airflow/example_dags/example_skip_dag.py took 0.124 seconds
[2024-10-01T20:53:23.671+0000] {processor.py:186} INFO - Started process (PID=951) to work on /home/airflow/.local/lib/python3.12/site-packages/airflow/example_dags/example_skip_dag.py
[2024-10-01T20:53:23.674+0000] {processor.py:914} INFO - Processing file /home/airflow/.local/lib/python3.12/site-packages/airflow/example_dags/example_skip_dag.py for tasks to queue
[2024-10-01T20:53:23.675+0000] {logging_mixin.py:190} INFO - [2024-10-01T20:53:23.675+0000] {dagbag.py:588} INFO - Filling up the DagBag from /home/airflow/.local/lib/python3.12/site-packages/airflow/example_dags/example_skip_dag.py
[2024-10-01T20:53:23.685+0000] {processor.py:925} INFO - DAG(s) 'example_skip_dag' retrieved from /home/airflow/.local/lib/python3.12/site-packages/airflow/example_dags/example_skip_dag.py
[2024-10-01T20:53:23.701+0000] {logging_mixin.py:190} INFO - [2024-10-01T20:53:23.701+0000] {dag.py:3239} INFO - Sync 1 DAGs
[2024-10-01T20:53:23.721+0000] {logging_mixin.py:190} INFO - [2024-10-01T20:53:23.721+0000] {dag.py:4180} INFO - Setting next_dagrun for example_skip_dag to 2024-09-30 00:00:00+00:00, run_after=2024-10-01 00:00:00+00:00
[2024-10-01T20:53:23.736+0000] {processor.py:208} INFO - Processing /home/airflow/.local/lib/python3.12/site-packages/airflow/example_dags/example_skip_dag.py took 0.072 seconds
[2024-10-01T20:53:54.469+0000] {processor.py:186} INFO - Started process (PID=1012) to work on /home/airflow/.local/lib/python3.12/site-packages/airflow/example_dags/example_skip_dag.py
[2024-10-01T20:53:54.475+0000] {processor.py:914} INFO - Processing file /home/airflow/.local/lib/python3.12/site-packages/airflow/example_dags/example_skip_dag.py for tasks to queue
[2024-10-01T20:53:54.482+0000] {logging_mixin.py:190} INFO - [2024-10-01T20:53:54.481+0000] {dagbag.py:588} INFO - Filling up the DagBag from /home/airflow/.local/lib/python3.12/site-packages/airflow/example_dags/example_skip_dag.py
[2024-10-01T20:53:54.512+0000] {processor.py:925} INFO - DAG(s) 'example_skip_dag' retrieved from /home/airflow/.local/lib/python3.12/site-packages/airflow/example_dags/example_skip_dag.py
[2024-10-01T20:53:54.575+0000] {logging_mixin.py:190} INFO - [2024-10-01T20:53:54.575+0000] {dag.py:3239} INFO - Sync 1 DAGs
[2024-10-01T20:53:54.611+0000] {logging_mixin.py:190} INFO - [2024-10-01T20:53:54.610+0000] {dag.py:4180} INFO - Setting next_dagrun for example_skip_dag to 2024-09-30 00:00:00+00:00, run_after=2024-10-01 00:00:00+00:00
[2024-10-01T20:53:54.637+0000] {processor.py:208} INFO - Processing /home/airflow/.local/lib/python3.12/site-packages/airflow/example_dags/example_skip_dag.py took 0.202 seconds
[2024-10-01T20:54:25.015+0000] {processor.py:186} INFO - Started process (PID=1074) to work on /home/airflow/.local/lib/python3.12/site-packages/airflow/example_dags/example_skip_dag.py
[2024-10-01T20:54:25.016+0000] {processor.py:914} INFO - Processing file /home/airflow/.local/lib/python3.12/site-packages/airflow/example_dags/example_skip_dag.py for tasks to queue
[2024-10-01T20:54:25.018+0000] {logging_mixin.py:190} INFO - [2024-10-01T20:54:25.018+0000] {dagbag.py:588} INFO - Filling up the DagBag from /home/airflow/.local/lib/python3.12/site-packages/airflow/example_dags/example_skip_dag.py
[2024-10-01T20:54:25.025+0000] {processor.py:925} INFO - DAG(s) 'example_skip_dag' retrieved from /home/airflow/.local/lib/python3.12/site-packages/airflow/example_dags/example_skip_dag.py
[2024-10-01T20:54:25.049+0000] {logging_mixin.py:190} INFO - [2024-10-01T20:54:25.049+0000] {dag.py:3239} INFO - Sync 1 DAGs
[2024-10-01T20:54:25.065+0000] {logging_mixin.py:190} INFO - [2024-10-01T20:54:25.065+0000] {dag.py:4180} INFO - Setting next_dagrun for example_skip_dag to 2024-09-30 00:00:00+00:00, run_after=2024-10-01 00:00:00+00:00
[2024-10-01T20:54:25.076+0000] {processor.py:208} INFO - Processing /home/airflow/.local/lib/python3.12/site-packages/airflow/example_dags/example_skip_dag.py took 0.067 seconds
[2024-10-01T20:54:55.422+0000] {processor.py:186} INFO - Started process (PID=1136) to work on /home/airflow/.local/lib/python3.12/site-packages/airflow/example_dags/example_skip_dag.py
[2024-10-01T20:54:55.423+0000] {processor.py:914} INFO - Processing file /home/airflow/.local/lib/python3.12/site-packages/airflow/example_dags/example_skip_dag.py for tasks to queue
[2024-10-01T20:54:55.425+0000] {logging_mixin.py:190} INFO - [2024-10-01T20:54:55.425+0000] {dagbag.py:588} INFO - Filling up the DagBag from /home/airflow/.local/lib/python3.12/site-packages/airflow/example_dags/example_skip_dag.py
[2024-10-01T20:54:55.432+0000] {processor.py:925} INFO - DAG(s) 'example_skip_dag' retrieved from /home/airflow/.local/lib/python3.12/site-packages/airflow/example_dags/example_skip_dag.py
[2024-10-01T20:54:55.452+0000] {logging_mixin.py:190} INFO - [2024-10-01T20:54:55.452+0000] {dag.py:3239} INFO - Sync 1 DAGs
[2024-10-01T20:54:55.468+0000] {logging_mixin.py:190} INFO - [2024-10-01T20:54:55.467+0000] {dag.py:4180} INFO - Setting next_dagrun for example_skip_dag to 2024-09-30 00:00:00+00:00, run_after=2024-10-01 00:00:00+00:00
[2024-10-01T20:54:55.477+0000] {processor.py:208} INFO - Processing /home/airflow/.local/lib/python3.12/site-packages/airflow/example_dags/example_skip_dag.py took 0.064 seconds
[2024-10-01T20:55:25.566+0000] {processor.py:186} INFO - Started process (PID=1198) to work on /home/airflow/.local/lib/python3.12/site-packages/airflow/example_dags/example_skip_dag.py
[2024-10-01T20:55:25.568+0000] {processor.py:914} INFO - Processing file /home/airflow/.local/lib/python3.12/site-packages/airflow/example_dags/example_skip_dag.py for tasks to queue
[2024-10-01T20:55:25.572+0000] {logging_mixin.py:190} INFO - [2024-10-01T20:55:25.572+0000] {dagbag.py:588} INFO - Filling up the DagBag from /home/airflow/.local/lib/python3.12/site-packages/airflow/example_dags/example_skip_dag.py
[2024-10-01T20:55:25.583+0000] {processor.py:925} INFO - DAG(s) 'example_skip_dag' retrieved from /home/airflow/.local/lib/python3.12/site-packages/airflow/example_dags/example_skip_dag.py
[2024-10-01T20:55:25.603+0000] {logging_mixin.py:190} INFO - [2024-10-01T20:55:25.603+0000] {dag.py:3239} INFO - Sync 1 DAGs
[2024-10-01T20:55:25.621+0000] {logging_mixin.py:190} INFO - [2024-10-01T20:55:25.621+0000] {dag.py:4180} INFO - Setting next_dagrun for example_skip_dag to 2024-09-30 00:00:00+00:00, run_after=2024-10-01 00:00:00+00:00
[2024-10-01T20:55:25.633+0000] {processor.py:208} INFO - Processing /home/airflow/.local/lib/python3.12/site-packages/airflow/example_dags/example_skip_dag.py took 0.076 seconds
[2024-10-01T20:56:02.487+0000] {processor.py:186} INFO - Started process (PID=1260) to work on /home/airflow/.local/lib/python3.12/site-packages/airflow/example_dags/example_skip_dag.py
[2024-10-01T20:56:02.489+0000] {processor.py:914} INFO - Processing file /home/airflow/.local/lib/python3.12/site-packages/airflow/example_dags/example_skip_dag.py for tasks to queue
[2024-10-01T20:56:02.493+0000] {logging_mixin.py:190} INFO - [2024-10-01T20:56:02.493+0000] {dagbag.py:588} INFO - Filling up the DagBag from /home/airflow/.local/lib/python3.12/site-packages/airflow/example_dags/example_skip_dag.py
[2024-10-01T20:56:02.537+0000] {processor.py:925} INFO - DAG(s) 'example_skip_dag' retrieved from /home/airflow/.local/lib/python3.12/site-packages/airflow/example_dags/example_skip_dag.py
[2024-10-01T20:56:02.600+0000] {logging_mixin.py:190} INFO - [2024-10-01T20:56:02.599+0000] {dag.py:3239} INFO - Sync 1 DAGs
[2024-10-01T20:56:02.641+0000] {logging_mixin.py:190} INFO - [2024-10-01T20:56:02.641+0000] {dag.py:4180} INFO - Setting next_dagrun for example_skip_dag to 2024-09-30 00:00:00+00:00, run_after=2024-10-01 00:00:00+00:00
[2024-10-01T20:56:02.663+0000] {processor.py:208} INFO - Processing /home/airflow/.local/lib/python3.12/site-packages/airflow/example_dags/example_skip_dag.py took 0.191 seconds
[2024-10-01T20:56:33.203+0000] {processor.py:186} INFO - Started process (PID=1322) to work on /home/airflow/.local/lib/python3.12/site-packages/airflow/example_dags/example_skip_dag.py
[2024-10-01T20:56:33.204+0000] {processor.py:914} INFO - Processing file /home/airflow/.local/lib/python3.12/site-packages/airflow/example_dags/example_skip_dag.py for tasks to queue
[2024-10-01T20:56:33.206+0000] {logging_mixin.py:190} INFO - [2024-10-01T20:56:33.205+0000] {dagbag.py:588} INFO - Filling up the DagBag from /home/airflow/.local/lib/python3.12/site-packages/airflow/example_dags/example_skip_dag.py
[2024-10-01T20:56:33.212+0000] {processor.py:925} INFO - DAG(s) 'example_skip_dag' retrieved from /home/airflow/.local/lib/python3.12/site-packages/airflow/example_dags/example_skip_dag.py
[2024-10-01T20:56:33.227+0000] {logging_mixin.py:190} INFO - [2024-10-01T20:56:33.227+0000] {dag.py:3239} INFO - Sync 1 DAGs
[2024-10-01T20:56:33.242+0000] {logging_mixin.py:190} INFO - [2024-10-01T20:56:33.242+0000] {dag.py:4180} INFO - Setting next_dagrun for example_skip_dag to 2024-09-30 00:00:00+00:00, run_after=2024-10-01 00:00:00+00:00
[2024-10-01T20:56:33.252+0000] {processor.py:208} INFO - Processing /home/airflow/.local/lib/python3.12/site-packages/airflow/example_dags/example_skip_dag.py took 0.053 seconds
[2024-10-01T20:57:03.678+0000] {processor.py:186} INFO - Started process (PID=1384) to work on /home/airflow/.local/lib/python3.12/site-packages/airflow/example_dags/example_skip_dag.py
[2024-10-01T20:57:03.679+0000] {processor.py:914} INFO - Processing file /home/airflow/.local/lib/python3.12/site-packages/airflow/example_dags/example_skip_dag.py for tasks to queue
[2024-10-01T20:57:03.682+0000] {logging_mixin.py:190} INFO - [2024-10-01T20:57:03.681+0000] {dagbag.py:588} INFO - Filling up the DagBag from /home/airflow/.local/lib/python3.12/site-packages/airflow/example_dags/example_skip_dag.py
[2024-10-01T20:57:03.690+0000] {processor.py:925} INFO - DAG(s) 'example_skip_dag' retrieved from /home/airflow/.local/lib/python3.12/site-packages/airflow/example_dags/example_skip_dag.py
[2024-10-01T20:57:03.713+0000] {logging_mixin.py:190} INFO - [2024-10-01T20:57:03.713+0000] {dag.py:3239} INFO - Sync 1 DAGs
[2024-10-01T20:57:03.742+0000] {logging_mixin.py:190} INFO - [2024-10-01T20:57:03.742+0000] {dag.py:4180} INFO - Setting next_dagrun for example_skip_dag to 2024-09-30 00:00:00+00:00, run_after=2024-10-01 00:00:00+00:00
[2024-10-01T20:57:03.763+0000] {processor.py:208} INFO - Processing /home/airflow/.local/lib/python3.12/site-packages/airflow/example_dags/example_skip_dag.py took 0.104 seconds
