[2024-10-01T20:46:09.198+0000] {processor.py:186} INFO - Started process (PID=58) to work on /home/airflow/.local/lib/python3.12/site-packages/airflow/example_dags/example_bash_operator.py
[2024-10-01T20:46:09.199+0000] {processor.py:914} INFO - Processing file /home/airflow/.local/lib/python3.12/site-packages/airflow/example_dags/example_bash_operator.py for tasks to queue
[2024-10-01T20:46:09.202+0000] {logging_mixin.py:190} INFO - [2024-10-01T20:46:09.202+0000] {dagbag.py:588} INFO - Filling up the DagBag from /home/airflow/.local/lib/python3.12/site-packages/airflow/example_dags/example_bash_operator.py
[2024-10-01T20:46:09.268+0000] {processor.py:925} INFO - DAG(s) 'example_bash_operator' retrieved from /home/airflow/.local/lib/python3.12/site-packages/airflow/example_dags/example_bash_operator.py
[2024-10-01T20:46:09.522+0000] {logging_mixin.py:190} INFO - [2024-10-01T20:46:09.521+0000] {override.py:1900} INFO - Created Permission View: can delete on DAG:example_bash_operator
[2024-10-01T20:46:09.533+0000] {logging_mixin.py:190} INFO - [2024-10-01T20:46:09.533+0000] {override.py:1900} INFO - Created Permission View: can read on DAG:example_bash_operator
[2024-10-01T20:46:09.537+0000] {logging_mixin.py:190} INFO - [2024-10-01T20:46:09.537+0000] {override.py:1900} INFO - Created Permission View: can edit on DAG:example_bash_operator
[2024-10-01T20:46:09.550+0000] {logging_mixin.py:190} INFO - [2024-10-01T20:46:09.550+0000] {override.py:1900} INFO - Created Permission View: can delete on DAG Run:example_bash_operator
[2024-10-01T20:46:09.555+0000] {logging_mixin.py:190} INFO - [2024-10-01T20:46:09.555+0000] {override.py:1900} INFO - Created Permission View: can read on DAG Run:example_bash_operator
[2024-10-01T20:46:09.585+0000] {logging_mixin.py:190} INFO - [2024-10-01T20:46:09.583+0000] {override.py:1900} INFO - Created Permission View: menu access on DAG Run:example_bash_operator
[2024-10-01T20:46:09.597+0000] {logging_mixin.py:190} INFO - [2024-10-01T20:46:09.596+0000] {override.py:1900} INFO - Created Permission View: can create on DAG Run:example_bash_operator
[2024-10-01T20:46:09.598+0000] {logging_mixin.py:190} INFO - [2024-10-01T20:46:09.597+0000] {dag.py:3239} INFO - Sync 1 DAGs
[2024-10-01T20:46:09.613+0000] {logging_mixin.py:190} INFO - [2024-10-01T20:46:09.612+0000] {dag.py:3262} INFO - Creating ORM DAG for example_bash_operator
[2024-10-01T20:46:09.650+0000] {logging_mixin.py:190} INFO - [2024-10-01T20:46:09.650+0000] {dag.py:4180} INFO - Setting next_dagrun for example_bash_operator to 2024-09-30 00:00:00+00:00, run_after=2024-10-01 00:00:00+00:00
[2024-10-01T20:46:09.673+0000] {processor.py:208} INFO - Processing /home/airflow/.local/lib/python3.12/site-packages/airflow/example_dags/example_bash_operator.py took 0.485 seconds
[2024-10-01T20:46:40.217+0000] {processor.py:186} INFO - Started process (PID=120) to work on /home/airflow/.local/lib/python3.12/site-packages/airflow/example_dags/example_bash_operator.py
[2024-10-01T20:46:40.222+0000] {processor.py:914} INFO - Processing file /home/airflow/.local/lib/python3.12/site-packages/airflow/example_dags/example_bash_operator.py for tasks to queue
[2024-10-01T20:46:40.226+0000] {logging_mixin.py:190} INFO - [2024-10-01T20:46:40.226+0000] {dagbag.py:588} INFO - Filling up the DagBag from /home/airflow/.local/lib/python3.12/site-packages/airflow/example_dags/example_bash_operator.py
[2024-10-01T20:46:40.238+0000] {processor.py:925} INFO - DAG(s) 'example_bash_operator' retrieved from /home/airflow/.local/lib/python3.12/site-packages/airflow/example_dags/example_bash_operator.py
[2024-10-01T20:46:40.267+0000] {logging_mixin.py:190} INFO - [2024-10-01T20:46:40.266+0000] {dag.py:3239} INFO - Sync 1 DAGs
[2024-10-01T20:46:40.287+0000] {logging_mixin.py:190} INFO - [2024-10-01T20:46:40.287+0000] {dag.py:4180} INFO - Setting next_dagrun for example_bash_operator to 2024-09-30 00:00:00+00:00, run_after=2024-10-01 00:00:00+00:00
[2024-10-01T20:46:40.302+0000] {processor.py:208} INFO - Processing /home/airflow/.local/lib/python3.12/site-packages/airflow/example_dags/example_bash_operator.py took 0.090 seconds
[2024-10-01T20:47:10.366+0000] {processor.py:186} INFO - Started process (PID=181) to work on /home/airflow/.local/lib/python3.12/site-packages/airflow/example_dags/example_bash_operator.py
[2024-10-01T20:47:10.367+0000] {processor.py:914} INFO - Processing file /home/airflow/.local/lib/python3.12/site-packages/airflow/example_dags/example_bash_operator.py for tasks to queue
[2024-10-01T20:47:10.369+0000] {logging_mixin.py:190} INFO - [2024-10-01T20:47:10.369+0000] {dagbag.py:588} INFO - Filling up the DagBag from /home/airflow/.local/lib/python3.12/site-packages/airflow/example_dags/example_bash_operator.py
[2024-10-01T20:47:10.379+0000] {processor.py:925} INFO - DAG(s) 'example_bash_operator' retrieved from /home/airflow/.local/lib/python3.12/site-packages/airflow/example_dags/example_bash_operator.py
[2024-10-01T20:47:10.396+0000] {logging_mixin.py:190} INFO - [2024-10-01T20:47:10.396+0000] {dag.py:3239} INFO - Sync 1 DAGs
[2024-10-01T20:47:10.411+0000] {logging_mixin.py:190} INFO - [2024-10-01T20:47:10.411+0000] {dag.py:4180} INFO - Setting next_dagrun for example_bash_operator to 2024-09-30 00:00:00+00:00, run_after=2024-10-01 00:00:00+00:00
[2024-10-01T20:47:10.421+0000] {processor.py:208} INFO - Processing /home/airflow/.local/lib/python3.12/site-packages/airflow/example_dags/example_bash_operator.py took 0.059 seconds
[2024-10-01T20:47:40.731+0000] {processor.py:186} INFO - Started process (PID=249) to work on /home/airflow/.local/lib/python3.12/site-packages/airflow/example_dags/example_bash_operator.py
[2024-10-01T20:47:40.732+0000] {processor.py:914} INFO - Processing file /home/airflow/.local/lib/python3.12/site-packages/airflow/example_dags/example_bash_operator.py for tasks to queue
[2024-10-01T20:47:40.733+0000] {logging_mixin.py:190} INFO - [2024-10-01T20:47:40.733+0000] {dagbag.py:588} INFO - Filling up the DagBag from /home/airflow/.local/lib/python3.12/site-packages/airflow/example_dags/example_bash_operator.py
[2024-10-01T20:47:40.743+0000] {processor.py:925} INFO - DAG(s) 'example_bash_operator' retrieved from /home/airflow/.local/lib/python3.12/site-packages/airflow/example_dags/example_bash_operator.py
[2024-10-01T20:47:40.762+0000] {logging_mixin.py:190} INFO - [2024-10-01T20:47:40.762+0000] {dag.py:3239} INFO - Sync 1 DAGs
[2024-10-01T20:47:40.779+0000] {logging_mixin.py:190} INFO - [2024-10-01T20:47:40.778+0000] {dag.py:4180} INFO - Setting next_dagrun for example_bash_operator to 2024-09-30 00:00:00+00:00, run_after=2024-10-01 00:00:00+00:00
[2024-10-01T20:47:40.789+0000] {processor.py:208} INFO - Processing /home/airflow/.local/lib/python3.12/site-packages/airflow/example_dags/example_bash_operator.py took 0.065 seconds
[2024-10-01T20:48:11.780+0000] {processor.py:186} INFO - Started process (PID=311) to work on /home/airflow/.local/lib/python3.12/site-packages/airflow/example_dags/example_bash_operator.py
[2024-10-01T20:48:11.781+0000] {processor.py:914} INFO - Processing file /home/airflow/.local/lib/python3.12/site-packages/airflow/example_dags/example_bash_operator.py for tasks to queue
[2024-10-01T20:48:11.783+0000] {logging_mixin.py:190} INFO - [2024-10-01T20:48:11.783+0000] {dagbag.py:588} INFO - Filling up the DagBag from /home/airflow/.local/lib/python3.12/site-packages/airflow/example_dags/example_bash_operator.py
[2024-10-01T20:48:11.793+0000] {processor.py:925} INFO - DAG(s) 'example_bash_operator' retrieved from /home/airflow/.local/lib/python3.12/site-packages/airflow/example_dags/example_bash_operator.py
[2024-10-01T20:48:11.817+0000] {logging_mixin.py:190} INFO - [2024-10-01T20:48:11.816+0000] {dag.py:3239} INFO - Sync 1 DAGs
[2024-10-01T20:48:11.837+0000] {logging_mixin.py:190} INFO - [2024-10-01T20:48:11.836+0000] {dag.py:4180} INFO - Setting next_dagrun for example_bash_operator to 2024-09-30 00:00:00+00:00, run_after=2024-10-01 00:00:00+00:00
[2024-10-01T20:48:11.851+0000] {processor.py:208} INFO - Processing /home/airflow/.local/lib/python3.12/site-packages/airflow/example_dags/example_bash_operator.py took 0.082 seconds
[2024-10-01T20:48:42.832+0000] {processor.py:186} INFO - Started process (PID=373) to work on /home/airflow/.local/lib/python3.12/site-packages/airflow/example_dags/example_bash_operator.py
[2024-10-01T20:48:42.834+0000] {processor.py:914} INFO - Processing file /home/airflow/.local/lib/python3.12/site-packages/airflow/example_dags/example_bash_operator.py for tasks to queue
[2024-10-01T20:48:42.835+0000] {logging_mixin.py:190} INFO - [2024-10-01T20:48:42.835+0000] {dagbag.py:588} INFO - Filling up the DagBag from /home/airflow/.local/lib/python3.12/site-packages/airflow/example_dags/example_bash_operator.py
[2024-10-01T20:48:42.843+0000] {processor.py:925} INFO - DAG(s) 'example_bash_operator' retrieved from /home/airflow/.local/lib/python3.12/site-packages/airflow/example_dags/example_bash_operator.py
[2024-10-01T20:48:42.860+0000] {logging_mixin.py:190} INFO - [2024-10-01T20:48:42.860+0000] {dag.py:3239} INFO - Sync 1 DAGs
[2024-10-01T20:48:42.874+0000] {logging_mixin.py:190} INFO - [2024-10-01T20:48:42.874+0000] {dag.py:4180} INFO - Setting next_dagrun for example_bash_operator to 2024-09-30 00:00:00+00:00, run_after=2024-10-01 00:00:00+00:00
[2024-10-01T20:48:42.883+0000] {processor.py:208} INFO - Processing /home/airflow/.local/lib/python3.12/site-packages/airflow/example_dags/example_bash_operator.py took 0.055 seconds
[2024-10-01T20:49:13.400+0000] {processor.py:186} INFO - Started process (PID=435) to work on /home/airflow/.local/lib/python3.12/site-packages/airflow/example_dags/example_bash_operator.py
[2024-10-01T20:49:13.401+0000] {processor.py:914} INFO - Processing file /home/airflow/.local/lib/python3.12/site-packages/airflow/example_dags/example_bash_operator.py for tasks to queue
[2024-10-01T20:49:13.402+0000] {logging_mixin.py:190} INFO - [2024-10-01T20:49:13.402+0000] {dagbag.py:588} INFO - Filling up the DagBag from /home/airflow/.local/lib/python3.12/site-packages/airflow/example_dags/example_bash_operator.py
[2024-10-01T20:49:13.412+0000] {processor.py:925} INFO - DAG(s) 'example_bash_operator' retrieved from /home/airflow/.local/lib/python3.12/site-packages/airflow/example_dags/example_bash_operator.py
[2024-10-01T20:49:13.430+0000] {logging_mixin.py:190} INFO - [2024-10-01T20:49:13.430+0000] {dag.py:3239} INFO - Sync 1 DAGs
[2024-10-01T20:49:13.446+0000] {logging_mixin.py:190} INFO - [2024-10-01T20:49:13.446+0000] {dag.py:4180} INFO - Setting next_dagrun for example_bash_operator to 2024-09-30 00:00:00+00:00, run_after=2024-10-01 00:00:00+00:00
[2024-10-01T20:49:13.456+0000] {processor.py:208} INFO - Processing /home/airflow/.local/lib/python3.12/site-packages/airflow/example_dags/example_bash_operator.py took 0.062 seconds
[2024-10-01T20:49:44.374+0000] {processor.py:186} INFO - Started process (PID=497) to work on /home/airflow/.local/lib/python3.12/site-packages/airflow/example_dags/example_bash_operator.py
[2024-10-01T20:49:44.376+0000] {processor.py:914} INFO - Processing file /home/airflow/.local/lib/python3.12/site-packages/airflow/example_dags/example_bash_operator.py for tasks to queue
[2024-10-01T20:49:44.381+0000] {logging_mixin.py:190} INFO - [2024-10-01T20:49:44.381+0000] {dagbag.py:588} INFO - Filling up the DagBag from /home/airflow/.local/lib/python3.12/site-packages/airflow/example_dags/example_bash_operator.py
[2024-10-01T20:49:44.391+0000] {processor.py:925} INFO - DAG(s) 'example_bash_operator' retrieved from /home/airflow/.local/lib/python3.12/site-packages/airflow/example_dags/example_bash_operator.py
[2024-10-01T20:49:44.409+0000] {logging_mixin.py:190} INFO - [2024-10-01T20:49:44.409+0000] {dag.py:3239} INFO - Sync 1 DAGs
[2024-10-01T20:49:44.426+0000] {logging_mixin.py:190} INFO - [2024-10-01T20:49:44.426+0000] {dag.py:4180} INFO - Setting next_dagrun for example_bash_operator to 2024-09-30 00:00:00+00:00, run_after=2024-10-01 00:00:00+00:00
[2024-10-01T20:49:44.436+0000] {processor.py:208} INFO - Processing /home/airflow/.local/lib/python3.12/site-packages/airflow/example_dags/example_bash_operator.py took 0.065 seconds
[2024-10-01T20:50:15.086+0000] {processor.py:186} INFO - Started process (PID=559) to work on /home/airflow/.local/lib/python3.12/site-packages/airflow/example_dags/example_bash_operator.py
[2024-10-01T20:50:15.087+0000] {processor.py:914} INFO - Processing file /home/airflow/.local/lib/python3.12/site-packages/airflow/example_dags/example_bash_operator.py for tasks to queue
[2024-10-01T20:50:15.089+0000] {logging_mixin.py:190} INFO - [2024-10-01T20:50:15.089+0000] {dagbag.py:588} INFO - Filling up the DagBag from /home/airflow/.local/lib/python3.12/site-packages/airflow/example_dags/example_bash_operator.py
[2024-10-01T20:50:15.103+0000] {processor.py:925} INFO - DAG(s) 'example_bash_operator' retrieved from /home/airflow/.local/lib/python3.12/site-packages/airflow/example_dags/example_bash_operator.py
[2024-10-01T20:50:15.125+0000] {logging_mixin.py:190} INFO - [2024-10-01T20:50:15.124+0000] {dag.py:3239} INFO - Sync 1 DAGs
[2024-10-01T20:50:15.143+0000] {logging_mixin.py:190} INFO - [2024-10-01T20:50:15.143+0000] {dag.py:4180} INFO - Setting next_dagrun for example_bash_operator to 2024-09-30 00:00:00+00:00, run_after=2024-10-01 00:00:00+00:00
[2024-10-01T20:50:15.156+0000] {processor.py:208} INFO - Processing /home/airflow/.local/lib/python3.12/site-packages/airflow/example_dags/example_bash_operator.py took 0.073 seconds
[2024-10-01T20:50:46.011+0000] {processor.py:186} INFO - Started process (PID=621) to work on /home/airflow/.local/lib/python3.12/site-packages/airflow/example_dags/example_bash_operator.py
[2024-10-01T20:50:46.012+0000] {processor.py:914} INFO - Processing file /home/airflow/.local/lib/python3.12/site-packages/airflow/example_dags/example_bash_operator.py for tasks to queue
[2024-10-01T20:50:46.016+0000] {logging_mixin.py:190} INFO - [2024-10-01T20:50:46.016+0000] {dagbag.py:588} INFO - Filling up the DagBag from /home/airflow/.local/lib/python3.12/site-packages/airflow/example_dags/example_bash_operator.py
[2024-10-01T20:50:46.038+0000] {processor.py:925} INFO - DAG(s) 'example_bash_operator' retrieved from /home/airflow/.local/lib/python3.12/site-packages/airflow/example_dags/example_bash_operator.py
[2024-10-01T20:50:46.057+0000] {logging_mixin.py:190} INFO - [2024-10-01T20:50:46.056+0000] {dag.py:3239} INFO - Sync 1 DAGs
[2024-10-01T20:50:46.071+0000] {logging_mixin.py:190} INFO - [2024-10-01T20:50:46.071+0000] {dag.py:4180} INFO - Setting next_dagrun for example_bash_operator to 2024-09-30 00:00:00+00:00, run_after=2024-10-01 00:00:00+00:00
[2024-10-01T20:50:46.082+0000] {processor.py:208} INFO - Processing /home/airflow/.local/lib/python3.12/site-packages/airflow/example_dags/example_bash_operator.py took 0.081 seconds
[2024-10-01T20:51:16.953+0000] {processor.py:186} INFO - Started process (PID=683) to work on /home/airflow/.local/lib/python3.12/site-packages/airflow/example_dags/example_bash_operator.py
[2024-10-01T20:51:16.954+0000] {processor.py:914} INFO - Processing file /home/airflow/.local/lib/python3.12/site-packages/airflow/example_dags/example_bash_operator.py for tasks to queue
[2024-10-01T20:51:16.956+0000] {logging_mixin.py:190} INFO - [2024-10-01T20:51:16.955+0000] {dagbag.py:588} INFO - Filling up the DagBag from /home/airflow/.local/lib/python3.12/site-packages/airflow/example_dags/example_bash_operator.py
[2024-10-01T20:51:16.966+0000] {processor.py:925} INFO - DAG(s) 'example_bash_operator' retrieved from /home/airflow/.local/lib/python3.12/site-packages/airflow/example_dags/example_bash_operator.py
[2024-10-01T20:51:16.987+0000] {logging_mixin.py:190} INFO - [2024-10-01T20:51:16.986+0000] {dag.py:3239} INFO - Sync 1 DAGs
[2024-10-01T20:51:17.010+0000] {logging_mixin.py:190} INFO - [2024-10-01T20:51:17.010+0000] {dag.py:4180} INFO - Setting next_dagrun for example_bash_operator to 2024-09-30 00:00:00+00:00, run_after=2024-10-01 00:00:00+00:00
[2024-10-01T20:51:17.031+0000] {processor.py:208} INFO - Processing /home/airflow/.local/lib/python3.12/site-packages/airflow/example_dags/example_bash_operator.py took 0.083 seconds
[2024-10-01T20:51:47.508+0000] {processor.py:186} INFO - Started process (PID=745) to work on /home/airflow/.local/lib/python3.12/site-packages/airflow/example_dags/example_bash_operator.py
[2024-10-01T20:51:47.509+0000] {processor.py:914} INFO - Processing file /home/airflow/.local/lib/python3.12/site-packages/airflow/example_dags/example_bash_operator.py for tasks to queue
[2024-10-01T20:51:47.510+0000] {logging_mixin.py:190} INFO - [2024-10-01T20:51:47.510+0000] {dagbag.py:588} INFO - Filling up the DagBag from /home/airflow/.local/lib/python3.12/site-packages/airflow/example_dags/example_bash_operator.py
[2024-10-01T20:51:47.525+0000] {processor.py:925} INFO - DAG(s) 'example_bash_operator' retrieved from /home/airflow/.local/lib/python3.12/site-packages/airflow/example_dags/example_bash_operator.py
[2024-10-01T20:51:47.560+0000] {logging_mixin.py:190} INFO - [2024-10-01T20:51:47.560+0000] {dag.py:3239} INFO - Sync 1 DAGs
[2024-10-01T20:51:47.579+0000] {logging_mixin.py:190} INFO - [2024-10-01T20:51:47.578+0000] {dag.py:4180} INFO - Setting next_dagrun for example_bash_operator to 2024-09-30 00:00:00+00:00, run_after=2024-10-01 00:00:00+00:00
[2024-10-01T20:51:47.591+0000] {processor.py:208} INFO - Processing /home/airflow/.local/lib/python3.12/site-packages/airflow/example_dags/example_bash_operator.py took 0.087 seconds
[2024-10-01T20:52:17.906+0000] {processor.py:186} INFO - Started process (PID=807) to work on /home/airflow/.local/lib/python3.12/site-packages/airflow/example_dags/example_bash_operator.py
[2024-10-01T20:52:17.907+0000] {processor.py:914} INFO - Processing file /home/airflow/.local/lib/python3.12/site-packages/airflow/example_dags/example_bash_operator.py for tasks to queue
[2024-10-01T20:52:17.909+0000] {logging_mixin.py:190} INFO - [2024-10-01T20:52:17.909+0000] {dagbag.py:588} INFO - Filling up the DagBag from /home/airflow/.local/lib/python3.12/site-packages/airflow/example_dags/example_bash_operator.py
[2024-10-01T20:52:17.918+0000] {processor.py:925} INFO - DAG(s) 'example_bash_operator' retrieved from /home/airflow/.local/lib/python3.12/site-packages/airflow/example_dags/example_bash_operator.py
[2024-10-01T20:52:17.935+0000] {logging_mixin.py:190} INFO - [2024-10-01T20:52:17.935+0000] {dag.py:3239} INFO - Sync 1 DAGs
[2024-10-01T20:52:17.951+0000] {logging_mixin.py:190} INFO - [2024-10-01T20:52:17.951+0000] {dag.py:4180} INFO - Setting next_dagrun for example_bash_operator to 2024-09-30 00:00:00+00:00, run_after=2024-10-01 00:00:00+00:00
[2024-10-01T20:52:17.961+0000] {processor.py:208} INFO - Processing /home/airflow/.local/lib/python3.12/site-packages/airflow/example_dags/example_bash_operator.py took 0.064 seconds
[2024-10-01T20:52:48.618+0000] {processor.py:186} INFO - Started process (PID=869) to work on /home/airflow/.local/lib/python3.12/site-packages/airflow/example_dags/example_bash_operator.py
[2024-10-01T20:52:48.620+0000] {processor.py:914} INFO - Processing file /home/airflow/.local/lib/python3.12/site-packages/airflow/example_dags/example_bash_operator.py for tasks to queue
[2024-10-01T20:52:48.622+0000] {logging_mixin.py:190} INFO - [2024-10-01T20:52:48.622+0000] {dagbag.py:588} INFO - Filling up the DagBag from /home/airflow/.local/lib/python3.12/site-packages/airflow/example_dags/example_bash_operator.py
[2024-10-01T20:52:48.635+0000] {processor.py:925} INFO - DAG(s) 'example_bash_operator' retrieved from /home/airflow/.local/lib/python3.12/site-packages/airflow/example_dags/example_bash_operator.py
[2024-10-01T20:52:48.657+0000] {logging_mixin.py:190} INFO - [2024-10-01T20:52:48.657+0000] {dag.py:3239} INFO - Sync 1 DAGs
[2024-10-01T20:52:48.675+0000] {logging_mixin.py:190} INFO - [2024-10-01T20:52:48.675+0000] {dag.py:4180} INFO - Setting next_dagrun for example_bash_operator to 2024-09-30 00:00:00+00:00, run_after=2024-10-01 00:00:00+00:00
[2024-10-01T20:52:48.687+0000] {processor.py:208} INFO - Processing /home/airflow/.local/lib/python3.12/site-packages/airflow/example_dags/example_bash_operator.py took 0.089 seconds
[2024-10-01T20:53:19.608+0000] {processor.py:186} INFO - Started process (PID=931) to work on /home/airflow/.local/lib/python3.12/site-packages/airflow/example_dags/example_bash_operator.py
[2024-10-01T20:53:19.610+0000] {processor.py:914} INFO - Processing file /home/airflow/.local/lib/python3.12/site-packages/airflow/example_dags/example_bash_operator.py for tasks to queue
[2024-10-01T20:53:19.612+0000] {logging_mixin.py:190} INFO - [2024-10-01T20:53:19.612+0000] {dagbag.py:588} INFO - Filling up the DagBag from /home/airflow/.local/lib/python3.12/site-packages/airflow/example_dags/example_bash_operator.py
[2024-10-01T20:53:19.623+0000] {processor.py:925} INFO - DAG(s) 'example_bash_operator' retrieved from /home/airflow/.local/lib/python3.12/site-packages/airflow/example_dags/example_bash_operator.py
[2024-10-01T20:53:19.642+0000] {logging_mixin.py:190} INFO - [2024-10-01T20:53:19.641+0000] {dag.py:3239} INFO - Sync 1 DAGs
[2024-10-01T20:53:19.657+0000] {logging_mixin.py:190} INFO - [2024-10-01T20:53:19.657+0000] {dag.py:4180} INFO - Setting next_dagrun for example_bash_operator to 2024-09-30 00:00:00+00:00, run_after=2024-10-01 00:00:00+00:00
[2024-10-01T20:53:19.666+0000] {processor.py:208} INFO - Processing /home/airflow/.local/lib/python3.12/site-packages/airflow/example_dags/example_bash_operator.py took 0.069 seconds
[2024-10-01T20:53:49.950+0000] {processor.py:186} INFO - Started process (PID=992) to work on /home/airflow/.local/lib/python3.12/site-packages/airflow/example_dags/example_bash_operator.py
[2024-10-01T20:53:49.951+0000] {processor.py:914} INFO - Processing file /home/airflow/.local/lib/python3.12/site-packages/airflow/example_dags/example_bash_operator.py for tasks to queue
[2024-10-01T20:53:49.954+0000] {logging_mixin.py:190} INFO - [2024-10-01T20:53:49.954+0000] {dagbag.py:588} INFO - Filling up the DagBag from /home/airflow/.local/lib/python3.12/site-packages/airflow/example_dags/example_bash_operator.py
[2024-10-01T20:53:49.968+0000] {processor.py:925} INFO - DAG(s) 'example_bash_operator' retrieved from /home/airflow/.local/lib/python3.12/site-packages/airflow/example_dags/example_bash_operator.py
[2024-10-01T20:53:49.989+0000] {logging_mixin.py:190} INFO - [2024-10-01T20:53:49.989+0000] {dag.py:3239} INFO - Sync 1 DAGs
[2024-10-01T20:53:50.004+0000] {logging_mixin.py:190} INFO - [2024-10-01T20:53:50.004+0000] {dag.py:4180} INFO - Setting next_dagrun for example_bash_operator to 2024-09-30 00:00:00+00:00, run_after=2024-10-01 00:00:00+00:00
[2024-10-01T20:53:50.013+0000] {processor.py:208} INFO - Processing /home/airflow/.local/lib/python3.12/site-packages/airflow/example_dags/example_bash_operator.py took 0.081 seconds
[2024-10-01T20:54:20.650+0000] {processor.py:186} INFO - Started process (PID=1054) to work on /home/airflow/.local/lib/python3.12/site-packages/airflow/example_dags/example_bash_operator.py
[2024-10-01T20:54:20.651+0000] {processor.py:914} INFO - Processing file /home/airflow/.local/lib/python3.12/site-packages/airflow/example_dags/example_bash_operator.py for tasks to queue
[2024-10-01T20:54:20.653+0000] {logging_mixin.py:190} INFO - [2024-10-01T20:54:20.653+0000] {dagbag.py:588} INFO - Filling up the DagBag from /home/airflow/.local/lib/python3.12/site-packages/airflow/example_dags/example_bash_operator.py
[2024-10-01T20:54:20.666+0000] {processor.py:925} INFO - DAG(s) 'example_bash_operator' retrieved from /home/airflow/.local/lib/python3.12/site-packages/airflow/example_dags/example_bash_operator.py
[2024-10-01T20:54:20.692+0000] {logging_mixin.py:190} INFO - [2024-10-01T20:54:20.692+0000] {dag.py:3239} INFO - Sync 1 DAGs
[2024-10-01T20:54:20.709+0000] {logging_mixin.py:190} INFO - [2024-10-01T20:54:20.709+0000] {dag.py:4180} INFO - Setting next_dagrun for example_bash_operator to 2024-09-30 00:00:00+00:00, run_after=2024-10-01 00:00:00+00:00
[2024-10-01T20:54:20.720+0000] {processor.py:208} INFO - Processing /home/airflow/.local/lib/python3.12/site-packages/airflow/example_dags/example_bash_operator.py took 0.075 seconds
[2024-10-01T20:54:51.211+0000] {processor.py:186} INFO - Started process (PID=1116) to work on /home/airflow/.local/lib/python3.12/site-packages/airflow/example_dags/example_bash_operator.py
[2024-10-01T20:54:51.213+0000] {processor.py:914} INFO - Processing file /home/airflow/.local/lib/python3.12/site-packages/airflow/example_dags/example_bash_operator.py for tasks to queue
[2024-10-01T20:54:51.215+0000] {logging_mixin.py:190} INFO - [2024-10-01T20:54:51.215+0000] {dagbag.py:588} INFO - Filling up the DagBag from /home/airflow/.local/lib/python3.12/site-packages/airflow/example_dags/example_bash_operator.py
[2024-10-01T20:54:51.225+0000] {processor.py:925} INFO - DAG(s) 'example_bash_operator' retrieved from /home/airflow/.local/lib/python3.12/site-packages/airflow/example_dags/example_bash_operator.py
[2024-10-01T20:54:51.242+0000] {logging_mixin.py:190} INFO - [2024-10-01T20:54:51.242+0000] {dag.py:3239} INFO - Sync 1 DAGs
[2024-10-01T20:54:51.257+0000] {logging_mixin.py:190} INFO - [2024-10-01T20:54:51.257+0000] {dag.py:4180} INFO - Setting next_dagrun for example_bash_operator to 2024-09-30 00:00:00+00:00, run_after=2024-10-01 00:00:00+00:00
[2024-10-01T20:54:51.267+0000] {processor.py:208} INFO - Processing /home/airflow/.local/lib/python3.12/site-packages/airflow/example_dags/example_bash_operator.py took 0.061 seconds
[2024-10-01T20:55:21.952+0000] {processor.py:186} INFO - Started process (PID=1178) to work on /home/airflow/.local/lib/python3.12/site-packages/airflow/example_dags/example_bash_operator.py
[2024-10-01T20:55:21.954+0000] {processor.py:914} INFO - Processing file /home/airflow/.local/lib/python3.12/site-packages/airflow/example_dags/example_bash_operator.py for tasks to queue
[2024-10-01T20:55:21.966+0000] {logging_mixin.py:190} INFO - [2024-10-01T20:55:21.965+0000] {dagbag.py:588} INFO - Filling up the DagBag from /home/airflow/.local/lib/python3.12/site-packages/airflow/example_dags/example_bash_operator.py
[2024-10-01T20:55:22.008+0000] {processor.py:925} INFO - DAG(s) 'example_bash_operator' retrieved from /home/airflow/.local/lib/python3.12/site-packages/airflow/example_dags/example_bash_operator.py
[2024-10-01T20:55:22.031+0000] {logging_mixin.py:190} INFO - [2024-10-01T20:55:22.031+0000] {dag.py:3239} INFO - Sync 1 DAGs
[2024-10-01T20:55:22.057+0000] {logging_mixin.py:190} INFO - [2024-10-01T20:55:22.056+0000] {dag.py:4180} INFO - Setting next_dagrun for example_bash_operator to 2024-09-30 00:00:00+00:00, run_after=2024-10-01 00:00:00+00:00
[2024-10-01T20:55:22.066+0000] {processor.py:208} INFO - Processing /home/airflow/.local/lib/python3.12/site-packages/airflow/example_dags/example_bash_operator.py took 0.122 seconds
[2024-10-01T20:55:52.313+0000] {processor.py:186} INFO - Started process (PID=1240) to work on /home/airflow/.local/lib/python3.12/site-packages/airflow/example_dags/example_bash_operator.py
[2024-10-01T20:55:52.314+0000] {processor.py:914} INFO - Processing file /home/airflow/.local/lib/python3.12/site-packages/airflow/example_dags/example_bash_operator.py for tasks to queue
[2024-10-01T20:55:52.316+0000] {logging_mixin.py:190} INFO - [2024-10-01T20:55:52.316+0000] {dagbag.py:588} INFO - Filling up the DagBag from /home/airflow/.local/lib/python3.12/site-packages/airflow/example_dags/example_bash_operator.py
[2024-10-01T20:55:52.331+0000] {processor.py:925} INFO - DAG(s) 'example_bash_operator' retrieved from /home/airflow/.local/lib/python3.12/site-packages/airflow/example_dags/example_bash_operator.py
[2024-10-01T20:55:52.357+0000] {logging_mixin.py:190} INFO - [2024-10-01T20:55:52.357+0000] {dag.py:3239} INFO - Sync 1 DAGs
[2024-10-01T20:55:52.375+0000] {logging_mixin.py:190} INFO - [2024-10-01T20:55:52.375+0000] {dag.py:4180} INFO - Setting next_dagrun for example_bash_operator to 2024-09-30 00:00:00+00:00, run_after=2024-10-01 00:00:00+00:00
[2024-10-01T20:55:52.393+0000] {processor.py:208} INFO - Processing /home/airflow/.local/lib/python3.12/site-packages/airflow/example_dags/example_bash_operator.py took 0.087 seconds
[2024-10-01T20:56:23.204+0000] {processor.py:186} INFO - Started process (PID=1302) to work on /home/airflow/.local/lib/python3.12/site-packages/airflow/example_dags/example_bash_operator.py
[2024-10-01T20:56:23.205+0000] {processor.py:914} INFO - Processing file /home/airflow/.local/lib/python3.12/site-packages/airflow/example_dags/example_bash_operator.py for tasks to queue
[2024-10-01T20:56:23.208+0000] {logging_mixin.py:190} INFO - [2024-10-01T20:56:23.207+0000] {dagbag.py:588} INFO - Filling up the DagBag from /home/airflow/.local/lib/python3.12/site-packages/airflow/example_dags/example_bash_operator.py
[2024-10-01T20:56:23.220+0000] {processor.py:925} INFO - DAG(s) 'example_bash_operator' retrieved from /home/airflow/.local/lib/python3.12/site-packages/airflow/example_dags/example_bash_operator.py
[2024-10-01T20:56:23.261+0000] {logging_mixin.py:190} INFO - [2024-10-01T20:56:23.261+0000] {dag.py:3239} INFO - Sync 1 DAGs
[2024-10-01T20:56:23.282+0000] {logging_mixin.py:190} INFO - [2024-10-01T20:56:23.282+0000] {dag.py:4180} INFO - Setting next_dagrun for example_bash_operator to 2024-09-30 00:00:00+00:00, run_after=2024-10-01 00:00:00+00:00
[2024-10-01T20:56:23.292+0000] {processor.py:208} INFO - Processing /home/airflow/.local/lib/python3.12/site-packages/airflow/example_dags/example_bash_operator.py took 0.092 seconds
[2024-10-01T20:56:53.841+0000] {processor.py:186} INFO - Started process (PID=1364) to work on /home/airflow/.local/lib/python3.12/site-packages/airflow/example_dags/example_bash_operator.py
[2024-10-01T20:56:53.843+0000] {processor.py:914} INFO - Processing file /home/airflow/.local/lib/python3.12/site-packages/airflow/example_dags/example_bash_operator.py for tasks to queue
[2024-10-01T20:56:53.845+0000] {logging_mixin.py:190} INFO - [2024-10-01T20:56:53.845+0000] {dagbag.py:588} INFO - Filling up the DagBag from /home/airflow/.local/lib/python3.12/site-packages/airflow/example_dags/example_bash_operator.py
[2024-10-01T20:56:53.873+0000] {processor.py:925} INFO - DAG(s) 'example_bash_operator' retrieved from /home/airflow/.local/lib/python3.12/site-packages/airflow/example_dags/example_bash_operator.py
[2024-10-01T20:56:53.892+0000] {logging_mixin.py:190} INFO - [2024-10-01T20:56:53.892+0000] {dag.py:3239} INFO - Sync 1 DAGs
[2024-10-01T20:56:53.913+0000] {logging_mixin.py:190} INFO - [2024-10-01T20:56:53.913+0000] {dag.py:4180} INFO - Setting next_dagrun for example_bash_operator to 2024-09-30 00:00:00+00:00, run_after=2024-10-01 00:00:00+00:00
[2024-10-01T20:56:53.925+0000] {processor.py:208} INFO - Processing /home/airflow/.local/lib/python3.12/site-packages/airflow/example_dags/example_bash_operator.py took 0.093 seconds
