[2024-10-01T20:46:12.564+0000] {processor.py:186} INFO - Started process (PID=75) to work on /home/airflow/.local/lib/python3.12/site-packages/airflow/example_dags/example_python_decorator.py
[2024-10-01T20:46:12.565+0000] {processor.py:914} INFO - Processing file /home/airflow/.local/lib/python3.12/site-packages/airflow/example_dags/example_python_decorator.py for tasks to queue
[2024-10-01T20:46:12.572+0000] {logging_mixin.py:190} INFO - [2024-10-01T20:46:12.571+0000] {dagbag.py:588} INFO - Filling up the DagBag from /home/airflow/.local/lib/python3.12/site-packages/airflow/example_dags/example_python_decorator.py
[2024-10-01T20:46:12.595+0000] {processor.py:925} INFO - DAG(s) 'example_python_decorator' retrieved from /home/airflow/.local/lib/python3.12/site-packages/airflow/example_dags/example_python_decorator.py
[2024-10-01T20:46:12.793+0000] {logging_mixin.py:190} INFO - [2024-10-01T20:46:12.792+0000] {override.py:1900} INFO - Created Permission View: can delete on DAG:example_python_decorator
[2024-10-01T20:46:12.818+0000] {logging_mixin.py:190} INFO - [2024-10-01T20:46:12.816+0000] {override.py:1900} INFO - Created Permission View: can read on DAG:example_python_decorator
[2024-10-01T20:46:12.826+0000] {logging_mixin.py:190} INFO - [2024-10-01T20:46:12.826+0000] {override.py:1900} INFO - Created Permission View: can edit on DAG:example_python_decorator
[2024-10-01T20:46:12.836+0000] {logging_mixin.py:190} INFO - [2024-10-01T20:46:12.835+0000] {override.py:1900} INFO - Created Permission View: can delete on DAG Run:example_python_decorator
[2024-10-01T20:46:12.842+0000] {logging_mixin.py:190} INFO - [2024-10-01T20:46:12.842+0000] {override.py:1900} INFO - Created Permission View: can read on DAG Run:example_python_decorator
[2024-10-01T20:46:12.847+0000] {logging_mixin.py:190} INFO - [2024-10-01T20:46:12.847+0000] {override.py:1900} INFO - Created Permission View: menu access on DAG Run:example_python_decorator
[2024-10-01T20:46:12.853+0000] {logging_mixin.py:190} INFO - [2024-10-01T20:46:12.853+0000] {override.py:1900} INFO - Created Permission View: can create on DAG Run:example_python_decorator
[2024-10-01T20:46:12.854+0000] {logging_mixin.py:190} INFO - [2024-10-01T20:46:12.853+0000] {dag.py:3239} INFO - Sync 1 DAGs
[2024-10-01T20:46:12.866+0000] {logging_mixin.py:190} INFO - [2024-10-01T20:46:12.866+0000] {dag.py:3262} INFO - Creating ORM DAG for example_python_decorator
[2024-10-01T20:46:12.867+0000] {logging_mixin.py:190} INFO - [2024-10-01T20:46:12.867+0000] {dag.py:4180} INFO - Setting next_dagrun for example_python_decorator to None, run_after=None
[2024-10-01T20:46:12.879+0000] {processor.py:208} INFO - Processing /home/airflow/.local/lib/python3.12/site-packages/airflow/example_dags/example_python_decorator.py took 0.334 seconds
[2024-10-01T20:46:42.978+0000] {processor.py:186} INFO - Started process (PID=137) to work on /home/airflow/.local/lib/python3.12/site-packages/airflow/example_dags/example_python_decorator.py
[2024-10-01T20:46:42.979+0000] {processor.py:914} INFO - Processing file /home/airflow/.local/lib/python3.12/site-packages/airflow/example_dags/example_python_decorator.py for tasks to queue
[2024-10-01T20:46:42.981+0000] {logging_mixin.py:190} INFO - [2024-10-01T20:46:42.980+0000] {dagbag.py:588} INFO - Filling up the DagBag from /home/airflow/.local/lib/python3.12/site-packages/airflow/example_dags/example_python_decorator.py
[2024-10-01T20:46:42.990+0000] {processor.py:925} INFO - DAG(s) 'example_python_decorator' retrieved from /home/airflow/.local/lib/python3.12/site-packages/airflow/example_dags/example_python_decorator.py
[2024-10-01T20:46:43.012+0000] {logging_mixin.py:190} INFO - [2024-10-01T20:46:43.012+0000] {dag.py:3239} INFO - Sync 1 DAGs
[2024-10-01T20:46:43.027+0000] {logging_mixin.py:190} INFO - [2024-10-01T20:46:43.027+0000] {dag.py:4180} INFO - Setting next_dagrun for example_python_decorator to None, run_after=None
[2024-10-01T20:46:43.043+0000] {processor.py:208} INFO - Processing /home/airflow/.local/lib/python3.12/site-packages/airflow/example_dags/example_python_decorator.py took 0.068 seconds
[2024-10-01T20:47:13.698+0000] {processor.py:186} INFO - Started process (PID=199) to work on /home/airflow/.local/lib/python3.12/site-packages/airflow/example_dags/example_python_decorator.py
[2024-10-01T20:47:13.703+0000] {processor.py:914} INFO - Processing file /home/airflow/.local/lib/python3.12/site-packages/airflow/example_dags/example_python_decorator.py for tasks to queue
[2024-10-01T20:47:13.706+0000] {logging_mixin.py:190} INFO - [2024-10-01T20:47:13.706+0000] {dagbag.py:588} INFO - Filling up the DagBag from /home/airflow/.local/lib/python3.12/site-packages/airflow/example_dags/example_python_decorator.py
[2024-10-01T20:47:13.723+0000] {processor.py:925} INFO - DAG(s) 'example_python_decorator' retrieved from /home/airflow/.local/lib/python3.12/site-packages/airflow/example_dags/example_python_decorator.py
[2024-10-01T20:47:13.747+0000] {logging_mixin.py:190} INFO - [2024-10-01T20:47:13.747+0000] {dag.py:3239} INFO - Sync 1 DAGs
[2024-10-01T20:47:13.764+0000] {logging_mixin.py:190} INFO - [2024-10-01T20:47:13.764+0000] {dag.py:4180} INFO - Setting next_dagrun for example_python_decorator to None, run_after=None
[2024-10-01T20:47:13.782+0000] {processor.py:208} INFO - Processing /home/airflow/.local/lib/python3.12/site-packages/airflow/example_dags/example_python_decorator.py took 0.088 seconds
[2024-10-01T20:47:44.312+0000] {processor.py:186} INFO - Started process (PID=261) to work on /home/airflow/.local/lib/python3.12/site-packages/airflow/example_dags/example_python_decorator.py
[2024-10-01T20:47:44.316+0000] {processor.py:914} INFO - Processing file /home/airflow/.local/lib/python3.12/site-packages/airflow/example_dags/example_python_decorator.py for tasks to queue
[2024-10-01T20:47:44.318+0000] {logging_mixin.py:190} INFO - [2024-10-01T20:47:44.318+0000] {dagbag.py:588} INFO - Filling up the DagBag from /home/airflow/.local/lib/python3.12/site-packages/airflow/example_dags/example_python_decorator.py
[2024-10-01T20:47:44.332+0000] {processor.py:925} INFO - DAG(s) 'example_python_decorator' retrieved from /home/airflow/.local/lib/python3.12/site-packages/airflow/example_dags/example_python_decorator.py
[2024-10-01T20:47:44.378+0000] {logging_mixin.py:190} INFO - [2024-10-01T20:47:44.377+0000] {dag.py:3239} INFO - Sync 1 DAGs
[2024-10-01T20:47:44.468+0000] {logging_mixin.py:190} INFO - [2024-10-01T20:47:44.465+0000] {dag.py:4180} INFO - Setting next_dagrun for example_python_decorator to None, run_after=None
[2024-10-01T20:47:44.565+0000] {processor.py:208} INFO - Processing /home/airflow/.local/lib/python3.12/site-packages/airflow/example_dags/example_python_decorator.py took 0.260 seconds
[2024-10-01T20:48:15.086+0000] {processor.py:186} INFO - Started process (PID=323) to work on /home/airflow/.local/lib/python3.12/site-packages/airflow/example_dags/example_python_decorator.py
[2024-10-01T20:48:15.087+0000] {processor.py:914} INFO - Processing file /home/airflow/.local/lib/python3.12/site-packages/airflow/example_dags/example_python_decorator.py for tasks to queue
[2024-10-01T20:48:15.089+0000] {logging_mixin.py:190} INFO - [2024-10-01T20:48:15.089+0000] {dagbag.py:588} INFO - Filling up the DagBag from /home/airflow/.local/lib/python3.12/site-packages/airflow/example_dags/example_python_decorator.py
[2024-10-01T20:48:15.105+0000] {processor.py:925} INFO - DAG(s) 'example_python_decorator' retrieved from /home/airflow/.local/lib/python3.12/site-packages/airflow/example_dags/example_python_decorator.py
[2024-10-01T20:48:15.123+0000] {logging_mixin.py:190} INFO - [2024-10-01T20:48:15.123+0000] {dag.py:3239} INFO - Sync 1 DAGs
[2024-10-01T20:48:15.134+0000] {logging_mixin.py:190} INFO - [2024-10-01T20:48:15.134+0000] {dag.py:4180} INFO - Setting next_dagrun for example_python_decorator to None, run_after=None
[2024-10-01T20:48:15.150+0000] {processor.py:208} INFO - Processing /home/airflow/.local/lib/python3.12/site-packages/airflow/example_dags/example_python_decorator.py took 0.071 seconds
[2024-10-01T20:48:45.503+0000] {processor.py:186} INFO - Started process (PID=385) to work on /home/airflow/.local/lib/python3.12/site-packages/airflow/example_dags/example_python_decorator.py
[2024-10-01T20:48:45.504+0000] {processor.py:914} INFO - Processing file /home/airflow/.local/lib/python3.12/site-packages/airflow/example_dags/example_python_decorator.py for tasks to queue
[2024-10-01T20:48:45.506+0000] {logging_mixin.py:190} INFO - [2024-10-01T20:48:45.506+0000] {dagbag.py:588} INFO - Filling up the DagBag from /home/airflow/.local/lib/python3.12/site-packages/airflow/example_dags/example_python_decorator.py
[2024-10-01T20:48:45.519+0000] {processor.py:925} INFO - DAG(s) 'example_python_decorator' retrieved from /home/airflow/.local/lib/python3.12/site-packages/airflow/example_dags/example_python_decorator.py
[2024-10-01T20:48:45.545+0000] {logging_mixin.py:190} INFO - [2024-10-01T20:48:45.544+0000] {dag.py:3239} INFO - Sync 1 DAGs
[2024-10-01T20:48:45.554+0000] {logging_mixin.py:190} INFO - [2024-10-01T20:48:45.554+0000] {dag.py:4180} INFO - Setting next_dagrun for example_python_decorator to None, run_after=None
[2024-10-01T20:48:45.570+0000] {processor.py:208} INFO - Processing /home/airflow/.local/lib/python3.12/site-packages/airflow/example_dags/example_python_decorator.py took 0.071 seconds
[2024-10-01T20:49:16.200+0000] {processor.py:186} INFO - Started process (PID=447) to work on /home/airflow/.local/lib/python3.12/site-packages/airflow/example_dags/example_python_decorator.py
[2024-10-01T20:49:16.202+0000] {processor.py:914} INFO - Processing file /home/airflow/.local/lib/python3.12/site-packages/airflow/example_dags/example_python_decorator.py for tasks to queue
[2024-10-01T20:49:16.204+0000] {logging_mixin.py:190} INFO - [2024-10-01T20:49:16.204+0000] {dagbag.py:588} INFO - Filling up the DagBag from /home/airflow/.local/lib/python3.12/site-packages/airflow/example_dags/example_python_decorator.py
[2024-10-01T20:49:16.219+0000] {processor.py:925} INFO - DAG(s) 'example_python_decorator' retrieved from /home/airflow/.local/lib/python3.12/site-packages/airflow/example_dags/example_python_decorator.py
[2024-10-01T20:49:16.241+0000] {logging_mixin.py:190} INFO - [2024-10-01T20:49:16.241+0000] {dag.py:3239} INFO - Sync 1 DAGs
[2024-10-01T20:49:16.265+0000] {logging_mixin.py:190} INFO - [2024-10-01T20:49:16.265+0000] {dag.py:4180} INFO - Setting next_dagrun for example_python_decorator to None, run_after=None
[2024-10-01T20:49:16.282+0000] {processor.py:208} INFO - Processing /home/airflow/.local/lib/python3.12/site-packages/airflow/example_dags/example_python_decorator.py took 0.091 seconds
[2024-10-01T20:49:46.999+0000] {processor.py:186} INFO - Started process (PID=509) to work on /home/airflow/.local/lib/python3.12/site-packages/airflow/example_dags/example_python_decorator.py
[2024-10-01T20:49:47.000+0000] {processor.py:914} INFO - Processing file /home/airflow/.local/lib/python3.12/site-packages/airflow/example_dags/example_python_decorator.py for tasks to queue
[2024-10-01T20:49:47.002+0000] {logging_mixin.py:190} INFO - [2024-10-01T20:49:47.001+0000] {dagbag.py:588} INFO - Filling up the DagBag from /home/airflow/.local/lib/python3.12/site-packages/airflow/example_dags/example_python_decorator.py
[2024-10-01T20:49:47.010+0000] {processor.py:925} INFO - DAG(s) 'example_python_decorator' retrieved from /home/airflow/.local/lib/python3.12/site-packages/airflow/example_dags/example_python_decorator.py
[2024-10-01T20:49:47.030+0000] {logging_mixin.py:190} INFO - [2024-10-01T20:49:47.030+0000] {dag.py:3239} INFO - Sync 1 DAGs
[2024-10-01T20:49:47.042+0000] {logging_mixin.py:190} INFO - [2024-10-01T20:49:47.042+0000] {dag.py:4180} INFO - Setting next_dagrun for example_python_decorator to None, run_after=None
[2024-10-01T20:49:47.053+0000] {processor.py:208} INFO - Processing /home/airflow/.local/lib/python3.12/site-packages/airflow/example_dags/example_python_decorator.py took 0.060 seconds
[2024-10-01T20:50:17.658+0000] {processor.py:186} INFO - Started process (PID=571) to work on /home/airflow/.local/lib/python3.12/site-packages/airflow/example_dags/example_python_decorator.py
[2024-10-01T20:50:17.661+0000] {processor.py:914} INFO - Processing file /home/airflow/.local/lib/python3.12/site-packages/airflow/example_dags/example_python_decorator.py for tasks to queue
[2024-10-01T20:50:17.665+0000] {logging_mixin.py:190} INFO - [2024-10-01T20:50:17.664+0000] {dagbag.py:588} INFO - Filling up the DagBag from /home/airflow/.local/lib/python3.12/site-packages/airflow/example_dags/example_python_decorator.py
[2024-10-01T20:50:17.676+0000] {processor.py:925} INFO - DAG(s) 'example_python_decorator' retrieved from /home/airflow/.local/lib/python3.12/site-packages/airflow/example_dags/example_python_decorator.py
[2024-10-01T20:50:17.695+0000] {logging_mixin.py:190} INFO - [2024-10-01T20:50:17.694+0000] {dag.py:3239} INFO - Sync 1 DAGs
[2024-10-01T20:50:17.708+0000] {logging_mixin.py:190} INFO - [2024-10-01T20:50:17.708+0000] {dag.py:4180} INFO - Setting next_dagrun for example_python_decorator to None, run_after=None
[2024-10-01T20:50:17.720+0000] {processor.py:208} INFO - Processing /home/airflow/.local/lib/python3.12/site-packages/airflow/example_dags/example_python_decorator.py took 0.067 seconds
[2024-10-01T20:50:48.701+0000] {processor.py:186} INFO - Started process (PID=633) to work on /home/airflow/.local/lib/python3.12/site-packages/airflow/example_dags/example_python_decorator.py
[2024-10-01T20:50:48.704+0000] {processor.py:914} INFO - Processing file /home/airflow/.local/lib/python3.12/site-packages/airflow/example_dags/example_python_decorator.py for tasks to queue
[2024-10-01T20:50:48.706+0000] {logging_mixin.py:190} INFO - [2024-10-01T20:50:48.706+0000] {dagbag.py:588} INFO - Filling up the DagBag from /home/airflow/.local/lib/python3.12/site-packages/airflow/example_dags/example_python_decorator.py
[2024-10-01T20:50:48.715+0000] {processor.py:925} INFO - DAG(s) 'example_python_decorator' retrieved from /home/airflow/.local/lib/python3.12/site-packages/airflow/example_dags/example_python_decorator.py
[2024-10-01T20:50:48.736+0000] {logging_mixin.py:190} INFO - [2024-10-01T20:50:48.735+0000] {dag.py:3239} INFO - Sync 1 DAGs
[2024-10-01T20:50:48.746+0000] {logging_mixin.py:190} INFO - [2024-10-01T20:50:48.746+0000] {dag.py:4180} INFO - Setting next_dagrun for example_python_decorator to None, run_after=None
[2024-10-01T20:50:48.756+0000] {processor.py:208} INFO - Processing /home/airflow/.local/lib/python3.12/site-packages/airflow/example_dags/example_python_decorator.py took 0.059 seconds
[2024-10-01T20:51:18.892+0000] {processor.py:186} INFO - Started process (PID=695) to work on /home/airflow/.local/lib/python3.12/site-packages/airflow/example_dags/example_python_decorator.py
[2024-10-01T20:51:18.893+0000] {processor.py:914} INFO - Processing file /home/airflow/.local/lib/python3.12/site-packages/airflow/example_dags/example_python_decorator.py for tasks to queue
[2024-10-01T20:51:18.894+0000] {logging_mixin.py:190} INFO - [2024-10-01T20:51:18.894+0000] {dagbag.py:588} INFO - Filling up the DagBag from /home/airflow/.local/lib/python3.12/site-packages/airflow/example_dags/example_python_decorator.py
[2024-10-01T20:51:18.904+0000] {processor.py:925} INFO - DAG(s) 'example_python_decorator' retrieved from /home/airflow/.local/lib/python3.12/site-packages/airflow/example_dags/example_python_decorator.py
[2024-10-01T20:51:18.917+0000] {logging_mixin.py:190} INFO - [2024-10-01T20:51:18.917+0000] {dag.py:3239} INFO - Sync 1 DAGs
[2024-10-01T20:51:18.926+0000] {logging_mixin.py:190} INFO - [2024-10-01T20:51:18.926+0000] {dag.py:4180} INFO - Setting next_dagrun for example_python_decorator to None, run_after=None
[2024-10-01T20:51:18.935+0000] {processor.py:208} INFO - Processing /home/airflow/.local/lib/python3.12/site-packages/airflow/example_dags/example_python_decorator.py took 0.047 seconds
[2024-10-01T20:51:49.361+0000] {processor.py:186} INFO - Started process (PID=757) to work on /home/airflow/.local/lib/python3.12/site-packages/airflow/example_dags/example_python_decorator.py
[2024-10-01T20:51:49.362+0000] {processor.py:914} INFO - Processing file /home/airflow/.local/lib/python3.12/site-packages/airflow/example_dags/example_python_decorator.py for tasks to queue
[2024-10-01T20:51:49.363+0000] {logging_mixin.py:190} INFO - [2024-10-01T20:51:49.363+0000] {dagbag.py:588} INFO - Filling up the DagBag from /home/airflow/.local/lib/python3.12/site-packages/airflow/example_dags/example_python_decorator.py
[2024-10-01T20:51:49.376+0000] {processor.py:925} INFO - DAG(s) 'example_python_decorator' retrieved from /home/airflow/.local/lib/python3.12/site-packages/airflow/example_dags/example_python_decorator.py
[2024-10-01T20:51:49.393+0000] {logging_mixin.py:190} INFO - [2024-10-01T20:51:49.393+0000] {dag.py:3239} INFO - Sync 1 DAGs
[2024-10-01T20:51:49.404+0000] {logging_mixin.py:190} INFO - [2024-10-01T20:51:49.404+0000] {dag.py:4180} INFO - Setting next_dagrun for example_python_decorator to None, run_after=None
[2024-10-01T20:51:49.417+0000] {processor.py:208} INFO - Processing /home/airflow/.local/lib/python3.12/site-packages/airflow/example_dags/example_python_decorator.py took 0.060 seconds
[2024-10-01T20:52:19.707+0000] {processor.py:186} INFO - Started process (PID=819) to work on /home/airflow/.local/lib/python3.12/site-packages/airflow/example_dags/example_python_decorator.py
[2024-10-01T20:52:19.708+0000] {processor.py:914} INFO - Processing file /home/airflow/.local/lib/python3.12/site-packages/airflow/example_dags/example_python_decorator.py for tasks to queue
[2024-10-01T20:52:19.711+0000] {logging_mixin.py:190} INFO - [2024-10-01T20:52:19.710+0000] {dagbag.py:588} INFO - Filling up the DagBag from /home/airflow/.local/lib/python3.12/site-packages/airflow/example_dags/example_python_decorator.py
[2024-10-01T20:52:19.727+0000] {processor.py:925} INFO - DAG(s) 'example_python_decorator' retrieved from /home/airflow/.local/lib/python3.12/site-packages/airflow/example_dags/example_python_decorator.py
[2024-10-01T20:52:19.748+0000] {logging_mixin.py:190} INFO - [2024-10-01T20:52:19.748+0000] {dag.py:3239} INFO - Sync 1 DAGs
[2024-10-01T20:52:19.759+0000] {logging_mixin.py:190} INFO - [2024-10-01T20:52:19.759+0000] {dag.py:4180} INFO - Setting next_dagrun for example_python_decorator to None, run_after=None
[2024-10-01T20:52:19.771+0000] {processor.py:208} INFO - Processing /home/airflow/.local/lib/python3.12/site-packages/airflow/example_dags/example_python_decorator.py took 0.071 seconds
[2024-10-01T20:52:50.277+0000] {processor.py:186} INFO - Started process (PID=881) to work on /home/airflow/.local/lib/python3.12/site-packages/airflow/example_dags/example_python_decorator.py
[2024-10-01T20:52:50.278+0000] {processor.py:914} INFO - Processing file /home/airflow/.local/lib/python3.12/site-packages/airflow/example_dags/example_python_decorator.py for tasks to queue
[2024-10-01T20:52:50.280+0000] {logging_mixin.py:190} INFO - [2024-10-01T20:52:50.279+0000] {dagbag.py:588} INFO - Filling up the DagBag from /home/airflow/.local/lib/python3.12/site-packages/airflow/example_dags/example_python_decorator.py
[2024-10-01T20:52:50.290+0000] {processor.py:925} INFO - DAG(s) 'example_python_decorator' retrieved from /home/airflow/.local/lib/python3.12/site-packages/airflow/example_dags/example_python_decorator.py
[2024-10-01T20:52:50.307+0000] {logging_mixin.py:190} INFO - [2024-10-01T20:52:50.306+0000] {dag.py:3239} INFO - Sync 1 DAGs
[2024-10-01T20:52:50.320+0000] {logging_mixin.py:190} INFO - [2024-10-01T20:52:50.320+0000] {dag.py:4180} INFO - Setting next_dagrun for example_python_decorator to None, run_after=None
[2024-10-01T20:52:50.332+0000] {processor.py:208} INFO - Processing /home/airflow/.local/lib/python3.12/site-packages/airflow/example_dags/example_python_decorator.py took 0.058 seconds
[2024-10-01T20:53:21.256+0000] {processor.py:186} INFO - Started process (PID=943) to work on /home/airflow/.local/lib/python3.12/site-packages/airflow/example_dags/example_python_decorator.py
[2024-10-01T20:53:21.256+0000] {processor.py:914} INFO - Processing file /home/airflow/.local/lib/python3.12/site-packages/airflow/example_dags/example_python_decorator.py for tasks to queue
[2024-10-01T20:53:21.258+0000] {logging_mixin.py:190} INFO - [2024-10-01T20:53:21.258+0000] {dagbag.py:588} INFO - Filling up the DagBag from /home/airflow/.local/lib/python3.12/site-packages/airflow/example_dags/example_python_decorator.py
[2024-10-01T20:53:21.267+0000] {processor.py:925} INFO - DAG(s) 'example_python_decorator' retrieved from /home/airflow/.local/lib/python3.12/site-packages/airflow/example_dags/example_python_decorator.py
[2024-10-01T20:53:21.281+0000] {logging_mixin.py:190} INFO - [2024-10-01T20:53:21.281+0000] {dag.py:3239} INFO - Sync 1 DAGs
[2024-10-01T20:53:21.291+0000] {logging_mixin.py:190} INFO - [2024-10-01T20:53:21.291+0000] {dag.py:4180} INFO - Setting next_dagrun for example_python_decorator to None, run_after=None
[2024-10-01T20:53:21.301+0000] {processor.py:208} INFO - Processing /home/airflow/.local/lib/python3.12/site-packages/airflow/example_dags/example_python_decorator.py took 0.050 seconds
[2024-10-01T20:53:51.780+0000] {processor.py:186} INFO - Started process (PID=1004) to work on /home/airflow/.local/lib/python3.12/site-packages/airflow/example_dags/example_python_decorator.py
[2024-10-01T20:53:51.783+0000] {processor.py:914} INFO - Processing file /home/airflow/.local/lib/python3.12/site-packages/airflow/example_dags/example_python_decorator.py for tasks to queue
[2024-10-01T20:53:51.784+0000] {logging_mixin.py:190} INFO - [2024-10-01T20:53:51.784+0000] {dagbag.py:588} INFO - Filling up the DagBag from /home/airflow/.local/lib/python3.12/site-packages/airflow/example_dags/example_python_decorator.py
[2024-10-01T20:53:51.794+0000] {processor.py:925} INFO - DAG(s) 'example_python_decorator' retrieved from /home/airflow/.local/lib/python3.12/site-packages/airflow/example_dags/example_python_decorator.py
[2024-10-01T20:53:51.810+0000] {logging_mixin.py:190} INFO - [2024-10-01T20:53:51.810+0000] {dag.py:3239} INFO - Sync 1 DAGs
[2024-10-01T20:53:51.831+0000] {logging_mixin.py:190} INFO - [2024-10-01T20:53:51.830+0000] {dag.py:4180} INFO - Setting next_dagrun for example_python_decorator to None, run_after=None
[2024-10-01T20:53:51.851+0000] {processor.py:208} INFO - Processing /home/airflow/.local/lib/python3.12/site-packages/airflow/example_dags/example_python_decorator.py took 0.075 seconds
[2024-10-01T20:54:22.484+0000] {processor.py:186} INFO - Started process (PID=1066) to work on /home/airflow/.local/lib/python3.12/site-packages/airflow/example_dags/example_python_decorator.py
[2024-10-01T20:54:22.485+0000] {processor.py:914} INFO - Processing file /home/airflow/.local/lib/python3.12/site-packages/airflow/example_dags/example_python_decorator.py for tasks to queue
[2024-10-01T20:54:22.490+0000] {logging_mixin.py:190} INFO - [2024-10-01T20:54:22.490+0000] {dagbag.py:588} INFO - Filling up the DagBag from /home/airflow/.local/lib/python3.12/site-packages/airflow/example_dags/example_python_decorator.py
[2024-10-01T20:54:22.508+0000] {processor.py:925} INFO - DAG(s) 'example_python_decorator' retrieved from /home/airflow/.local/lib/python3.12/site-packages/airflow/example_dags/example_python_decorator.py
[2024-10-01T20:54:22.539+0000] {logging_mixin.py:190} INFO - [2024-10-01T20:54:22.539+0000] {dag.py:3239} INFO - Sync 1 DAGs
[2024-10-01T20:54:22.558+0000] {logging_mixin.py:190} INFO - [2024-10-01T20:54:22.557+0000] {dag.py:4180} INFO - Setting next_dagrun for example_python_decorator to None, run_after=None
[2024-10-01T20:54:22.569+0000] {processor.py:208} INFO - Processing /home/airflow/.local/lib/python3.12/site-packages/airflow/example_dags/example_python_decorator.py took 0.089 seconds
[2024-10-01T20:54:52.967+0000] {processor.py:186} INFO - Started process (PID=1128) to work on /home/airflow/.local/lib/python3.12/site-packages/airflow/example_dags/example_python_decorator.py
[2024-10-01T20:54:52.971+0000] {processor.py:914} INFO - Processing file /home/airflow/.local/lib/python3.12/site-packages/airflow/example_dags/example_python_decorator.py for tasks to queue
[2024-10-01T20:54:52.972+0000] {logging_mixin.py:190} INFO - [2024-10-01T20:54:52.972+0000] {dagbag.py:588} INFO - Filling up the DagBag from /home/airflow/.local/lib/python3.12/site-packages/airflow/example_dags/example_python_decorator.py
[2024-10-01T20:54:52.984+0000] {processor.py:925} INFO - DAG(s) 'example_python_decorator' retrieved from /home/airflow/.local/lib/python3.12/site-packages/airflow/example_dags/example_python_decorator.py
[2024-10-01T20:54:53.003+0000] {logging_mixin.py:190} INFO - [2024-10-01T20:54:53.003+0000] {dag.py:3239} INFO - Sync 1 DAGs
[2024-10-01T20:54:53.017+0000] {logging_mixin.py:190} INFO - [2024-10-01T20:54:53.017+0000] {dag.py:4180} INFO - Setting next_dagrun for example_python_decorator to None, run_after=None
[2024-10-01T20:54:53.029+0000] {processor.py:208} INFO - Processing /home/airflow/.local/lib/python3.12/site-packages/airflow/example_dags/example_python_decorator.py took 0.068 seconds
[2024-10-01T20:55:24.064+0000] {processor.py:186} INFO - Started process (PID=1190) to work on /home/airflow/.local/lib/python3.12/site-packages/airflow/example_dags/example_python_decorator.py
[2024-10-01T20:55:24.068+0000] {processor.py:914} INFO - Processing file /home/airflow/.local/lib/python3.12/site-packages/airflow/example_dags/example_python_decorator.py for tasks to queue
[2024-10-01T20:55:24.076+0000] {logging_mixin.py:190} INFO - [2024-10-01T20:55:24.075+0000] {dagbag.py:588} INFO - Filling up the DagBag from /home/airflow/.local/lib/python3.12/site-packages/airflow/example_dags/example_python_decorator.py
[2024-10-01T20:55:24.099+0000] {processor.py:925} INFO - DAG(s) 'example_python_decorator' retrieved from /home/airflow/.local/lib/python3.12/site-packages/airflow/example_dags/example_python_decorator.py
[2024-10-01T20:55:24.120+0000] {logging_mixin.py:190} INFO - [2024-10-01T20:55:24.120+0000] {dag.py:3239} INFO - Sync 1 DAGs
[2024-10-01T20:55:24.131+0000] {logging_mixin.py:190} INFO - [2024-10-01T20:55:24.131+0000] {dag.py:4180} INFO - Setting next_dagrun for example_python_decorator to None, run_after=None
[2024-10-01T20:55:24.143+0000] {processor.py:208} INFO - Processing /home/airflow/.local/lib/python3.12/site-packages/airflow/example_dags/example_python_decorator.py took 0.094 seconds
[2024-10-01T20:55:56.397+0000] {processor.py:186} INFO - Started process (PID=1252) to work on /home/airflow/.local/lib/python3.12/site-packages/airflow/example_dags/example_python_decorator.py
[2024-10-01T20:55:56.400+0000] {processor.py:914} INFO - Processing file /home/airflow/.local/lib/python3.12/site-packages/airflow/example_dags/example_python_decorator.py for tasks to queue
[2024-10-01T20:55:56.408+0000] {logging_mixin.py:190} INFO - [2024-10-01T20:55:56.406+0000] {dagbag.py:588} INFO - Filling up the DagBag from /home/airflow/.local/lib/python3.12/site-packages/airflow/example_dags/example_python_decorator.py
[2024-10-01T20:55:56.459+0000] {processor.py:925} INFO - DAG(s) 'example_python_decorator' retrieved from /home/airflow/.local/lib/python3.12/site-packages/airflow/example_dags/example_python_decorator.py
[2024-10-01T20:55:56.556+0000] {logging_mixin.py:190} INFO - [2024-10-01T20:55:56.556+0000] {dag.py:3239} INFO - Sync 1 DAGs
[2024-10-01T20:55:56.582+0000] {logging_mixin.py:190} INFO - [2024-10-01T20:55:56.582+0000] {dag.py:4180} INFO - Setting next_dagrun for example_python_decorator to None, run_after=None
[2024-10-01T20:55:56.646+0000] {processor.py:208} INFO - Processing /home/airflow/.local/lib/python3.12/site-packages/airflow/example_dags/example_python_decorator.py took 0.260 seconds
[2024-10-01T20:56:27.613+0000] {processor.py:186} INFO - Started process (PID=1314) to work on /home/airflow/.local/lib/python3.12/site-packages/airflow/example_dags/example_python_decorator.py
[2024-10-01T20:56:27.616+0000] {processor.py:914} INFO - Processing file /home/airflow/.local/lib/python3.12/site-packages/airflow/example_dags/example_python_decorator.py for tasks to queue
[2024-10-01T20:56:27.634+0000] {logging_mixin.py:190} INFO - [2024-10-01T20:56:27.629+0000] {dagbag.py:588} INFO - Filling up the DagBag from /home/airflow/.local/lib/python3.12/site-packages/airflow/example_dags/example_python_decorator.py
[2024-10-01T20:56:27.674+0000] {processor.py:925} INFO - DAG(s) 'example_python_decorator' retrieved from /home/airflow/.local/lib/python3.12/site-packages/airflow/example_dags/example_python_decorator.py
[2024-10-01T20:56:27.724+0000] {logging_mixin.py:190} INFO - [2024-10-01T20:56:27.724+0000] {dag.py:3239} INFO - Sync 1 DAGs
[2024-10-01T20:56:27.745+0000] {logging_mixin.py:190} INFO - [2024-10-01T20:56:27.745+0000] {dag.py:4180} INFO - Setting next_dagrun for example_python_decorator to None, run_after=None
[2024-10-01T20:56:27.779+0000] {processor.py:208} INFO - Processing /home/airflow/.local/lib/python3.12/site-packages/airflow/example_dags/example_python_decorator.py took 0.180 seconds
[2024-10-01T20:56:58.791+0000] {processor.py:186} INFO - Started process (PID=1376) to work on /home/airflow/.local/lib/python3.12/site-packages/airflow/example_dags/example_python_decorator.py
[2024-10-01T20:56:58.793+0000] {processor.py:914} INFO - Processing file /home/airflow/.local/lib/python3.12/site-packages/airflow/example_dags/example_python_decorator.py for tasks to queue
[2024-10-01T20:56:58.795+0000] {logging_mixin.py:190} INFO - [2024-10-01T20:56:58.795+0000] {dagbag.py:588} INFO - Filling up the DagBag from /home/airflow/.local/lib/python3.12/site-packages/airflow/example_dags/example_python_decorator.py
[2024-10-01T20:56:58.807+0000] {processor.py:925} INFO - DAG(s) 'example_python_decorator' retrieved from /home/airflow/.local/lib/python3.12/site-packages/airflow/example_dags/example_python_decorator.py
[2024-10-01T20:56:58.829+0000] {logging_mixin.py:190} INFO - [2024-10-01T20:56:58.829+0000] {dag.py:3239} INFO - Sync 1 DAGs
[2024-10-01T20:56:58.843+0000] {logging_mixin.py:190} INFO - [2024-10-01T20:56:58.843+0000] {dag.py:4180} INFO - Setting next_dagrun for example_python_decorator to None, run_after=None
[2024-10-01T20:56:58.857+0000] {processor.py:208} INFO - Processing /home/airflow/.local/lib/python3.12/site-packages/airflow/example_dags/example_python_decorator.py took 0.073 seconds
