[2024-10-01T20:46:14.351+0000] {processor.py:186} INFO - Started process (PID=88) to work on /home/airflow/.local/lib/python3.12/site-packages/airflow/example_dags/example_sla_dag.py
[2024-10-01T20:46:14.352+0000] {processor.py:914} INFO - Processing file /home/airflow/.local/lib/python3.12/site-packages/airflow/example_dags/example_sla_dag.py for tasks to queue
[2024-10-01T20:46:14.354+0000] {logging_mixin.py:190} INFO - [2024-10-01T20:46:14.354+0000] {dagbag.py:588} INFO - Filling up the DagBag from /home/airflow/.local/lib/python3.12/site-packages/airflow/example_dags/example_sla_dag.py
[2024-10-01T20:46:14.362+0000] {processor.py:925} INFO - DAG(s) 'example_sla_dag' retrieved from /home/airflow/.local/lib/python3.12/site-packages/airflow/example_dags/example_sla_dag.py
[2024-10-01T20:46:14.469+0000] {logging_mixin.py:190} INFO - [2024-10-01T20:46:14.467+0000] {override.py:1900} INFO - Created Permission View: can delete on DAG:example_sla_dag
[2024-10-01T20:46:14.479+0000] {logging_mixin.py:190} INFO - [2024-10-01T20:46:14.478+0000] {override.py:1900} INFO - Created Permission View: can read on DAG:example_sla_dag
[2024-10-01T20:46:14.486+0000] {logging_mixin.py:190} INFO - [2024-10-01T20:46:14.485+0000] {override.py:1900} INFO - Created Permission View: can edit on DAG:example_sla_dag
[2024-10-01T20:46:14.493+0000] {logging_mixin.py:190} INFO - [2024-10-01T20:46:14.492+0000] {override.py:1900} INFO - Created Permission View: can delete on DAG Run:example_sla_dag
[2024-10-01T20:46:14.498+0000] {logging_mixin.py:190} INFO - [2024-10-01T20:46:14.498+0000] {override.py:1900} INFO - Created Permission View: can read on DAG Run:example_sla_dag
[2024-10-01T20:46:14.502+0000] {logging_mixin.py:190} INFO - [2024-10-01T20:46:14.502+0000] {override.py:1900} INFO - Created Permission View: menu access on DAG Run:example_sla_dag
[2024-10-01T20:46:14.505+0000] {logging_mixin.py:190} INFO - [2024-10-01T20:46:14.505+0000] {override.py:1900} INFO - Created Permission View: can create on DAG Run:example_sla_dag
[2024-10-01T20:46:14.506+0000] {logging_mixin.py:190} INFO - [2024-10-01T20:46:14.506+0000] {dag.py:3239} INFO - Sync 1 DAGs
[2024-10-01T20:46:14.518+0000] {logging_mixin.py:190} INFO - [2024-10-01T20:46:14.518+0000] {dag.py:3262} INFO - Creating ORM DAG for example_sla_dag
[2024-10-01T20:46:14.532+0000] {logging_mixin.py:190} INFO - [2024-10-01T20:46:14.532+0000] {dag.py:4180} INFO - Setting next_dagrun for example_sla_dag to 2024-10-01 20:44:00+00:00, run_after=2024-10-01 20:46:00+00:00
[2024-10-01T20:46:14.544+0000] {processor.py:208} INFO - Processing /home/airflow/.local/lib/python3.12/site-packages/airflow/example_dags/example_sla_dag.py took 0.197 seconds
[2024-10-01T20:46:44.958+0000] {processor.py:186} INFO - Started process (PID=150) to work on /home/airflow/.local/lib/python3.12/site-packages/airflow/example_dags/example_sla_dag.py
[2024-10-01T20:46:44.959+0000] {processor.py:914} INFO - Processing file /home/airflow/.local/lib/python3.12/site-packages/airflow/example_dags/example_sla_dag.py for tasks to queue
[2024-10-01T20:46:44.962+0000] {logging_mixin.py:190} INFO - [2024-10-01T20:46:44.962+0000] {dagbag.py:588} INFO - Filling up the DagBag from /home/airflow/.local/lib/python3.12/site-packages/airflow/example_dags/example_sla_dag.py
[2024-10-01T20:46:44.972+0000] {processor.py:925} INFO - DAG(s) 'example_sla_dag' retrieved from /home/airflow/.local/lib/python3.12/site-packages/airflow/example_dags/example_sla_dag.py
[2024-10-01T20:46:44.988+0000] {logging_mixin.py:190} INFO - [2024-10-01T20:46:44.987+0000] {dag.py:3239} INFO - Sync 1 DAGs
[2024-10-01T20:46:45.024+0000] {logging_mixin.py:190} INFO - [2024-10-01T20:46:45.023+0000] {dag.py:4180} INFO - Setting next_dagrun for example_sla_dag to 2024-10-01 20:44:00+00:00, run_after=2024-10-01 20:46:00+00:00
[2024-10-01T20:46:45.039+0000] {processor.py:208} INFO - Processing /home/airflow/.local/lib/python3.12/site-packages/airflow/example_dags/example_sla_dag.py took 0.086 seconds
[2024-10-01T20:47:16.025+0000] {processor.py:186} INFO - Started process (PID=212) to work on /home/airflow/.local/lib/python3.12/site-packages/airflow/example_dags/example_sla_dag.py
[2024-10-01T20:47:16.030+0000] {processor.py:914} INFO - Processing file /home/airflow/.local/lib/python3.12/site-packages/airflow/example_dags/example_sla_dag.py for tasks to queue
[2024-10-01T20:47:16.034+0000] {logging_mixin.py:190} INFO - [2024-10-01T20:47:16.033+0000] {dagbag.py:588} INFO - Filling up the DagBag from /home/airflow/.local/lib/python3.12/site-packages/airflow/example_dags/example_sla_dag.py
[2024-10-01T20:47:16.075+0000] {processor.py:925} INFO - DAG(s) 'example_sla_dag' retrieved from /home/airflow/.local/lib/python3.12/site-packages/airflow/example_dags/example_sla_dag.py
[2024-10-01T20:47:16.136+0000] {logging_mixin.py:190} INFO - [2024-10-01T20:47:16.136+0000] {dag.py:3239} INFO - Sync 1 DAGs
[2024-10-01T20:47:16.176+0000] {logging_mixin.py:190} INFO - [2024-10-01T20:47:16.175+0000] {dag.py:4180} INFO - Setting next_dagrun for example_sla_dag to 2024-10-01 20:44:00+00:00, run_after=2024-10-01 20:46:00+00:00
[2024-10-01T20:47:16.251+0000] {processor.py:208} INFO - Processing /home/airflow/.local/lib/python3.12/site-packages/airflow/example_dags/example_sla_dag.py took 0.242 seconds
[2024-10-01T20:47:46.965+0000] {processor.py:186} INFO - Started process (PID=274) to work on /home/airflow/.local/lib/python3.12/site-packages/airflow/example_dags/example_sla_dag.py
[2024-10-01T20:47:46.966+0000] {processor.py:914} INFO - Processing file /home/airflow/.local/lib/python3.12/site-packages/airflow/example_dags/example_sla_dag.py for tasks to queue
[2024-10-01T20:47:46.969+0000] {logging_mixin.py:190} INFO - [2024-10-01T20:47:46.968+0000] {dagbag.py:588} INFO - Filling up the DagBag from /home/airflow/.local/lib/python3.12/site-packages/airflow/example_dags/example_sla_dag.py
[2024-10-01T20:47:46.993+0000] {processor.py:925} INFO - DAG(s) 'example_sla_dag' retrieved from /home/airflow/.local/lib/python3.12/site-packages/airflow/example_dags/example_sla_dag.py
[2024-10-01T20:47:47.030+0000] {logging_mixin.py:190} INFO - [2024-10-01T20:47:47.029+0000] {dag.py:3239} INFO - Sync 1 DAGs
[2024-10-01T20:47:47.058+0000] {logging_mixin.py:190} INFO - [2024-10-01T20:47:47.057+0000] {dag.py:4180} INFO - Setting next_dagrun for example_sla_dag to 2024-10-01 20:44:00+00:00, run_after=2024-10-01 20:46:00+00:00
[2024-10-01T20:47:47.072+0000] {processor.py:208} INFO - Processing /home/airflow/.local/lib/python3.12/site-packages/airflow/example_dags/example_sla_dag.py took 0.114 seconds
[2024-10-01T20:48:17.893+0000] {processor.py:186} INFO - Started process (PID=336) to work on /home/airflow/.local/lib/python3.12/site-packages/airflow/example_dags/example_sla_dag.py
[2024-10-01T20:48:17.894+0000] {processor.py:914} INFO - Processing file /home/airflow/.local/lib/python3.12/site-packages/airflow/example_dags/example_sla_dag.py for tasks to queue
[2024-10-01T20:48:17.896+0000] {logging_mixin.py:190} INFO - [2024-10-01T20:48:17.896+0000] {dagbag.py:588} INFO - Filling up the DagBag from /home/airflow/.local/lib/python3.12/site-packages/airflow/example_dags/example_sla_dag.py
[2024-10-01T20:48:17.910+0000] {processor.py:925} INFO - DAG(s) 'example_sla_dag' retrieved from /home/airflow/.local/lib/python3.12/site-packages/airflow/example_dags/example_sla_dag.py
[2024-10-01T20:48:17.930+0000] {logging_mixin.py:190} INFO - [2024-10-01T20:48:17.930+0000] {dag.py:3239} INFO - Sync 1 DAGs
[2024-10-01T20:48:17.947+0000] {logging_mixin.py:190} INFO - [2024-10-01T20:48:17.947+0000] {dag.py:4180} INFO - Setting next_dagrun for example_sla_dag to 2024-10-01 20:46:00+00:00, run_after=2024-10-01 20:48:00+00:00
[2024-10-01T20:48:17.958+0000] {processor.py:208} INFO - Processing /home/airflow/.local/lib/python3.12/site-packages/airflow/example_dags/example_sla_dag.py took 0.072 seconds
[2024-10-01T20:48:48.216+0000] {processor.py:186} INFO - Started process (PID=398) to work on /home/airflow/.local/lib/python3.12/site-packages/airflow/example_dags/example_sla_dag.py
[2024-10-01T20:48:48.218+0000] {processor.py:914} INFO - Processing file /home/airflow/.local/lib/python3.12/site-packages/airflow/example_dags/example_sla_dag.py for tasks to queue
[2024-10-01T20:48:48.225+0000] {logging_mixin.py:190} INFO - [2024-10-01T20:48:48.225+0000] {dagbag.py:588} INFO - Filling up the DagBag from /home/airflow/.local/lib/python3.12/site-packages/airflow/example_dags/example_sla_dag.py
[2024-10-01T20:48:48.234+0000] {processor.py:925} INFO - DAG(s) 'example_sla_dag' retrieved from /home/airflow/.local/lib/python3.12/site-packages/airflow/example_dags/example_sla_dag.py
[2024-10-01T20:48:48.269+0000] {logging_mixin.py:190} INFO - [2024-10-01T20:48:48.269+0000] {dag.py:3239} INFO - Sync 1 DAGs
[2024-10-01T20:48:48.300+0000] {logging_mixin.py:190} INFO - [2024-10-01T20:48:48.300+0000] {dag.py:4180} INFO - Setting next_dagrun for example_sla_dag to 2024-10-01 20:46:00+00:00, run_after=2024-10-01 20:48:00+00:00
[2024-10-01T20:48:48.327+0000] {processor.py:208} INFO - Processing /home/airflow/.local/lib/python3.12/site-packages/airflow/example_dags/example_sla_dag.py took 0.118 seconds
[2024-10-01T20:49:18.766+0000] {processor.py:186} INFO - Started process (PID=460) to work on /home/airflow/.local/lib/python3.12/site-packages/airflow/example_dags/example_sla_dag.py
[2024-10-01T20:49:18.768+0000] {processor.py:914} INFO - Processing file /home/airflow/.local/lib/python3.12/site-packages/airflow/example_dags/example_sla_dag.py for tasks to queue
[2024-10-01T20:49:18.770+0000] {logging_mixin.py:190} INFO - [2024-10-01T20:49:18.769+0000] {dagbag.py:588} INFO - Filling up the DagBag from /home/airflow/.local/lib/python3.12/site-packages/airflow/example_dags/example_sla_dag.py
[2024-10-01T20:49:18.777+0000] {processor.py:925} INFO - DAG(s) 'example_sla_dag' retrieved from /home/airflow/.local/lib/python3.12/site-packages/airflow/example_dags/example_sla_dag.py
[2024-10-01T20:49:18.793+0000] {logging_mixin.py:190} INFO - [2024-10-01T20:49:18.793+0000] {dag.py:3239} INFO - Sync 1 DAGs
[2024-10-01T20:49:18.811+0000] {logging_mixin.py:190} INFO - [2024-10-01T20:49:18.811+0000] {dag.py:4180} INFO - Setting next_dagrun for example_sla_dag to 2024-10-01 20:46:00+00:00, run_after=2024-10-01 20:48:00+00:00
[2024-10-01T20:49:18.824+0000] {processor.py:208} INFO - Processing /home/airflow/.local/lib/python3.12/site-packages/airflow/example_dags/example_sla_dag.py took 0.062 seconds
[2024-10-01T20:49:49.484+0000] {processor.py:186} INFO - Started process (PID=522) to work on /home/airflow/.local/lib/python3.12/site-packages/airflow/example_dags/example_sla_dag.py
[2024-10-01T20:49:49.485+0000] {processor.py:914} INFO - Processing file /home/airflow/.local/lib/python3.12/site-packages/airflow/example_dags/example_sla_dag.py for tasks to queue
[2024-10-01T20:49:49.487+0000] {logging_mixin.py:190} INFO - [2024-10-01T20:49:49.487+0000] {dagbag.py:588} INFO - Filling up the DagBag from /home/airflow/.local/lib/python3.12/site-packages/airflow/example_dags/example_sla_dag.py
[2024-10-01T20:49:49.493+0000] {processor.py:925} INFO - DAG(s) 'example_sla_dag' retrieved from /home/airflow/.local/lib/python3.12/site-packages/airflow/example_dags/example_sla_dag.py
[2024-10-01T20:49:49.507+0000] {logging_mixin.py:190} INFO - [2024-10-01T20:49:49.507+0000] {dag.py:3239} INFO - Sync 1 DAGs
[2024-10-01T20:49:49.524+0000] {logging_mixin.py:190} INFO - [2024-10-01T20:49:49.524+0000] {dag.py:4180} INFO - Setting next_dagrun for example_sla_dag to 2024-10-01 20:46:00+00:00, run_after=2024-10-01 20:48:00+00:00
[2024-10-01T20:49:49.535+0000] {processor.py:208} INFO - Processing /home/airflow/.local/lib/python3.12/site-packages/airflow/example_dags/example_sla_dag.py took 0.055 seconds
[2024-10-01T20:50:20.169+0000] {processor.py:186} INFO - Started process (PID=584) to work on /home/airflow/.local/lib/python3.12/site-packages/airflow/example_dags/example_sla_dag.py
[2024-10-01T20:50:20.171+0000] {processor.py:914} INFO - Processing file /home/airflow/.local/lib/python3.12/site-packages/airflow/example_dags/example_sla_dag.py for tasks to queue
[2024-10-01T20:50:20.175+0000] {logging_mixin.py:190} INFO - [2024-10-01T20:50:20.174+0000] {dagbag.py:588} INFO - Filling up the DagBag from /home/airflow/.local/lib/python3.12/site-packages/airflow/example_dags/example_sla_dag.py
[2024-10-01T20:50:20.185+0000] {processor.py:925} INFO - DAG(s) 'example_sla_dag' retrieved from /home/airflow/.local/lib/python3.12/site-packages/airflow/example_dags/example_sla_dag.py
[2024-10-01T20:50:20.202+0000] {logging_mixin.py:190} INFO - [2024-10-01T20:50:20.202+0000] {dag.py:3239} INFO - Sync 1 DAGs
[2024-10-01T20:50:20.223+0000] {logging_mixin.py:190} INFO - [2024-10-01T20:50:20.222+0000] {dag.py:4180} INFO - Setting next_dagrun for example_sla_dag to 2024-10-01 20:48:00+00:00, run_after=2024-10-01 20:50:00+00:00
[2024-10-01T20:50:20.236+0000] {processor.py:208} INFO - Processing /home/airflow/.local/lib/python3.12/site-packages/airflow/example_dags/example_sla_dag.py took 0.077 seconds
[2024-10-01T20:50:51.526+0000] {processor.py:186} INFO - Started process (PID=646) to work on /home/airflow/.local/lib/python3.12/site-packages/airflow/example_dags/example_sla_dag.py
[2024-10-01T20:50:51.528+0000] {processor.py:914} INFO - Processing file /home/airflow/.local/lib/python3.12/site-packages/airflow/example_dags/example_sla_dag.py for tasks to queue
[2024-10-01T20:50:51.530+0000] {logging_mixin.py:190} INFO - [2024-10-01T20:50:51.529+0000] {dagbag.py:588} INFO - Filling up the DagBag from /home/airflow/.local/lib/python3.12/site-packages/airflow/example_dags/example_sla_dag.py
[2024-10-01T20:50:51.538+0000] {processor.py:925} INFO - DAG(s) 'example_sla_dag' retrieved from /home/airflow/.local/lib/python3.12/site-packages/airflow/example_dags/example_sla_dag.py
[2024-10-01T20:50:51.552+0000] {logging_mixin.py:190} INFO - [2024-10-01T20:50:51.552+0000] {dag.py:3239} INFO - Sync 1 DAGs
[2024-10-01T20:50:51.570+0000] {logging_mixin.py:190} INFO - [2024-10-01T20:50:51.570+0000] {dag.py:4180} INFO - Setting next_dagrun for example_sla_dag to 2024-10-01 20:48:00+00:00, run_after=2024-10-01 20:50:00+00:00
[2024-10-01T20:50:51.586+0000] {processor.py:208} INFO - Processing /home/airflow/.local/lib/python3.12/site-packages/airflow/example_dags/example_sla_dag.py took 0.074 seconds
[2024-10-01T20:51:21.935+0000] {processor.py:186} INFO - Started process (PID=708) to work on /home/airflow/.local/lib/python3.12/site-packages/airflow/example_dags/example_sla_dag.py
[2024-10-01T20:51:21.939+0000] {processor.py:914} INFO - Processing file /home/airflow/.local/lib/python3.12/site-packages/airflow/example_dags/example_sla_dag.py for tasks to queue
[2024-10-01T20:51:21.941+0000] {logging_mixin.py:190} INFO - [2024-10-01T20:51:21.941+0000] {dagbag.py:588} INFO - Filling up the DagBag from /home/airflow/.local/lib/python3.12/site-packages/airflow/example_dags/example_sla_dag.py
[2024-10-01T20:51:21.954+0000] {processor.py:925} INFO - DAG(s) 'example_sla_dag' retrieved from /home/airflow/.local/lib/python3.12/site-packages/airflow/example_dags/example_sla_dag.py
[2024-10-01T20:51:21.984+0000] {logging_mixin.py:190} INFO - [2024-10-01T20:51:21.984+0000] {dag.py:3239} INFO - Sync 1 DAGs
[2024-10-01T20:51:22.005+0000] {logging_mixin.py:190} INFO - [2024-10-01T20:51:22.005+0000] {dag.py:4180} INFO - Setting next_dagrun for example_sla_dag to 2024-10-01 20:48:00+00:00, run_after=2024-10-01 20:50:00+00:00
[2024-10-01T20:51:22.016+0000] {processor.py:208} INFO - Processing /home/airflow/.local/lib/python3.12/site-packages/airflow/example_dags/example_sla_dag.py took 0.087 seconds
[2024-10-01T20:51:52.961+0000] {processor.py:186} INFO - Started process (PID=770) to work on /home/airflow/.local/lib/python3.12/site-packages/airflow/example_dags/example_sla_dag.py
[2024-10-01T20:51:52.963+0000] {processor.py:914} INFO - Processing file /home/airflow/.local/lib/python3.12/site-packages/airflow/example_dags/example_sla_dag.py for tasks to queue
[2024-10-01T20:51:52.968+0000] {logging_mixin.py:190} INFO - [2024-10-01T20:51:52.967+0000] {dagbag.py:588} INFO - Filling up the DagBag from /home/airflow/.local/lib/python3.12/site-packages/airflow/example_dags/example_sla_dag.py
[2024-10-01T20:51:52.985+0000] {processor.py:925} INFO - DAG(s) 'example_sla_dag' retrieved from /home/airflow/.local/lib/python3.12/site-packages/airflow/example_dags/example_sla_dag.py
[2024-10-01T20:51:53.001+0000] {logging_mixin.py:190} INFO - [2024-10-01T20:51:53.000+0000] {dag.py:3239} INFO - Sync 1 DAGs
[2024-10-01T20:51:53.020+0000] {logging_mixin.py:190} INFO - [2024-10-01T20:51:53.020+0000] {dag.py:4180} INFO - Setting next_dagrun for example_sla_dag to 2024-10-01 20:48:00+00:00, run_after=2024-10-01 20:50:00+00:00
[2024-10-01T20:51:53.031+0000] {processor.py:208} INFO - Processing /home/airflow/.local/lib/python3.12/site-packages/airflow/example_dags/example_sla_dag.py took 0.086 seconds
[2024-10-01T20:52:23.320+0000] {processor.py:186} INFO - Started process (PID=832) to work on /home/airflow/.local/lib/python3.12/site-packages/airflow/example_dags/example_sla_dag.py
[2024-10-01T20:52:23.323+0000] {processor.py:914} INFO - Processing file /home/airflow/.local/lib/python3.12/site-packages/airflow/example_dags/example_sla_dag.py for tasks to queue
[2024-10-01T20:52:23.326+0000] {logging_mixin.py:190} INFO - [2024-10-01T20:52:23.325+0000] {dagbag.py:588} INFO - Filling up the DagBag from /home/airflow/.local/lib/python3.12/site-packages/airflow/example_dags/example_sla_dag.py
[2024-10-01T20:52:23.339+0000] {processor.py:925} INFO - DAG(s) 'example_sla_dag' retrieved from /home/airflow/.local/lib/python3.12/site-packages/airflow/example_dags/example_sla_dag.py
[2024-10-01T20:52:23.359+0000] {logging_mixin.py:190} INFO - [2024-10-01T20:52:23.358+0000] {dag.py:3239} INFO - Sync 1 DAGs
[2024-10-01T20:52:23.381+0000] {logging_mixin.py:190} INFO - [2024-10-01T20:52:23.381+0000] {dag.py:4180} INFO - Setting next_dagrun for example_sla_dag to 2024-10-01 20:50:00+00:00, run_after=2024-10-01 20:52:00+00:00
[2024-10-01T20:52:23.392+0000] {processor.py:208} INFO - Processing /home/airflow/.local/lib/python3.12/site-packages/airflow/example_dags/example_sla_dag.py took 0.079 seconds
[2024-10-01T20:52:54.146+0000] {processor.py:186} INFO - Started process (PID=894) to work on /home/airflow/.local/lib/python3.12/site-packages/airflow/example_dags/example_sla_dag.py
[2024-10-01T20:52:54.149+0000] {processor.py:914} INFO - Processing file /home/airflow/.local/lib/python3.12/site-packages/airflow/example_dags/example_sla_dag.py for tasks to queue
[2024-10-01T20:52:54.155+0000] {logging_mixin.py:190} INFO - [2024-10-01T20:52:54.155+0000] {dagbag.py:588} INFO - Filling up the DagBag from /home/airflow/.local/lib/python3.12/site-packages/airflow/example_dags/example_sla_dag.py
[2024-10-01T20:52:54.171+0000] {processor.py:925} INFO - DAG(s) 'example_sla_dag' retrieved from /home/airflow/.local/lib/python3.12/site-packages/airflow/example_dags/example_sla_dag.py
[2024-10-01T20:52:54.192+0000] {logging_mixin.py:190} INFO - [2024-10-01T20:52:54.191+0000] {dag.py:3239} INFO - Sync 1 DAGs
[2024-10-01T20:52:54.220+0000] {logging_mixin.py:190} INFO - [2024-10-01T20:52:54.220+0000] {dag.py:4180} INFO - Setting next_dagrun for example_sla_dag to 2024-10-01 20:50:00+00:00, run_after=2024-10-01 20:52:00+00:00
[2024-10-01T20:52:54.236+0000] {processor.py:208} INFO - Processing /home/airflow/.local/lib/python3.12/site-packages/airflow/example_dags/example_sla_dag.py took 0.101 seconds
[2024-10-01T20:53:24.877+0000] {processor.py:186} INFO - Started process (PID=956) to work on /home/airflow/.local/lib/python3.12/site-packages/airflow/example_dags/example_sla_dag.py
[2024-10-01T20:53:24.879+0000] {processor.py:914} INFO - Processing file /home/airflow/.local/lib/python3.12/site-packages/airflow/example_dags/example_sla_dag.py for tasks to queue
[2024-10-01T20:53:24.882+0000] {logging_mixin.py:190} INFO - [2024-10-01T20:53:24.881+0000] {dagbag.py:588} INFO - Filling up the DagBag from /home/airflow/.local/lib/python3.12/site-packages/airflow/example_dags/example_sla_dag.py
[2024-10-01T20:53:24.896+0000] {processor.py:925} INFO - DAG(s) 'example_sla_dag' retrieved from /home/airflow/.local/lib/python3.12/site-packages/airflow/example_dags/example_sla_dag.py
[2024-10-01T20:53:24.932+0000] {logging_mixin.py:190} INFO - [2024-10-01T20:53:24.932+0000] {dag.py:3239} INFO - Sync 1 DAGs
[2024-10-01T20:53:24.965+0000] {logging_mixin.py:190} INFO - [2024-10-01T20:53:24.965+0000] {dag.py:4180} INFO - Setting next_dagrun for example_sla_dag to 2024-10-01 20:50:00+00:00, run_after=2024-10-01 20:52:00+00:00
[2024-10-01T20:53:25.005+0000] {processor.py:208} INFO - Processing /home/airflow/.local/lib/python3.12/site-packages/airflow/example_dags/example_sla_dag.py took 0.139 seconds
[2024-10-01T20:53:55.824+0000] {processor.py:186} INFO - Started process (PID=1017) to work on /home/airflow/.local/lib/python3.12/site-packages/airflow/example_dags/example_sla_dag.py
[2024-10-01T20:53:55.825+0000] {processor.py:914} INFO - Processing file /home/airflow/.local/lib/python3.12/site-packages/airflow/example_dags/example_sla_dag.py for tasks to queue
[2024-10-01T20:53:55.827+0000] {logging_mixin.py:190} INFO - [2024-10-01T20:53:55.827+0000] {dagbag.py:588} INFO - Filling up the DagBag from /home/airflow/.local/lib/python3.12/site-packages/airflow/example_dags/example_sla_dag.py
[2024-10-01T20:53:55.835+0000] {processor.py:925} INFO - DAG(s) 'example_sla_dag' retrieved from /home/airflow/.local/lib/python3.12/site-packages/airflow/example_dags/example_sla_dag.py
[2024-10-01T20:53:55.851+0000] {logging_mixin.py:190} INFO - [2024-10-01T20:53:55.850+0000] {dag.py:3239} INFO - Sync 1 DAGs
[2024-10-01T20:53:55.874+0000] {logging_mixin.py:190} INFO - [2024-10-01T20:53:55.874+0000] {dag.py:4180} INFO - Setting next_dagrun for example_sla_dag to 2024-10-01 20:50:00+00:00, run_after=2024-10-01 20:52:00+00:00
[2024-10-01T20:53:55.886+0000] {processor.py:208} INFO - Processing /home/airflow/.local/lib/python3.12/site-packages/airflow/example_dags/example_sla_dag.py took 0.070 seconds
[2024-10-01T20:54:26.267+0000] {processor.py:186} INFO - Started process (PID=1079) to work on /home/airflow/.local/lib/python3.12/site-packages/airflow/example_dags/example_sla_dag.py
[2024-10-01T20:54:26.268+0000] {processor.py:914} INFO - Processing file /home/airflow/.local/lib/python3.12/site-packages/airflow/example_dags/example_sla_dag.py for tasks to queue
[2024-10-01T20:54:26.270+0000] {logging_mixin.py:190} INFO - [2024-10-01T20:54:26.270+0000] {dagbag.py:588} INFO - Filling up the DagBag from /home/airflow/.local/lib/python3.12/site-packages/airflow/example_dags/example_sla_dag.py
[2024-10-01T20:54:26.278+0000] {processor.py:925} INFO - DAG(s) 'example_sla_dag' retrieved from /home/airflow/.local/lib/python3.12/site-packages/airflow/example_dags/example_sla_dag.py
[2024-10-01T20:54:26.293+0000] {logging_mixin.py:190} INFO - [2024-10-01T20:54:26.293+0000] {dag.py:3239} INFO - Sync 1 DAGs
[2024-10-01T20:54:26.321+0000] {logging_mixin.py:190} INFO - [2024-10-01T20:54:26.321+0000] {dag.py:4180} INFO - Setting next_dagrun for example_sla_dag to 2024-10-01 20:52:00+00:00, run_after=2024-10-01 20:54:00+00:00
[2024-10-01T20:54:26.336+0000] {processor.py:208} INFO - Processing /home/airflow/.local/lib/python3.12/site-packages/airflow/example_dags/example_sla_dag.py took 0.075 seconds
[2024-10-01T20:54:56.699+0000] {processor.py:186} INFO - Started process (PID=1141) to work on /home/airflow/.local/lib/python3.12/site-packages/airflow/example_dags/example_sla_dag.py
[2024-10-01T20:54:56.700+0000] {processor.py:914} INFO - Processing file /home/airflow/.local/lib/python3.12/site-packages/airflow/example_dags/example_sla_dag.py for tasks to queue
[2024-10-01T20:54:56.702+0000] {logging_mixin.py:190} INFO - [2024-10-01T20:54:56.701+0000] {dagbag.py:588} INFO - Filling up the DagBag from /home/airflow/.local/lib/python3.12/site-packages/airflow/example_dags/example_sla_dag.py
[2024-10-01T20:54:56.720+0000] {processor.py:925} INFO - DAG(s) 'example_sla_dag' retrieved from /home/airflow/.local/lib/python3.12/site-packages/airflow/example_dags/example_sla_dag.py
[2024-10-01T20:54:56.735+0000] {logging_mixin.py:190} INFO - [2024-10-01T20:54:56.735+0000] {dag.py:3239} INFO - Sync 1 DAGs
[2024-10-01T20:54:56.754+0000] {logging_mixin.py:190} INFO - [2024-10-01T20:54:56.754+0000] {dag.py:4180} INFO - Setting next_dagrun for example_sla_dag to 2024-10-01 20:52:00+00:00, run_after=2024-10-01 20:54:00+00:00
[2024-10-01T20:54:56.765+0000] {processor.py:208} INFO - Processing /home/airflow/.local/lib/python3.12/site-packages/airflow/example_dags/example_sla_dag.py took 0.071 seconds
[2024-10-01T20:55:26.817+0000] {processor.py:186} INFO - Started process (PID=1203) to work on /home/airflow/.local/lib/python3.12/site-packages/airflow/example_dags/example_sla_dag.py
[2024-10-01T20:55:26.818+0000] {processor.py:914} INFO - Processing file /home/airflow/.local/lib/python3.12/site-packages/airflow/example_dags/example_sla_dag.py for tasks to queue
[2024-10-01T20:55:26.821+0000] {logging_mixin.py:190} INFO - [2024-10-01T20:55:26.821+0000] {dagbag.py:588} INFO - Filling up the DagBag from /home/airflow/.local/lib/python3.12/site-packages/airflow/example_dags/example_sla_dag.py
[2024-10-01T20:55:26.852+0000] {processor.py:925} INFO - DAG(s) 'example_sla_dag' retrieved from /home/airflow/.local/lib/python3.12/site-packages/airflow/example_dags/example_sla_dag.py
[2024-10-01T20:55:26.878+0000] {logging_mixin.py:190} INFO - [2024-10-01T20:55:26.878+0000] {dag.py:3239} INFO - Sync 1 DAGs
[2024-10-01T20:55:26.916+0000] {logging_mixin.py:190} INFO - [2024-10-01T20:55:26.916+0000] {dag.py:4180} INFO - Setting next_dagrun for example_sla_dag to 2024-10-01 20:52:00+00:00, run_after=2024-10-01 20:54:00+00:00
[2024-10-01T20:55:26.929+0000] {processor.py:208} INFO - Processing /home/airflow/.local/lib/python3.12/site-packages/airflow/example_dags/example_sla_dag.py took 0.122 seconds
[2024-10-01T20:56:04.112+0000] {processor.py:186} INFO - Started process (PID=1265) to work on /home/airflow/.local/lib/python3.12/site-packages/airflow/example_dags/example_sla_dag.py
[2024-10-01T20:56:04.125+0000] {processor.py:914} INFO - Processing file /home/airflow/.local/lib/python3.12/site-packages/airflow/example_dags/example_sla_dag.py for tasks to queue
[2024-10-01T20:56:04.141+0000] {logging_mixin.py:190} INFO - [2024-10-01T20:56:04.140+0000] {dagbag.py:588} INFO - Filling up the DagBag from /home/airflow/.local/lib/python3.12/site-packages/airflow/example_dags/example_sla_dag.py
[2024-10-01T20:56:04.337+0000] {processor.py:925} INFO - DAG(s) 'example_sla_dag' retrieved from /home/airflow/.local/lib/python3.12/site-packages/airflow/example_dags/example_sla_dag.py
[2024-10-01T20:56:04.443+0000] {logging_mixin.py:190} INFO - [2024-10-01T20:56:04.441+0000] {dag.py:3239} INFO - Sync 1 DAGs
[2024-10-01T20:56:04.548+0000] {logging_mixin.py:190} INFO - [2024-10-01T20:56:04.547+0000] {dag.py:4180} INFO - Setting next_dagrun for example_sla_dag to 2024-10-01 20:54:00+00:00, run_after=2024-10-01 20:56:00+00:00
[2024-10-01T20:56:04.650+0000] {processor.py:208} INFO - Processing /home/airflow/.local/lib/python3.12/site-packages/airflow/example_dags/example_sla_dag.py took 0.639 seconds
[2024-10-01T20:56:35.546+0000] {processor.py:186} INFO - Started process (PID=1327) to work on /home/airflow/.local/lib/python3.12/site-packages/airflow/example_dags/example_sla_dag.py
[2024-10-01T20:56:35.551+0000] {processor.py:914} INFO - Processing file /home/airflow/.local/lib/python3.12/site-packages/airflow/example_dags/example_sla_dag.py for tasks to queue
[2024-10-01T20:56:35.556+0000] {logging_mixin.py:190} INFO - [2024-10-01T20:56:35.556+0000] {dagbag.py:588} INFO - Filling up the DagBag from /home/airflow/.local/lib/python3.12/site-packages/airflow/example_dags/example_sla_dag.py
[2024-10-01T20:56:35.575+0000] {processor.py:925} INFO - DAG(s) 'example_sla_dag' retrieved from /home/airflow/.local/lib/python3.12/site-packages/airflow/example_dags/example_sla_dag.py
[2024-10-01T20:56:35.598+0000] {logging_mixin.py:190} INFO - [2024-10-01T20:56:35.597+0000] {dag.py:3239} INFO - Sync 1 DAGs
[2024-10-01T20:56:35.620+0000] {logging_mixin.py:190} INFO - [2024-10-01T20:56:35.620+0000] {dag.py:4180} INFO - Setting next_dagrun for example_sla_dag to 2024-10-01 20:54:00+00:00, run_after=2024-10-01 20:56:00+00:00
[2024-10-01T20:56:35.638+0000] {processor.py:208} INFO - Processing /home/airflow/.local/lib/python3.12/site-packages/airflow/example_dags/example_sla_dag.py took 0.109 seconds
[2024-10-01T20:57:06.090+0000] {processor.py:186} INFO - Started process (PID=1389) to work on /home/airflow/.local/lib/python3.12/site-packages/airflow/example_dags/example_sla_dag.py
[2024-10-01T20:57:06.096+0000] {processor.py:914} INFO - Processing file /home/airflow/.local/lib/python3.12/site-packages/airflow/example_dags/example_sla_dag.py for tasks to queue
[2024-10-01T20:57:06.105+0000] {logging_mixin.py:190} INFO - [2024-10-01T20:57:06.103+0000] {dagbag.py:588} INFO - Filling up the DagBag from /home/airflow/.local/lib/python3.12/site-packages/airflow/example_dags/example_sla_dag.py
[2024-10-01T20:57:06.129+0000] {processor.py:925} INFO - DAG(s) 'example_sla_dag' retrieved from /home/airflow/.local/lib/python3.12/site-packages/airflow/example_dags/example_sla_dag.py
[2024-10-01T20:57:06.169+0000] {logging_mixin.py:190} INFO - [2024-10-01T20:57:06.169+0000] {dag.py:3239} INFO - Sync 1 DAGs
[2024-10-01T20:57:06.211+0000] {logging_mixin.py:190} INFO - [2024-10-01T20:57:06.211+0000] {dag.py:4180} INFO - Setting next_dagrun for example_sla_dag to 2024-10-01 20:54:00+00:00, run_after=2024-10-01 20:56:00+00:00
[2024-10-01T20:57:06.229+0000] {processor.py:208} INFO - Processing /home/airflow/.local/lib/python3.12/site-packages/airflow/example_dags/example_sla_dag.py took 0.167 seconds
