[2024-10-01T20:46:20.830+0000] {processor.py:186} INFO - Started process (PID=111) to work on /home/airflow/.local/lib/python3.12/site-packages/airflow/example_dags/example_nested_branch_dag.py
[2024-10-01T20:46:20.831+0000] {processor.py:914} INFO - Processing file /home/airflow/.local/lib/python3.12/site-packages/airflow/example_dags/example_nested_branch_dag.py for tasks to queue
[2024-10-01T20:46:20.833+0000] {logging_mixin.py:190} INFO - [2024-10-01T20:46:20.833+0000] {dagbag.py:588} INFO - Filling up the DagBag from /home/airflow/.local/lib/python3.12/site-packages/airflow/example_dags/example_nested_branch_dag.py
[2024-10-01T20:46:20.850+0000] {processor.py:925} INFO - DAG(s) 'example_nested_branch_dag' retrieved from /home/airflow/.local/lib/python3.12/site-packages/airflow/example_dags/example_nested_branch_dag.py
[2024-10-01T20:46:20.976+0000] {logging_mixin.py:190} INFO - [2024-10-01T20:46:20.975+0000] {override.py:1900} INFO - Created Permission View: can delete on DAG:example_nested_branch_dag
[2024-10-01T20:46:20.985+0000] {logging_mixin.py:190} INFO - [2024-10-01T20:46:20.984+0000] {override.py:1900} INFO - Created Permission View: can read on DAG:example_nested_branch_dag
[2024-10-01T20:46:20.994+0000] {logging_mixin.py:190} INFO - [2024-10-01T20:46:20.993+0000] {override.py:1900} INFO - Created Permission View: can edit on DAG:example_nested_branch_dag
[2024-10-01T20:46:21.003+0000] {logging_mixin.py:190} INFO - [2024-10-01T20:46:21.003+0000] {override.py:1900} INFO - Created Permission View: can delete on DAG Run:example_nested_branch_dag
[2024-10-01T20:46:21.015+0000] {logging_mixin.py:190} INFO - [2024-10-01T20:46:21.014+0000] {override.py:1900} INFO - Created Permission View: can read on DAG Run:example_nested_branch_dag
[2024-10-01T20:46:21.022+0000] {logging_mixin.py:190} INFO - [2024-10-01T20:46:21.021+0000] {override.py:1900} INFO - Created Permission View: menu access on DAG Run:example_nested_branch_dag
[2024-10-01T20:46:21.032+0000] {logging_mixin.py:190} INFO - [2024-10-01T20:46:21.031+0000] {override.py:1900} INFO - Created Permission View: can create on DAG Run:example_nested_branch_dag
[2024-10-01T20:46:21.034+0000] {logging_mixin.py:190} INFO - [2024-10-01T20:46:21.033+0000] {dag.py:3239} INFO - Sync 1 DAGs
[2024-10-01T20:46:21.062+0000] {logging_mixin.py:190} INFO - [2024-10-01T20:46:21.061+0000] {dag.py:3262} INFO - Creating ORM DAG for example_nested_branch_dag
[2024-10-01T20:46:21.090+0000] {logging_mixin.py:190} INFO - [2024-10-01T20:46:21.090+0000] {dag.py:4180} INFO - Setting next_dagrun for example_nested_branch_dag to 2024-09-30 00:00:00+00:00, run_after=2024-10-01 00:00:00+00:00
[2024-10-01T20:46:21.469+0000] {processor.py:208} INFO - Processing /home/airflow/.local/lib/python3.12/site-packages/airflow/example_dags/example_nested_branch_dag.py took 0.649 seconds
[2024-10-01T20:46:52.536+0000] {processor.py:186} INFO - Started process (PID=174) to work on /home/airflow/.local/lib/python3.12/site-packages/airflow/example_dags/example_nested_branch_dag.py
[2024-10-01T20:46:52.538+0000] {processor.py:914} INFO - Processing file /home/airflow/.local/lib/python3.12/site-packages/airflow/example_dags/example_nested_branch_dag.py for tasks to queue
[2024-10-01T20:46:52.543+0000] {logging_mixin.py:190} INFO - [2024-10-01T20:46:52.542+0000] {dagbag.py:588} INFO - Filling up the DagBag from /home/airflow/.local/lib/python3.12/site-packages/airflow/example_dags/example_nested_branch_dag.py
[2024-10-01T20:46:52.568+0000] {processor.py:925} INFO - DAG(s) 'example_nested_branch_dag' retrieved from /home/airflow/.local/lib/python3.12/site-packages/airflow/example_dags/example_nested_branch_dag.py
[2024-10-01T20:46:52.589+0000] {logging_mixin.py:190} INFO - [2024-10-01T20:46:52.588+0000] {dag.py:3239} INFO - Sync 1 DAGs
[2024-10-01T20:46:52.609+0000] {logging_mixin.py:190} INFO - [2024-10-01T20:46:52.609+0000] {dag.py:4180} INFO - Setting next_dagrun for example_nested_branch_dag to 2024-09-30 00:00:00+00:00, run_after=2024-10-01 00:00:00+00:00
[2024-10-01T20:46:52.626+0000] {processor.py:208} INFO - Processing /home/airflow/.local/lib/python3.12/site-packages/airflow/example_dags/example_nested_branch_dag.py took 0.102 seconds
[2024-10-01T20:47:22.840+0000] {processor.py:186} INFO - Started process (PID=236) to work on /home/airflow/.local/lib/python3.12/site-packages/airflow/example_dags/example_nested_branch_dag.py
[2024-10-01T20:47:22.847+0000] {processor.py:914} INFO - Processing file /home/airflow/.local/lib/python3.12/site-packages/airflow/example_dags/example_nested_branch_dag.py for tasks to queue
[2024-10-01T20:47:22.852+0000] {logging_mixin.py:190} INFO - [2024-10-01T20:47:22.851+0000] {dagbag.py:588} INFO - Filling up the DagBag from /home/airflow/.local/lib/python3.12/site-packages/airflow/example_dags/example_nested_branch_dag.py
[2024-10-01T20:47:22.901+0000] {processor.py:925} INFO - DAG(s) 'example_nested_branch_dag' retrieved from /home/airflow/.local/lib/python3.12/site-packages/airflow/example_dags/example_nested_branch_dag.py
[2024-10-01T20:47:22.950+0000] {logging_mixin.py:190} INFO - [2024-10-01T20:47:22.949+0000] {dag.py:3239} INFO - Sync 1 DAGs
[2024-10-01T20:47:23.021+0000] {logging_mixin.py:190} INFO - [2024-10-01T20:47:23.021+0000] {dag.py:4180} INFO - Setting next_dagrun for example_nested_branch_dag to 2024-09-30 00:00:00+00:00, run_after=2024-10-01 00:00:00+00:00
[2024-10-01T20:47:23.085+0000] {processor.py:208} INFO - Processing /home/airflow/.local/lib/python3.12/site-packages/airflow/example_dags/example_nested_branch_dag.py took 0.271 seconds
[2024-10-01T20:47:53.500+0000] {processor.py:186} INFO - Started process (PID=297) to work on /home/airflow/.local/lib/python3.12/site-packages/airflow/example_dags/example_nested_branch_dag.py
[2024-10-01T20:47:53.501+0000] {processor.py:914} INFO - Processing file /home/airflow/.local/lib/python3.12/site-packages/airflow/example_dags/example_nested_branch_dag.py for tasks to queue
[2024-10-01T20:47:53.508+0000] {logging_mixin.py:190} INFO - [2024-10-01T20:47:53.507+0000] {dagbag.py:588} INFO - Filling up the DagBag from /home/airflow/.local/lib/python3.12/site-packages/airflow/example_dags/example_nested_branch_dag.py
[2024-10-01T20:47:53.519+0000] {processor.py:925} INFO - DAG(s) 'example_nested_branch_dag' retrieved from /home/airflow/.local/lib/python3.12/site-packages/airflow/example_dags/example_nested_branch_dag.py
[2024-10-01T20:47:53.543+0000] {logging_mixin.py:190} INFO - [2024-10-01T20:47:53.543+0000] {dag.py:3239} INFO - Sync 1 DAGs
[2024-10-01T20:47:53.564+0000] {logging_mixin.py:190} INFO - [2024-10-01T20:47:53.564+0000] {dag.py:4180} INFO - Setting next_dagrun for example_nested_branch_dag to 2024-09-30 00:00:00+00:00, run_after=2024-10-01 00:00:00+00:00
[2024-10-01T20:47:53.577+0000] {processor.py:208} INFO - Processing /home/airflow/.local/lib/python3.12/site-packages/airflow/example_dags/example_nested_branch_dag.py took 0.081 seconds
[2024-10-01T20:48:24.125+0000] {processor.py:186} INFO - Started process (PID=359) to work on /home/airflow/.local/lib/python3.12/site-packages/airflow/example_dags/example_nested_branch_dag.py
[2024-10-01T20:48:24.127+0000] {processor.py:914} INFO - Processing file /home/airflow/.local/lib/python3.12/site-packages/airflow/example_dags/example_nested_branch_dag.py for tasks to queue
[2024-10-01T20:48:24.131+0000] {logging_mixin.py:190} INFO - [2024-10-01T20:48:24.131+0000] {dagbag.py:588} INFO - Filling up the DagBag from /home/airflow/.local/lib/python3.12/site-packages/airflow/example_dags/example_nested_branch_dag.py
[2024-10-01T20:48:24.143+0000] {processor.py:925} INFO - DAG(s) 'example_nested_branch_dag' retrieved from /home/airflow/.local/lib/python3.12/site-packages/airflow/example_dags/example_nested_branch_dag.py
[2024-10-01T20:48:24.161+0000] {logging_mixin.py:190} INFO - [2024-10-01T20:48:24.161+0000] {dag.py:3239} INFO - Sync 1 DAGs
[2024-10-01T20:48:24.180+0000] {logging_mixin.py:190} INFO - [2024-10-01T20:48:24.180+0000] {dag.py:4180} INFO - Setting next_dagrun for example_nested_branch_dag to 2024-09-30 00:00:00+00:00, run_after=2024-10-01 00:00:00+00:00
[2024-10-01T20:48:24.193+0000] {processor.py:208} INFO - Processing /home/airflow/.local/lib/python3.12/site-packages/airflow/example_dags/example_nested_branch_dag.py took 0.075 seconds
[2024-10-01T20:48:54.578+0000] {processor.py:186} INFO - Started process (PID=421) to work on /home/airflow/.local/lib/python3.12/site-packages/airflow/example_dags/example_nested_branch_dag.py
[2024-10-01T20:48:54.579+0000] {processor.py:914} INFO - Processing file /home/airflow/.local/lib/python3.12/site-packages/airflow/example_dags/example_nested_branch_dag.py for tasks to queue
[2024-10-01T20:48:54.581+0000] {logging_mixin.py:190} INFO - [2024-10-01T20:48:54.581+0000] {dagbag.py:588} INFO - Filling up the DagBag from /home/airflow/.local/lib/python3.12/site-packages/airflow/example_dags/example_nested_branch_dag.py
[2024-10-01T20:48:54.595+0000] {processor.py:925} INFO - DAG(s) 'example_nested_branch_dag' retrieved from /home/airflow/.local/lib/python3.12/site-packages/airflow/example_dags/example_nested_branch_dag.py
[2024-10-01T20:48:54.619+0000] {logging_mixin.py:190} INFO - [2024-10-01T20:48:54.619+0000] {dag.py:3239} INFO - Sync 1 DAGs
[2024-10-01T20:48:54.644+0000] {logging_mixin.py:190} INFO - [2024-10-01T20:48:54.643+0000] {dag.py:4180} INFO - Setting next_dagrun for example_nested_branch_dag to 2024-09-30 00:00:00+00:00, run_after=2024-10-01 00:00:00+00:00
[2024-10-01T20:48:54.659+0000] {processor.py:208} INFO - Processing /home/airflow/.local/lib/python3.12/site-packages/airflow/example_dags/example_nested_branch_dag.py took 0.086 seconds
[2024-10-01T20:49:24.812+0000] {processor.py:186} INFO - Started process (PID=482) to work on /home/airflow/.local/lib/python3.12/site-packages/airflow/example_dags/example_nested_branch_dag.py
[2024-10-01T20:49:24.815+0000] {processor.py:914} INFO - Processing file /home/airflow/.local/lib/python3.12/site-packages/airflow/example_dags/example_nested_branch_dag.py for tasks to queue
[2024-10-01T20:49:24.818+0000] {logging_mixin.py:190} INFO - [2024-10-01T20:49:24.818+0000] {dagbag.py:588} INFO - Filling up the DagBag from /home/airflow/.local/lib/python3.12/site-packages/airflow/example_dags/example_nested_branch_dag.py
[2024-10-01T20:49:24.834+0000] {processor.py:925} INFO - DAG(s) 'example_nested_branch_dag' retrieved from /home/airflow/.local/lib/python3.12/site-packages/airflow/example_dags/example_nested_branch_dag.py
[2024-10-01T20:49:24.853+0000] {logging_mixin.py:190} INFO - [2024-10-01T20:49:24.853+0000] {dag.py:3239} INFO - Sync 1 DAGs
[2024-10-01T20:49:24.873+0000] {logging_mixin.py:190} INFO - [2024-10-01T20:49:24.872+0000] {dag.py:4180} INFO - Setting next_dagrun for example_nested_branch_dag to 2024-09-30 00:00:00+00:00, run_after=2024-10-01 00:00:00+00:00
[2024-10-01T20:49:24.895+0000] {processor.py:208} INFO - Processing /home/airflow/.local/lib/python3.12/site-packages/airflow/example_dags/example_nested_branch_dag.py took 0.092 seconds
[2024-10-01T20:49:55.508+0000] {processor.py:186} INFO - Started process (PID=545) to work on /home/airflow/.local/lib/python3.12/site-packages/airflow/example_dags/example_nested_branch_dag.py
[2024-10-01T20:49:55.508+0000] {processor.py:914} INFO - Processing file /home/airflow/.local/lib/python3.12/site-packages/airflow/example_dags/example_nested_branch_dag.py for tasks to queue
[2024-10-01T20:49:55.510+0000] {logging_mixin.py:190} INFO - [2024-10-01T20:49:55.509+0000] {dagbag.py:588} INFO - Filling up the DagBag from /home/airflow/.local/lib/python3.12/site-packages/airflow/example_dags/example_nested_branch_dag.py
[2024-10-01T20:49:55.517+0000] {processor.py:925} INFO - DAG(s) 'example_nested_branch_dag' retrieved from /home/airflow/.local/lib/python3.12/site-packages/airflow/example_dags/example_nested_branch_dag.py
[2024-10-01T20:49:55.530+0000] {logging_mixin.py:190} INFO - [2024-10-01T20:49:55.530+0000] {dag.py:3239} INFO - Sync 1 DAGs
[2024-10-01T20:49:55.545+0000] {logging_mixin.py:190} INFO - [2024-10-01T20:49:55.545+0000] {dag.py:4180} INFO - Setting next_dagrun for example_nested_branch_dag to 2024-09-30 00:00:00+00:00, run_after=2024-10-01 00:00:00+00:00
[2024-10-01T20:49:55.555+0000] {processor.py:208} INFO - Processing /home/airflow/.local/lib/python3.12/site-packages/airflow/example_dags/example_nested_branch_dag.py took 0.052 seconds
[2024-10-01T20:50:26.288+0000] {processor.py:186} INFO - Started process (PID=607) to work on /home/airflow/.local/lib/python3.12/site-packages/airflow/example_dags/example_nested_branch_dag.py
[2024-10-01T20:50:26.292+0000] {processor.py:914} INFO - Processing file /home/airflow/.local/lib/python3.12/site-packages/airflow/example_dags/example_nested_branch_dag.py for tasks to queue
[2024-10-01T20:50:26.294+0000] {logging_mixin.py:190} INFO - [2024-10-01T20:50:26.294+0000] {dagbag.py:588} INFO - Filling up the DagBag from /home/airflow/.local/lib/python3.12/site-packages/airflow/example_dags/example_nested_branch_dag.py
[2024-10-01T20:50:26.303+0000] {processor.py:925} INFO - DAG(s) 'example_nested_branch_dag' retrieved from /home/airflow/.local/lib/python3.12/site-packages/airflow/example_dags/example_nested_branch_dag.py
[2024-10-01T20:50:26.325+0000] {logging_mixin.py:190} INFO - [2024-10-01T20:50:26.325+0000] {dag.py:3239} INFO - Sync 1 DAGs
[2024-10-01T20:50:26.342+0000] {logging_mixin.py:190} INFO - [2024-10-01T20:50:26.342+0000] {dag.py:4180} INFO - Setting next_dagrun for example_nested_branch_dag to 2024-09-30 00:00:00+00:00, run_after=2024-10-01 00:00:00+00:00
[2024-10-01T20:50:26.353+0000] {processor.py:208} INFO - Processing /home/airflow/.local/lib/python3.12/site-packages/airflow/example_dags/example_nested_branch_dag.py took 0.070 seconds
[2024-10-01T20:50:57.108+0000] {processor.py:186} INFO - Started process (PID=669) to work on /home/airflow/.local/lib/python3.12/site-packages/airflow/example_dags/example_nested_branch_dag.py
[2024-10-01T20:50:57.110+0000] {processor.py:914} INFO - Processing file /home/airflow/.local/lib/python3.12/site-packages/airflow/example_dags/example_nested_branch_dag.py for tasks to queue
[2024-10-01T20:50:57.113+0000] {logging_mixin.py:190} INFO - [2024-10-01T20:50:57.113+0000] {dagbag.py:588} INFO - Filling up the DagBag from /home/airflow/.local/lib/python3.12/site-packages/airflow/example_dags/example_nested_branch_dag.py
[2024-10-01T20:50:57.122+0000] {processor.py:925} INFO - DAG(s) 'example_nested_branch_dag' retrieved from /home/airflow/.local/lib/python3.12/site-packages/airflow/example_dags/example_nested_branch_dag.py
[2024-10-01T20:50:57.145+0000] {logging_mixin.py:190} INFO - [2024-10-01T20:50:57.145+0000] {dag.py:3239} INFO - Sync 1 DAGs
[2024-10-01T20:50:57.164+0000] {logging_mixin.py:190} INFO - [2024-10-01T20:50:57.163+0000] {dag.py:4180} INFO - Setting next_dagrun for example_nested_branch_dag to 2024-09-30 00:00:00+00:00, run_after=2024-10-01 00:00:00+00:00
[2024-10-01T20:50:57.176+0000] {processor.py:208} INFO - Processing /home/airflow/.local/lib/python3.12/site-packages/airflow/example_dags/example_nested_branch_dag.py took 0.073 seconds
[2024-10-01T20:51:27.406+0000] {processor.py:186} INFO - Started process (PID=731) to work on /home/airflow/.local/lib/python3.12/site-packages/airflow/example_dags/example_nested_branch_dag.py
[2024-10-01T20:51:27.409+0000] {processor.py:914} INFO - Processing file /home/airflow/.local/lib/python3.12/site-packages/airflow/example_dags/example_nested_branch_dag.py for tasks to queue
[2024-10-01T20:51:27.415+0000] {logging_mixin.py:190} INFO - [2024-10-01T20:51:27.414+0000] {dagbag.py:588} INFO - Filling up the DagBag from /home/airflow/.local/lib/python3.12/site-packages/airflow/example_dags/example_nested_branch_dag.py
[2024-10-01T20:51:27.431+0000] {processor.py:925} INFO - DAG(s) 'example_nested_branch_dag' retrieved from /home/airflow/.local/lib/python3.12/site-packages/airflow/example_dags/example_nested_branch_dag.py
[2024-10-01T20:51:27.475+0000] {logging_mixin.py:190} INFO - [2024-10-01T20:51:27.475+0000] {dag.py:3239} INFO - Sync 1 DAGs
[2024-10-01T20:51:27.504+0000] {logging_mixin.py:190} INFO - [2024-10-01T20:51:27.503+0000] {dag.py:4180} INFO - Setting next_dagrun for example_nested_branch_dag to 2024-09-30 00:00:00+00:00, run_after=2024-10-01 00:00:00+00:00
[2024-10-01T20:51:27.518+0000] {processor.py:208} INFO - Processing /home/airflow/.local/lib/python3.12/site-packages/airflow/example_dags/example_nested_branch_dag.py took 0.128 seconds
[2024-10-01T20:51:58.134+0000] {processor.py:186} INFO - Started process (PID=793) to work on /home/airflow/.local/lib/python3.12/site-packages/airflow/example_dags/example_nested_branch_dag.py
[2024-10-01T20:51:58.137+0000] {processor.py:914} INFO - Processing file /home/airflow/.local/lib/python3.12/site-packages/airflow/example_dags/example_nested_branch_dag.py for tasks to queue
[2024-10-01T20:51:58.139+0000] {logging_mixin.py:190} INFO - [2024-10-01T20:51:58.138+0000] {dagbag.py:588} INFO - Filling up the DagBag from /home/airflow/.local/lib/python3.12/site-packages/airflow/example_dags/example_nested_branch_dag.py
[2024-10-01T20:51:58.147+0000] {processor.py:925} INFO - DAG(s) 'example_nested_branch_dag' retrieved from /home/airflow/.local/lib/python3.12/site-packages/airflow/example_dags/example_nested_branch_dag.py
[2024-10-01T20:51:58.161+0000] {logging_mixin.py:190} INFO - [2024-10-01T20:51:58.161+0000] {dag.py:3239} INFO - Sync 1 DAGs
[2024-10-01T20:51:58.176+0000] {logging_mixin.py:190} INFO - [2024-10-01T20:51:58.176+0000] {dag.py:4180} INFO - Setting next_dagrun for example_nested_branch_dag to 2024-09-30 00:00:00+00:00, run_after=2024-10-01 00:00:00+00:00
[2024-10-01T20:51:58.185+0000] {processor.py:208} INFO - Processing /home/airflow/.local/lib/python3.12/site-packages/airflow/example_dags/example_nested_branch_dag.py took 0.057 seconds
[2024-10-01T20:52:28.832+0000] {processor.py:186} INFO - Started process (PID=855) to work on /home/airflow/.local/lib/python3.12/site-packages/airflow/example_dags/example_nested_branch_dag.py
[2024-10-01T20:52:28.835+0000] {processor.py:914} INFO - Processing file /home/airflow/.local/lib/python3.12/site-packages/airflow/example_dags/example_nested_branch_dag.py for tasks to queue
[2024-10-01T20:52:28.838+0000] {logging_mixin.py:190} INFO - [2024-10-01T20:52:28.837+0000] {dagbag.py:588} INFO - Filling up the DagBag from /home/airflow/.local/lib/python3.12/site-packages/airflow/example_dags/example_nested_branch_dag.py
[2024-10-01T20:52:28.850+0000] {processor.py:925} INFO - DAG(s) 'example_nested_branch_dag' retrieved from /home/airflow/.local/lib/python3.12/site-packages/airflow/example_dags/example_nested_branch_dag.py
[2024-10-01T20:52:28.877+0000] {logging_mixin.py:190} INFO - [2024-10-01T20:52:28.876+0000] {dag.py:3239} INFO - Sync 1 DAGs
[2024-10-01T20:52:28.896+0000] {logging_mixin.py:190} INFO - [2024-10-01T20:52:28.896+0000] {dag.py:4180} INFO - Setting next_dagrun for example_nested_branch_dag to 2024-09-30 00:00:00+00:00, run_after=2024-10-01 00:00:00+00:00
[2024-10-01T20:52:28.909+0000] {processor.py:208} INFO - Processing /home/airflow/.local/lib/python3.12/site-packages/airflow/example_dags/example_nested_branch_dag.py took 0.083 seconds
[2024-10-01T20:52:59.388+0000] {processor.py:186} INFO - Started process (PID=917) to work on /home/airflow/.local/lib/python3.12/site-packages/airflow/example_dags/example_nested_branch_dag.py
[2024-10-01T20:52:59.392+0000] {processor.py:914} INFO - Processing file /home/airflow/.local/lib/python3.12/site-packages/airflow/example_dags/example_nested_branch_dag.py for tasks to queue
[2024-10-01T20:52:59.405+0000] {logging_mixin.py:190} INFO - [2024-10-01T20:52:59.404+0000] {dagbag.py:588} INFO - Filling up the DagBag from /home/airflow/.local/lib/python3.12/site-packages/airflow/example_dags/example_nested_branch_dag.py
[2024-10-01T20:52:59.448+0000] {processor.py:925} INFO - DAG(s) 'example_nested_branch_dag' retrieved from /home/airflow/.local/lib/python3.12/site-packages/airflow/example_dags/example_nested_branch_dag.py
[2024-10-01T20:52:59.495+0000] {logging_mixin.py:190} INFO - [2024-10-01T20:52:59.495+0000] {dag.py:3239} INFO - Sync 1 DAGs
[2024-10-01T20:52:59.534+0000] {logging_mixin.py:190} INFO - [2024-10-01T20:52:59.534+0000] {dag.py:4180} INFO - Setting next_dagrun for example_nested_branch_dag to 2024-09-30 00:00:00+00:00, run_after=2024-10-01 00:00:00+00:00
[2024-10-01T20:52:59.556+0000] {processor.py:208} INFO - Processing /home/airflow/.local/lib/python3.12/site-packages/airflow/example_dags/example_nested_branch_dag.py took 0.181 seconds
[2024-10-01T20:53:29.782+0000] {processor.py:186} INFO - Started process (PID=978) to work on /home/airflow/.local/lib/python3.12/site-packages/airflow/example_dags/example_nested_branch_dag.py
[2024-10-01T20:53:29.784+0000] {processor.py:914} INFO - Processing file /home/airflow/.local/lib/python3.12/site-packages/airflow/example_dags/example_nested_branch_dag.py for tasks to queue
[2024-10-01T20:53:29.787+0000] {logging_mixin.py:190} INFO - [2024-10-01T20:53:29.786+0000] {dagbag.py:588} INFO - Filling up the DagBag from /home/airflow/.local/lib/python3.12/site-packages/airflow/example_dags/example_nested_branch_dag.py
[2024-10-01T20:53:29.797+0000] {processor.py:925} INFO - DAG(s) 'example_nested_branch_dag' retrieved from /home/airflow/.local/lib/python3.12/site-packages/airflow/example_dags/example_nested_branch_dag.py
[2024-10-01T20:53:29.817+0000] {logging_mixin.py:190} INFO - [2024-10-01T20:53:29.817+0000] {dag.py:3239} INFO - Sync 1 DAGs
[2024-10-01T20:53:29.848+0000] {logging_mixin.py:190} INFO - [2024-10-01T20:53:29.848+0000] {dag.py:4180} INFO - Setting next_dagrun for example_nested_branch_dag to 2024-09-30 00:00:00+00:00, run_after=2024-10-01 00:00:00+00:00
[2024-10-01T20:53:29.860+0000] {processor.py:208} INFO - Processing /home/airflow/.local/lib/python3.12/site-packages/airflow/example_dags/example_nested_branch_dag.py took 0.087 seconds
[2024-10-01T20:54:00.071+0000] {processor.py:186} INFO - Started process (PID=1039) to work on /home/airflow/.local/lib/python3.12/site-packages/airflow/example_dags/example_nested_branch_dag.py
[2024-10-01T20:54:00.110+0000] {processor.py:914} INFO - Processing file /home/airflow/.local/lib/python3.12/site-packages/airflow/example_dags/example_nested_branch_dag.py for tasks to queue
[2024-10-01T20:54:00.130+0000] {logging_mixin.py:190} INFO - [2024-10-01T20:54:00.128+0000] {dagbag.py:588} INFO - Filling up the DagBag from /home/airflow/.local/lib/python3.12/site-packages/airflow/example_dags/example_nested_branch_dag.py
[2024-10-01T20:54:00.196+0000] {processor.py:925} INFO - DAG(s) 'example_nested_branch_dag' retrieved from /home/airflow/.local/lib/python3.12/site-packages/airflow/example_dags/example_nested_branch_dag.py
[2024-10-01T20:54:00.281+0000] {logging_mixin.py:190} INFO - [2024-10-01T20:54:00.279+0000] {dag.py:3239} INFO - Sync 1 DAGs
[2024-10-01T20:54:00.351+0000] {logging_mixin.py:190} INFO - [2024-10-01T20:54:00.350+0000] {dag.py:4180} INFO - Setting next_dagrun for example_nested_branch_dag to 2024-09-30 00:00:00+00:00, run_after=2024-10-01 00:00:00+00:00
[2024-10-01T20:54:00.416+0000] {processor.py:208} INFO - Processing /home/airflow/.local/lib/python3.12/site-packages/airflow/example_dags/example_nested_branch_dag.py took 0.468 seconds
[2024-10-01T20:54:30.593+0000] {processor.py:186} INFO - Started process (PID=1101) to work on /home/airflow/.local/lib/python3.12/site-packages/airflow/example_dags/example_nested_branch_dag.py
[2024-10-01T20:54:30.594+0000] {processor.py:914} INFO - Processing file /home/airflow/.local/lib/python3.12/site-packages/airflow/example_dags/example_nested_branch_dag.py for tasks to queue
[2024-10-01T20:54:30.597+0000] {logging_mixin.py:190} INFO - [2024-10-01T20:54:30.597+0000] {dagbag.py:588} INFO - Filling up the DagBag from /home/airflow/.local/lib/python3.12/site-packages/airflow/example_dags/example_nested_branch_dag.py
[2024-10-01T20:54:30.607+0000] {processor.py:925} INFO - DAG(s) 'example_nested_branch_dag' retrieved from /home/airflow/.local/lib/python3.12/site-packages/airflow/example_dags/example_nested_branch_dag.py
[2024-10-01T20:54:30.633+0000] {logging_mixin.py:190} INFO - [2024-10-01T20:54:30.632+0000] {dag.py:3239} INFO - Sync 1 DAGs
[2024-10-01T20:54:30.689+0000] {logging_mixin.py:190} INFO - [2024-10-01T20:54:30.687+0000] {dag.py:4180} INFO - Setting next_dagrun for example_nested_branch_dag to 2024-09-30 00:00:00+00:00, run_after=2024-10-01 00:00:00+00:00
[2024-10-01T20:54:30.709+0000] {processor.py:208} INFO - Processing /home/airflow/.local/lib/python3.12/site-packages/airflow/example_dags/example_nested_branch_dag.py took 0.124 seconds
[2024-10-01T20:55:00.896+0000] {processor.py:186} INFO - Started process (PID=1163) to work on /home/airflow/.local/lib/python3.12/site-packages/airflow/example_dags/example_nested_branch_dag.py
[2024-10-01T20:55:00.900+0000] {processor.py:914} INFO - Processing file /home/airflow/.local/lib/python3.12/site-packages/airflow/example_dags/example_nested_branch_dag.py for tasks to queue
[2024-10-01T20:55:00.904+0000] {logging_mixin.py:190} INFO - [2024-10-01T20:55:00.904+0000] {dagbag.py:588} INFO - Filling up the DagBag from /home/airflow/.local/lib/python3.12/site-packages/airflow/example_dags/example_nested_branch_dag.py
[2024-10-01T20:55:00.920+0000] {processor.py:925} INFO - DAG(s) 'example_nested_branch_dag' retrieved from /home/airflow/.local/lib/python3.12/site-packages/airflow/example_dags/example_nested_branch_dag.py
[2024-10-01T20:55:00.956+0000] {logging_mixin.py:190} INFO - [2024-10-01T20:55:00.955+0000] {dag.py:3239} INFO - Sync 1 DAGs
[2024-10-01T20:55:00.973+0000] {logging_mixin.py:190} INFO - [2024-10-01T20:55:00.973+0000] {dag.py:4180} INFO - Setting next_dagrun for example_nested_branch_dag to 2024-09-30 00:00:00+00:00, run_after=2024-10-01 00:00:00+00:00
[2024-10-01T20:55:00.986+0000] {processor.py:208} INFO - Processing /home/airflow/.local/lib/python3.12/site-packages/airflow/example_dags/example_nested_branch_dag.py took 0.120 seconds
[2024-10-01T20:55:31.302+0000] {processor.py:186} INFO - Started process (PID=1225) to work on /home/airflow/.local/lib/python3.12/site-packages/airflow/example_dags/example_nested_branch_dag.py
[2024-10-01T20:55:31.304+0000] {processor.py:914} INFO - Processing file /home/airflow/.local/lib/python3.12/site-packages/airflow/example_dags/example_nested_branch_dag.py for tasks to queue
[2024-10-01T20:55:31.309+0000] {logging_mixin.py:190} INFO - [2024-10-01T20:55:31.308+0000] {dagbag.py:588} INFO - Filling up the DagBag from /home/airflow/.local/lib/python3.12/site-packages/airflow/example_dags/example_nested_branch_dag.py
[2024-10-01T20:55:31.331+0000] {processor.py:925} INFO - DAG(s) 'example_nested_branch_dag' retrieved from /home/airflow/.local/lib/python3.12/site-packages/airflow/example_dags/example_nested_branch_dag.py
[2024-10-01T20:55:31.356+0000] {logging_mixin.py:190} INFO - [2024-10-01T20:55:31.356+0000] {dag.py:3239} INFO - Sync 1 DAGs
[2024-10-01T20:55:31.385+0000] {logging_mixin.py:190} INFO - [2024-10-01T20:55:31.385+0000] {dag.py:4180} INFO - Setting next_dagrun for example_nested_branch_dag to 2024-09-30 00:00:00+00:00, run_after=2024-10-01 00:00:00+00:00
[2024-10-01T20:55:31.400+0000] {processor.py:208} INFO - Processing /home/airflow/.local/lib/python3.12/site-packages/airflow/example_dags/example_nested_branch_dag.py took 0.114 seconds
[2024-10-01T20:56:08.233+0000] {processor.py:186} INFO - Started process (PID=1288) to work on /home/airflow/.local/lib/python3.12/site-packages/airflow/example_dags/example_nested_branch_dag.py
[2024-10-01T20:56:08.237+0000] {processor.py:914} INFO - Processing file /home/airflow/.local/lib/python3.12/site-packages/airflow/example_dags/example_nested_branch_dag.py for tasks to queue
[2024-10-01T20:56:08.240+0000] {logging_mixin.py:190} INFO - [2024-10-01T20:56:08.240+0000] {dagbag.py:588} INFO - Filling up the DagBag from /home/airflow/.local/lib/python3.12/site-packages/airflow/example_dags/example_nested_branch_dag.py
[2024-10-01T20:56:08.257+0000] {processor.py:925} INFO - DAG(s) 'example_nested_branch_dag' retrieved from /home/airflow/.local/lib/python3.12/site-packages/airflow/example_dags/example_nested_branch_dag.py
[2024-10-01T20:56:08.284+0000] {logging_mixin.py:190} INFO - [2024-10-01T20:56:08.284+0000] {dag.py:3239} INFO - Sync 1 DAGs
[2024-10-01T20:56:08.313+0000] {logging_mixin.py:190} INFO - [2024-10-01T20:56:08.313+0000] {dag.py:4180} INFO - Setting next_dagrun for example_nested_branch_dag to 2024-09-30 00:00:00+00:00, run_after=2024-10-01 00:00:00+00:00
[2024-10-01T20:56:08.333+0000] {processor.py:208} INFO - Processing /home/airflow/.local/lib/python3.12/site-packages/airflow/example_dags/example_nested_branch_dag.py took 0.106 seconds
[2024-10-01T20:56:39.044+0000] {processor.py:186} INFO - Started process (PID=1350) to work on /home/airflow/.local/lib/python3.12/site-packages/airflow/example_dags/example_nested_branch_dag.py
[2024-10-01T20:56:39.045+0000] {processor.py:914} INFO - Processing file /home/airflow/.local/lib/python3.12/site-packages/airflow/example_dags/example_nested_branch_dag.py for tasks to queue
[2024-10-01T20:56:39.047+0000] {logging_mixin.py:190} INFO - [2024-10-01T20:56:39.046+0000] {dagbag.py:588} INFO - Filling up the DagBag from /home/airflow/.local/lib/python3.12/site-packages/airflow/example_dags/example_nested_branch_dag.py
[2024-10-01T20:56:39.054+0000] {processor.py:925} INFO - DAG(s) 'example_nested_branch_dag' retrieved from /home/airflow/.local/lib/python3.12/site-packages/airflow/example_dags/example_nested_branch_dag.py
[2024-10-01T20:56:39.081+0000] {logging_mixin.py:190} INFO - [2024-10-01T20:56:39.081+0000] {dag.py:3239} INFO - Sync 1 DAGs
[2024-10-01T20:56:39.101+0000] {logging_mixin.py:190} INFO - [2024-10-01T20:56:39.101+0000] {dag.py:4180} INFO - Setting next_dagrun for example_nested_branch_dag to 2024-09-30 00:00:00+00:00, run_after=2024-10-01 00:00:00+00:00
[2024-10-01T20:56:39.115+0000] {processor.py:208} INFO - Processing /home/airflow/.local/lib/python3.12/site-packages/airflow/example_dags/example_nested_branch_dag.py took 0.076 seconds
