[2024-10-01T20:46:17.307+0000] {processor.py:186} INFO - Started process (PID=97) to work on /home/airflow/.local/lib/python3.12/site-packages/airflow/example_dags/example_branch_day_of_week_operator.py
[2024-10-01T20:46:17.308+0000] {processor.py:914} INFO - Processing file /home/airflow/.local/lib/python3.12/site-packages/airflow/example_dags/example_branch_day_of_week_operator.py for tasks to queue
[2024-10-01T20:46:17.311+0000] {logging_mixin.py:190} INFO - [2024-10-01T20:46:17.311+0000] {dagbag.py:588} INFO - Filling up the DagBag from /home/airflow/.local/lib/python3.12/site-packages/airflow/example_dags/example_branch_day_of_week_operator.py
[2024-10-01T20:46:17.319+0000] {processor.py:925} INFO - DAG(s) 'example_weekday_branch_operator' retrieved from /home/airflow/.local/lib/python3.12/site-packages/airflow/example_dags/example_branch_day_of_week_operator.py
[2024-10-01T20:46:17.435+0000] {logging_mixin.py:190} INFO - [2024-10-01T20:46:17.433+0000] {override.py:1900} INFO - Created Permission View: can delete on DAG:example_weekday_branch_operator
[2024-10-01T20:46:17.448+0000] {logging_mixin.py:190} INFO - [2024-10-01T20:46:17.448+0000] {override.py:1900} INFO - Created Permission View: can read on DAG:example_weekday_branch_operator
[2024-10-01T20:46:17.456+0000] {logging_mixin.py:190} INFO - [2024-10-01T20:46:17.456+0000] {override.py:1900} INFO - Created Permission View: can edit on DAG:example_weekday_branch_operator
[2024-10-01T20:46:17.465+0000] {logging_mixin.py:190} INFO - [2024-10-01T20:46:17.464+0000] {override.py:1900} INFO - Created Permission View: can delete on DAG Run:example_weekday_branch_operator
[2024-10-01T20:46:17.469+0000] {logging_mixin.py:190} INFO - [2024-10-01T20:46:17.468+0000] {override.py:1900} INFO - Created Permission View: can read on DAG Run:example_weekday_branch_operator
[2024-10-01T20:46:17.472+0000] {logging_mixin.py:190} INFO - [2024-10-01T20:46:17.471+0000] {override.py:1900} INFO - Created Permission View: menu access on DAG Run:example_weekday_branch_operator
[2024-10-01T20:46:17.474+0000] {logging_mixin.py:190} INFO - [2024-10-01T20:46:17.474+0000] {override.py:1900} INFO - Created Permission View: can create on DAG Run:example_weekday_branch_operator
[2024-10-01T20:46:17.474+0000] {logging_mixin.py:190} INFO - [2024-10-01T20:46:17.474+0000] {dag.py:3239} INFO - Sync 1 DAGs
[2024-10-01T20:46:17.485+0000] {logging_mixin.py:190} INFO - [2024-10-01T20:46:17.485+0000] {dag.py:3262} INFO - Creating ORM DAG for example_weekday_branch_operator
[2024-10-01T20:46:17.497+0000] {logging_mixin.py:190} INFO - [2024-10-01T20:46:17.497+0000] {dag.py:4180} INFO - Setting next_dagrun for example_weekday_branch_operator to 2024-09-30 00:00:00+00:00, run_after=2024-10-01 00:00:00+00:00
[2024-10-01T20:46:17.514+0000] {processor.py:208} INFO - Processing /home/airflow/.local/lib/python3.12/site-packages/airflow/example_dags/example_branch_day_of_week_operator.py took 0.215 seconds
[2024-10-01T20:46:47.631+0000] {processor.py:186} INFO - Started process (PID=159) to work on /home/airflow/.local/lib/python3.12/site-packages/airflow/example_dags/example_branch_day_of_week_operator.py
[2024-10-01T20:46:47.632+0000] {processor.py:914} INFO - Processing file /home/airflow/.local/lib/python3.12/site-packages/airflow/example_dags/example_branch_day_of_week_operator.py for tasks to queue
[2024-10-01T20:46:47.633+0000] {logging_mixin.py:190} INFO - [2024-10-01T20:46:47.633+0000] {dagbag.py:588} INFO - Filling up the DagBag from /home/airflow/.local/lib/python3.12/site-packages/airflow/example_dags/example_branch_day_of_week_operator.py
[2024-10-01T20:46:47.640+0000] {processor.py:925} INFO - DAG(s) 'example_weekday_branch_operator' retrieved from /home/airflow/.local/lib/python3.12/site-packages/airflow/example_dags/example_branch_day_of_week_operator.py
[2024-10-01T20:46:47.653+0000] {logging_mixin.py:190} INFO - [2024-10-01T20:46:47.653+0000] {dag.py:3239} INFO - Sync 1 DAGs
[2024-10-01T20:46:47.667+0000] {logging_mixin.py:190} INFO - [2024-10-01T20:46:47.667+0000] {dag.py:4180} INFO - Setting next_dagrun for example_weekday_branch_operator to 2024-09-30 00:00:00+00:00, run_after=2024-10-01 00:00:00+00:00
[2024-10-01T20:46:47.676+0000] {processor.py:208} INFO - Processing /home/airflow/.local/lib/python3.12/site-packages/airflow/example_dags/example_branch_day_of_week_operator.py took 0.050 seconds
[2024-10-01T20:47:17.982+0000] {processor.py:186} INFO - Started process (PID=221) to work on /home/airflow/.local/lib/python3.12/site-packages/airflow/example_dags/example_branch_day_of_week_operator.py
[2024-10-01T20:47:17.984+0000] {processor.py:914} INFO - Processing file /home/airflow/.local/lib/python3.12/site-packages/airflow/example_dags/example_branch_day_of_week_operator.py for tasks to queue
[2024-10-01T20:47:17.987+0000] {logging_mixin.py:190} INFO - [2024-10-01T20:47:17.986+0000] {dagbag.py:588} INFO - Filling up the DagBag from /home/airflow/.local/lib/python3.12/site-packages/airflow/example_dags/example_branch_day_of_week_operator.py
[2024-10-01T20:47:17.999+0000] {processor.py:925} INFO - DAG(s) 'example_weekday_branch_operator' retrieved from /home/airflow/.local/lib/python3.12/site-packages/airflow/example_dags/example_branch_day_of_week_operator.py
[2024-10-01T20:47:18.016+0000] {logging_mixin.py:190} INFO - [2024-10-01T20:47:18.016+0000] {dag.py:3239} INFO - Sync 1 DAGs
[2024-10-01T20:47:18.032+0000] {logging_mixin.py:190} INFO - [2024-10-01T20:47:18.032+0000] {dag.py:4180} INFO - Setting next_dagrun for example_weekday_branch_operator to 2024-09-30 00:00:00+00:00, run_after=2024-10-01 00:00:00+00:00
[2024-10-01T20:47:18.042+0000] {processor.py:208} INFO - Processing /home/airflow/.local/lib/python3.12/site-packages/airflow/example_dags/example_branch_day_of_week_operator.py took 0.071 seconds
[2024-10-01T20:47:48.684+0000] {processor.py:186} INFO - Started process (PID=283) to work on /home/airflow/.local/lib/python3.12/site-packages/airflow/example_dags/example_branch_day_of_week_operator.py
[2024-10-01T20:47:48.685+0000] {processor.py:914} INFO - Processing file /home/airflow/.local/lib/python3.12/site-packages/airflow/example_dags/example_branch_day_of_week_operator.py for tasks to queue
[2024-10-01T20:47:48.686+0000] {logging_mixin.py:190} INFO - [2024-10-01T20:47:48.686+0000] {dagbag.py:588} INFO - Filling up the DagBag from /home/airflow/.local/lib/python3.12/site-packages/airflow/example_dags/example_branch_day_of_week_operator.py
[2024-10-01T20:47:48.693+0000] {processor.py:925} INFO - DAG(s) 'example_weekday_branch_operator' retrieved from /home/airflow/.local/lib/python3.12/site-packages/airflow/example_dags/example_branch_day_of_week_operator.py
[2024-10-01T20:47:48.707+0000] {logging_mixin.py:190} INFO - [2024-10-01T20:47:48.707+0000] {dag.py:3239} INFO - Sync 1 DAGs
[2024-10-01T20:47:48.726+0000] {logging_mixin.py:190} INFO - [2024-10-01T20:47:48.726+0000] {dag.py:4180} INFO - Setting next_dagrun for example_weekday_branch_operator to 2024-09-30 00:00:00+00:00, run_after=2024-10-01 00:00:00+00:00
[2024-10-01T20:47:48.739+0000] {processor.py:208} INFO - Processing /home/airflow/.local/lib/python3.12/site-packages/airflow/example_dags/example_branch_day_of_week_operator.py took 0.059 seconds
[2024-10-01T20:48:19.415+0000] {processor.py:186} INFO - Started process (PID=345) to work on /home/airflow/.local/lib/python3.12/site-packages/airflow/example_dags/example_branch_day_of_week_operator.py
[2024-10-01T20:48:19.416+0000] {processor.py:914} INFO - Processing file /home/airflow/.local/lib/python3.12/site-packages/airflow/example_dags/example_branch_day_of_week_operator.py for tasks to queue
[2024-10-01T20:48:19.418+0000] {logging_mixin.py:190} INFO - [2024-10-01T20:48:19.418+0000] {dagbag.py:588} INFO - Filling up the DagBag from /home/airflow/.local/lib/python3.12/site-packages/airflow/example_dags/example_branch_day_of_week_operator.py
[2024-10-01T20:48:19.425+0000] {processor.py:925} INFO - DAG(s) 'example_weekday_branch_operator' retrieved from /home/airflow/.local/lib/python3.12/site-packages/airflow/example_dags/example_branch_day_of_week_operator.py
[2024-10-01T20:48:19.438+0000] {logging_mixin.py:190} INFO - [2024-10-01T20:48:19.438+0000] {dag.py:3239} INFO - Sync 1 DAGs
[2024-10-01T20:48:19.453+0000] {logging_mixin.py:190} INFO - [2024-10-01T20:48:19.452+0000] {dag.py:4180} INFO - Setting next_dagrun for example_weekday_branch_operator to 2024-09-30 00:00:00+00:00, run_after=2024-10-01 00:00:00+00:00
[2024-10-01T20:48:19.462+0000] {processor.py:208} INFO - Processing /home/airflow/.local/lib/python3.12/site-packages/airflow/example_dags/example_branch_day_of_week_operator.py took 0.051 seconds
[2024-10-01T20:48:49.884+0000] {processor.py:186} INFO - Started process (PID=407) to work on /home/airflow/.local/lib/python3.12/site-packages/airflow/example_dags/example_branch_day_of_week_operator.py
[2024-10-01T20:48:49.885+0000] {processor.py:914} INFO - Processing file /home/airflow/.local/lib/python3.12/site-packages/airflow/example_dags/example_branch_day_of_week_operator.py for tasks to queue
[2024-10-01T20:48:49.886+0000] {logging_mixin.py:190} INFO - [2024-10-01T20:48:49.886+0000] {dagbag.py:588} INFO - Filling up the DagBag from /home/airflow/.local/lib/python3.12/site-packages/airflow/example_dags/example_branch_day_of_week_operator.py
[2024-10-01T20:48:49.892+0000] {processor.py:925} INFO - DAG(s) 'example_weekday_branch_operator' retrieved from /home/airflow/.local/lib/python3.12/site-packages/airflow/example_dags/example_branch_day_of_week_operator.py
[2024-10-01T20:48:49.905+0000] {logging_mixin.py:190} INFO - [2024-10-01T20:48:49.905+0000] {dag.py:3239} INFO - Sync 1 DAGs
[2024-10-01T20:48:49.918+0000] {logging_mixin.py:190} INFO - [2024-10-01T20:48:49.918+0000] {dag.py:4180} INFO - Setting next_dagrun for example_weekday_branch_operator to 2024-09-30 00:00:00+00:00, run_after=2024-10-01 00:00:00+00:00
[2024-10-01T20:48:49.927+0000] {processor.py:208} INFO - Processing /home/airflow/.local/lib/python3.12/site-packages/airflow/example_dags/example_branch_day_of_week_operator.py took 0.047 seconds
[2024-10-01T20:49:20.223+0000] {processor.py:186} INFO - Started process (PID=469) to work on /home/airflow/.local/lib/python3.12/site-packages/airflow/example_dags/example_branch_day_of_week_operator.py
[2024-10-01T20:49:20.227+0000] {processor.py:914} INFO - Processing file /home/airflow/.local/lib/python3.12/site-packages/airflow/example_dags/example_branch_day_of_week_operator.py for tasks to queue
[2024-10-01T20:49:20.231+0000] {logging_mixin.py:190} INFO - [2024-10-01T20:49:20.230+0000] {dagbag.py:588} INFO - Filling up the DagBag from /home/airflow/.local/lib/python3.12/site-packages/airflow/example_dags/example_branch_day_of_week_operator.py
[2024-10-01T20:49:20.239+0000] {processor.py:925} INFO - DAG(s) 'example_weekday_branch_operator' retrieved from /home/airflow/.local/lib/python3.12/site-packages/airflow/example_dags/example_branch_day_of_week_operator.py
[2024-10-01T20:49:20.255+0000] {logging_mixin.py:190} INFO - [2024-10-01T20:49:20.255+0000] {dag.py:3239} INFO - Sync 1 DAGs
[2024-10-01T20:49:20.277+0000] {logging_mixin.py:190} INFO - [2024-10-01T20:49:20.277+0000] {dag.py:4180} INFO - Setting next_dagrun for example_weekday_branch_operator to 2024-09-30 00:00:00+00:00, run_after=2024-10-01 00:00:00+00:00
[2024-10-01T20:49:20.288+0000] {processor.py:208} INFO - Processing /home/airflow/.local/lib/python3.12/site-packages/airflow/example_dags/example_branch_day_of_week_operator.py took 0.077 seconds
[2024-10-01T20:49:50.980+0000] {processor.py:186} INFO - Started process (PID=531) to work on /home/airflow/.local/lib/python3.12/site-packages/airflow/example_dags/example_branch_day_of_week_operator.py
[2024-10-01T20:49:50.981+0000] {processor.py:914} INFO - Processing file /home/airflow/.local/lib/python3.12/site-packages/airflow/example_dags/example_branch_day_of_week_operator.py for tasks to queue
[2024-10-01T20:49:50.983+0000] {logging_mixin.py:190} INFO - [2024-10-01T20:49:50.983+0000] {dagbag.py:588} INFO - Filling up the DagBag from /home/airflow/.local/lib/python3.12/site-packages/airflow/example_dags/example_branch_day_of_week_operator.py
[2024-10-01T20:49:50.989+0000] {processor.py:925} INFO - DAG(s) 'example_weekday_branch_operator' retrieved from /home/airflow/.local/lib/python3.12/site-packages/airflow/example_dags/example_branch_day_of_week_operator.py
[2024-10-01T20:49:51.001+0000] {logging_mixin.py:190} INFO - [2024-10-01T20:49:51.001+0000] {dag.py:3239} INFO - Sync 1 DAGs
[2024-10-01T20:49:51.015+0000] {logging_mixin.py:190} INFO - [2024-10-01T20:49:51.015+0000] {dag.py:4180} INFO - Setting next_dagrun for example_weekday_branch_operator to 2024-09-30 00:00:00+00:00, run_after=2024-10-01 00:00:00+00:00
[2024-10-01T20:49:51.024+0000] {processor.py:208} INFO - Processing /home/airflow/.local/lib/python3.12/site-packages/airflow/example_dags/example_branch_day_of_week_operator.py took 0.048 seconds
[2024-10-01T20:50:21.717+0000] {processor.py:186} INFO - Started process (PID=593) to work on /home/airflow/.local/lib/python3.12/site-packages/airflow/example_dags/example_branch_day_of_week_operator.py
[2024-10-01T20:50:21.717+0000] {processor.py:914} INFO - Processing file /home/airflow/.local/lib/python3.12/site-packages/airflow/example_dags/example_branch_day_of_week_operator.py for tasks to queue
[2024-10-01T20:50:21.719+0000] {logging_mixin.py:190} INFO - [2024-10-01T20:50:21.719+0000] {dagbag.py:588} INFO - Filling up the DagBag from /home/airflow/.local/lib/python3.12/site-packages/airflow/example_dags/example_branch_day_of_week_operator.py
[2024-10-01T20:50:21.726+0000] {processor.py:925} INFO - DAG(s) 'example_weekday_branch_operator' retrieved from /home/airflow/.local/lib/python3.12/site-packages/airflow/example_dags/example_branch_day_of_week_operator.py
[2024-10-01T20:50:21.739+0000] {logging_mixin.py:190} INFO - [2024-10-01T20:50:21.739+0000] {dag.py:3239} INFO - Sync 1 DAGs
[2024-10-01T20:50:21.757+0000] {logging_mixin.py:190} INFO - [2024-10-01T20:50:21.757+0000] {dag.py:4180} INFO - Setting next_dagrun for example_weekday_branch_operator to 2024-09-30 00:00:00+00:00, run_after=2024-10-01 00:00:00+00:00
[2024-10-01T20:50:21.767+0000] {processor.py:208} INFO - Processing /home/airflow/.local/lib/python3.12/site-packages/airflow/example_dags/example_branch_day_of_week_operator.py took 0.055 seconds
[2024-10-01T20:50:52.042+0000] {processor.py:186} INFO - Started process (PID=655) to work on /home/airflow/.local/lib/python3.12/site-packages/airflow/example_dags/example_branch_day_of_week_operator.py
[2024-10-01T20:50:52.046+0000] {processor.py:914} INFO - Processing file /home/airflow/.local/lib/python3.12/site-packages/airflow/example_dags/example_branch_day_of_week_operator.py for tasks to queue
[2024-10-01T20:50:52.048+0000] {logging_mixin.py:190} INFO - [2024-10-01T20:50:52.048+0000] {dagbag.py:588} INFO - Filling up the DagBag from /home/airflow/.local/lib/python3.12/site-packages/airflow/example_dags/example_branch_day_of_week_operator.py
[2024-10-01T20:50:52.061+0000] {processor.py:925} INFO - DAG(s) 'example_weekday_branch_operator' retrieved from /home/airflow/.local/lib/python3.12/site-packages/airflow/example_dags/example_branch_day_of_week_operator.py
[2024-10-01T20:50:52.116+0000] {logging_mixin.py:190} INFO - [2024-10-01T20:50:52.115+0000] {dag.py:3239} INFO - Sync 1 DAGs
[2024-10-01T20:50:52.141+0000] {logging_mixin.py:190} INFO - [2024-10-01T20:50:52.141+0000] {dag.py:4180} INFO - Setting next_dagrun for example_weekday_branch_operator to 2024-09-30 00:00:00+00:00, run_after=2024-10-01 00:00:00+00:00
[2024-10-01T20:50:52.152+0000] {processor.py:208} INFO - Processing /home/airflow/.local/lib/python3.12/site-packages/airflow/example_dags/example_branch_day_of_week_operator.py took 0.115 seconds
[2024-10-01T20:51:22.524+0000] {processor.py:186} INFO - Started process (PID=717) to work on /home/airflow/.local/lib/python3.12/site-packages/airflow/example_dags/example_branch_day_of_week_operator.py
[2024-10-01T20:51:22.528+0000] {processor.py:914} INFO - Processing file /home/airflow/.local/lib/python3.12/site-packages/airflow/example_dags/example_branch_day_of_week_operator.py for tasks to queue
[2024-10-01T20:51:22.529+0000] {logging_mixin.py:190} INFO - [2024-10-01T20:51:22.529+0000] {dagbag.py:588} INFO - Filling up the DagBag from /home/airflow/.local/lib/python3.12/site-packages/airflow/example_dags/example_branch_day_of_week_operator.py
[2024-10-01T20:51:22.537+0000] {processor.py:925} INFO - DAG(s) 'example_weekday_branch_operator' retrieved from /home/airflow/.local/lib/python3.12/site-packages/airflow/example_dags/example_branch_day_of_week_operator.py
[2024-10-01T20:51:22.554+0000] {logging_mixin.py:190} INFO - [2024-10-01T20:51:22.554+0000] {dag.py:3239} INFO - Sync 1 DAGs
[2024-10-01T20:51:22.570+0000] {logging_mixin.py:190} INFO - [2024-10-01T20:51:22.570+0000] {dag.py:4180} INFO - Setting next_dagrun for example_weekday_branch_operator to 2024-09-30 00:00:00+00:00, run_after=2024-10-01 00:00:00+00:00
[2024-10-01T20:51:22.579+0000] {processor.py:208} INFO - Processing /home/airflow/.local/lib/python3.12/site-packages/airflow/example_dags/example_branch_day_of_week_operator.py took 0.062 seconds
[2024-10-01T20:51:53.489+0000] {processor.py:186} INFO - Started process (PID=779) to work on /home/airflow/.local/lib/python3.12/site-packages/airflow/example_dags/example_branch_day_of_week_operator.py
[2024-10-01T20:51:53.490+0000] {processor.py:914} INFO - Processing file /home/airflow/.local/lib/python3.12/site-packages/airflow/example_dags/example_branch_day_of_week_operator.py for tasks to queue
[2024-10-01T20:51:53.492+0000] {logging_mixin.py:190} INFO - [2024-10-01T20:51:53.491+0000] {dagbag.py:588} INFO - Filling up the DagBag from /home/airflow/.local/lib/python3.12/site-packages/airflow/example_dags/example_branch_day_of_week_operator.py
[2024-10-01T20:51:53.499+0000] {processor.py:925} INFO - DAG(s) 'example_weekday_branch_operator' retrieved from /home/airflow/.local/lib/python3.12/site-packages/airflow/example_dags/example_branch_day_of_week_operator.py
[2024-10-01T20:51:53.511+0000] {logging_mixin.py:190} INFO - [2024-10-01T20:51:53.511+0000] {dag.py:3239} INFO - Sync 1 DAGs
[2024-10-01T20:51:53.529+0000] {logging_mixin.py:190} INFO - [2024-10-01T20:51:53.528+0000] {dag.py:4180} INFO - Setting next_dagrun for example_weekday_branch_operator to 2024-09-30 00:00:00+00:00, run_after=2024-10-01 00:00:00+00:00
[2024-10-01T20:51:53.538+0000] {processor.py:208} INFO - Processing /home/airflow/.local/lib/python3.12/site-packages/airflow/example_dags/example_branch_day_of_week_operator.py took 0.054 seconds
[2024-10-01T20:52:24.100+0000] {processor.py:186} INFO - Started process (PID=841) to work on /home/airflow/.local/lib/python3.12/site-packages/airflow/example_dags/example_branch_day_of_week_operator.py
[2024-10-01T20:52:24.103+0000] {processor.py:914} INFO - Processing file /home/airflow/.local/lib/python3.12/site-packages/airflow/example_dags/example_branch_day_of_week_operator.py for tasks to queue
[2024-10-01T20:52:24.106+0000] {logging_mixin.py:190} INFO - [2024-10-01T20:52:24.106+0000] {dagbag.py:588} INFO - Filling up the DagBag from /home/airflow/.local/lib/python3.12/site-packages/airflow/example_dags/example_branch_day_of_week_operator.py
[2024-10-01T20:52:24.120+0000] {processor.py:925} INFO - DAG(s) 'example_weekday_branch_operator' retrieved from /home/airflow/.local/lib/python3.12/site-packages/airflow/example_dags/example_branch_day_of_week_operator.py
[2024-10-01T20:52:24.139+0000] {logging_mixin.py:190} INFO - [2024-10-01T20:52:24.138+0000] {dag.py:3239} INFO - Sync 1 DAGs
[2024-10-01T20:52:24.162+0000] {logging_mixin.py:190} INFO - [2024-10-01T20:52:24.161+0000] {dag.py:4180} INFO - Setting next_dagrun for example_weekday_branch_operator to 2024-09-30 00:00:00+00:00, run_after=2024-10-01 00:00:00+00:00
[2024-10-01T20:52:24.171+0000] {processor.py:208} INFO - Processing /home/airflow/.local/lib/python3.12/site-packages/airflow/example_dags/example_branch_day_of_week_operator.py took 0.083 seconds
[2024-10-01T20:52:54.661+0000] {processor.py:186} INFO - Started process (PID=903) to work on /home/airflow/.local/lib/python3.12/site-packages/airflow/example_dags/example_branch_day_of_week_operator.py
[2024-10-01T20:52:54.664+0000] {processor.py:914} INFO - Processing file /home/airflow/.local/lib/python3.12/site-packages/airflow/example_dags/example_branch_day_of_week_operator.py for tasks to queue
[2024-10-01T20:52:54.666+0000] {logging_mixin.py:190} INFO - [2024-10-01T20:52:54.666+0000] {dagbag.py:588} INFO - Filling up the DagBag from /home/airflow/.local/lib/python3.12/site-packages/airflow/example_dags/example_branch_day_of_week_operator.py
[2024-10-01T20:52:54.677+0000] {processor.py:925} INFO - DAG(s) 'example_weekday_branch_operator' retrieved from /home/airflow/.local/lib/python3.12/site-packages/airflow/example_dags/example_branch_day_of_week_operator.py
[2024-10-01T20:52:54.694+0000] {logging_mixin.py:190} INFO - [2024-10-01T20:52:54.694+0000] {dag.py:3239} INFO - Sync 1 DAGs
[2024-10-01T20:52:54.713+0000] {logging_mixin.py:190} INFO - [2024-10-01T20:52:54.712+0000] {dag.py:4180} INFO - Setting next_dagrun for example_weekday_branch_operator to 2024-09-30 00:00:00+00:00, run_after=2024-10-01 00:00:00+00:00
[2024-10-01T20:52:54.730+0000] {processor.py:208} INFO - Processing /home/airflow/.local/lib/python3.12/site-packages/airflow/example_dags/example_branch_day_of_week_operator.py took 0.072 seconds
[2024-10-01T20:53:26.407+0000] {processor.py:186} INFO - Started process (PID=965) to work on /home/airflow/.local/lib/python3.12/site-packages/airflow/example_dags/example_branch_day_of_week_operator.py
[2024-10-01T20:53:26.412+0000] {processor.py:914} INFO - Processing file /home/airflow/.local/lib/python3.12/site-packages/airflow/example_dags/example_branch_day_of_week_operator.py for tasks to queue
[2024-10-01T20:53:26.418+0000] {logging_mixin.py:190} INFO - [2024-10-01T20:53:26.418+0000] {dagbag.py:588} INFO - Filling up the DagBag from /home/airflow/.local/lib/python3.12/site-packages/airflow/example_dags/example_branch_day_of_week_operator.py
[2024-10-01T20:53:26.432+0000] {processor.py:925} INFO - DAG(s) 'example_weekday_branch_operator' retrieved from /home/airflow/.local/lib/python3.12/site-packages/airflow/example_dags/example_branch_day_of_week_operator.py
[2024-10-01T20:53:26.499+0000] {logging_mixin.py:190} INFO - [2024-10-01T20:53:26.499+0000] {dag.py:3239} INFO - Sync 1 DAGs
[2024-10-01T20:53:26.532+0000] {logging_mixin.py:190} INFO - [2024-10-01T20:53:26.532+0000] {dag.py:4180} INFO - Setting next_dagrun for example_weekday_branch_operator to 2024-09-30 00:00:00+00:00, run_after=2024-10-01 00:00:00+00:00
[2024-10-01T20:53:26.618+0000] {processor.py:208} INFO - Processing /home/airflow/.local/lib/python3.12/site-packages/airflow/example_dags/example_branch_day_of_week_operator.py took 0.232 seconds
[2024-10-01T20:53:56.774+0000] {processor.py:186} INFO - Started process (PID=1026) to work on /home/airflow/.local/lib/python3.12/site-packages/airflow/example_dags/example_branch_day_of_week_operator.py
[2024-10-01T20:53:56.776+0000] {processor.py:914} INFO - Processing file /home/airflow/.local/lib/python3.12/site-packages/airflow/example_dags/example_branch_day_of_week_operator.py for tasks to queue
[2024-10-01T20:53:56.780+0000] {logging_mixin.py:190} INFO - [2024-10-01T20:53:56.779+0000] {dagbag.py:588} INFO - Filling up the DagBag from /home/airflow/.local/lib/python3.12/site-packages/airflow/example_dags/example_branch_day_of_week_operator.py
[2024-10-01T20:53:56.792+0000] {processor.py:925} INFO - DAG(s) 'example_weekday_branch_operator' retrieved from /home/airflow/.local/lib/python3.12/site-packages/airflow/example_dags/example_branch_day_of_week_operator.py
[2024-10-01T20:53:56.826+0000] {logging_mixin.py:190} INFO - [2024-10-01T20:53:56.826+0000] {dag.py:3239} INFO - Sync 1 DAGs
[2024-10-01T20:53:56.852+0000] {logging_mixin.py:190} INFO - [2024-10-01T20:53:56.852+0000] {dag.py:4180} INFO - Setting next_dagrun for example_weekday_branch_operator to 2024-09-30 00:00:00+00:00, run_after=2024-10-01 00:00:00+00:00
[2024-10-01T20:53:56.870+0000] {processor.py:208} INFO - Processing /home/airflow/.local/lib/python3.12/site-packages/airflow/example_dags/example_branch_day_of_week_operator.py took 0.117 seconds
[2024-10-01T20:54:26.910+0000] {processor.py:186} INFO - Started process (PID=1088) to work on /home/airflow/.local/lib/python3.12/site-packages/airflow/example_dags/example_branch_day_of_week_operator.py
[2024-10-01T20:54:26.911+0000] {processor.py:914} INFO - Processing file /home/airflow/.local/lib/python3.12/site-packages/airflow/example_dags/example_branch_day_of_week_operator.py for tasks to queue
[2024-10-01T20:54:26.913+0000] {logging_mixin.py:190} INFO - [2024-10-01T20:54:26.912+0000] {dagbag.py:588} INFO - Filling up the DagBag from /home/airflow/.local/lib/python3.12/site-packages/airflow/example_dags/example_branch_day_of_week_operator.py
[2024-10-01T20:54:26.919+0000] {processor.py:925} INFO - DAG(s) 'example_weekday_branch_operator' retrieved from /home/airflow/.local/lib/python3.12/site-packages/airflow/example_dags/example_branch_day_of_week_operator.py
[2024-10-01T20:54:26.931+0000] {logging_mixin.py:190} INFO - [2024-10-01T20:54:26.930+0000] {dag.py:3239} INFO - Sync 1 DAGs
[2024-10-01T20:54:26.944+0000] {logging_mixin.py:190} INFO - [2024-10-01T20:54:26.943+0000] {dag.py:4180} INFO - Setting next_dagrun for example_weekday_branch_operator to 2024-09-30 00:00:00+00:00, run_after=2024-10-01 00:00:00+00:00
[2024-10-01T20:54:26.952+0000] {processor.py:208} INFO - Processing /home/airflow/.local/lib/python3.12/site-packages/airflow/example_dags/example_branch_day_of_week_operator.py took 0.046 seconds
[2024-10-01T20:54:57.206+0000] {processor.py:186} INFO - Started process (PID=1150) to work on /home/airflow/.local/lib/python3.12/site-packages/airflow/example_dags/example_branch_day_of_week_operator.py
[2024-10-01T20:54:57.208+0000] {processor.py:914} INFO - Processing file /home/airflow/.local/lib/python3.12/site-packages/airflow/example_dags/example_branch_day_of_week_operator.py for tasks to queue
[2024-10-01T20:54:57.212+0000] {logging_mixin.py:190} INFO - [2024-10-01T20:54:57.212+0000] {dagbag.py:588} INFO - Filling up the DagBag from /home/airflow/.local/lib/python3.12/site-packages/airflow/example_dags/example_branch_day_of_week_operator.py
[2024-10-01T20:54:57.223+0000] {processor.py:925} INFO - DAG(s) 'example_weekday_branch_operator' retrieved from /home/airflow/.local/lib/python3.12/site-packages/airflow/example_dags/example_branch_day_of_week_operator.py
[2024-10-01T20:54:57.241+0000] {logging_mixin.py:190} INFO - [2024-10-01T20:54:57.241+0000] {dag.py:3239} INFO - Sync 1 DAGs
[2024-10-01T20:54:57.258+0000] {logging_mixin.py:190} INFO - [2024-10-01T20:54:57.258+0000] {dag.py:4180} INFO - Setting next_dagrun for example_weekday_branch_operator to 2024-09-30 00:00:00+00:00, run_after=2024-10-01 00:00:00+00:00
[2024-10-01T20:54:57.269+0000] {processor.py:208} INFO - Processing /home/airflow/.local/lib/python3.12/site-packages/airflow/example_dags/example_branch_day_of_week_operator.py took 0.069 seconds
[2024-10-01T20:55:27.524+0000] {processor.py:186} INFO - Started process (PID=1212) to work on /home/airflow/.local/lib/python3.12/site-packages/airflow/example_dags/example_branch_day_of_week_operator.py
[2024-10-01T20:55:27.525+0000] {processor.py:914} INFO - Processing file /home/airflow/.local/lib/python3.12/site-packages/airflow/example_dags/example_branch_day_of_week_operator.py for tasks to queue
[2024-10-01T20:55:27.527+0000] {logging_mixin.py:190} INFO - [2024-10-01T20:55:27.527+0000] {dagbag.py:588} INFO - Filling up the DagBag from /home/airflow/.local/lib/python3.12/site-packages/airflow/example_dags/example_branch_day_of_week_operator.py
[2024-10-01T20:55:27.534+0000] {processor.py:925} INFO - DAG(s) 'example_weekday_branch_operator' retrieved from /home/airflow/.local/lib/python3.12/site-packages/airflow/example_dags/example_branch_day_of_week_operator.py
[2024-10-01T20:55:27.547+0000] {logging_mixin.py:190} INFO - [2024-10-01T20:55:27.547+0000] {dag.py:3239} INFO - Sync 1 DAGs
[2024-10-01T20:55:27.564+0000] {logging_mixin.py:190} INFO - [2024-10-01T20:55:27.564+0000] {dag.py:4180} INFO - Setting next_dagrun for example_weekday_branch_operator to 2024-09-30 00:00:00+00:00, run_after=2024-10-01 00:00:00+00:00
[2024-10-01T20:55:27.575+0000] {processor.py:208} INFO - Processing /home/airflow/.local/lib/python3.12/site-packages/airflow/example_dags/example_branch_day_of_week_operator.py took 0.057 seconds
[2024-10-01T20:56:06.234+0000] {processor.py:186} INFO - Started process (PID=1274) to work on /home/airflow/.local/lib/python3.12/site-packages/airflow/example_dags/example_branch_day_of_week_operator.py
[2024-10-01T20:56:06.236+0000] {processor.py:914} INFO - Processing file /home/airflow/.local/lib/python3.12/site-packages/airflow/example_dags/example_branch_day_of_week_operator.py for tasks to queue
[2024-10-01T20:56:06.241+0000] {logging_mixin.py:190} INFO - [2024-10-01T20:56:06.240+0000] {dagbag.py:588} INFO - Filling up the DagBag from /home/airflow/.local/lib/python3.12/site-packages/airflow/example_dags/example_branch_day_of_week_operator.py
[2024-10-01T20:56:06.258+0000] {processor.py:925} INFO - DAG(s) 'example_weekday_branch_operator' retrieved from /home/airflow/.local/lib/python3.12/site-packages/airflow/example_dags/example_branch_day_of_week_operator.py
[2024-10-01T20:56:06.302+0000] {logging_mixin.py:190} INFO - [2024-10-01T20:56:06.302+0000] {dag.py:3239} INFO - Sync 1 DAGs
[2024-10-01T20:56:06.355+0000] {logging_mixin.py:190} INFO - [2024-10-01T20:56:06.355+0000] {dag.py:4180} INFO - Setting next_dagrun for example_weekday_branch_operator to 2024-09-30 00:00:00+00:00, run_after=2024-10-01 00:00:00+00:00
[2024-10-01T20:56:06.374+0000] {processor.py:208} INFO - Processing /home/airflow/.local/lib/python3.12/site-packages/airflow/example_dags/example_branch_day_of_week_operator.py took 0.161 seconds
[2024-10-01T20:56:37.293+0000] {processor.py:186} INFO - Started process (PID=1336) to work on /home/airflow/.local/lib/python3.12/site-packages/airflow/example_dags/example_branch_day_of_week_operator.py
[2024-10-01T20:56:37.298+0000] {processor.py:914} INFO - Processing file /home/airflow/.local/lib/python3.12/site-packages/airflow/example_dags/example_branch_day_of_week_operator.py for tasks to queue
[2024-10-01T20:56:37.301+0000] {logging_mixin.py:190} INFO - [2024-10-01T20:56:37.301+0000] {dagbag.py:588} INFO - Filling up the DagBag from /home/airflow/.local/lib/python3.12/site-packages/airflow/example_dags/example_branch_day_of_week_operator.py
[2024-10-01T20:56:37.312+0000] {processor.py:925} INFO - DAG(s) 'example_weekday_branch_operator' retrieved from /home/airflow/.local/lib/python3.12/site-packages/airflow/example_dags/example_branch_day_of_week_operator.py
[2024-10-01T20:56:37.344+0000] {logging_mixin.py:190} INFO - [2024-10-01T20:56:37.344+0000] {dag.py:3239} INFO - Sync 1 DAGs
[2024-10-01T20:56:37.365+0000] {logging_mixin.py:190} INFO - [2024-10-01T20:56:37.365+0000] {dag.py:4180} INFO - Setting next_dagrun for example_weekday_branch_operator to 2024-09-30 00:00:00+00:00, run_after=2024-10-01 00:00:00+00:00
[2024-10-01T20:56:37.380+0000] {processor.py:208} INFO - Processing /home/airflow/.local/lib/python3.12/site-packages/airflow/example_dags/example_branch_day_of_week_operator.py took 0.095 seconds
[2024-10-01T20:57:08.196+0000] {processor.py:186} INFO - Started process (PID=1398) to work on /home/airflow/.local/lib/python3.12/site-packages/airflow/example_dags/example_branch_day_of_week_operator.py
[2024-10-01T20:57:08.200+0000] {processor.py:914} INFO - Processing file /home/airflow/.local/lib/python3.12/site-packages/airflow/example_dags/example_branch_day_of_week_operator.py for tasks to queue
[2024-10-01T20:57:08.243+0000] {logging_mixin.py:190} INFO - [2024-10-01T20:57:08.238+0000] {dagbag.py:588} INFO - Filling up the DagBag from /home/airflow/.local/lib/python3.12/site-packages/airflow/example_dags/example_branch_day_of_week_operator.py
[2024-10-01T20:57:08.605+0000] {processor.py:925} INFO - DAG(s) 'example_weekday_branch_operator' retrieved from /home/airflow/.local/lib/python3.12/site-packages/airflow/example_dags/example_branch_day_of_week_operator.py
[2024-10-01T20:57:09.060+0000] {logging_mixin.py:190} INFO - [2024-10-01T20:57:09.041+0000] {dag.py:3239} INFO - Sync 1 DAGs
[2024-10-01T20:57:09.243+0000] {logging_mixin.py:190} INFO - [2024-10-01T20:57:09.242+0000] {dag.py:4180} INFO - Setting next_dagrun for example_weekday_branch_operator to 2024-09-30 00:00:00+00:00, run_after=2024-10-01 00:00:00+00:00
[2024-10-01T20:57:09.363+0000] {processor.py:208} INFO - Processing /home/airflow/.local/lib/python3.12/site-packages/airflow/example_dags/example_branch_day_of_week_operator.py took 1.206 seconds
