[2024-10-01T20:46:15.810+0000] {processor.py:186} INFO - Started process (PID=94) to work on /home/airflow/.local/lib/python3.12/site-packages/airflow/example_dags/example_task_group.py
[2024-10-01T20:46:15.811+0000] {processor.py:914} INFO - Processing file /home/airflow/.local/lib/python3.12/site-packages/airflow/example_dags/example_task_group.py for tasks to queue
[2024-10-01T20:46:15.820+0000] {logging_mixin.py:190} INFO - [2024-10-01T20:46:15.820+0000] {dagbag.py:588} INFO - Filling up the DagBag from /home/airflow/.local/lib/python3.12/site-packages/airflow/example_dags/example_task_group.py
[2024-10-01T20:46:15.846+0000] {processor.py:925} INFO - DAG(s) 'example_task_group' retrieved from /home/airflow/.local/lib/python3.12/site-packages/airflow/example_dags/example_task_group.py
[2024-10-01T20:46:16.439+0000] {logging_mixin.py:190} INFO - [2024-10-01T20:46:16.429+0000] {override.py:1900} INFO - Created Permission View: can delete on DAG:example_task_group
[2024-10-01T20:46:16.461+0000] {logging_mixin.py:190} INFO - [2024-10-01T20:46:16.461+0000] {override.py:1900} INFO - Created Permission View: can read on DAG:example_task_group
[2024-10-01T20:46:16.468+0000] {logging_mixin.py:190} INFO - [2024-10-01T20:46:16.467+0000] {override.py:1900} INFO - Created Permission View: can edit on DAG:example_task_group
[2024-10-01T20:46:16.501+0000] {logging_mixin.py:190} INFO - [2024-10-01T20:46:16.501+0000] {override.py:1900} INFO - Created Permission View: can delete on DAG Run:example_task_group
[2024-10-01T20:46:16.516+0000] {logging_mixin.py:190} INFO - [2024-10-01T20:46:16.515+0000] {override.py:1900} INFO - Created Permission View: can read on DAG Run:example_task_group
[2024-10-01T20:46:16.525+0000] {logging_mixin.py:190} INFO - [2024-10-01T20:46:16.525+0000] {override.py:1900} INFO - Created Permission View: menu access on DAG Run:example_task_group
[2024-10-01T20:46:16.555+0000] {logging_mixin.py:190} INFO - [2024-10-01T20:46:16.550+0000] {override.py:1900} INFO - Created Permission View: can create on DAG Run:example_task_group
[2024-10-01T20:46:16.570+0000] {logging_mixin.py:190} INFO - [2024-10-01T20:46:16.568+0000] {dag.py:3239} INFO - Sync 1 DAGs
[2024-10-01T20:46:16.692+0000] {logging_mixin.py:190} INFO - [2024-10-01T20:46:16.691+0000] {dag.py:3262} INFO - Creating ORM DAG for example_task_group
[2024-10-01T20:46:16.698+0000] {logging_mixin.py:190} INFO - [2024-10-01T20:46:16.698+0000] {dag.py:4180} INFO - Setting next_dagrun for example_task_group to None, run_after=None
[2024-10-01T20:46:16.745+0000] {processor.py:208} INFO - Processing /home/airflow/.local/lib/python3.12/site-packages/airflow/example_dags/example_task_group.py took 0.942 seconds
[2024-10-01T20:46:47.340+0000] {processor.py:186} INFO - Started process (PID=156) to work on /home/airflow/.local/lib/python3.12/site-packages/airflow/example_dags/example_task_group.py
[2024-10-01T20:46:47.343+0000] {processor.py:914} INFO - Processing file /home/airflow/.local/lib/python3.12/site-packages/airflow/example_dags/example_task_group.py for tasks to queue
[2024-10-01T20:46:47.346+0000] {logging_mixin.py:190} INFO - [2024-10-01T20:46:47.345+0000] {dagbag.py:588} INFO - Filling up the DagBag from /home/airflow/.local/lib/python3.12/site-packages/airflow/example_dags/example_task_group.py
[2024-10-01T20:46:47.362+0000] {processor.py:925} INFO - DAG(s) 'example_task_group' retrieved from /home/airflow/.local/lib/python3.12/site-packages/airflow/example_dags/example_task_group.py
[2024-10-01T20:46:47.414+0000] {logging_mixin.py:190} INFO - [2024-10-01T20:46:47.413+0000] {dag.py:3239} INFO - Sync 1 DAGs
[2024-10-01T20:46:47.432+0000] {logging_mixin.py:190} INFO - [2024-10-01T20:46:47.432+0000] {dag.py:4180} INFO - Setting next_dagrun for example_task_group to None, run_after=None
[2024-10-01T20:46:47.445+0000] {processor.py:208} INFO - Processing /home/airflow/.local/lib/python3.12/site-packages/airflow/example_dags/example_task_group.py took 0.112 seconds
[2024-10-01T20:47:17.493+0000] {processor.py:186} INFO - Started process (PID=217) to work on /home/airflow/.local/lib/python3.12/site-packages/airflow/example_dags/example_task_group.py
[2024-10-01T20:47:17.496+0000] {processor.py:914} INFO - Processing file /home/airflow/.local/lib/python3.12/site-packages/airflow/example_dags/example_task_group.py for tasks to queue
[2024-10-01T20:47:17.499+0000] {logging_mixin.py:190} INFO - [2024-10-01T20:47:17.499+0000] {dagbag.py:588} INFO - Filling up the DagBag from /home/airflow/.local/lib/python3.12/site-packages/airflow/example_dags/example_task_group.py
[2024-10-01T20:47:17.509+0000] {processor.py:925} INFO - DAG(s) 'example_task_group' retrieved from /home/airflow/.local/lib/python3.12/site-packages/airflow/example_dags/example_task_group.py
[2024-10-01T20:47:17.532+0000] {logging_mixin.py:190} INFO - [2024-10-01T20:47:17.532+0000] {dag.py:3239} INFO - Sync 1 DAGs
[2024-10-01T20:47:17.553+0000] {logging_mixin.py:190} INFO - [2024-10-01T20:47:17.553+0000] {dag.py:4180} INFO - Setting next_dagrun for example_task_group to None, run_after=None
[2024-10-01T20:47:17.577+0000] {processor.py:208} INFO - Processing /home/airflow/.local/lib/python3.12/site-packages/airflow/example_dags/example_task_group.py took 0.092 seconds
[2024-10-01T20:47:48.418+0000] {processor.py:186} INFO - Started process (PID=280) to work on /home/airflow/.local/lib/python3.12/site-packages/airflow/example_dags/example_task_group.py
[2024-10-01T20:47:48.420+0000] {processor.py:914} INFO - Processing file /home/airflow/.local/lib/python3.12/site-packages/airflow/example_dags/example_task_group.py for tasks to queue
[2024-10-01T20:47:48.427+0000] {logging_mixin.py:190} INFO - [2024-10-01T20:47:48.426+0000] {dagbag.py:588} INFO - Filling up the DagBag from /home/airflow/.local/lib/python3.12/site-packages/airflow/example_dags/example_task_group.py
[2024-10-01T20:47:48.440+0000] {processor.py:925} INFO - DAG(s) 'example_task_group' retrieved from /home/airflow/.local/lib/python3.12/site-packages/airflow/example_dags/example_task_group.py
[2024-10-01T20:47:48.471+0000] {logging_mixin.py:190} INFO - [2024-10-01T20:47:48.471+0000] {dag.py:3239} INFO - Sync 1 DAGs
[2024-10-01T20:47:48.486+0000] {logging_mixin.py:190} INFO - [2024-10-01T20:47:48.486+0000] {dag.py:4180} INFO - Setting next_dagrun for example_task_group to None, run_after=None
[2024-10-01T20:47:48.498+0000] {processor.py:208} INFO - Processing /home/airflow/.local/lib/python3.12/site-packages/airflow/example_dags/example_task_group.py took 0.086 seconds
[2024-10-01T20:48:19.210+0000] {processor.py:186} INFO - Started process (PID=342) to work on /home/airflow/.local/lib/python3.12/site-packages/airflow/example_dags/example_task_group.py
[2024-10-01T20:48:19.212+0000] {processor.py:914} INFO - Processing file /home/airflow/.local/lib/python3.12/site-packages/airflow/example_dags/example_task_group.py for tasks to queue
[2024-10-01T20:48:19.213+0000] {logging_mixin.py:190} INFO - [2024-10-01T20:48:19.213+0000] {dagbag.py:588} INFO - Filling up the DagBag from /home/airflow/.local/lib/python3.12/site-packages/airflow/example_dags/example_task_group.py
[2024-10-01T20:48:19.223+0000] {processor.py:925} INFO - DAG(s) 'example_task_group' retrieved from /home/airflow/.local/lib/python3.12/site-packages/airflow/example_dags/example_task_group.py
[2024-10-01T20:48:19.244+0000] {logging_mixin.py:190} INFO - [2024-10-01T20:48:19.243+0000] {dag.py:3239} INFO - Sync 1 DAGs
[2024-10-01T20:48:19.256+0000] {logging_mixin.py:190} INFO - [2024-10-01T20:48:19.256+0000] {dag.py:4180} INFO - Setting next_dagrun for example_task_group to None, run_after=None
[2024-10-01T20:48:19.268+0000] {processor.py:208} INFO - Processing /home/airflow/.local/lib/python3.12/site-packages/airflow/example_dags/example_task_group.py took 0.064 seconds
[2024-10-01T20:48:49.662+0000] {processor.py:186} INFO - Started process (PID=404) to work on /home/airflow/.local/lib/python3.12/site-packages/airflow/example_dags/example_task_group.py
[2024-10-01T20:48:49.664+0000] {processor.py:914} INFO - Processing file /home/airflow/.local/lib/python3.12/site-packages/airflow/example_dags/example_task_group.py for tasks to queue
[2024-10-01T20:48:49.669+0000] {logging_mixin.py:190} INFO - [2024-10-01T20:48:49.668+0000] {dagbag.py:588} INFO - Filling up the DagBag from /home/airflow/.local/lib/python3.12/site-packages/airflow/example_dags/example_task_group.py
[2024-10-01T20:48:49.678+0000] {processor.py:925} INFO - DAG(s) 'example_task_group' retrieved from /home/airflow/.local/lib/python3.12/site-packages/airflow/example_dags/example_task_group.py
[2024-10-01T20:48:49.696+0000] {logging_mixin.py:190} INFO - [2024-10-01T20:48:49.696+0000] {dag.py:3239} INFO - Sync 1 DAGs
[2024-10-01T20:48:49.707+0000] {logging_mixin.py:190} INFO - [2024-10-01T20:48:49.707+0000] {dag.py:4180} INFO - Setting next_dagrun for example_task_group to None, run_after=None
[2024-10-01T20:48:49.718+0000] {processor.py:208} INFO - Processing /home/airflow/.local/lib/python3.12/site-packages/airflow/example_dags/example_task_group.py took 0.061 seconds
[2024-10-01T20:49:20.021+0000] {processor.py:186} INFO - Started process (PID=466) to work on /home/airflow/.local/lib/python3.12/site-packages/airflow/example_dags/example_task_group.py
[2024-10-01T20:49:20.022+0000] {processor.py:914} INFO - Processing file /home/airflow/.local/lib/python3.12/site-packages/airflow/example_dags/example_task_group.py for tasks to queue
[2024-10-01T20:49:20.023+0000] {logging_mixin.py:190} INFO - [2024-10-01T20:49:20.023+0000] {dagbag.py:588} INFO - Filling up the DagBag from /home/airflow/.local/lib/python3.12/site-packages/airflow/example_dags/example_task_group.py
[2024-10-01T20:49:20.030+0000] {processor.py:925} INFO - DAG(s) 'example_task_group' retrieved from /home/airflow/.local/lib/python3.12/site-packages/airflow/example_dags/example_task_group.py
[2024-10-01T20:49:20.049+0000] {logging_mixin.py:190} INFO - [2024-10-01T20:49:20.049+0000] {dag.py:3239} INFO - Sync 1 DAGs
[2024-10-01T20:49:20.063+0000] {logging_mixin.py:190} INFO - [2024-10-01T20:49:20.063+0000] {dag.py:4180} INFO - Setting next_dagrun for example_task_group to None, run_after=None
[2024-10-01T20:49:20.092+0000] {processor.py:208} INFO - Processing /home/airflow/.local/lib/python3.12/site-packages/airflow/example_dags/example_task_group.py took 0.076 seconds
[2024-10-01T20:49:50.780+0000] {processor.py:186} INFO - Started process (PID=528) to work on /home/airflow/.local/lib/python3.12/site-packages/airflow/example_dags/example_task_group.py
[2024-10-01T20:49:50.782+0000] {processor.py:914} INFO - Processing file /home/airflow/.local/lib/python3.12/site-packages/airflow/example_dags/example_task_group.py for tasks to queue
[2024-10-01T20:49:50.784+0000] {logging_mixin.py:190} INFO - [2024-10-01T20:49:50.784+0000] {dagbag.py:588} INFO - Filling up the DagBag from /home/airflow/.local/lib/python3.12/site-packages/airflow/example_dags/example_task_group.py
[2024-10-01T20:49:50.794+0000] {processor.py:925} INFO - DAG(s) 'example_task_group' retrieved from /home/airflow/.local/lib/python3.12/site-packages/airflow/example_dags/example_task_group.py
[2024-10-01T20:49:50.812+0000] {logging_mixin.py:190} INFO - [2024-10-01T20:49:50.812+0000] {dag.py:3239} INFO - Sync 1 DAGs
[2024-10-01T20:49:50.823+0000] {logging_mixin.py:190} INFO - [2024-10-01T20:49:50.823+0000] {dag.py:4180} INFO - Setting next_dagrun for example_task_group to None, run_after=None
[2024-10-01T20:49:50.834+0000] {processor.py:208} INFO - Processing /home/airflow/.local/lib/python3.12/site-packages/airflow/example_dags/example_task_group.py took 0.059 seconds
[2024-10-01T20:50:21.476+0000] {processor.py:186} INFO - Started process (PID=590) to work on /home/airflow/.local/lib/python3.12/site-packages/airflow/example_dags/example_task_group.py
[2024-10-01T20:50:21.477+0000] {processor.py:914} INFO - Processing file /home/airflow/.local/lib/python3.12/site-packages/airflow/example_dags/example_task_group.py for tasks to queue
[2024-10-01T20:50:21.478+0000] {logging_mixin.py:190} INFO - [2024-10-01T20:50:21.478+0000] {dagbag.py:588} INFO - Filling up the DagBag from /home/airflow/.local/lib/python3.12/site-packages/airflow/example_dags/example_task_group.py
[2024-10-01T20:50:21.484+0000] {processor.py:925} INFO - DAG(s) 'example_task_group' retrieved from /home/airflow/.local/lib/python3.12/site-packages/airflow/example_dags/example_task_group.py
[2024-10-01T20:50:21.499+0000] {logging_mixin.py:190} INFO - [2024-10-01T20:50:21.499+0000] {dag.py:3239} INFO - Sync 1 DAGs
[2024-10-01T20:50:21.509+0000] {logging_mixin.py:190} INFO - [2024-10-01T20:50:21.509+0000] {dag.py:4180} INFO - Setting next_dagrun for example_task_group to None, run_after=None
[2024-10-01T20:50:21.520+0000] {processor.py:208} INFO - Processing /home/airflow/.local/lib/python3.12/site-packages/airflow/example_dags/example_task_group.py took 0.048 seconds
[2024-10-01T20:50:51.926+0000] {processor.py:186} INFO - Started process (PID=652) to work on /home/airflow/.local/lib/python3.12/site-packages/airflow/example_dags/example_task_group.py
[2024-10-01T20:50:51.927+0000] {processor.py:914} INFO - Processing file /home/airflow/.local/lib/python3.12/site-packages/airflow/example_dags/example_task_group.py for tasks to queue
[2024-10-01T20:50:51.928+0000] {logging_mixin.py:190} INFO - [2024-10-01T20:50:51.928+0000] {dagbag.py:588} INFO - Filling up the DagBag from /home/airflow/.local/lib/python3.12/site-packages/airflow/example_dags/example_task_group.py
[2024-10-01T20:50:51.935+0000] {processor.py:925} INFO - DAG(s) 'example_task_group' retrieved from /home/airflow/.local/lib/python3.12/site-packages/airflow/example_dags/example_task_group.py
[2024-10-01T20:50:51.949+0000] {logging_mixin.py:190} INFO - [2024-10-01T20:50:51.949+0000] {dag.py:3239} INFO - Sync 1 DAGs
[2024-10-01T20:50:51.958+0000] {logging_mixin.py:190} INFO - [2024-10-01T20:50:51.958+0000] {dag.py:4180} INFO - Setting next_dagrun for example_task_group to None, run_after=None
[2024-10-01T20:50:51.971+0000] {processor.py:208} INFO - Processing /home/airflow/.local/lib/python3.12/site-packages/airflow/example_dags/example_task_group.py took 0.051 seconds
[2024-10-01T20:51:22.353+0000] {processor.py:186} INFO - Started process (PID=714) to work on /home/airflow/.local/lib/python3.12/site-packages/airflow/example_dags/example_task_group.py
[2024-10-01T20:51:22.358+0000] {processor.py:914} INFO - Processing file /home/airflow/.local/lib/python3.12/site-packages/airflow/example_dags/example_task_group.py for tasks to queue
[2024-10-01T20:51:22.361+0000] {logging_mixin.py:190} INFO - [2024-10-01T20:51:22.360+0000] {dagbag.py:588} INFO - Filling up the DagBag from /home/airflow/.local/lib/python3.12/site-packages/airflow/example_dags/example_task_group.py
[2024-10-01T20:51:22.371+0000] {processor.py:925} INFO - DAG(s) 'example_task_group' retrieved from /home/airflow/.local/lib/python3.12/site-packages/airflow/example_dags/example_task_group.py
[2024-10-01T20:51:22.388+0000] {logging_mixin.py:190} INFO - [2024-10-01T20:51:22.388+0000] {dag.py:3239} INFO - Sync 1 DAGs
[2024-10-01T20:51:22.402+0000] {logging_mixin.py:190} INFO - [2024-10-01T20:51:22.402+0000] {dag.py:4180} INFO - Setting next_dagrun for example_task_group to None, run_after=None
[2024-10-01T20:51:22.417+0000] {processor.py:208} INFO - Processing /home/airflow/.local/lib/python3.12/site-packages/airflow/example_dags/example_task_group.py took 0.070 seconds
[2024-10-01T20:51:53.421+0000] {processor.py:186} INFO - Started process (PID=776) to work on /home/airflow/.local/lib/python3.12/site-packages/airflow/example_dags/example_task_group.py
[2024-10-01T20:51:53.422+0000] {processor.py:914} INFO - Processing file /home/airflow/.local/lib/python3.12/site-packages/airflow/example_dags/example_task_group.py for tasks to queue
[2024-10-01T20:51:53.423+0000] {logging_mixin.py:190} INFO - [2024-10-01T20:51:53.423+0000] {dagbag.py:588} INFO - Filling up the DagBag from /home/airflow/.local/lib/python3.12/site-packages/airflow/example_dags/example_task_group.py
[2024-10-01T20:51:53.429+0000] {processor.py:925} INFO - DAG(s) 'example_task_group' retrieved from /home/airflow/.local/lib/python3.12/site-packages/airflow/example_dags/example_task_group.py
[2024-10-01T20:51:53.443+0000] {logging_mixin.py:190} INFO - [2024-10-01T20:51:53.442+0000] {dag.py:3239} INFO - Sync 1 DAGs
[2024-10-01T20:51:53.451+0000] {logging_mixin.py:190} INFO - [2024-10-01T20:51:53.451+0000] {dag.py:4180} INFO - Setting next_dagrun for example_task_group to None, run_after=None
[2024-10-01T20:51:53.461+0000] {processor.py:208} INFO - Processing /home/airflow/.local/lib/python3.12/site-packages/airflow/example_dags/example_task_group.py took 0.044 seconds
[2024-10-01T20:52:23.887+0000] {processor.py:186} INFO - Started process (PID=838) to work on /home/airflow/.local/lib/python3.12/site-packages/airflow/example_dags/example_task_group.py
[2024-10-01T20:52:23.888+0000] {processor.py:914} INFO - Processing file /home/airflow/.local/lib/python3.12/site-packages/airflow/example_dags/example_task_group.py for tasks to queue
[2024-10-01T20:52:23.890+0000] {logging_mixin.py:190} INFO - [2024-10-01T20:52:23.890+0000] {dagbag.py:588} INFO - Filling up the DagBag from /home/airflow/.local/lib/python3.12/site-packages/airflow/example_dags/example_task_group.py
[2024-10-01T20:52:23.897+0000] {processor.py:925} INFO - DAG(s) 'example_task_group' retrieved from /home/airflow/.local/lib/python3.12/site-packages/airflow/example_dags/example_task_group.py
[2024-10-01T20:52:23.916+0000] {logging_mixin.py:190} INFO - [2024-10-01T20:52:23.916+0000] {dag.py:3239} INFO - Sync 1 DAGs
[2024-10-01T20:52:23.927+0000] {logging_mixin.py:190} INFO - [2024-10-01T20:52:23.927+0000] {dag.py:4180} INFO - Setting next_dagrun for example_task_group to None, run_after=None
[2024-10-01T20:52:23.939+0000] {processor.py:208} INFO - Processing /home/airflow/.local/lib/python3.12/site-packages/airflow/example_dags/example_task_group.py took 0.058 seconds
[2024-10-01T20:52:54.522+0000] {processor.py:186} INFO - Started process (PID=900) to work on /home/airflow/.local/lib/python3.12/site-packages/airflow/example_dags/example_task_group.py
[2024-10-01T20:52:54.526+0000] {processor.py:914} INFO - Processing file /home/airflow/.local/lib/python3.12/site-packages/airflow/example_dags/example_task_group.py for tasks to queue
[2024-10-01T20:52:54.527+0000] {logging_mixin.py:190} INFO - [2024-10-01T20:52:54.527+0000] {dagbag.py:588} INFO - Filling up the DagBag from /home/airflow/.local/lib/python3.12/site-packages/airflow/example_dags/example_task_group.py
[2024-10-01T20:52:54.533+0000] {processor.py:925} INFO - DAG(s) 'example_task_group' retrieved from /home/airflow/.local/lib/python3.12/site-packages/airflow/example_dags/example_task_group.py
[2024-10-01T20:52:54.547+0000] {logging_mixin.py:190} INFO - [2024-10-01T20:52:54.547+0000] {dag.py:3239} INFO - Sync 1 DAGs
[2024-10-01T20:52:54.559+0000] {logging_mixin.py:190} INFO - [2024-10-01T20:52:54.559+0000] {dag.py:4180} INFO - Setting next_dagrun for example_task_group to None, run_after=None
[2024-10-01T20:52:54.575+0000] {processor.py:208} INFO - Processing /home/airflow/.local/lib/python3.12/site-packages/airflow/example_dags/example_task_group.py took 0.057 seconds
[2024-10-01T20:53:25.511+0000] {processor.py:186} INFO - Started process (PID=962) to work on /home/airflow/.local/lib/python3.12/site-packages/airflow/example_dags/example_task_group.py
[2024-10-01T20:53:25.514+0000] {processor.py:914} INFO - Processing file /home/airflow/.local/lib/python3.12/site-packages/airflow/example_dags/example_task_group.py for tasks to queue
[2024-10-01T20:53:25.523+0000] {logging_mixin.py:190} INFO - [2024-10-01T20:53:25.522+0000] {dagbag.py:588} INFO - Filling up the DagBag from /home/airflow/.local/lib/python3.12/site-packages/airflow/example_dags/example_task_group.py
[2024-10-01T20:53:25.539+0000] {processor.py:925} INFO - DAG(s) 'example_task_group' retrieved from /home/airflow/.local/lib/python3.12/site-packages/airflow/example_dags/example_task_group.py
[2024-10-01T20:53:25.600+0000] {logging_mixin.py:190} INFO - [2024-10-01T20:53:25.599+0000] {dag.py:3239} INFO - Sync 1 DAGs
[2024-10-01T20:53:25.635+0000] {logging_mixin.py:190} INFO - [2024-10-01T20:53:25.634+0000] {dag.py:4180} INFO - Setting next_dagrun for example_task_group to None, run_after=None
[2024-10-01T20:53:25.707+0000] {processor.py:208} INFO - Processing /home/airflow/.local/lib/python3.12/site-packages/airflow/example_dags/example_task_group.py took 0.203 seconds
[2024-10-01T20:53:56.523+0000] {processor.py:186} INFO - Started process (PID=1023) to work on /home/airflow/.local/lib/python3.12/site-packages/airflow/example_dags/example_task_group.py
[2024-10-01T20:53:56.525+0000] {processor.py:914} INFO - Processing file /home/airflow/.local/lib/python3.12/site-packages/airflow/example_dags/example_task_group.py for tasks to queue
[2024-10-01T20:53:56.535+0000] {logging_mixin.py:190} INFO - [2024-10-01T20:53:56.532+0000] {dagbag.py:588} INFO - Filling up the DagBag from /home/airflow/.local/lib/python3.12/site-packages/airflow/example_dags/example_task_group.py
[2024-10-01T20:53:56.571+0000] {processor.py:925} INFO - DAG(s) 'example_task_group' retrieved from /home/airflow/.local/lib/python3.12/site-packages/airflow/example_dags/example_task_group.py
[2024-10-01T20:53:56.625+0000] {logging_mixin.py:190} INFO - [2024-10-01T20:53:56.624+0000] {dag.py:3239} INFO - Sync 1 DAGs
[2024-10-01T20:53:56.658+0000] {logging_mixin.py:190} INFO - [2024-10-01T20:53:56.658+0000] {dag.py:4180} INFO - Setting next_dagrun for example_task_group to None, run_after=None
[2024-10-01T20:53:56.676+0000] {processor.py:208} INFO - Processing /home/airflow/.local/lib/python3.12/site-packages/airflow/example_dags/example_task_group.py took 0.165 seconds
[2024-10-01T20:54:26.722+0000] {processor.py:186} INFO - Started process (PID=1085) to work on /home/airflow/.local/lib/python3.12/site-packages/airflow/example_dags/example_task_group.py
[2024-10-01T20:54:26.723+0000] {processor.py:914} INFO - Processing file /home/airflow/.local/lib/python3.12/site-packages/airflow/example_dags/example_task_group.py for tasks to queue
[2024-10-01T20:54:26.725+0000] {logging_mixin.py:190} INFO - [2024-10-01T20:54:26.724+0000] {dagbag.py:588} INFO - Filling up the DagBag from /home/airflow/.local/lib/python3.12/site-packages/airflow/example_dags/example_task_group.py
[2024-10-01T20:54:26.731+0000] {processor.py:925} INFO - DAG(s) 'example_task_group' retrieved from /home/airflow/.local/lib/python3.12/site-packages/airflow/example_dags/example_task_group.py
[2024-10-01T20:54:26.752+0000] {logging_mixin.py:190} INFO - [2024-10-01T20:54:26.752+0000] {dag.py:3239} INFO - Sync 1 DAGs
[2024-10-01T20:54:26.764+0000] {logging_mixin.py:190} INFO - [2024-10-01T20:54:26.764+0000] {dag.py:4180} INFO - Setting next_dagrun for example_task_group to None, run_after=None
[2024-10-01T20:54:26.781+0000] {processor.py:208} INFO - Processing /home/airflow/.local/lib/python3.12/site-packages/airflow/example_dags/example_task_group.py took 0.063 seconds
[2024-10-01T20:54:57.071+0000] {processor.py:186} INFO - Started process (PID=1147) to work on /home/airflow/.local/lib/python3.12/site-packages/airflow/example_dags/example_task_group.py
[2024-10-01T20:54:57.072+0000] {processor.py:914} INFO - Processing file /home/airflow/.local/lib/python3.12/site-packages/airflow/example_dags/example_task_group.py for tasks to queue
[2024-10-01T20:54:57.074+0000] {logging_mixin.py:190} INFO - [2024-10-01T20:54:57.073+0000] {dagbag.py:588} INFO - Filling up the DagBag from /home/airflow/.local/lib/python3.12/site-packages/airflow/example_dags/example_task_group.py
[2024-10-01T20:54:57.080+0000] {processor.py:925} INFO - DAG(s) 'example_task_group' retrieved from /home/airflow/.local/lib/python3.12/site-packages/airflow/example_dags/example_task_group.py
[2024-10-01T20:54:57.096+0000] {logging_mixin.py:190} INFO - [2024-10-01T20:54:57.096+0000] {dag.py:3239} INFO - Sync 1 DAGs
[2024-10-01T20:54:57.105+0000] {logging_mixin.py:190} INFO - [2024-10-01T20:54:57.105+0000] {dag.py:4180} INFO - Setting next_dagrun for example_task_group to None, run_after=None
[2024-10-01T20:54:57.115+0000] {processor.py:208} INFO - Processing /home/airflow/.local/lib/python3.12/site-packages/airflow/example_dags/example_task_group.py took 0.050 seconds
[2024-10-01T20:55:27.357+0000] {processor.py:186} INFO - Started process (PID=1209) to work on /home/airflow/.local/lib/python3.12/site-packages/airflow/example_dags/example_task_group.py
[2024-10-01T20:55:27.358+0000] {processor.py:914} INFO - Processing file /home/airflow/.local/lib/python3.12/site-packages/airflow/example_dags/example_task_group.py for tasks to queue
[2024-10-01T20:55:27.361+0000] {logging_mixin.py:190} INFO - [2024-10-01T20:55:27.361+0000] {dagbag.py:588} INFO - Filling up the DagBag from /home/airflow/.local/lib/python3.12/site-packages/airflow/example_dags/example_task_group.py
[2024-10-01T20:55:27.371+0000] {processor.py:925} INFO - DAG(s) 'example_task_group' retrieved from /home/airflow/.local/lib/python3.12/site-packages/airflow/example_dags/example_task_group.py
[2024-10-01T20:55:27.390+0000] {logging_mixin.py:190} INFO - [2024-10-01T20:55:27.390+0000] {dag.py:3239} INFO - Sync 1 DAGs
[2024-10-01T20:55:27.400+0000] {logging_mixin.py:190} INFO - [2024-10-01T20:55:27.400+0000] {dag.py:4180} INFO - Setting next_dagrun for example_task_group to None, run_after=None
[2024-10-01T20:55:27.413+0000] {processor.py:208} INFO - Processing /home/airflow/.local/lib/python3.12/site-packages/airflow/example_dags/example_task_group.py took 0.064 seconds
[2024-10-01T20:56:05.836+0000] {processor.py:186} INFO - Started process (PID=1271) to work on /home/airflow/.local/lib/python3.12/site-packages/airflow/example_dags/example_task_group.py
[2024-10-01T20:56:05.839+0000] {processor.py:914} INFO - Processing file /home/airflow/.local/lib/python3.12/site-packages/airflow/example_dags/example_task_group.py for tasks to queue
[2024-10-01T20:56:05.842+0000] {logging_mixin.py:190} INFO - [2024-10-01T20:56:05.841+0000] {dagbag.py:588} INFO - Filling up the DagBag from /home/airflow/.local/lib/python3.12/site-packages/airflow/example_dags/example_task_group.py
[2024-10-01T20:56:05.852+0000] {processor.py:925} INFO - DAG(s) 'example_task_group' retrieved from /home/airflow/.local/lib/python3.12/site-packages/airflow/example_dags/example_task_group.py
[2024-10-01T20:56:05.877+0000] {logging_mixin.py:190} INFO - [2024-10-01T20:56:05.876+0000] {dag.py:3239} INFO - Sync 1 DAGs
[2024-10-01T20:56:05.891+0000] {logging_mixin.py:190} INFO - [2024-10-01T20:56:05.891+0000] {dag.py:4180} INFO - Setting next_dagrun for example_task_group to None, run_after=None
[2024-10-01T20:56:05.923+0000] {processor.py:208} INFO - Processing /home/airflow/.local/lib/python3.12/site-packages/airflow/example_dags/example_task_group.py took 0.094 seconds
[2024-10-01T20:56:36.035+0000] {processor.py:186} INFO - Started process (PID=1332) to work on /home/airflow/.local/lib/python3.12/site-packages/airflow/example_dags/example_task_group.py
[2024-10-01T20:56:36.036+0000] {processor.py:914} INFO - Processing file /home/airflow/.local/lib/python3.12/site-packages/airflow/example_dags/example_task_group.py for tasks to queue
[2024-10-01T20:56:36.038+0000] {logging_mixin.py:190} INFO - [2024-10-01T20:56:36.037+0000] {dagbag.py:588} INFO - Filling up the DagBag from /home/airflow/.local/lib/python3.12/site-packages/airflow/example_dags/example_task_group.py
[2024-10-01T20:56:36.044+0000] {processor.py:925} INFO - DAG(s) 'example_task_group' retrieved from /home/airflow/.local/lib/python3.12/site-packages/airflow/example_dags/example_task_group.py
[2024-10-01T20:56:36.060+0000] {logging_mixin.py:190} INFO - [2024-10-01T20:56:36.060+0000] {dag.py:3239} INFO - Sync 1 DAGs
[2024-10-01T20:56:36.075+0000] {logging_mixin.py:190} INFO - [2024-10-01T20:56:36.075+0000] {dag.py:4180} INFO - Setting next_dagrun for example_task_group to None, run_after=None
[2024-10-01T20:56:36.087+0000] {processor.py:208} INFO - Processing /home/airflow/.local/lib/python3.12/site-packages/airflow/example_dags/example_task_group.py took 0.058 seconds
[2024-10-01T20:57:06.686+0000] {processor.py:186} INFO - Started process (PID=1395) to work on /home/airflow/.local/lib/python3.12/site-packages/airflow/example_dags/example_task_group.py
[2024-10-01T20:57:06.688+0000] {processor.py:914} INFO - Processing file /home/airflow/.local/lib/python3.12/site-packages/airflow/example_dags/example_task_group.py for tasks to queue
[2024-10-01T20:57:06.690+0000] {logging_mixin.py:190} INFO - [2024-10-01T20:57:06.690+0000] {dagbag.py:588} INFO - Filling up the DagBag from /home/airflow/.local/lib/python3.12/site-packages/airflow/example_dags/example_task_group.py
[2024-10-01T20:57:06.708+0000] {processor.py:925} INFO - DAG(s) 'example_task_group' retrieved from /home/airflow/.local/lib/python3.12/site-packages/airflow/example_dags/example_task_group.py
[2024-10-01T20:57:06.745+0000] {logging_mixin.py:190} INFO - [2024-10-01T20:57:06.744+0000] {dag.py:3239} INFO - Sync 1 DAGs
[2024-10-01T20:57:06.762+0000] {logging_mixin.py:190} INFO - [2024-10-01T20:57:06.762+0000] {dag.py:4180} INFO - Setting next_dagrun for example_task_group to None, run_after=None
[2024-10-01T20:57:06.786+0000] {processor.py:208} INFO - Processing /home/airflow/.local/lib/python3.12/site-packages/airflow/example_dags/example_task_group.py took 0.110 seconds
