[2024-10-01T20:46:18.322+0000] {processor.py:186} INFO - Started process (PID=102) to work on /home/airflow/.local/lib/python3.12/site-packages/airflow/example_dags/example_branch_python_dop_operator_3.py
[2024-10-01T20:46:18.323+0000] {processor.py:914} INFO - Processing file /home/airflow/.local/lib/python3.12/site-packages/airflow/example_dags/example_branch_python_dop_operator_3.py for tasks to queue
[2024-10-01T20:46:18.324+0000] {logging_mixin.py:190} INFO - [2024-10-01T20:46:18.324+0000] {dagbag.py:588} INFO - Filling up the DagBag from /home/airflow/.local/lib/python3.12/site-packages/airflow/example_dags/example_branch_python_dop_operator_3.py
[2024-10-01T20:46:18.336+0000] {processor.py:925} INFO - DAG(s) 'example_branch_dop_operator_v3' retrieved from /home/airflow/.local/lib/python3.12/site-packages/airflow/example_dags/example_branch_python_dop_operator_3.py
[2024-10-01T20:46:18.434+0000] {logging_mixin.py:190} INFO - [2024-10-01T20:46:18.432+0000] {override.py:1900} INFO - Created Permission View: can delete on DAG:example_branch_dop_operator_v3
[2024-10-01T20:46:18.455+0000] {logging_mixin.py:190} INFO - [2024-10-01T20:46:18.453+0000] {override.py:1900} INFO - Created Permission View: can read on DAG:example_branch_dop_operator_v3
[2024-10-01T20:46:18.466+0000] {logging_mixin.py:190} INFO - [2024-10-01T20:46:18.465+0000] {override.py:1900} INFO - Created Permission View: can edit on DAG:example_branch_dop_operator_v3
[2024-10-01T20:46:18.473+0000] {logging_mixin.py:190} INFO - [2024-10-01T20:46:18.473+0000] {override.py:1900} INFO - Created Permission View: can delete on DAG Run:example_branch_dop_operator_v3
[2024-10-01T20:46:18.560+0000] {logging_mixin.py:190} INFO - [2024-10-01T20:46:18.559+0000] {override.py:1900} INFO - Created Permission View: can read on DAG Run:example_branch_dop_operator_v3
[2024-10-01T20:46:18.618+0000] {logging_mixin.py:190} INFO - [2024-10-01T20:46:18.616+0000] {override.py:1900} INFO - Created Permission View: menu access on DAG Run:example_branch_dop_operator_v3
[2024-10-01T20:46:18.639+0000] {logging_mixin.py:190} INFO - [2024-10-01T20:46:18.638+0000] {override.py:1900} INFO - Created Permission View: can create on DAG Run:example_branch_dop_operator_v3
[2024-10-01T20:46:18.641+0000] {logging_mixin.py:190} INFO - [2024-10-01T20:46:18.641+0000] {dag.py:3239} INFO - Sync 1 DAGs
[2024-10-01T20:46:18.702+0000] {logging_mixin.py:190} INFO - [2024-10-01T20:46:18.701+0000] {dag.py:3262} INFO - Creating ORM DAG for example_branch_dop_operator_v3
[2024-10-01T20:46:18.733+0000] {logging_mixin.py:190} INFO - [2024-10-01T20:46:18.733+0000] {dag.py:4180} INFO - Setting next_dagrun for example_branch_dop_operator_v3 to 2024-10-01 20:45:00+00:00, run_after=2024-10-01 20:46:00+00:00
[2024-10-01T20:46:18.788+0000] {processor.py:208} INFO - Processing /home/airflow/.local/lib/python3.12/site-packages/airflow/example_dags/example_branch_python_dop_operator_3.py took 0.471 seconds
[2024-10-01T20:46:48.858+0000] {processor.py:186} INFO - Started process (PID=164) to work on /home/airflow/.local/lib/python3.12/site-packages/airflow/example_dags/example_branch_python_dop_operator_3.py
[2024-10-01T20:46:48.858+0000] {processor.py:914} INFO - Processing file /home/airflow/.local/lib/python3.12/site-packages/airflow/example_dags/example_branch_python_dop_operator_3.py for tasks to queue
[2024-10-01T20:46:48.860+0000] {logging_mixin.py:190} INFO - [2024-10-01T20:46:48.860+0000] {dagbag.py:588} INFO - Filling up the DagBag from /home/airflow/.local/lib/python3.12/site-packages/airflow/example_dags/example_branch_python_dop_operator_3.py
[2024-10-01T20:46:48.866+0000] {processor.py:925} INFO - DAG(s) 'example_branch_dop_operator_v3' retrieved from /home/airflow/.local/lib/python3.12/site-packages/airflow/example_dags/example_branch_python_dop_operator_3.py
[2024-10-01T20:46:48.879+0000] {logging_mixin.py:190} INFO - [2024-10-01T20:46:48.878+0000] {dag.py:3239} INFO - Sync 1 DAGs
[2024-10-01T20:46:48.893+0000] {logging_mixin.py:190} INFO - [2024-10-01T20:46:48.893+0000] {dag.py:4180} INFO - Setting next_dagrun for example_branch_dop_operator_v3 to 2024-10-01 20:45:00+00:00, run_after=2024-10-01 20:46:00+00:00
[2024-10-01T20:46:48.903+0000] {processor.py:208} INFO - Processing /home/airflow/.local/lib/python3.12/site-packages/airflow/example_dags/example_branch_python_dop_operator_3.py took 0.049 seconds
[2024-10-01T20:47:19.340+0000] {processor.py:186} INFO - Started process (PID=226) to work on /home/airflow/.local/lib/python3.12/site-packages/airflow/example_dags/example_branch_python_dop_operator_3.py
[2024-10-01T20:47:19.341+0000] {processor.py:914} INFO - Processing file /home/airflow/.local/lib/python3.12/site-packages/airflow/example_dags/example_branch_python_dop_operator_3.py for tasks to queue
[2024-10-01T20:47:19.343+0000] {logging_mixin.py:190} INFO - [2024-10-01T20:47:19.343+0000] {dagbag.py:588} INFO - Filling up the DagBag from /home/airflow/.local/lib/python3.12/site-packages/airflow/example_dags/example_branch_python_dop_operator_3.py
[2024-10-01T20:47:19.351+0000] {processor.py:925} INFO - DAG(s) 'example_branch_dop_operator_v3' retrieved from /home/airflow/.local/lib/python3.12/site-packages/airflow/example_dags/example_branch_python_dop_operator_3.py
[2024-10-01T20:47:19.369+0000] {logging_mixin.py:190} INFO - [2024-10-01T20:47:19.369+0000] {dag.py:3239} INFO - Sync 1 DAGs
[2024-10-01T20:47:19.386+0000] {logging_mixin.py:190} INFO - [2024-10-01T20:47:19.386+0000] {dag.py:4180} INFO - Setting next_dagrun for example_branch_dop_operator_v3 to 2024-10-01 20:46:00+00:00, run_after=2024-10-01 20:47:00+00:00
[2024-10-01T20:47:19.397+0000] {processor.py:208} INFO - Processing /home/airflow/.local/lib/python3.12/site-packages/airflow/example_dags/example_branch_python_dop_operator_3.py took 0.061 seconds
[2024-10-01T20:47:49.911+0000] {processor.py:186} INFO - Started process (PID=288) to work on /home/airflow/.local/lib/python3.12/site-packages/airflow/example_dags/example_branch_python_dop_operator_3.py
[2024-10-01T20:47:49.913+0000] {processor.py:914} INFO - Processing file /home/airflow/.local/lib/python3.12/site-packages/airflow/example_dags/example_branch_python_dop_operator_3.py for tasks to queue
[2024-10-01T20:47:49.915+0000] {logging_mixin.py:190} INFO - [2024-10-01T20:47:49.915+0000] {dagbag.py:588} INFO - Filling up the DagBag from /home/airflow/.local/lib/python3.12/site-packages/airflow/example_dags/example_branch_python_dop_operator_3.py
[2024-10-01T20:47:49.923+0000] {processor.py:925} INFO - DAG(s) 'example_branch_dop_operator_v3' retrieved from /home/airflow/.local/lib/python3.12/site-packages/airflow/example_dags/example_branch_python_dop_operator_3.py
[2024-10-01T20:47:49.938+0000] {logging_mixin.py:190} INFO - [2024-10-01T20:47:49.938+0000] {dag.py:3239} INFO - Sync 1 DAGs
[2024-10-01T20:47:49.953+0000] {logging_mixin.py:190} INFO - [2024-10-01T20:47:49.953+0000] {dag.py:4180} INFO - Setting next_dagrun for example_branch_dop_operator_v3 to 2024-10-01 20:46:00+00:00, run_after=2024-10-01 20:47:00+00:00
[2024-10-01T20:47:49.968+0000] {processor.py:208} INFO - Processing /home/airflow/.local/lib/python3.12/site-packages/airflow/example_dags/example_branch_python_dop_operator_3.py took 0.063 seconds
[2024-10-01T20:48:20.574+0000] {processor.py:186} INFO - Started process (PID=350) to work on /home/airflow/.local/lib/python3.12/site-packages/airflow/example_dags/example_branch_python_dop_operator_3.py
[2024-10-01T20:48:20.575+0000] {processor.py:914} INFO - Processing file /home/airflow/.local/lib/python3.12/site-packages/airflow/example_dags/example_branch_python_dop_operator_3.py for tasks to queue
[2024-10-01T20:48:20.577+0000] {logging_mixin.py:190} INFO - [2024-10-01T20:48:20.577+0000] {dagbag.py:588} INFO - Filling up the DagBag from /home/airflow/.local/lib/python3.12/site-packages/airflow/example_dags/example_branch_python_dop_operator_3.py
[2024-10-01T20:48:20.583+0000] {processor.py:925} INFO - DAG(s) 'example_branch_dop_operator_v3' retrieved from /home/airflow/.local/lib/python3.12/site-packages/airflow/example_dags/example_branch_python_dop_operator_3.py
[2024-10-01T20:48:20.595+0000] {logging_mixin.py:190} INFO - [2024-10-01T20:48:20.595+0000] {dag.py:3239} INFO - Sync 1 DAGs
[2024-10-01T20:48:20.610+0000] {logging_mixin.py:190} INFO - [2024-10-01T20:48:20.610+0000] {dag.py:4180} INFO - Setting next_dagrun for example_branch_dop_operator_v3 to 2024-10-01 20:47:00+00:00, run_after=2024-10-01 20:48:00+00:00
[2024-10-01T20:48:20.619+0000] {processor.py:208} INFO - Processing /home/airflow/.local/lib/python3.12/site-packages/airflow/example_dags/example_branch_python_dop_operator_3.py took 0.049 seconds
[2024-10-01T20:48:51.076+0000] {processor.py:186} INFO - Started process (PID=412) to work on /home/airflow/.local/lib/python3.12/site-packages/airflow/example_dags/example_branch_python_dop_operator_3.py
[2024-10-01T20:48:51.076+0000] {processor.py:914} INFO - Processing file /home/airflow/.local/lib/python3.12/site-packages/airflow/example_dags/example_branch_python_dop_operator_3.py for tasks to queue
[2024-10-01T20:48:51.078+0000] {logging_mixin.py:190} INFO - [2024-10-01T20:48:51.078+0000] {dagbag.py:588} INFO - Filling up the DagBag from /home/airflow/.local/lib/python3.12/site-packages/airflow/example_dags/example_branch_python_dop_operator_3.py
[2024-10-01T20:48:51.086+0000] {processor.py:925} INFO - DAG(s) 'example_branch_dop_operator_v3' retrieved from /home/airflow/.local/lib/python3.12/site-packages/airflow/example_dags/example_branch_python_dop_operator_3.py
[2024-10-01T20:48:51.098+0000] {logging_mixin.py:190} INFO - [2024-10-01T20:48:51.098+0000] {dag.py:3239} INFO - Sync 1 DAGs
[2024-10-01T20:48:51.113+0000] {logging_mixin.py:190} INFO - [2024-10-01T20:48:51.113+0000] {dag.py:4180} INFO - Setting next_dagrun for example_branch_dop_operator_v3 to 2024-10-01 20:47:00+00:00, run_after=2024-10-01 20:48:00+00:00
[2024-10-01T20:48:51.122+0000] {processor.py:208} INFO - Processing /home/airflow/.local/lib/python3.12/site-packages/airflow/example_dags/example_branch_python_dop_operator_3.py took 0.052 seconds
[2024-10-01T20:49:21.450+0000] {processor.py:186} INFO - Started process (PID=474) to work on /home/airflow/.local/lib/python3.12/site-packages/airflow/example_dags/example_branch_python_dop_operator_3.py
[2024-10-01T20:49:21.450+0000] {processor.py:914} INFO - Processing file /home/airflow/.local/lib/python3.12/site-packages/airflow/example_dags/example_branch_python_dop_operator_3.py for tasks to queue
[2024-10-01T20:49:21.453+0000] {logging_mixin.py:190} INFO - [2024-10-01T20:49:21.452+0000] {dagbag.py:588} INFO - Filling up the DagBag from /home/airflow/.local/lib/python3.12/site-packages/airflow/example_dags/example_branch_python_dop_operator_3.py
[2024-10-01T20:49:21.462+0000] {processor.py:925} INFO - DAG(s) 'example_branch_dop_operator_v3' retrieved from /home/airflow/.local/lib/python3.12/site-packages/airflow/example_dags/example_branch_python_dop_operator_3.py
[2024-10-01T20:49:21.480+0000] {logging_mixin.py:190} INFO - [2024-10-01T20:49:21.479+0000] {dag.py:3239} INFO - Sync 1 DAGs
[2024-10-01T20:49:21.498+0000] {logging_mixin.py:190} INFO - [2024-10-01T20:49:21.498+0000] {dag.py:4180} INFO - Setting next_dagrun for example_branch_dop_operator_v3 to 2024-10-01 20:48:00+00:00, run_after=2024-10-01 20:49:00+00:00
[2024-10-01T20:49:21.509+0000] {processor.py:208} INFO - Processing /home/airflow/.local/lib/python3.12/site-packages/airflow/example_dags/example_branch_python_dop_operator_3.py took 0.065 seconds
[2024-10-01T20:49:52.164+0000] {processor.py:186} INFO - Started process (PID=536) to work on /home/airflow/.local/lib/python3.12/site-packages/airflow/example_dags/example_branch_python_dop_operator_3.py
[2024-10-01T20:49:52.165+0000] {processor.py:914} INFO - Processing file /home/airflow/.local/lib/python3.12/site-packages/airflow/example_dags/example_branch_python_dop_operator_3.py for tasks to queue
[2024-10-01T20:49:52.168+0000] {logging_mixin.py:190} INFO - [2024-10-01T20:49:52.167+0000] {dagbag.py:588} INFO - Filling up the DagBag from /home/airflow/.local/lib/python3.12/site-packages/airflow/example_dags/example_branch_python_dop_operator_3.py
[2024-10-01T20:49:52.176+0000] {processor.py:925} INFO - DAG(s) 'example_branch_dop_operator_v3' retrieved from /home/airflow/.local/lib/python3.12/site-packages/airflow/example_dags/example_branch_python_dop_operator_3.py
[2024-10-01T20:49:52.202+0000] {logging_mixin.py:190} INFO - [2024-10-01T20:49:52.201+0000] {dag.py:3239} INFO - Sync 1 DAGs
[2024-10-01T20:49:52.226+0000] {logging_mixin.py:190} INFO - [2024-10-01T20:49:52.226+0000] {dag.py:4180} INFO - Setting next_dagrun for example_branch_dop_operator_v3 to 2024-10-01 20:48:00+00:00, run_after=2024-10-01 20:49:00+00:00
[2024-10-01T20:49:52.240+0000] {processor.py:208} INFO - Processing /home/airflow/.local/lib/python3.12/site-packages/airflow/example_dags/example_branch_python_dop_operator_3.py took 0.081 seconds
[2024-10-01T20:50:22.902+0000] {processor.py:186} INFO - Started process (PID=598) to work on /home/airflow/.local/lib/python3.12/site-packages/airflow/example_dags/example_branch_python_dop_operator_3.py
[2024-10-01T20:50:22.903+0000] {processor.py:914} INFO - Processing file /home/airflow/.local/lib/python3.12/site-packages/airflow/example_dags/example_branch_python_dop_operator_3.py for tasks to queue
[2024-10-01T20:50:22.905+0000] {logging_mixin.py:190} INFO - [2024-10-01T20:50:22.905+0000] {dagbag.py:588} INFO - Filling up the DagBag from /home/airflow/.local/lib/python3.12/site-packages/airflow/example_dags/example_branch_python_dop_operator_3.py
[2024-10-01T20:50:22.912+0000] {processor.py:925} INFO - DAG(s) 'example_branch_dop_operator_v3' retrieved from /home/airflow/.local/lib/python3.12/site-packages/airflow/example_dags/example_branch_python_dop_operator_3.py
[2024-10-01T20:50:22.924+0000] {logging_mixin.py:190} INFO - [2024-10-01T20:50:22.924+0000] {dag.py:3239} INFO - Sync 1 DAGs
[2024-10-01T20:50:22.938+0000] {logging_mixin.py:190} INFO - [2024-10-01T20:50:22.938+0000] {dag.py:4180} INFO - Setting next_dagrun for example_branch_dop_operator_v3 to 2024-10-01 20:49:00+00:00, run_after=2024-10-01 20:50:00+00:00
[2024-10-01T20:50:22.948+0000] {processor.py:208} INFO - Processing /home/airflow/.local/lib/python3.12/site-packages/airflow/example_dags/example_branch_python_dop_operator_3.py took 0.052 seconds
[2024-10-01T20:50:53.445+0000] {processor.py:186} INFO - Started process (PID=660) to work on /home/airflow/.local/lib/python3.12/site-packages/airflow/example_dags/example_branch_python_dop_operator_3.py
[2024-10-01T20:50:53.450+0000] {processor.py:914} INFO - Processing file /home/airflow/.local/lib/python3.12/site-packages/airflow/example_dags/example_branch_python_dop_operator_3.py for tasks to queue
[2024-10-01T20:50:53.456+0000] {logging_mixin.py:190} INFO - [2024-10-01T20:50:53.455+0000] {dagbag.py:588} INFO - Filling up the DagBag from /home/airflow/.local/lib/python3.12/site-packages/airflow/example_dags/example_branch_python_dop_operator_3.py
[2024-10-01T20:50:53.467+0000] {processor.py:925} INFO - DAG(s) 'example_branch_dop_operator_v3' retrieved from /home/airflow/.local/lib/python3.12/site-packages/airflow/example_dags/example_branch_python_dop_operator_3.py
[2024-10-01T20:50:53.492+0000] {logging_mixin.py:190} INFO - [2024-10-01T20:50:53.491+0000] {dag.py:3239} INFO - Sync 1 DAGs
[2024-10-01T20:50:53.511+0000] {logging_mixin.py:190} INFO - [2024-10-01T20:50:53.511+0000] {dag.py:4180} INFO - Setting next_dagrun for example_branch_dop_operator_v3 to 2024-10-01 20:49:00+00:00, run_after=2024-10-01 20:50:00+00:00
[2024-10-01T20:50:53.521+0000] {processor.py:208} INFO - Processing /home/airflow/.local/lib/python3.12/site-packages/airflow/example_dags/example_branch_python_dop_operator_3.py took 0.081 seconds
[2024-10-01T20:51:23.833+0000] {processor.py:186} INFO - Started process (PID=722) to work on /home/airflow/.local/lib/python3.12/site-packages/airflow/example_dags/example_branch_python_dop_operator_3.py
[2024-10-01T20:51:23.835+0000] {processor.py:914} INFO - Processing file /home/airflow/.local/lib/python3.12/site-packages/airflow/example_dags/example_branch_python_dop_operator_3.py for tasks to queue
[2024-10-01T20:51:23.838+0000] {logging_mixin.py:190} INFO - [2024-10-01T20:51:23.837+0000] {dagbag.py:588} INFO - Filling up the DagBag from /home/airflow/.local/lib/python3.12/site-packages/airflow/example_dags/example_branch_python_dop_operator_3.py
[2024-10-01T20:51:23.850+0000] {processor.py:925} INFO - DAG(s) 'example_branch_dop_operator_v3' retrieved from /home/airflow/.local/lib/python3.12/site-packages/airflow/example_dags/example_branch_python_dop_operator_3.py
[2024-10-01T20:51:23.866+0000] {logging_mixin.py:190} INFO - [2024-10-01T20:51:23.866+0000] {dag.py:3239} INFO - Sync 1 DAGs
[2024-10-01T20:51:23.892+0000] {logging_mixin.py:190} INFO - [2024-10-01T20:51:23.892+0000] {dag.py:4180} INFO - Setting next_dagrun for example_branch_dop_operator_v3 to 2024-10-01 20:50:00+00:00, run_after=2024-10-01 20:51:00+00:00
[2024-10-01T20:51:23.903+0000] {processor.py:208} INFO - Processing /home/airflow/.local/lib/python3.12/site-packages/airflow/example_dags/example_branch_python_dop_operator_3.py took 0.077 seconds
[2024-10-01T20:51:54.722+0000] {processor.py:186} INFO - Started process (PID=784) to work on /home/airflow/.local/lib/python3.12/site-packages/airflow/example_dags/example_branch_python_dop_operator_3.py
[2024-10-01T20:51:54.724+0000] {processor.py:914} INFO - Processing file /home/airflow/.local/lib/python3.12/site-packages/airflow/example_dags/example_branch_python_dop_operator_3.py for tasks to queue
[2024-10-01T20:51:54.729+0000] {logging_mixin.py:190} INFO - [2024-10-01T20:51:54.728+0000] {dagbag.py:588} INFO - Filling up the DagBag from /home/airflow/.local/lib/python3.12/site-packages/airflow/example_dags/example_branch_python_dop_operator_3.py
[2024-10-01T20:51:54.737+0000] {processor.py:925} INFO - DAG(s) 'example_branch_dop_operator_v3' retrieved from /home/airflow/.local/lib/python3.12/site-packages/airflow/example_dags/example_branch_python_dop_operator_3.py
[2024-10-01T20:51:54.758+0000] {logging_mixin.py:190} INFO - [2024-10-01T20:51:54.757+0000] {dag.py:3239} INFO - Sync 1 DAGs
[2024-10-01T20:51:54.778+0000] {logging_mixin.py:190} INFO - [2024-10-01T20:51:54.778+0000] {dag.py:4180} INFO - Setting next_dagrun for example_branch_dop_operator_v3 to 2024-10-01 20:50:00+00:00, run_after=2024-10-01 20:51:00+00:00
[2024-10-01T20:51:54.789+0000] {processor.py:208} INFO - Processing /home/airflow/.local/lib/python3.12/site-packages/airflow/example_dags/example_branch_python_dop_operator_3.py took 0.072 seconds
[2024-10-01T20:52:25.375+0000] {processor.py:186} INFO - Started process (PID=846) to work on /home/airflow/.local/lib/python3.12/site-packages/airflow/example_dags/example_branch_python_dop_operator_3.py
[2024-10-01T20:52:25.376+0000] {processor.py:914} INFO - Processing file /home/airflow/.local/lib/python3.12/site-packages/airflow/example_dags/example_branch_python_dop_operator_3.py for tasks to queue
[2024-10-01T20:52:25.379+0000] {logging_mixin.py:190} INFO - [2024-10-01T20:52:25.379+0000] {dagbag.py:588} INFO - Filling up the DagBag from /home/airflow/.local/lib/python3.12/site-packages/airflow/example_dags/example_branch_python_dop_operator_3.py
[2024-10-01T20:52:25.391+0000] {processor.py:925} INFO - DAG(s) 'example_branch_dop_operator_v3' retrieved from /home/airflow/.local/lib/python3.12/site-packages/airflow/example_dags/example_branch_python_dop_operator_3.py
[2024-10-01T20:52:25.403+0000] {logging_mixin.py:190} INFO - [2024-10-01T20:52:25.403+0000] {dag.py:3239} INFO - Sync 1 DAGs
[2024-10-01T20:52:25.418+0000] {logging_mixin.py:190} INFO - [2024-10-01T20:52:25.418+0000] {dag.py:4180} INFO - Setting next_dagrun for example_branch_dop_operator_v3 to 2024-10-01 20:51:00+00:00, run_after=2024-10-01 20:52:00+00:00
[2024-10-01T20:52:25.428+0000] {processor.py:208} INFO - Processing /home/airflow/.local/lib/python3.12/site-packages/airflow/example_dags/example_branch_python_dop_operator_3.py took 0.060 seconds
[2024-10-01T20:52:55.965+0000] {processor.py:186} INFO - Started process (PID=908) to work on /home/airflow/.local/lib/python3.12/site-packages/airflow/example_dags/example_branch_python_dop_operator_3.py
[2024-10-01T20:52:55.966+0000] {processor.py:914} INFO - Processing file /home/airflow/.local/lib/python3.12/site-packages/airflow/example_dags/example_branch_python_dop_operator_3.py for tasks to queue
[2024-10-01T20:52:55.967+0000] {logging_mixin.py:190} INFO - [2024-10-01T20:52:55.967+0000] {dagbag.py:588} INFO - Filling up the DagBag from /home/airflow/.local/lib/python3.12/site-packages/airflow/example_dags/example_branch_python_dop_operator_3.py
[2024-10-01T20:52:55.979+0000] {processor.py:925} INFO - DAG(s) 'example_branch_dop_operator_v3' retrieved from /home/airflow/.local/lib/python3.12/site-packages/airflow/example_dags/example_branch_python_dop_operator_3.py
[2024-10-01T20:52:55.995+0000] {logging_mixin.py:190} INFO - [2024-10-01T20:52:55.995+0000] {dag.py:3239} INFO - Sync 1 DAGs
[2024-10-01T20:52:56.011+0000] {logging_mixin.py:190} INFO - [2024-10-01T20:52:56.011+0000] {dag.py:4180} INFO - Setting next_dagrun for example_branch_dop_operator_v3 to 2024-10-01 20:51:00+00:00, run_after=2024-10-01 20:52:00+00:00
[2024-10-01T20:52:56.022+0000] {processor.py:208} INFO - Processing /home/airflow/.local/lib/python3.12/site-packages/airflow/example_dags/example_branch_python_dop_operator_3.py took 0.063 seconds
[2024-10-01T20:53:26.953+0000] {processor.py:186} INFO - Started process (PID=970) to work on /home/airflow/.local/lib/python3.12/site-packages/airflow/example_dags/example_branch_python_dop_operator_3.py
[2024-10-01T20:53:26.960+0000] {processor.py:914} INFO - Processing file /home/airflow/.local/lib/python3.12/site-packages/airflow/example_dags/example_branch_python_dop_operator_3.py for tasks to queue
[2024-10-01T20:53:26.969+0000] {logging_mixin.py:190} INFO - [2024-10-01T20:53:26.968+0000] {dagbag.py:588} INFO - Filling up the DagBag from /home/airflow/.local/lib/python3.12/site-packages/airflow/example_dags/example_branch_python_dop_operator_3.py
[2024-10-01T20:53:26.985+0000] {processor.py:925} INFO - DAG(s) 'example_branch_dop_operator_v3' retrieved from /home/airflow/.local/lib/python3.12/site-packages/airflow/example_dags/example_branch_python_dop_operator_3.py
[2024-10-01T20:53:27.039+0000] {logging_mixin.py:190} INFO - [2024-10-01T20:53:27.039+0000] {dag.py:3239} INFO - Sync 1 DAGs
[2024-10-01T20:53:27.082+0000] {logging_mixin.py:190} INFO - [2024-10-01T20:53:27.081+0000] {dag.py:4180} INFO - Setting next_dagrun for example_branch_dop_operator_v3 to 2024-10-01 20:52:00+00:00, run_after=2024-10-01 20:53:00+00:00
[2024-10-01T20:53:27.100+0000] {processor.py:208} INFO - Processing /home/airflow/.local/lib/python3.12/site-packages/airflow/example_dags/example_branch_python_dop_operator_3.py took 0.164 seconds
[2024-10-01T20:53:58.084+0000] {processor.py:186} INFO - Started process (PID=1031) to work on /home/airflow/.local/lib/python3.12/site-packages/airflow/example_dags/example_branch_python_dop_operator_3.py
[2024-10-01T20:53:58.087+0000] {processor.py:914} INFO - Processing file /home/airflow/.local/lib/python3.12/site-packages/airflow/example_dags/example_branch_python_dop_operator_3.py for tasks to queue
[2024-10-01T20:53:58.107+0000] {logging_mixin.py:190} INFO - [2024-10-01T20:53:58.106+0000] {dagbag.py:588} INFO - Filling up the DagBag from /home/airflow/.local/lib/python3.12/site-packages/airflow/example_dags/example_branch_python_dop_operator_3.py
[2024-10-01T20:53:58.139+0000] {processor.py:925} INFO - DAG(s) 'example_branch_dop_operator_v3' retrieved from /home/airflow/.local/lib/python3.12/site-packages/airflow/example_dags/example_branch_python_dop_operator_3.py
[2024-10-01T20:53:58.247+0000] {logging_mixin.py:190} INFO - [2024-10-01T20:53:58.247+0000] {dag.py:3239} INFO - Sync 1 DAGs
[2024-10-01T20:53:58.361+0000] {logging_mixin.py:190} INFO - [2024-10-01T20:53:58.361+0000] {dag.py:4180} INFO - Setting next_dagrun for example_branch_dop_operator_v3 to 2024-10-01 20:52:00+00:00, run_after=2024-10-01 20:53:00+00:00
[2024-10-01T20:53:58.400+0000] {processor.py:208} INFO - Processing /home/airflow/.local/lib/python3.12/site-packages/airflow/example_dags/example_branch_python_dop_operator_3.py took 0.348 seconds
[2024-10-01T20:54:29.145+0000] {processor.py:186} INFO - Started process (PID=1093) to work on /home/airflow/.local/lib/python3.12/site-packages/airflow/example_dags/example_branch_python_dop_operator_3.py
[2024-10-01T20:54:29.147+0000] {processor.py:914} INFO - Processing file /home/airflow/.local/lib/python3.12/site-packages/airflow/example_dags/example_branch_python_dop_operator_3.py for tasks to queue
[2024-10-01T20:54:29.151+0000] {logging_mixin.py:190} INFO - [2024-10-01T20:54:29.151+0000] {dagbag.py:588} INFO - Filling up the DagBag from /home/airflow/.local/lib/python3.12/site-packages/airflow/example_dags/example_branch_python_dop_operator_3.py
[2024-10-01T20:54:29.166+0000] {processor.py:925} INFO - DAG(s) 'example_branch_dop_operator_v3' retrieved from /home/airflow/.local/lib/python3.12/site-packages/airflow/example_dags/example_branch_python_dop_operator_3.py
[2024-10-01T20:54:29.191+0000] {logging_mixin.py:190} INFO - [2024-10-01T20:54:29.191+0000] {dag.py:3239} INFO - Sync 1 DAGs
[2024-10-01T20:54:29.217+0000] {logging_mixin.py:190} INFO - [2024-10-01T20:54:29.217+0000] {dag.py:4180} INFO - Setting next_dagrun for example_branch_dop_operator_v3 to 2024-10-01 20:53:00+00:00, run_after=2024-10-01 20:54:00+00:00
[2024-10-01T20:54:29.233+0000] {processor.py:208} INFO - Processing /home/airflow/.local/lib/python3.12/site-packages/airflow/example_dags/example_branch_python_dop_operator_3.py took 0.097 seconds
[2024-10-01T20:54:59.415+0000] {processor.py:186} INFO - Started process (PID=1155) to work on /home/airflow/.local/lib/python3.12/site-packages/airflow/example_dags/example_branch_python_dop_operator_3.py
[2024-10-01T20:54:59.417+0000] {processor.py:914} INFO - Processing file /home/airflow/.local/lib/python3.12/site-packages/airflow/example_dags/example_branch_python_dop_operator_3.py for tasks to queue
[2024-10-01T20:54:59.420+0000] {logging_mixin.py:190} INFO - [2024-10-01T20:54:59.420+0000] {dagbag.py:588} INFO - Filling up the DagBag from /home/airflow/.local/lib/python3.12/site-packages/airflow/example_dags/example_branch_python_dop_operator_3.py
[2024-10-01T20:54:59.433+0000] {processor.py:925} INFO - DAG(s) 'example_branch_dop_operator_v3' retrieved from /home/airflow/.local/lib/python3.12/site-packages/airflow/example_dags/example_branch_python_dop_operator_3.py
[2024-10-01T20:54:59.456+0000] {logging_mixin.py:190} INFO - [2024-10-01T20:54:59.456+0000] {dag.py:3239} INFO - Sync 1 DAGs
[2024-10-01T20:54:59.486+0000] {logging_mixin.py:190} INFO - [2024-10-01T20:54:59.485+0000] {dag.py:4180} INFO - Setting next_dagrun for example_branch_dop_operator_v3 to 2024-10-01 20:53:00+00:00, run_after=2024-10-01 20:54:00+00:00
[2024-10-01T20:54:59.505+0000] {processor.py:208} INFO - Processing /home/airflow/.local/lib/python3.12/site-packages/airflow/example_dags/example_branch_python_dop_operator_3.py took 0.097 seconds
[2024-10-01T20:55:29.750+0000] {processor.py:186} INFO - Started process (PID=1217) to work on /home/airflow/.local/lib/python3.12/site-packages/airflow/example_dags/example_branch_python_dop_operator_3.py
[2024-10-01T20:55:29.754+0000] {processor.py:914} INFO - Processing file /home/airflow/.local/lib/python3.12/site-packages/airflow/example_dags/example_branch_python_dop_operator_3.py for tasks to queue
[2024-10-01T20:55:29.757+0000] {logging_mixin.py:190} INFO - [2024-10-01T20:55:29.757+0000] {dagbag.py:588} INFO - Filling up the DagBag from /home/airflow/.local/lib/python3.12/site-packages/airflow/example_dags/example_branch_python_dop_operator_3.py
[2024-10-01T20:55:29.771+0000] {processor.py:925} INFO - DAG(s) 'example_branch_dop_operator_v3' retrieved from /home/airflow/.local/lib/python3.12/site-packages/airflow/example_dags/example_branch_python_dop_operator_3.py
[2024-10-01T20:55:29.803+0000] {logging_mixin.py:190} INFO - [2024-10-01T20:55:29.803+0000] {dag.py:3239} INFO - Sync 1 DAGs
[2024-10-01T20:55:29.841+0000] {logging_mixin.py:190} INFO - [2024-10-01T20:55:29.841+0000] {dag.py:4180} INFO - Setting next_dagrun for example_branch_dop_operator_v3 to 2024-10-01 20:54:00+00:00, run_after=2024-10-01 20:55:00+00:00
[2024-10-01T20:55:29.855+0000] {processor.py:208} INFO - Processing /home/airflow/.local/lib/python3.12/site-packages/airflow/example_dags/example_branch_python_dop_operator_3.py took 0.126 seconds
[2024-10-01T20:56:06.757+0000] {processor.py:186} INFO - Started process (PID=1279) to work on /home/airflow/.local/lib/python3.12/site-packages/airflow/example_dags/example_branch_python_dop_operator_3.py
[2024-10-01T20:56:06.759+0000] {processor.py:914} INFO - Processing file /home/airflow/.local/lib/python3.12/site-packages/airflow/example_dags/example_branch_python_dop_operator_3.py for tasks to queue
[2024-10-01T20:56:06.762+0000] {logging_mixin.py:190} INFO - [2024-10-01T20:56:06.762+0000] {dagbag.py:588} INFO - Filling up the DagBag from /home/airflow/.local/lib/python3.12/site-packages/airflow/example_dags/example_branch_python_dop_operator_3.py
[2024-10-01T20:56:06.777+0000] {processor.py:925} INFO - DAG(s) 'example_branch_dop_operator_v3' retrieved from /home/airflow/.local/lib/python3.12/site-packages/airflow/example_dags/example_branch_python_dop_operator_3.py
[2024-10-01T20:56:06.835+0000] {logging_mixin.py:190} INFO - [2024-10-01T20:56:06.834+0000] {dag.py:3239} INFO - Sync 1 DAGs
[2024-10-01T20:56:06.928+0000] {logging_mixin.py:190} INFO - [2024-10-01T20:56:06.927+0000] {dag.py:4180} INFO - Setting next_dagrun for example_branch_dop_operator_v3 to 2024-10-01 20:55:00+00:00, run_after=2024-10-01 20:56:00+00:00
[2024-10-01T20:56:06.959+0000] {processor.py:208} INFO - Processing /home/airflow/.local/lib/python3.12/site-packages/airflow/example_dags/example_branch_python_dop_operator_3.py took 0.213 seconds
[2024-10-01T20:56:37.582+0000] {processor.py:186} INFO - Started process (PID=1341) to work on /home/airflow/.local/lib/python3.12/site-packages/airflow/example_dags/example_branch_python_dop_operator_3.py
[2024-10-01T20:56:37.584+0000] {processor.py:914} INFO - Processing file /home/airflow/.local/lib/python3.12/site-packages/airflow/example_dags/example_branch_python_dop_operator_3.py for tasks to queue
[2024-10-01T20:56:37.586+0000] {logging_mixin.py:190} INFO - [2024-10-01T20:56:37.586+0000] {dagbag.py:588} INFO - Filling up the DagBag from /home/airflow/.local/lib/python3.12/site-packages/airflow/example_dags/example_branch_python_dop_operator_3.py
[2024-10-01T20:56:37.598+0000] {processor.py:925} INFO - DAG(s) 'example_branch_dop_operator_v3' retrieved from /home/airflow/.local/lib/python3.12/site-packages/airflow/example_dags/example_branch_python_dop_operator_3.py
[2024-10-01T20:56:37.616+0000] {logging_mixin.py:190} INFO - [2024-10-01T20:56:37.616+0000] {dag.py:3239} INFO - Sync 1 DAGs
[2024-10-01T20:56:37.633+0000] {logging_mixin.py:190} INFO - [2024-10-01T20:56:37.633+0000] {dag.py:4180} INFO - Setting next_dagrun for example_branch_dop_operator_v3 to 2024-10-01 20:55:00+00:00, run_after=2024-10-01 20:56:00+00:00
[2024-10-01T20:56:37.648+0000] {processor.py:208} INFO - Processing /home/airflow/.local/lib/python3.12/site-packages/airflow/example_dags/example_branch_python_dop_operator_3.py took 0.071 seconds
