[2024-10-01T20:46:17.545+0000] {processor.py:186} INFO - Started process (PID=99) to work on /home/airflow/.local/lib/python3.12/site-packages/airflow/example_dags/tutorial.py
[2024-10-01T20:46:17.552+0000] {processor.py:914} INFO - Processing file /home/airflow/.local/lib/python3.12/site-packages/airflow/example_dags/tutorial.py for tasks to queue
[2024-10-01T20:46:17.555+0000] {logging_mixin.py:190} INFO - [2024-10-01T20:46:17.555+0000] {dagbag.py:588} INFO - Filling up the DagBag from /home/airflow/.local/lib/python3.12/site-packages/airflow/example_dags/tutorial.py
[2024-10-01T20:46:17.568+0000] {processor.py:925} INFO - DAG(s) 'tutorial' retrieved from /home/airflow/.local/lib/python3.12/site-packages/airflow/example_dags/tutorial.py
[2024-10-01T20:46:17.885+0000] {logging_mixin.py:190} INFO - [2024-10-01T20:46:17.882+0000] {override.py:1900} INFO - Created Permission View: can delete on DAG:tutorial
[2024-10-01T20:46:17.916+0000] {logging_mixin.py:190} INFO - [2024-10-01T20:46:17.916+0000] {override.py:1900} INFO - Created Permission View: can read on DAG:tutorial
[2024-10-01T20:46:17.941+0000] {logging_mixin.py:190} INFO - [2024-10-01T20:46:17.941+0000] {override.py:1900} INFO - Created Permission View: can edit on DAG:tutorial
[2024-10-01T20:46:17.970+0000] {logging_mixin.py:190} INFO - [2024-10-01T20:46:17.970+0000] {override.py:1900} INFO - Created Permission View: can delete on DAG Run:tutorial
[2024-10-01T20:46:17.976+0000] {logging_mixin.py:190} INFO - [2024-10-01T20:46:17.976+0000] {override.py:1900} INFO - Created Permission View: can read on DAG Run:tutorial
[2024-10-01T20:46:17.983+0000] {logging_mixin.py:190} INFO - [2024-10-01T20:46:17.982+0000] {override.py:1900} INFO - Created Permission View: menu access on DAG Run:tutorial
[2024-10-01T20:46:17.989+0000] {logging_mixin.py:190} INFO - [2024-10-01T20:46:17.989+0000] {override.py:1900} INFO - Created Permission View: can create on DAG Run:tutorial
[2024-10-01T20:46:17.989+0000] {logging_mixin.py:190} INFO - [2024-10-01T20:46:17.989+0000] {dag.py:3239} INFO - Sync 1 DAGs
[2024-10-01T20:46:18.020+0000] {logging_mixin.py:190} INFO - [2024-10-01T20:46:18.019+0000] {dag.py:3262} INFO - Creating ORM DAG for tutorial
[2024-10-01T20:46:18.049+0000] {logging_mixin.py:190} INFO - [2024-10-01T20:46:18.049+0000] {dag.py:4180} INFO - Setting next_dagrun for tutorial to 2024-09-30 00:00:00+00:00, run_after=2024-10-01 00:00:00+00:00
[2024-10-01T20:46:18.088+0000] {processor.py:208} INFO - Processing /home/airflow/.local/lib/python3.12/site-packages/airflow/example_dags/tutorial.py took 0.549 seconds
[2024-10-01T20:46:48.663+0000] {processor.py:186} INFO - Started process (PID=161) to work on /home/airflow/.local/lib/python3.12/site-packages/airflow/example_dags/tutorial.py
[2024-10-01T20:46:48.664+0000] {processor.py:914} INFO - Processing file /home/airflow/.local/lib/python3.12/site-packages/airflow/example_dags/tutorial.py for tasks to queue
[2024-10-01T20:46:48.665+0000] {logging_mixin.py:190} INFO - [2024-10-01T20:46:48.665+0000] {dagbag.py:588} INFO - Filling up the DagBag from /home/airflow/.local/lib/python3.12/site-packages/airflow/example_dags/tutorial.py
[2024-10-01T20:46:48.672+0000] {processor.py:925} INFO - DAG(s) 'tutorial' retrieved from /home/airflow/.local/lib/python3.12/site-packages/airflow/example_dags/tutorial.py
[2024-10-01T20:46:48.688+0000] {logging_mixin.py:190} INFO - [2024-10-01T20:46:48.688+0000] {dag.py:3239} INFO - Sync 1 DAGs
[2024-10-01T20:46:48.705+0000] {logging_mixin.py:190} INFO - [2024-10-01T20:46:48.705+0000] {dag.py:4180} INFO - Setting next_dagrun for tutorial to 2024-09-30 00:00:00+00:00, run_after=2024-10-01 00:00:00+00:00
[2024-10-01T20:46:48.719+0000] {processor.py:208} INFO - Processing /home/airflow/.local/lib/python3.12/site-packages/airflow/example_dags/tutorial.py took 0.060 seconds
[2024-10-01T20:47:19.062+0000] {processor.py:186} INFO - Started process (PID=223) to work on /home/airflow/.local/lib/python3.12/site-packages/airflow/example_dags/tutorial.py
[2024-10-01T20:47:19.065+0000] {processor.py:914} INFO - Processing file /home/airflow/.local/lib/python3.12/site-packages/airflow/example_dags/tutorial.py for tasks to queue
[2024-10-01T20:47:19.071+0000] {logging_mixin.py:190} INFO - [2024-10-01T20:47:19.071+0000] {dagbag.py:588} INFO - Filling up the DagBag from /home/airflow/.local/lib/python3.12/site-packages/airflow/example_dags/tutorial.py
[2024-10-01T20:47:19.097+0000] {processor.py:925} INFO - DAG(s) 'tutorial' retrieved from /home/airflow/.local/lib/python3.12/site-packages/airflow/example_dags/tutorial.py
[2024-10-01T20:47:19.147+0000] {logging_mixin.py:190} INFO - [2024-10-01T20:47:19.147+0000] {dag.py:3239} INFO - Sync 1 DAGs
[2024-10-01T20:47:19.184+0000] {logging_mixin.py:190} INFO - [2024-10-01T20:47:19.184+0000] {dag.py:4180} INFO - Setting next_dagrun for tutorial to 2024-09-30 00:00:00+00:00, run_after=2024-10-01 00:00:00+00:00
[2024-10-01T20:47:19.207+0000] {processor.py:208} INFO - Processing /home/airflow/.local/lib/python3.12/site-packages/airflow/example_dags/tutorial.py took 0.163 seconds
[2024-10-01T20:47:49.718+0000] {processor.py:186} INFO - Started process (PID=285) to work on /home/airflow/.local/lib/python3.12/site-packages/airflow/example_dags/tutorial.py
[2024-10-01T20:47:49.722+0000] {processor.py:914} INFO - Processing file /home/airflow/.local/lib/python3.12/site-packages/airflow/example_dags/tutorial.py for tasks to queue
[2024-10-01T20:47:49.726+0000] {logging_mixin.py:190} INFO - [2024-10-01T20:47:49.726+0000] {dagbag.py:588} INFO - Filling up the DagBag from /home/airflow/.local/lib/python3.12/site-packages/airflow/example_dags/tutorial.py
[2024-10-01T20:47:49.733+0000] {processor.py:925} INFO - DAG(s) 'tutorial' retrieved from /home/airflow/.local/lib/python3.12/site-packages/airflow/example_dags/tutorial.py
[2024-10-01T20:47:49.753+0000] {logging_mixin.py:190} INFO - [2024-10-01T20:47:49.753+0000] {dag.py:3239} INFO - Sync 1 DAGs
[2024-10-01T20:47:49.770+0000] {logging_mixin.py:190} INFO - [2024-10-01T20:47:49.770+0000] {dag.py:4180} INFO - Setting next_dagrun for tutorial to 2024-09-30 00:00:00+00:00, run_after=2024-10-01 00:00:00+00:00
[2024-10-01T20:47:49.792+0000] {processor.py:208} INFO - Processing /home/airflow/.local/lib/python3.12/site-packages/airflow/example_dags/tutorial.py took 0.080 seconds
[2024-10-01T20:48:20.439+0000] {processor.py:186} INFO - Started process (PID=347) to work on /home/airflow/.local/lib/python3.12/site-packages/airflow/example_dags/tutorial.py
[2024-10-01T20:48:20.441+0000] {processor.py:914} INFO - Processing file /home/airflow/.local/lib/python3.12/site-packages/airflow/example_dags/tutorial.py for tasks to queue
[2024-10-01T20:48:20.442+0000] {logging_mixin.py:190} INFO - [2024-10-01T20:48:20.442+0000] {dagbag.py:588} INFO - Filling up the DagBag from /home/airflow/.local/lib/python3.12/site-packages/airflow/example_dags/tutorial.py
[2024-10-01T20:48:20.448+0000] {processor.py:925} INFO - DAG(s) 'tutorial' retrieved from /home/airflow/.local/lib/python3.12/site-packages/airflow/example_dags/tutorial.py
[2024-10-01T20:48:20.465+0000] {logging_mixin.py:190} INFO - [2024-10-01T20:48:20.465+0000] {dag.py:3239} INFO - Sync 1 DAGs
[2024-10-01T20:48:20.480+0000] {logging_mixin.py:190} INFO - [2024-10-01T20:48:20.480+0000] {dag.py:4180} INFO - Setting next_dagrun for tutorial to 2024-09-30 00:00:00+00:00, run_after=2024-10-01 00:00:00+00:00
[2024-10-01T20:48:20.494+0000] {processor.py:208} INFO - Processing /home/airflow/.local/lib/python3.12/site-packages/airflow/example_dags/tutorial.py took 0.060 seconds
[2024-10-01T20:48:50.920+0000] {processor.py:186} INFO - Started process (PID=409) to work on /home/airflow/.local/lib/python3.12/site-packages/airflow/example_dags/tutorial.py
[2024-10-01T20:48:50.920+0000] {processor.py:914} INFO - Processing file /home/airflow/.local/lib/python3.12/site-packages/airflow/example_dags/tutorial.py for tasks to queue
[2024-10-01T20:48:50.923+0000] {logging_mixin.py:190} INFO - [2024-10-01T20:48:50.923+0000] {dagbag.py:588} INFO - Filling up the DagBag from /home/airflow/.local/lib/python3.12/site-packages/airflow/example_dags/tutorial.py
[2024-10-01T20:48:50.936+0000] {processor.py:925} INFO - DAG(s) 'tutorial' retrieved from /home/airflow/.local/lib/python3.12/site-packages/airflow/example_dags/tutorial.py
[2024-10-01T20:48:50.951+0000] {logging_mixin.py:190} INFO - [2024-10-01T20:48:50.951+0000] {dag.py:3239} INFO - Sync 1 DAGs
[2024-10-01T20:48:50.970+0000] {logging_mixin.py:190} INFO - [2024-10-01T20:48:50.970+0000] {dag.py:4180} INFO - Setting next_dagrun for tutorial to 2024-09-30 00:00:00+00:00, run_after=2024-10-01 00:00:00+00:00
[2024-10-01T20:48:50.982+0000] {processor.py:208} INFO - Processing /home/airflow/.local/lib/python3.12/site-packages/airflow/example_dags/tutorial.py took 0.068 seconds
[2024-10-01T20:49:21.300+0000] {processor.py:186} INFO - Started process (PID=471) to work on /home/airflow/.local/lib/python3.12/site-packages/airflow/example_dags/tutorial.py
[2024-10-01T20:49:21.301+0000] {processor.py:914} INFO - Processing file /home/airflow/.local/lib/python3.12/site-packages/airflow/example_dags/tutorial.py for tasks to queue
[2024-10-01T20:49:21.303+0000] {logging_mixin.py:190} INFO - [2024-10-01T20:49:21.303+0000] {dagbag.py:588} INFO - Filling up the DagBag from /home/airflow/.local/lib/python3.12/site-packages/airflow/example_dags/tutorial.py
[2024-10-01T20:49:21.309+0000] {processor.py:925} INFO - DAG(s) 'tutorial' retrieved from /home/airflow/.local/lib/python3.12/site-packages/airflow/example_dags/tutorial.py
[2024-10-01T20:49:21.331+0000] {logging_mixin.py:190} INFO - [2024-10-01T20:49:21.330+0000] {dag.py:3239} INFO - Sync 1 DAGs
[2024-10-01T20:49:21.348+0000] {logging_mixin.py:190} INFO - [2024-10-01T20:49:21.348+0000] {dag.py:4180} INFO - Setting next_dagrun for tutorial to 2024-09-30 00:00:00+00:00, run_after=2024-10-01 00:00:00+00:00
[2024-10-01T20:49:21.362+0000] {processor.py:208} INFO - Processing /home/airflow/.local/lib/python3.12/site-packages/airflow/example_dags/tutorial.py took 0.066 seconds
[2024-10-01T20:49:52.000+0000] {processor.py:186} INFO - Started process (PID=533) to work on /home/airflow/.local/lib/python3.12/site-packages/airflow/example_dags/tutorial.py
[2024-10-01T20:49:52.002+0000] {processor.py:914} INFO - Processing file /home/airflow/.local/lib/python3.12/site-packages/airflow/example_dags/tutorial.py for tasks to queue
[2024-10-01T20:49:52.007+0000] {logging_mixin.py:190} INFO - [2024-10-01T20:49:52.006+0000] {dagbag.py:588} INFO - Filling up the DagBag from /home/airflow/.local/lib/python3.12/site-packages/airflow/example_dags/tutorial.py
[2024-10-01T20:49:52.017+0000] {processor.py:925} INFO - DAG(s) 'tutorial' retrieved from /home/airflow/.local/lib/python3.12/site-packages/airflow/example_dags/tutorial.py
[2024-10-01T20:49:52.039+0000] {logging_mixin.py:190} INFO - [2024-10-01T20:49:52.039+0000] {dag.py:3239} INFO - Sync 1 DAGs
[2024-10-01T20:49:52.059+0000] {logging_mixin.py:190} INFO - [2024-10-01T20:49:52.059+0000] {dag.py:4180} INFO - Setting next_dagrun for tutorial to 2024-09-30 00:00:00+00:00, run_after=2024-10-01 00:00:00+00:00
[2024-10-01T20:49:52.072+0000] {processor.py:208} INFO - Processing /home/airflow/.local/lib/python3.12/site-packages/airflow/example_dags/tutorial.py took 0.077 seconds
[2024-10-01T20:50:22.749+0000] {processor.py:186} INFO - Started process (PID=595) to work on /home/airflow/.local/lib/python3.12/site-packages/airflow/example_dags/tutorial.py
[2024-10-01T20:50:22.754+0000] {processor.py:914} INFO - Processing file /home/airflow/.local/lib/python3.12/site-packages/airflow/example_dags/tutorial.py for tasks to queue
[2024-10-01T20:50:22.758+0000] {logging_mixin.py:190} INFO - [2024-10-01T20:50:22.757+0000] {dagbag.py:588} INFO - Filling up the DagBag from /home/airflow/.local/lib/python3.12/site-packages/airflow/example_dags/tutorial.py
[2024-10-01T20:50:22.764+0000] {processor.py:925} INFO - DAG(s) 'tutorial' retrieved from /home/airflow/.local/lib/python3.12/site-packages/airflow/example_dags/tutorial.py
[2024-10-01T20:50:22.784+0000] {logging_mixin.py:190} INFO - [2024-10-01T20:50:22.784+0000] {dag.py:3239} INFO - Sync 1 DAGs
[2024-10-01T20:50:22.803+0000] {logging_mixin.py:190} INFO - [2024-10-01T20:50:22.803+0000] {dag.py:4180} INFO - Setting next_dagrun for tutorial to 2024-09-30 00:00:00+00:00, run_after=2024-10-01 00:00:00+00:00
[2024-10-01T20:50:22.815+0000] {processor.py:208} INFO - Processing /home/airflow/.local/lib/python3.12/site-packages/airflow/example_dags/tutorial.py took 0.072 seconds
[2024-10-01T20:50:53.223+0000] {processor.py:186} INFO - Started process (PID=657) to work on /home/airflow/.local/lib/python3.12/site-packages/airflow/example_dags/tutorial.py
[2024-10-01T20:50:53.227+0000] {processor.py:914} INFO - Processing file /home/airflow/.local/lib/python3.12/site-packages/airflow/example_dags/tutorial.py for tasks to queue
[2024-10-01T20:50:53.231+0000] {logging_mixin.py:190} INFO - [2024-10-01T20:50:53.231+0000] {dagbag.py:588} INFO - Filling up the DagBag from /home/airflow/.local/lib/python3.12/site-packages/airflow/example_dags/tutorial.py
[2024-10-01T20:50:53.242+0000] {processor.py:925} INFO - DAG(s) 'tutorial' retrieved from /home/airflow/.local/lib/python3.12/site-packages/airflow/example_dags/tutorial.py
[2024-10-01T20:50:53.267+0000] {logging_mixin.py:190} INFO - [2024-10-01T20:50:53.267+0000] {dag.py:3239} INFO - Sync 1 DAGs
[2024-10-01T20:50:53.303+0000] {logging_mixin.py:190} INFO - [2024-10-01T20:50:53.303+0000] {dag.py:4180} INFO - Setting next_dagrun for tutorial to 2024-09-30 00:00:00+00:00, run_after=2024-10-01 00:00:00+00:00
[2024-10-01T20:50:53.319+0000] {processor.py:208} INFO - Processing /home/airflow/.local/lib/python3.12/site-packages/airflow/example_dags/tutorial.py took 0.132 seconds
[2024-10-01T20:51:23.607+0000] {processor.py:186} INFO - Started process (PID=719) to work on /home/airflow/.local/lib/python3.12/site-packages/airflow/example_dags/tutorial.py
[2024-10-01T20:51:23.608+0000] {processor.py:914} INFO - Processing file /home/airflow/.local/lib/python3.12/site-packages/airflow/example_dags/tutorial.py for tasks to queue
[2024-10-01T20:51:23.610+0000] {logging_mixin.py:190} INFO - [2024-10-01T20:51:23.610+0000] {dagbag.py:588} INFO - Filling up the DagBag from /home/airflow/.local/lib/python3.12/site-packages/airflow/example_dags/tutorial.py
[2024-10-01T20:51:23.618+0000] {processor.py:925} INFO - DAG(s) 'tutorial' retrieved from /home/airflow/.local/lib/python3.12/site-packages/airflow/example_dags/tutorial.py
[2024-10-01T20:51:23.646+0000] {logging_mixin.py:190} INFO - [2024-10-01T20:51:23.645+0000] {dag.py:3239} INFO - Sync 1 DAGs
[2024-10-01T20:51:23.688+0000] {logging_mixin.py:190} INFO - [2024-10-01T20:51:23.688+0000] {dag.py:4180} INFO - Setting next_dagrun for tutorial to 2024-09-30 00:00:00+00:00, run_after=2024-10-01 00:00:00+00:00
[2024-10-01T20:51:23.702+0000] {processor.py:208} INFO - Processing /home/airflow/.local/lib/python3.12/site-packages/airflow/example_dags/tutorial.py took 0.100 seconds
[2024-10-01T20:51:54.582+0000] {processor.py:186} INFO - Started process (PID=781) to work on /home/airflow/.local/lib/python3.12/site-packages/airflow/example_dags/tutorial.py
[2024-10-01T20:51:54.583+0000] {processor.py:914} INFO - Processing file /home/airflow/.local/lib/python3.12/site-packages/airflow/example_dags/tutorial.py for tasks to queue
[2024-10-01T20:51:54.585+0000] {logging_mixin.py:190} INFO - [2024-10-01T20:51:54.585+0000] {dagbag.py:588} INFO - Filling up the DagBag from /home/airflow/.local/lib/python3.12/site-packages/airflow/example_dags/tutorial.py
[2024-10-01T20:51:54.591+0000] {processor.py:925} INFO - DAG(s) 'tutorial' retrieved from /home/airflow/.local/lib/python3.12/site-packages/airflow/example_dags/tutorial.py
[2024-10-01T20:51:54.606+0000] {logging_mixin.py:190} INFO - [2024-10-01T20:51:54.605+0000] {dag.py:3239} INFO - Sync 1 DAGs
[2024-10-01T20:51:54.621+0000] {logging_mixin.py:190} INFO - [2024-10-01T20:51:54.621+0000] {dag.py:4180} INFO - Setting next_dagrun for tutorial to 2024-09-30 00:00:00+00:00, run_after=2024-10-01 00:00:00+00:00
[2024-10-01T20:51:54.634+0000] {processor.py:208} INFO - Processing /home/airflow/.local/lib/python3.12/site-packages/airflow/example_dags/tutorial.py took 0.057 seconds
[2024-10-01T20:52:25.195+0000] {processor.py:186} INFO - Started process (PID=843) to work on /home/airflow/.local/lib/python3.12/site-packages/airflow/example_dags/tutorial.py
[2024-10-01T20:52:25.196+0000] {processor.py:914} INFO - Processing file /home/airflow/.local/lib/python3.12/site-packages/airflow/example_dags/tutorial.py for tasks to queue
[2024-10-01T20:52:25.198+0000] {logging_mixin.py:190} INFO - [2024-10-01T20:52:25.198+0000] {dagbag.py:588} INFO - Filling up the DagBag from /home/airflow/.local/lib/python3.12/site-packages/airflow/example_dags/tutorial.py
[2024-10-01T20:52:25.207+0000] {processor.py:925} INFO - DAG(s) 'tutorial' retrieved from /home/airflow/.local/lib/python3.12/site-packages/airflow/example_dags/tutorial.py
[2024-10-01T20:52:25.230+0000] {logging_mixin.py:190} INFO - [2024-10-01T20:52:25.230+0000] {dag.py:3239} INFO - Sync 1 DAGs
[2024-10-01T20:52:25.260+0000] {logging_mixin.py:190} INFO - [2024-10-01T20:52:25.260+0000] {dag.py:4180} INFO - Setting next_dagrun for tutorial to 2024-09-30 00:00:00+00:00, run_after=2024-10-01 00:00:00+00:00
[2024-10-01T20:52:25.275+0000] {processor.py:208} INFO - Processing /home/airflow/.local/lib/python3.12/site-packages/airflow/example_dags/tutorial.py took 0.087 seconds
[2024-10-01T20:52:55.768+0000] {processor.py:186} INFO - Started process (PID=905) to work on /home/airflow/.local/lib/python3.12/site-packages/airflow/example_dags/tutorial.py
[2024-10-01T20:52:55.770+0000] {processor.py:914} INFO - Processing file /home/airflow/.local/lib/python3.12/site-packages/airflow/example_dags/tutorial.py for tasks to queue
[2024-10-01T20:52:55.772+0000] {logging_mixin.py:190} INFO - [2024-10-01T20:52:55.772+0000] {dagbag.py:588} INFO - Filling up the DagBag from /home/airflow/.local/lib/python3.12/site-packages/airflow/example_dags/tutorial.py
[2024-10-01T20:52:55.781+0000] {processor.py:925} INFO - DAG(s) 'tutorial' retrieved from /home/airflow/.local/lib/python3.12/site-packages/airflow/example_dags/tutorial.py
[2024-10-01T20:52:55.797+0000] {logging_mixin.py:190} INFO - [2024-10-01T20:52:55.797+0000] {dag.py:3239} INFO - Sync 1 DAGs
[2024-10-01T20:52:55.817+0000] {logging_mixin.py:190} INFO - [2024-10-01T20:52:55.817+0000] {dag.py:4180} INFO - Setting next_dagrun for tutorial to 2024-09-30 00:00:00+00:00, run_after=2024-10-01 00:00:00+00:00
[2024-10-01T20:52:55.830+0000] {processor.py:208} INFO - Processing /home/airflow/.local/lib/python3.12/site-packages/airflow/example_dags/tutorial.py took 0.068 seconds
[2024-10-01T20:53:26.678+0000] {processor.py:186} INFO - Started process (PID=967) to work on /home/airflow/.local/lib/python3.12/site-packages/airflow/example_dags/tutorial.py
[2024-10-01T20:53:26.679+0000] {processor.py:914} INFO - Processing file /home/airflow/.local/lib/python3.12/site-packages/airflow/example_dags/tutorial.py for tasks to queue
[2024-10-01T20:53:26.686+0000] {logging_mixin.py:190} INFO - [2024-10-01T20:53:26.684+0000] {dagbag.py:588} INFO - Filling up the DagBag from /home/airflow/.local/lib/python3.12/site-packages/airflow/example_dags/tutorial.py
[2024-10-01T20:53:26.716+0000] {processor.py:925} INFO - DAG(s) 'tutorial' retrieved from /home/airflow/.local/lib/python3.12/site-packages/airflow/example_dags/tutorial.py
[2024-10-01T20:53:26.746+0000] {logging_mixin.py:190} INFO - [2024-10-01T20:53:26.746+0000] {dag.py:3239} INFO - Sync 1 DAGs
[2024-10-01T20:53:26.781+0000] {logging_mixin.py:190} INFO - [2024-10-01T20:53:26.781+0000] {dag.py:4180} INFO - Setting next_dagrun for tutorial to 2024-09-30 00:00:00+00:00, run_after=2024-10-01 00:00:00+00:00
[2024-10-01T20:53:26.807+0000] {processor.py:208} INFO - Processing /home/airflow/.local/lib/python3.12/site-packages/airflow/example_dags/tutorial.py took 0.138 seconds
[2024-10-01T20:53:56.898+0000] {processor.py:186} INFO - Started process (PID=1028) to work on /home/airflow/.local/lib/python3.12/site-packages/airflow/example_dags/tutorial.py
[2024-10-01T20:53:56.899+0000] {processor.py:914} INFO - Processing file /home/airflow/.local/lib/python3.12/site-packages/airflow/example_dags/tutorial.py for tasks to queue
[2024-10-01T20:53:56.900+0000] {logging_mixin.py:190} INFO - [2024-10-01T20:53:56.900+0000] {dagbag.py:588} INFO - Filling up the DagBag from /home/airflow/.local/lib/python3.12/site-packages/airflow/example_dags/tutorial.py
[2024-10-01T20:53:56.907+0000] {processor.py:925} INFO - DAG(s) 'tutorial' retrieved from /home/airflow/.local/lib/python3.12/site-packages/airflow/example_dags/tutorial.py
[2024-10-01T20:53:56.929+0000] {logging_mixin.py:190} INFO - [2024-10-01T20:53:56.929+0000] {dag.py:3239} INFO - Sync 1 DAGs
[2024-10-01T20:53:56.947+0000] {logging_mixin.py:190} INFO - [2024-10-01T20:53:56.947+0000] {dag.py:4180} INFO - Setting next_dagrun for tutorial to 2024-09-30 00:00:00+00:00, run_after=2024-10-01 00:00:00+00:00
[2024-10-01T20:53:56.958+0000] {processor.py:208} INFO - Processing /home/airflow/.local/lib/python3.12/site-packages/airflow/example_dags/tutorial.py took 0.068 seconds
[2024-10-01T20:54:27.019+0000] {processor.py:186} INFO - Started process (PID=1090) to work on /home/airflow/.local/lib/python3.12/site-packages/airflow/example_dags/tutorial.py
[2024-10-01T20:54:27.020+0000] {processor.py:914} INFO - Processing file /home/airflow/.local/lib/python3.12/site-packages/airflow/example_dags/tutorial.py for tasks to queue
[2024-10-01T20:54:27.022+0000] {logging_mixin.py:190} INFO - [2024-10-01T20:54:27.021+0000] {dagbag.py:588} INFO - Filling up the DagBag from /home/airflow/.local/lib/python3.12/site-packages/airflow/example_dags/tutorial.py
[2024-10-01T20:54:27.027+0000] {processor.py:925} INFO - DAG(s) 'tutorial' retrieved from /home/airflow/.local/lib/python3.12/site-packages/airflow/example_dags/tutorial.py
[2024-10-01T20:54:27.039+0000] {logging_mixin.py:190} INFO - [2024-10-01T20:54:27.039+0000] {dag.py:3239} INFO - Sync 1 DAGs
[2024-10-01T20:54:27.052+0000] {logging_mixin.py:190} INFO - [2024-10-01T20:54:27.052+0000] {dag.py:4180} INFO - Setting next_dagrun for tutorial to 2024-09-30 00:00:00+00:00, run_after=2024-10-01 00:00:00+00:00
[2024-10-01T20:54:27.064+0000] {processor.py:208} INFO - Processing /home/airflow/.local/lib/python3.12/site-packages/airflow/example_dags/tutorial.py took 0.048 seconds
[2024-10-01T20:54:57.287+0000] {processor.py:186} INFO - Started process (PID=1152) to work on /home/airflow/.local/lib/python3.12/site-packages/airflow/example_dags/tutorial.py
[2024-10-01T20:54:57.288+0000] {processor.py:914} INFO - Processing file /home/airflow/.local/lib/python3.12/site-packages/airflow/example_dags/tutorial.py for tasks to queue
[2024-10-01T20:54:57.292+0000] {logging_mixin.py:190} INFO - [2024-10-01T20:54:57.292+0000] {dagbag.py:588} INFO - Filling up the DagBag from /home/airflow/.local/lib/python3.12/site-packages/airflow/example_dags/tutorial.py
[2024-10-01T20:54:57.298+0000] {processor.py:925} INFO - DAG(s) 'tutorial' retrieved from /home/airflow/.local/lib/python3.12/site-packages/airflow/example_dags/tutorial.py
[2024-10-01T20:54:57.312+0000] {logging_mixin.py:190} INFO - [2024-10-01T20:54:57.311+0000] {dag.py:3239} INFO - Sync 1 DAGs
[2024-10-01T20:54:57.327+0000] {logging_mixin.py:190} INFO - [2024-10-01T20:54:57.326+0000] {dag.py:4180} INFO - Setting next_dagrun for tutorial to 2024-09-30 00:00:00+00:00, run_after=2024-10-01 00:00:00+00:00
[2024-10-01T20:54:57.336+0000] {processor.py:208} INFO - Processing /home/airflow/.local/lib/python3.12/site-packages/airflow/example_dags/tutorial.py took 0.053 seconds
[2024-10-01T20:55:27.657+0000] {processor.py:186} INFO - Started process (PID=1214) to work on /home/airflow/.local/lib/python3.12/site-packages/airflow/example_dags/tutorial.py
[2024-10-01T20:55:27.658+0000] {processor.py:914} INFO - Processing file /home/airflow/.local/lib/python3.12/site-packages/airflow/example_dags/tutorial.py for tasks to queue
[2024-10-01T20:55:27.659+0000] {logging_mixin.py:190} INFO - [2024-10-01T20:55:27.659+0000] {dagbag.py:588} INFO - Filling up the DagBag from /home/airflow/.local/lib/python3.12/site-packages/airflow/example_dags/tutorial.py
[2024-10-01T20:55:27.669+0000] {processor.py:925} INFO - DAG(s) 'tutorial' retrieved from /home/airflow/.local/lib/python3.12/site-packages/airflow/example_dags/tutorial.py
[2024-10-01T20:55:27.686+0000] {logging_mixin.py:190} INFO - [2024-10-01T20:55:27.686+0000] {dag.py:3239} INFO - Sync 1 DAGs
[2024-10-01T20:55:27.702+0000] {logging_mixin.py:190} INFO - [2024-10-01T20:55:27.702+0000] {dag.py:4180} INFO - Setting next_dagrun for tutorial to 2024-09-30 00:00:00+00:00, run_after=2024-10-01 00:00:00+00:00
[2024-10-01T20:55:27.713+0000] {processor.py:208} INFO - Processing /home/airflow/.local/lib/python3.12/site-packages/airflow/example_dags/tutorial.py took 0.062 seconds
[2024-10-01T20:56:06.466+0000] {processor.py:186} INFO - Started process (PID=1276) to work on /home/airflow/.local/lib/python3.12/site-packages/airflow/example_dags/tutorial.py
[2024-10-01T20:56:06.470+0000] {processor.py:914} INFO - Processing file /home/airflow/.local/lib/python3.12/site-packages/airflow/example_dags/tutorial.py for tasks to queue
[2024-10-01T20:56:06.476+0000] {logging_mixin.py:190} INFO - [2024-10-01T20:56:06.475+0000] {dagbag.py:588} INFO - Filling up the DagBag from /home/airflow/.local/lib/python3.12/site-packages/airflow/example_dags/tutorial.py
[2024-10-01T20:56:06.493+0000] {processor.py:925} INFO - DAG(s) 'tutorial' retrieved from /home/airflow/.local/lib/python3.12/site-packages/airflow/example_dags/tutorial.py
[2024-10-01T20:56:06.544+0000] {logging_mixin.py:190} INFO - [2024-10-01T20:56:06.543+0000] {dag.py:3239} INFO - Sync 1 DAGs
[2024-10-01T20:56:06.585+0000] {logging_mixin.py:190} INFO - [2024-10-01T20:56:06.585+0000] {dag.py:4180} INFO - Setting next_dagrun for tutorial to 2024-09-30 00:00:00+00:00, run_after=2024-10-01 00:00:00+00:00
[2024-10-01T20:56:06.605+0000] {processor.py:208} INFO - Processing /home/airflow/.local/lib/python3.12/site-packages/airflow/example_dags/tutorial.py took 0.155 seconds
[2024-10-01T20:56:37.403+0000] {processor.py:186} INFO - Started process (PID=1338) to work on /home/airflow/.local/lib/python3.12/site-packages/airflow/example_dags/tutorial.py
[2024-10-01T20:56:37.404+0000] {processor.py:914} INFO - Processing file /home/airflow/.local/lib/python3.12/site-packages/airflow/example_dags/tutorial.py for tasks to queue
[2024-10-01T20:56:37.407+0000] {logging_mixin.py:190} INFO - [2024-10-01T20:56:37.407+0000] {dagbag.py:588} INFO - Filling up the DagBag from /home/airflow/.local/lib/python3.12/site-packages/airflow/example_dags/tutorial.py
[2024-10-01T20:56:37.416+0000] {processor.py:925} INFO - DAG(s) 'tutorial' retrieved from /home/airflow/.local/lib/python3.12/site-packages/airflow/example_dags/tutorial.py
[2024-10-01T20:56:37.442+0000] {logging_mixin.py:190} INFO - [2024-10-01T20:56:37.442+0000] {dag.py:3239} INFO - Sync 1 DAGs
[2024-10-01T20:56:37.465+0000] {logging_mixin.py:190} INFO - [2024-10-01T20:56:37.465+0000] {dag.py:4180} INFO - Setting next_dagrun for tutorial to 2024-09-30 00:00:00+00:00, run_after=2024-10-01 00:00:00+00:00
[2024-10-01T20:56:37.484+0000] {processor.py:208} INFO - Processing /home/airflow/.local/lib/python3.12/site-packages/airflow/example_dags/tutorial.py took 0.085 seconds
