[2024-10-01T20:46:17.541+0000] {processor.py:186} INFO - Started process (PID=98) to work on /home/airflow/.local/lib/python3.12/site-packages/airflow/example_dags/tutorial_dag.py
[2024-10-01T20:46:17.542+0000] {processor.py:914} INFO - Processing file /home/airflow/.local/lib/python3.12/site-packages/airflow/example_dags/tutorial_dag.py for tasks to queue
[2024-10-01T20:46:17.545+0000] {logging_mixin.py:190} INFO - [2024-10-01T20:46:17.545+0000] {dagbag.py:588} INFO - Filling up the DagBag from /home/airflow/.local/lib/python3.12/site-packages/airflow/example_dags/tutorial_dag.py
[2024-10-01T20:46:17.555+0000] {processor.py:925} INFO - DAG(s) 'tutorial_dag' retrieved from /home/airflow/.local/lib/python3.12/site-packages/airflow/example_dags/tutorial_dag.py
[2024-10-01T20:46:17.885+0000] {logging_mixin.py:190} INFO - [2024-10-01T20:46:17.881+0000] {override.py:1900} INFO - Created Permission View: can delete on DAG:tutorial_dag
[2024-10-01T20:46:17.915+0000] {logging_mixin.py:190} INFO - [2024-10-01T20:46:17.914+0000] {override.py:1900} INFO - Created Permission View: can read on DAG:tutorial_dag
[2024-10-01T20:46:17.942+0000] {logging_mixin.py:190} INFO - [2024-10-01T20:46:17.941+0000] {override.py:1900} INFO - Created Permission View: can edit on DAG:tutorial_dag
[2024-10-01T20:46:17.969+0000] {logging_mixin.py:190} INFO - [2024-10-01T20:46:17.968+0000] {override.py:1900} INFO - Created Permission View: can delete on DAG Run:tutorial_dag
[2024-10-01T20:46:17.976+0000] {logging_mixin.py:190} INFO - [2024-10-01T20:46:17.975+0000] {override.py:1900} INFO - Created Permission View: can read on DAG Run:tutorial_dag
[2024-10-01T20:46:17.982+0000] {logging_mixin.py:190} INFO - [2024-10-01T20:46:17.982+0000] {override.py:1900} INFO - Created Permission View: menu access on DAG Run:tutorial_dag
[2024-10-01T20:46:17.989+0000] {logging_mixin.py:190} INFO - [2024-10-01T20:46:17.988+0000] {override.py:1900} INFO - Created Permission View: can create on DAG Run:tutorial_dag
[2024-10-01T20:46:17.990+0000] {logging_mixin.py:190} INFO - [2024-10-01T20:46:17.990+0000] {dag.py:3239} INFO - Sync 1 DAGs
[2024-10-01T20:46:18.020+0000] {logging_mixin.py:190} INFO - [2024-10-01T20:46:18.019+0000] {dag.py:3262} INFO - Creating ORM DAG for tutorial_dag
[2024-10-01T20:46:18.024+0000] {logging_mixin.py:190} INFO - [2024-10-01T20:46:18.023+0000] {dag.py:4180} INFO - Setting next_dagrun for tutorial_dag to None, run_after=None
[2024-10-01T20:46:18.065+0000] {processor.py:208} INFO - Processing /home/airflow/.local/lib/python3.12/site-packages/airflow/example_dags/tutorial_dag.py took 0.531 seconds
[2024-10-01T20:46:48.661+0000] {processor.py:186} INFO - Started process (PID=160) to work on /home/airflow/.local/lib/python3.12/site-packages/airflow/example_dags/tutorial_dag.py
[2024-10-01T20:46:48.663+0000] {processor.py:914} INFO - Processing file /home/airflow/.local/lib/python3.12/site-packages/airflow/example_dags/tutorial_dag.py for tasks to queue
[2024-10-01T20:46:48.665+0000] {logging_mixin.py:190} INFO - [2024-10-01T20:46:48.665+0000] {dagbag.py:588} INFO - Filling up the DagBag from /home/airflow/.local/lib/python3.12/site-packages/airflow/example_dags/tutorial_dag.py
[2024-10-01T20:46:48.674+0000] {processor.py:925} INFO - DAG(s) 'tutorial_dag' retrieved from /home/airflow/.local/lib/python3.12/site-packages/airflow/example_dags/tutorial_dag.py
[2024-10-01T20:46:48.691+0000] {logging_mixin.py:190} INFO - [2024-10-01T20:46:48.690+0000] {dag.py:3239} INFO - Sync 1 DAGs
[2024-10-01T20:46:48.701+0000] {logging_mixin.py:190} INFO - [2024-10-01T20:46:48.701+0000] {dag.py:4180} INFO - Setting next_dagrun for tutorial_dag to None, run_after=None
[2024-10-01T20:46:48.716+0000] {processor.py:208} INFO - Processing /home/airflow/.local/lib/python3.12/site-packages/airflow/example_dags/tutorial_dag.py took 0.062 seconds
[2024-10-01T20:47:19.062+0000] {processor.py:186} INFO - Started process (PID=222) to work on /home/airflow/.local/lib/python3.12/site-packages/airflow/example_dags/tutorial_dag.py
[2024-10-01T20:47:19.065+0000] {processor.py:914} INFO - Processing file /home/airflow/.local/lib/python3.12/site-packages/airflow/example_dags/tutorial_dag.py for tasks to queue
[2024-10-01T20:47:19.070+0000] {logging_mixin.py:190} INFO - [2024-10-01T20:47:19.069+0000] {dagbag.py:588} INFO - Filling up the DagBag from /home/airflow/.local/lib/python3.12/site-packages/airflow/example_dags/tutorial_dag.py
[2024-10-01T20:47:19.097+0000] {processor.py:925} INFO - DAG(s) 'tutorial_dag' retrieved from /home/airflow/.local/lib/python3.12/site-packages/airflow/example_dags/tutorial_dag.py
[2024-10-01T20:47:19.147+0000] {logging_mixin.py:190} INFO - [2024-10-01T20:47:19.147+0000] {dag.py:3239} INFO - Sync 1 DAGs
[2024-10-01T20:47:19.167+0000] {logging_mixin.py:190} INFO - [2024-10-01T20:47:19.166+0000] {dag.py:4180} INFO - Setting next_dagrun for tutorial_dag to None, run_after=None
[2024-10-01T20:47:19.195+0000] {processor.py:208} INFO - Processing /home/airflow/.local/lib/python3.12/site-packages/airflow/example_dags/tutorial_dag.py took 0.150 seconds
[2024-10-01T20:47:49.710+0000] {processor.py:186} INFO - Started process (PID=284) to work on /home/airflow/.local/lib/python3.12/site-packages/airflow/example_dags/tutorial_dag.py
[2024-10-01T20:47:49.712+0000] {processor.py:914} INFO - Processing file /home/airflow/.local/lib/python3.12/site-packages/airflow/example_dags/tutorial_dag.py for tasks to queue
[2024-10-01T20:47:49.714+0000] {logging_mixin.py:190} INFO - [2024-10-01T20:47:49.714+0000] {dagbag.py:588} INFO - Filling up the DagBag from /home/airflow/.local/lib/python3.12/site-packages/airflow/example_dags/tutorial_dag.py
[2024-10-01T20:47:49.722+0000] {processor.py:925} INFO - DAG(s) 'tutorial_dag' retrieved from /home/airflow/.local/lib/python3.12/site-packages/airflow/example_dags/tutorial_dag.py
[2024-10-01T20:47:49.746+0000] {logging_mixin.py:190} INFO - [2024-10-01T20:47:49.746+0000] {dag.py:3239} INFO - Sync 1 DAGs
[2024-10-01T20:47:49.757+0000] {logging_mixin.py:190} INFO - [2024-10-01T20:47:49.756+0000] {dag.py:4180} INFO - Setting next_dagrun for tutorial_dag to None, run_after=None
[2024-10-01T20:47:49.773+0000] {processor.py:208} INFO - Processing /home/airflow/.local/lib/python3.12/site-packages/airflow/example_dags/tutorial_dag.py took 0.070 seconds
[2024-10-01T20:48:20.431+0000] {processor.py:186} INFO - Started process (PID=346) to work on /home/airflow/.local/lib/python3.12/site-packages/airflow/example_dags/tutorial_dag.py
[2024-10-01T20:48:20.432+0000] {processor.py:914} INFO - Processing file /home/airflow/.local/lib/python3.12/site-packages/airflow/example_dags/tutorial_dag.py for tasks to queue
[2024-10-01T20:48:20.435+0000] {logging_mixin.py:190} INFO - [2024-10-01T20:48:20.434+0000] {dagbag.py:588} INFO - Filling up the DagBag from /home/airflow/.local/lib/python3.12/site-packages/airflow/example_dags/tutorial_dag.py
[2024-10-01T20:48:20.441+0000] {processor.py:925} INFO - DAG(s) 'tutorial_dag' retrieved from /home/airflow/.local/lib/python3.12/site-packages/airflow/example_dags/tutorial_dag.py
[2024-10-01T20:48:20.460+0000] {logging_mixin.py:190} INFO - [2024-10-01T20:48:20.459+0000] {dag.py:3239} INFO - Sync 1 DAGs
[2024-10-01T20:48:20.473+0000] {logging_mixin.py:190} INFO - [2024-10-01T20:48:20.473+0000] {dag.py:4180} INFO - Setting next_dagrun for tutorial_dag to None, run_after=None
[2024-10-01T20:48:20.487+0000] {processor.py:208} INFO - Processing /home/airflow/.local/lib/python3.12/site-packages/airflow/example_dags/tutorial_dag.py took 0.061 seconds
[2024-10-01T20:48:50.918+0000] {processor.py:186} INFO - Started process (PID=408) to work on /home/airflow/.local/lib/python3.12/site-packages/airflow/example_dags/tutorial_dag.py
[2024-10-01T20:48:50.919+0000] {processor.py:914} INFO - Processing file /home/airflow/.local/lib/python3.12/site-packages/airflow/example_dags/tutorial_dag.py for tasks to queue
[2024-10-01T20:48:50.922+0000] {logging_mixin.py:190} INFO - [2024-10-01T20:48:50.922+0000] {dagbag.py:588} INFO - Filling up the DagBag from /home/airflow/.local/lib/python3.12/site-packages/airflow/example_dags/tutorial_dag.py
[2024-10-01T20:48:50.928+0000] {processor.py:925} INFO - DAG(s) 'tutorial_dag' retrieved from /home/airflow/.local/lib/python3.12/site-packages/airflow/example_dags/tutorial_dag.py
[2024-10-01T20:48:50.948+0000] {logging_mixin.py:190} INFO - [2024-10-01T20:48:50.948+0000] {dag.py:3239} INFO - Sync 1 DAGs
[2024-10-01T20:48:50.958+0000] {logging_mixin.py:190} INFO - [2024-10-01T20:48:50.958+0000] {dag.py:4180} INFO - Setting next_dagrun for tutorial_dag to None, run_after=None
[2024-10-01T20:48:50.972+0000] {processor.py:208} INFO - Processing /home/airflow/.local/lib/python3.12/site-packages/airflow/example_dags/tutorial_dag.py took 0.062 seconds
[2024-10-01T20:49:21.298+0000] {processor.py:186} INFO - Started process (PID=470) to work on /home/airflow/.local/lib/python3.12/site-packages/airflow/example_dags/tutorial_dag.py
[2024-10-01T20:49:21.299+0000] {processor.py:914} INFO - Processing file /home/airflow/.local/lib/python3.12/site-packages/airflow/example_dags/tutorial_dag.py for tasks to queue
[2024-10-01T20:49:21.301+0000] {logging_mixin.py:190} INFO - [2024-10-01T20:49:21.300+0000] {dagbag.py:588} INFO - Filling up the DagBag from /home/airflow/.local/lib/python3.12/site-packages/airflow/example_dags/tutorial_dag.py
[2024-10-01T20:49:21.308+0000] {processor.py:925} INFO - DAG(s) 'tutorial_dag' retrieved from /home/airflow/.local/lib/python3.12/site-packages/airflow/example_dags/tutorial_dag.py
[2024-10-01T20:49:21.325+0000] {logging_mixin.py:190} INFO - [2024-10-01T20:49:21.325+0000] {dag.py:3239} INFO - Sync 1 DAGs
[2024-10-01T20:49:21.339+0000] {logging_mixin.py:190} INFO - [2024-10-01T20:49:21.339+0000] {dag.py:4180} INFO - Setting next_dagrun for tutorial_dag to None, run_after=None
[2024-10-01T20:49:21.353+0000] {processor.py:208} INFO - Processing /home/airflow/.local/lib/python3.12/site-packages/airflow/example_dags/tutorial_dag.py took 0.060 seconds
[2024-10-01T20:49:51.998+0000] {processor.py:186} INFO - Started process (PID=532) to work on /home/airflow/.local/lib/python3.12/site-packages/airflow/example_dags/tutorial_dag.py
[2024-10-01T20:49:52.000+0000] {processor.py:914} INFO - Processing file /home/airflow/.local/lib/python3.12/site-packages/airflow/example_dags/tutorial_dag.py for tasks to queue
[2024-10-01T20:49:52.004+0000] {logging_mixin.py:190} INFO - [2024-10-01T20:49:52.003+0000] {dagbag.py:588} INFO - Filling up the DagBag from /home/airflow/.local/lib/python3.12/site-packages/airflow/example_dags/tutorial_dag.py
[2024-10-01T20:49:52.013+0000] {processor.py:925} INFO - DAG(s) 'tutorial_dag' retrieved from /home/airflow/.local/lib/python3.12/site-packages/airflow/example_dags/tutorial_dag.py
[2024-10-01T20:49:52.035+0000] {logging_mixin.py:190} INFO - [2024-10-01T20:49:52.035+0000] {dag.py:3239} INFO - Sync 1 DAGs
[2024-10-01T20:49:52.049+0000] {logging_mixin.py:190} INFO - [2024-10-01T20:49:52.049+0000] {dag.py:4180} INFO - Setting next_dagrun for tutorial_dag to None, run_after=None
[2024-10-01T20:49:52.063+0000] {processor.py:208} INFO - Processing /home/airflow/.local/lib/python3.12/site-packages/airflow/example_dags/tutorial_dag.py took 0.071 seconds
[2024-10-01T20:50:22.743+0000] {processor.py:186} INFO - Started process (PID=594) to work on /home/airflow/.local/lib/python3.12/site-packages/airflow/example_dags/tutorial_dag.py
[2024-10-01T20:50:22.745+0000] {processor.py:914} INFO - Processing file /home/airflow/.local/lib/python3.12/site-packages/airflow/example_dags/tutorial_dag.py for tasks to queue
[2024-10-01T20:50:22.747+0000] {logging_mixin.py:190} INFO - [2024-10-01T20:50:22.746+0000] {dagbag.py:588} INFO - Filling up the DagBag from /home/airflow/.local/lib/python3.12/site-packages/airflow/example_dags/tutorial_dag.py
[2024-10-01T20:50:22.754+0000] {processor.py:925} INFO - DAG(s) 'tutorial_dag' retrieved from /home/airflow/.local/lib/python3.12/site-packages/airflow/example_dags/tutorial_dag.py
[2024-10-01T20:50:22.775+0000] {logging_mixin.py:190} INFO - [2024-10-01T20:50:22.774+0000] {dag.py:3239} INFO - Sync 1 DAGs
[2024-10-01T20:50:22.788+0000] {logging_mixin.py:190} INFO - [2024-10-01T20:50:22.788+0000] {dag.py:4180} INFO - Setting next_dagrun for tutorial_dag to None, run_after=None
[2024-10-01T20:50:22.805+0000] {processor.py:208} INFO - Processing /home/airflow/.local/lib/python3.12/site-packages/airflow/example_dags/tutorial_dag.py took 0.069 seconds
[2024-10-01T20:50:53.210+0000] {processor.py:186} INFO - Started process (PID=656) to work on /home/airflow/.local/lib/python3.12/site-packages/airflow/example_dags/tutorial_dag.py
[2024-10-01T20:50:53.218+0000] {processor.py:914} INFO - Processing file /home/airflow/.local/lib/python3.12/site-packages/airflow/example_dags/tutorial_dag.py for tasks to queue
[2024-10-01T20:50:53.223+0000] {logging_mixin.py:190} INFO - [2024-10-01T20:50:53.222+0000] {dagbag.py:588} INFO - Filling up the DagBag from /home/airflow/.local/lib/python3.12/site-packages/airflow/example_dags/tutorial_dag.py
[2024-10-01T20:50:53.241+0000] {processor.py:925} INFO - DAG(s) 'tutorial_dag' retrieved from /home/airflow/.local/lib/python3.12/site-packages/airflow/example_dags/tutorial_dag.py
[2024-10-01T20:50:53.266+0000] {logging_mixin.py:190} INFO - [2024-10-01T20:50:53.266+0000] {dag.py:3239} INFO - Sync 1 DAGs
[2024-10-01T20:50:53.294+0000] {logging_mixin.py:190} INFO - [2024-10-01T20:50:53.293+0000] {dag.py:4180} INFO - Setting next_dagrun for tutorial_dag to None, run_after=None
[2024-10-01T20:50:53.313+0000] {processor.py:208} INFO - Processing /home/airflow/.local/lib/python3.12/site-packages/airflow/example_dags/tutorial_dag.py took 0.133 seconds
[2024-10-01T20:51:23.603+0000] {processor.py:186} INFO - Started process (PID=718) to work on /home/airflow/.local/lib/python3.12/site-packages/airflow/example_dags/tutorial_dag.py
[2024-10-01T20:51:23.604+0000] {processor.py:914} INFO - Processing file /home/airflow/.local/lib/python3.12/site-packages/airflow/example_dags/tutorial_dag.py for tasks to queue
[2024-10-01T20:51:23.606+0000] {logging_mixin.py:190} INFO - [2024-10-01T20:51:23.606+0000] {dagbag.py:588} INFO - Filling up the DagBag from /home/airflow/.local/lib/python3.12/site-packages/airflow/example_dags/tutorial_dag.py
[2024-10-01T20:51:23.616+0000] {processor.py:925} INFO - DAG(s) 'tutorial_dag' retrieved from /home/airflow/.local/lib/python3.12/site-packages/airflow/example_dags/tutorial_dag.py
[2024-10-01T20:51:23.646+0000] {logging_mixin.py:190} INFO - [2024-10-01T20:51:23.645+0000] {dag.py:3239} INFO - Sync 1 DAGs
[2024-10-01T20:51:23.679+0000] {logging_mixin.py:190} INFO - [2024-10-01T20:51:23.679+0000] {dag.py:4180} INFO - Setting next_dagrun for tutorial_dag to None, run_after=None
[2024-10-01T20:51:23.697+0000] {processor.py:208} INFO - Processing /home/airflow/.local/lib/python3.12/site-packages/airflow/example_dags/tutorial_dag.py took 0.101 seconds
[2024-10-01T20:51:54.581+0000] {processor.py:186} INFO - Started process (PID=780) to work on /home/airflow/.local/lib/python3.12/site-packages/airflow/example_dags/tutorial_dag.py
[2024-10-01T20:51:54.583+0000] {processor.py:914} INFO - Processing file /home/airflow/.local/lib/python3.12/site-packages/airflow/example_dags/tutorial_dag.py for tasks to queue
[2024-10-01T20:51:54.585+0000] {logging_mixin.py:190} INFO - [2024-10-01T20:51:54.585+0000] {dagbag.py:588} INFO - Filling up the DagBag from /home/airflow/.local/lib/python3.12/site-packages/airflow/example_dags/tutorial_dag.py
[2024-10-01T20:51:54.591+0000] {processor.py:925} INFO - DAG(s) 'tutorial_dag' retrieved from /home/airflow/.local/lib/python3.12/site-packages/airflow/example_dags/tutorial_dag.py
[2024-10-01T20:51:54.606+0000] {logging_mixin.py:190} INFO - [2024-10-01T20:51:54.605+0000] {dag.py:3239} INFO - Sync 1 DAGs
[2024-10-01T20:51:54.615+0000] {logging_mixin.py:190} INFO - [2024-10-01T20:51:54.615+0000] {dag.py:4180} INFO - Setting next_dagrun for tutorial_dag to None, run_after=None
[2024-10-01T20:51:54.628+0000] {processor.py:208} INFO - Processing /home/airflow/.local/lib/python3.12/site-packages/airflow/example_dags/tutorial_dag.py took 0.055 seconds
[2024-10-01T20:52:25.190+0000] {processor.py:186} INFO - Started process (PID=842) to work on /home/airflow/.local/lib/python3.12/site-packages/airflow/example_dags/tutorial_dag.py
[2024-10-01T20:52:25.193+0000] {processor.py:914} INFO - Processing file /home/airflow/.local/lib/python3.12/site-packages/airflow/example_dags/tutorial_dag.py for tasks to queue
[2024-10-01T20:52:25.195+0000] {logging_mixin.py:190} INFO - [2024-10-01T20:52:25.195+0000] {dagbag.py:588} INFO - Filling up the DagBag from /home/airflow/.local/lib/python3.12/site-packages/airflow/example_dags/tutorial_dag.py
[2024-10-01T20:52:25.206+0000] {processor.py:925} INFO - DAG(s) 'tutorial_dag' retrieved from /home/airflow/.local/lib/python3.12/site-packages/airflow/example_dags/tutorial_dag.py
[2024-10-01T20:52:25.230+0000] {logging_mixin.py:190} INFO - [2024-10-01T20:52:25.230+0000] {dag.py:3239} INFO - Sync 1 DAGs
[2024-10-01T20:52:25.251+0000] {logging_mixin.py:190} INFO - [2024-10-01T20:52:25.250+0000] {dag.py:4180} INFO - Setting next_dagrun for tutorial_dag to None, run_after=None
[2024-10-01T20:52:25.265+0000] {processor.py:208} INFO - Processing /home/airflow/.local/lib/python3.12/site-packages/airflow/example_dags/tutorial_dag.py took 0.086 seconds
[2024-10-01T20:52:55.769+0000] {processor.py:186} INFO - Started process (PID=904) to work on /home/airflow/.local/lib/python3.12/site-packages/airflow/example_dags/tutorial_dag.py
[2024-10-01T20:52:55.771+0000] {processor.py:914} INFO - Processing file /home/airflow/.local/lib/python3.12/site-packages/airflow/example_dags/tutorial_dag.py for tasks to queue
[2024-10-01T20:52:55.772+0000] {logging_mixin.py:190} INFO - [2024-10-01T20:52:55.772+0000] {dagbag.py:588} INFO - Filling up the DagBag from /home/airflow/.local/lib/python3.12/site-packages/airflow/example_dags/tutorial_dag.py
[2024-10-01T20:52:55.780+0000] {processor.py:925} INFO - DAG(s) 'tutorial_dag' retrieved from /home/airflow/.local/lib/python3.12/site-packages/airflow/example_dags/tutorial_dag.py
[2024-10-01T20:52:55.797+0000] {logging_mixin.py:190} INFO - [2024-10-01T20:52:55.797+0000] {dag.py:3239} INFO - Sync 1 DAGs
[2024-10-01T20:52:55.810+0000] {logging_mixin.py:190} INFO - [2024-10-01T20:52:55.810+0000] {dag.py:4180} INFO - Setting next_dagrun for tutorial_dag to None, run_after=None
[2024-10-01T20:52:55.822+0000] {processor.py:208} INFO - Processing /home/airflow/.local/lib/python3.12/site-packages/airflow/example_dags/tutorial_dag.py took 0.061 seconds
[2024-10-01T20:53:26.429+0000] {processor.py:186} INFO - Started process (PID=966) to work on /home/airflow/.local/lib/python3.12/site-packages/airflow/example_dags/tutorial_dag.py
[2024-10-01T20:53:26.433+0000] {processor.py:914} INFO - Processing file /home/airflow/.local/lib/python3.12/site-packages/airflow/example_dags/tutorial_dag.py for tasks to queue
[2024-10-01T20:53:26.450+0000] {logging_mixin.py:190} INFO - [2024-10-01T20:53:26.450+0000] {dagbag.py:588} INFO - Filling up the DagBag from /home/airflow/.local/lib/python3.12/site-packages/airflow/example_dags/tutorial_dag.py
[2024-10-01T20:53:26.491+0000] {processor.py:925} INFO - DAG(s) 'tutorial_dag' retrieved from /home/airflow/.local/lib/python3.12/site-packages/airflow/example_dags/tutorial_dag.py
[2024-10-01T20:53:26.528+0000] {logging_mixin.py:190} INFO - [2024-10-01T20:53:26.528+0000] {dag.py:3239} INFO - Sync 1 DAGs
[2024-10-01T20:53:26.611+0000] {logging_mixin.py:190} INFO - [2024-10-01T20:53:26.610+0000] {dag.py:4180} INFO - Setting next_dagrun for tutorial_dag to None, run_after=None
[2024-10-01T20:53:26.667+0000] {processor.py:208} INFO - Processing /home/airflow/.local/lib/python3.12/site-packages/airflow/example_dags/tutorial_dag.py took 0.259 seconds
[2024-10-01T20:53:56.854+0000] {processor.py:186} INFO - Started process (PID=1027) to work on /home/airflow/.local/lib/python3.12/site-packages/airflow/example_dags/tutorial_dag.py
[2024-10-01T20:53:56.858+0000] {processor.py:914} INFO - Processing file /home/airflow/.local/lib/python3.12/site-packages/airflow/example_dags/tutorial_dag.py for tasks to queue
[2024-10-01T20:53:56.861+0000] {logging_mixin.py:190} INFO - [2024-10-01T20:53:56.861+0000] {dagbag.py:588} INFO - Filling up the DagBag from /home/airflow/.local/lib/python3.12/site-packages/airflow/example_dags/tutorial_dag.py
[2024-10-01T20:53:56.875+0000] {processor.py:925} INFO - DAG(s) 'tutorial_dag' retrieved from /home/airflow/.local/lib/python3.12/site-packages/airflow/example_dags/tutorial_dag.py
[2024-10-01T20:53:56.899+0000] {logging_mixin.py:190} INFO - [2024-10-01T20:53:56.899+0000] {dag.py:3239} INFO - Sync 1 DAGs
[2024-10-01T20:53:56.912+0000] {logging_mixin.py:190} INFO - [2024-10-01T20:53:56.911+0000] {dag.py:4180} INFO - Setting next_dagrun for tutorial_dag to None, run_after=None
[2024-10-01T20:53:56.930+0000] {processor.py:208} INFO - Processing /home/airflow/.local/lib/python3.12/site-packages/airflow/example_dags/tutorial_dag.py took 0.086 seconds
[2024-10-01T20:54:26.967+0000] {processor.py:186} INFO - Started process (PID=1089) to work on /home/airflow/.local/lib/python3.12/site-packages/airflow/example_dags/tutorial_dag.py
[2024-10-01T20:54:26.968+0000] {processor.py:914} INFO - Processing file /home/airflow/.local/lib/python3.12/site-packages/airflow/example_dags/tutorial_dag.py for tasks to queue
[2024-10-01T20:54:26.969+0000] {logging_mixin.py:190} INFO - [2024-10-01T20:54:26.969+0000] {dagbag.py:588} INFO - Filling up the DagBag from /home/airflow/.local/lib/python3.12/site-packages/airflow/example_dags/tutorial_dag.py
[2024-10-01T20:54:26.974+0000] {processor.py:925} INFO - DAG(s) 'tutorial_dag' retrieved from /home/airflow/.local/lib/python3.12/site-packages/airflow/example_dags/tutorial_dag.py
[2024-10-01T20:54:26.986+0000] {logging_mixin.py:190} INFO - [2024-10-01T20:54:26.986+0000] {dag.py:3239} INFO - Sync 1 DAGs
[2024-10-01T20:54:26.994+0000] {logging_mixin.py:190} INFO - [2024-10-01T20:54:26.994+0000] {dag.py:4180} INFO - Setting next_dagrun for tutorial_dag to None, run_after=None
[2024-10-01T20:54:27.004+0000] {processor.py:208} INFO - Processing /home/airflow/.local/lib/python3.12/site-packages/airflow/example_dags/tutorial_dag.py took 0.040 seconds
[2024-10-01T20:54:57.239+0000] {processor.py:186} INFO - Started process (PID=1151) to work on /home/airflow/.local/lib/python3.12/site-packages/airflow/example_dags/tutorial_dag.py
[2024-10-01T20:54:57.240+0000] {processor.py:914} INFO - Processing file /home/airflow/.local/lib/python3.12/site-packages/airflow/example_dags/tutorial_dag.py for tasks to queue
[2024-10-01T20:54:57.242+0000] {logging_mixin.py:190} INFO - [2024-10-01T20:54:57.242+0000] {dagbag.py:588} INFO - Filling up the DagBag from /home/airflow/.local/lib/python3.12/site-packages/airflow/example_dags/tutorial_dag.py
[2024-10-01T20:54:57.248+0000] {processor.py:925} INFO - DAG(s) 'tutorial_dag' retrieved from /home/airflow/.local/lib/python3.12/site-packages/airflow/example_dags/tutorial_dag.py
[2024-10-01T20:54:57.264+0000] {logging_mixin.py:190} INFO - [2024-10-01T20:54:57.264+0000] {dag.py:3239} INFO - Sync 1 DAGs
[2024-10-01T20:54:57.275+0000] {logging_mixin.py:190} INFO - [2024-10-01T20:54:57.275+0000] {dag.py:4180} INFO - Setting next_dagrun for tutorial_dag to None, run_after=None
[2024-10-01T20:54:57.288+0000] {processor.py:208} INFO - Processing /home/airflow/.local/lib/python3.12/site-packages/airflow/example_dags/tutorial_dag.py took 0.053 seconds
[2024-10-01T20:55:27.590+0000] {processor.py:186} INFO - Started process (PID=1213) to work on /home/airflow/.local/lib/python3.12/site-packages/airflow/example_dags/tutorial_dag.py
[2024-10-01T20:55:27.591+0000] {processor.py:914} INFO - Processing file /home/airflow/.local/lib/python3.12/site-packages/airflow/example_dags/tutorial_dag.py for tasks to queue
[2024-10-01T20:55:27.593+0000] {logging_mixin.py:190} INFO - [2024-10-01T20:55:27.593+0000] {dagbag.py:588} INFO - Filling up the DagBag from /home/airflow/.local/lib/python3.12/site-packages/airflow/example_dags/tutorial_dag.py
[2024-10-01T20:55:27.598+0000] {processor.py:925} INFO - DAG(s) 'tutorial_dag' retrieved from /home/airflow/.local/lib/python3.12/site-packages/airflow/example_dags/tutorial_dag.py
[2024-10-01T20:55:27.618+0000] {logging_mixin.py:190} INFO - [2024-10-01T20:55:27.618+0000] {dag.py:3239} INFO - Sync 1 DAGs
[2024-10-01T20:55:27.628+0000] {logging_mixin.py:190} INFO - [2024-10-01T20:55:27.628+0000] {dag.py:4180} INFO - Setting next_dagrun for tutorial_dag to None, run_after=None
[2024-10-01T20:55:27.637+0000] {processor.py:208} INFO - Processing /home/airflow/.local/lib/python3.12/site-packages/airflow/example_dags/tutorial_dag.py took 0.053 seconds
[2024-10-01T20:56:06.364+0000] {processor.py:186} INFO - Started process (PID=1275) to work on /home/airflow/.local/lib/python3.12/site-packages/airflow/example_dags/tutorial_dag.py
[2024-10-01T20:56:06.366+0000] {processor.py:914} INFO - Processing file /home/airflow/.local/lib/python3.12/site-packages/airflow/example_dags/tutorial_dag.py for tasks to queue
[2024-10-01T20:56:06.368+0000] {logging_mixin.py:190} INFO - [2024-10-01T20:56:06.368+0000] {dagbag.py:588} INFO - Filling up the DagBag from /home/airflow/.local/lib/python3.12/site-packages/airflow/example_dags/tutorial_dag.py
[2024-10-01T20:56:06.377+0000] {processor.py:925} INFO - DAG(s) 'tutorial_dag' retrieved from /home/airflow/.local/lib/python3.12/site-packages/airflow/example_dags/tutorial_dag.py
[2024-10-01T20:56:06.459+0000] {logging_mixin.py:190} INFO - [2024-10-01T20:56:06.458+0000] {dag.py:3239} INFO - Sync 1 DAGs
[2024-10-01T20:56:06.489+0000] {logging_mixin.py:190} INFO - [2024-10-01T20:56:06.489+0000] {dag.py:4180} INFO - Setting next_dagrun for tutorial_dag to None, run_after=None
[2024-10-01T20:56:06.517+0000] {processor.py:208} INFO - Processing /home/airflow/.local/lib/python3.12/site-packages/airflow/example_dags/tutorial_dag.py took 0.162 seconds
[2024-10-01T20:56:37.391+0000] {processor.py:186} INFO - Started process (PID=1337) to work on /home/airflow/.local/lib/python3.12/site-packages/airflow/example_dags/tutorial_dag.py
[2024-10-01T20:56:37.391+0000] {processor.py:914} INFO - Processing file /home/airflow/.local/lib/python3.12/site-packages/airflow/example_dags/tutorial_dag.py for tasks to queue
[2024-10-01T20:56:37.393+0000] {logging_mixin.py:190} INFO - [2024-10-01T20:56:37.393+0000] {dagbag.py:588} INFO - Filling up the DagBag from /home/airflow/.local/lib/python3.12/site-packages/airflow/example_dags/tutorial_dag.py
[2024-10-01T20:56:37.402+0000] {processor.py:925} INFO - DAG(s) 'tutorial_dag' retrieved from /home/airflow/.local/lib/python3.12/site-packages/airflow/example_dags/tutorial_dag.py
[2024-10-01T20:56:37.429+0000] {logging_mixin.py:190} INFO - [2024-10-01T20:56:37.429+0000] {dag.py:3239} INFO - Sync 1 DAGs
[2024-10-01T20:56:37.443+0000] {logging_mixin.py:190} INFO - [2024-10-01T20:56:37.443+0000] {dag.py:4180} INFO - Setting next_dagrun for tutorial_dag to None, run_after=None
[2024-10-01T20:56:37.457+0000] {processor.py:208} INFO - Processing /home/airflow/.local/lib/python3.12/site-packages/airflow/example_dags/tutorial_dag.py took 0.072 seconds
[2024-10-01T20:57:11.657+0000] {logging_mixin.py:190} INFO - [2024-10-01T20:57:11.655+0000] {process_utils.py:266} INFO - Waiting up to 5 seconds for processes to exit...
