[2024-10-08T14:16:30.994+0000] {local_task_job_runner.py:123} INFO - ::group::Pre task execution logs
[2024-10-08T14:16:31.009+0000] {taskinstance.py:2612} INFO - Dependencies all met for dep_context=non-requeueable deps ti=<TaskInstance: data_pipeline_dag.ingest_data manual__2024-10-08T14:16:27.944815+00:00 [queued]>
[2024-10-08T14:16:31.014+0000] {taskinstance.py:2612} INFO - Dependencies all met for dep_context=requeueable deps ti=<TaskInstance: data_pipeline_dag.ingest_data manual__2024-10-08T14:16:27.944815+00:00 [queued]>
[2024-10-08T14:16:31.014+0000] {taskinstance.py:2865} INFO - Starting attempt 1 of 1
[2024-10-08T14:16:31.022+0000] {taskinstance.py:2888} INFO - Executing <Task(BashOperator): ingest_data> on 2024-10-08 14:16:27.944815+00:00
[2024-10-08T14:16:31.029+0000] {warnings.py:112} WARNING - /home/***/.local/lib/python3.12/site-packages/***/task/task_runner/standard_task_runner.py:70: DeprecationWarning: This process (pid=77) is multi-threaded, use of fork() may lead to deadlocks in the child.
  pid = os.fork()

[2024-10-08T14:16:31.031+0000] {standard_task_runner.py:72} INFO - Started process 78 to run task
[2024-10-08T14:16:31.031+0000] {standard_task_runner.py:104} INFO - Running: ['***', 'tasks', 'run', 'data_pipeline_dag', 'ingest_data', 'manual__2024-10-08T14:16:27.944815+00:00', '--job-id', '24', '--raw', '--subdir', 'DAGS_FOLDER/dag.py', '--cfg-path', '/tmp/tmpedd1kmvp']
[2024-10-08T14:16:31.033+0000] {standard_task_runner.py:105} INFO - Job 24: Subtask ingest_data
[2024-10-08T14:16:31.108+0000] {task_command.py:467} INFO - Running <TaskInstance: data_pipeline_dag.ingest_data manual__2024-10-08T14:16:27.944815+00:00 [running]> on host cfbe8eea48b1
[2024-10-08T14:16:31.208+0000] {taskinstance.py:3131} INFO - Exporting env vars: AIRFLOW_CTX_DAG_OWNER='***' AIRFLOW_CTX_DAG_ID='data_pipeline_dag' AIRFLOW_CTX_TASK_ID='ingest_data' AIRFLOW_CTX_EXECUTION_DATE='2024-10-08T14:16:27.944815+00:00' AIRFLOW_CTX_TRY_NUMBER='1' AIRFLOW_CTX_DAG_RUN_ID='manual__2024-10-08T14:16:27.944815+00:00'
[2024-10-08T14:16:31.209+0000] {taskinstance.py:731} INFO - ::endgroup::
[2024-10-08T14:16:31.236+0000] {subprocess.py:63} INFO - Tmp dir root location: /tmp
[2024-10-08T14:16:31.236+0000] {subprocess.py:75} INFO - Running command: ['/usr/bin/bash', '-c', 'python /opt/***/scripts/runtime.py /opt/***/scripts/ingest.py']
[2024-10-08T14:16:31.247+0000] {subprocess.py:86} INFO - Output:
[2024-10-08T14:16:34.136+0000] {subprocess.py:93} INFO - Traceback (most recent call last):
[2024-10-08T14:16:34.140+0000] {subprocess.py:93} INFO -   File "/opt/***/scripts/ingest.py", line 5, in <module>
[2024-10-08T14:16:34.142+0000] {subprocess.py:93} INFO -     from huggingface_hub import hf_hub_download
[2024-10-08T14:16:34.143+0000] {subprocess.py:93} INFO - ModuleNotFoundError: No module named 'huggingface_hub'
[2024-10-08T14:16:34.484+0000] {subprocess.py:93} INFO - 
[2024-10-08T14:16:34.490+0000] {subprocess.py:93} INFO - Starting script: /opt/***/scripts/ingest.py
[2024-10-08T14:16:34.490+0000] {subprocess.py:93} INFO - Finished script: /opt/***/scripts/ingest.py
[2024-10-08T14:16:34.490+0000] {subprocess.py:93} INFO - Execution time: 3.01 seconds
[2024-10-08T14:16:34.490+0000] {subprocess.py:93} INFO - Average CPU usage: 124.85%
[2024-10-08T14:16:34.491+0000] {subprocess.py:93} INFO - Maximum RAM usage: 102.80 MB
[2024-10-08T14:16:34.491+0000] {subprocess.py:93} INFO - 
[2024-10-08T14:16:34.491+0000] {subprocess.py:93} INFO - ===== Summary =====
[2024-10-08T14:16:34.491+0000] {subprocess.py:93} INFO - Script: /opt/***/scripts/ingest.py
[2024-10-08T14:16:34.491+0000] {subprocess.py:93} INFO -   Execution time: 3.01 seconds
[2024-10-08T14:16:34.491+0000] {subprocess.py:93} INFO -   Average CPU usage: 124.85%
[2024-10-08T14:16:34.492+0000] {subprocess.py:93} INFO -   Maximum RAM usage: 102.80 MB
[2024-10-08T14:16:34.492+0000] {subprocess.py:93} INFO - 
[2024-10-08T14:16:34.492+0000] {subprocess.py:93} INFO - Total execution time for all scripts: 3.01 seconds
[2024-10-08T14:16:34.503+0000] {subprocess.py:97} INFO - Command exited with return code 0
[2024-10-08T14:16:34.561+0000] {taskinstance.py:340} INFO - ::group::Post task execution logs
[2024-10-08T14:16:34.562+0000] {taskinstance.py:352} INFO - Marking task as SUCCESS. dag_id=data_pipeline_dag, task_id=ingest_data, run_id=manual__2024-10-08T14:16:27.944815+00:00, execution_date=20241008T141627, start_date=20241008T141631, end_date=20241008T141634
[2024-10-08T14:16:34.629+0000] {local_task_job_runner.py:266} INFO - Task exited with return code 0
[2024-10-08T14:16:34.670+0000] {taskinstance.py:3900} INFO - 1 downstream tasks scheduled from follow-on schedule check
[2024-10-08T14:16:34.671+0000] {local_task_job_runner.py:245} INFO - ::endgroup::
