[2024-10-09T04:28:37.869+0000] {local_task_job_runner.py:123} INFO - ::group::Pre task execution logs
[2024-10-09T04:28:37.894+0000] {taskinstance.py:2612} INFO - Dependencies all met for dep_context=non-requeueable deps ti=<TaskInstance: data_pipeline_dag.ingest_data manual__2024-10-09T04:28:25.269905+00:00 [queued]>
[2024-10-09T04:28:37.902+0000] {taskinstance.py:2612} INFO - Dependencies all met for dep_context=requeueable deps ti=<TaskInstance: data_pipeline_dag.ingest_data manual__2024-10-09T04:28:25.269905+00:00 [queued]>
[2024-10-09T04:28:37.903+0000] {taskinstance.py:2865} INFO - Starting attempt 1 of 1
[2024-10-09T04:28:37.928+0000] {taskinstance.py:2888} INFO - Executing <Task(DockerOperator): ingest_data> on 2024-10-09 04:28:25.269905+00:00
[2024-10-09T04:28:37.948+0000] {standard_task_runner.py:104} INFO - Running: ['***', 'tasks', 'run', 'data_pipeline_dag', 'ingest_data', 'manual__2024-10-09T04:28:25.269905+00:00', '--job-id', '64', '--raw', '--subdir', 'DAGS_FOLDER/dag.py', '--cfg-path', '/tmp/tmpxn0lfvwg']
[2024-10-09T04:28:37.951+0000] {standard_task_runner.py:105} INFO - Job 64: Subtask ingest_data
[2024-10-09T04:28:37.948+0000] {warnings.py:112} WARNING - /home/***/.local/lib/python3.12/site-packages/***/task/task_runner/standard_task_runner.py:70: DeprecationWarning: This process (pid=113) is multi-threaded, use of fork() may lead to deadlocks in the child.
  pid = os.fork()

[2024-10-09T04:28:37.959+0000] {standard_task_runner.py:72} INFO - Started process 114 to run task
[2024-10-09T04:28:38.043+0000] {task_command.py:467} INFO - Running <TaskInstance: data_pipeline_dag.ingest_data manual__2024-10-09T04:28:25.269905+00:00 [running]> on host 61955074e464
[2024-10-09T04:28:38.149+0000] {taskinstance.py:3131} INFO - Exporting env vars: AIRFLOW_CTX_DAG_OWNER='***' AIRFLOW_CTX_DAG_ID='data_pipeline_dag' AIRFLOW_CTX_TASK_ID='ingest_data' AIRFLOW_CTX_EXECUTION_DATE='2024-10-09T04:28:25.269905+00:00' AIRFLOW_CTX_TRY_NUMBER='1' AIRFLOW_CTX_DAG_RUN_ID='manual__2024-10-09T04:28:25.269905+00:00'
[2024-10-09T04:28:38.151+0000] {taskinstance.py:731} INFO - ::endgroup::
[2024-10-09T04:28:38.494+0000] {docker.py:367} INFO - Starting docker container from image ingest:latest
[2024-10-09T04:28:38.561+0000] {docker.py:375} WARNING - Using remote engine or docker-in-docker and mounting temporary volume from host is not supported. Falling back to `mount_tmp_dir=False` mode. You can set `mount_tmp_dir` parameter to False to disable mounting and remove the warning
[2024-10-09T04:36:13.105+0000] {docker.py:438} INFO - ingest 12345
[2024-10-09T04:36:13.206+0000] {docker.py:438} INFO - Downloading reddit_title_text_2011.jsonl.gz from sentence-transformers/reddit-title-body...
[2024-10-09T04:36:13.207+0000] {docker.py:438} INFO - File downloaded and saved to /opt/***/data/reddit_title_text_2011.jsonl.gz
[2024-10-09T04:36:13.218+0000] {docker.py:438} INFO - Extracting /opt/***/data/reddit_title_text_2011.jsonl.gz...
[2024-10-09T04:36:13.220+0000] {docker.py:438} INFO - File extracted to /opt/***/data/reddit_title_text_2011.jsonl
[2024-10-09T04:36:13.221+0000] {docker.py:438} INFO - Reading and converting /opt/***/data/reddit_title_text_2011.jsonl to DataFrame...
[2024-10-09T04:36:13.221+0000] {docker.py:438} INFO - Data saved to /opt/***/data/reddit_dataset_2011.csv
[2024-10-09T04:36:13.223+0000] {docker.py:438} INFO - Removed file: /opt/***/data/reddit_title_text_2011.jsonl.gz
[2024-10-09T04:36:13.223+0000] {docker.py:438} INFO - Removed file: /opt/***/data/reddit_title_text_2011.jsonl
[2024-10-09T04:36:13.224+0000] {docker.py:438} INFO - Creating a sample CSV with the first 100 lines from /opt/***/data/reddit_dataset_2011.csv...
[2024-10-09T04:36:13.225+0000] {docker.py:438} INFO - Sample CSV saved to /opt/***/data/sample.csv
[2024-10-09T04:36:13.225+0000] {docker.py:438} INFO - File /opt/***/data/reddit_dataset_2011.csv exists after saving.
[2024-10-09T04:36:15.425+0000] {taskinstance.py:340} INFO - ::group::Post task execution logs
[2024-10-09T04:36:15.431+0000] {taskinstance.py:352} INFO - Marking task as SUCCESS. dag_id=data_pipeline_dag, task_id=ingest_data, run_id=manual__2024-10-09T04:28:25.269905+00:00, execution_date=20241009T042825, start_date=20241009T042837, end_date=20241009T043615
[2024-10-09T04:36:15.581+0000] {local_task_job_runner.py:266} INFO - Task exited with return code 0
[2024-10-09T04:36:15.777+0000] {taskinstance.py:3900} INFO - 1 downstream tasks scheduled from follow-on schedule check
[2024-10-09T04:36:15.779+0000] {local_task_job_runner.py:245} INFO - ::endgroup::
