[2024-10-08T15:14:49.643+0000] {local_task_job_runner.py:123} INFO - ::group::Pre task execution logs
[2024-10-08T15:14:49.764+0000] {taskinstance.py:2612} INFO - Dependencies all met for dep_context=non-requeueable deps ti=<TaskInstance: data_pipeline_dag.preprocess_data manual__2024-10-08T15:10:53.541470+00:00 [queued]>
[2024-10-08T15:14:49.810+0000] {taskinstance.py:2612} INFO - Dependencies all met for dep_context=requeueable deps ti=<TaskInstance: data_pipeline_dag.preprocess_data manual__2024-10-08T15:10:53.541470+00:00 [queued]>
[2024-10-08T15:14:49.813+0000] {taskinstance.py:2865} INFO - Starting attempt 1 of 1
[2024-10-08T15:14:49.865+0000] {taskinstance.py:2888} INFO - Executing <Task(BashOperator): preprocess_data> on 2024-10-08 15:10:53.541470+00:00
[2024-10-08T15:14:49.938+0000] {warnings.py:112} WARNING - /home/***/.local/lib/python3.12/site-packages/***/task/task_runner/standard_task_runner.py:70: DeprecationWarning: This process (pid=135) is multi-threaded, use of fork() may lead to deadlocks in the child.
  pid = os.fork()

[2024-10-08T15:14:49.937+0000] {standard_task_runner.py:104} INFO - Running: ['***', 'tasks', 'run', 'data_pipeline_dag', 'preprocess_data', 'manual__2024-10-08T15:10:53.541470+00:00', '--job-id', '50', '--raw', '--subdir', 'DAGS_FOLDER/dag.py', '--cfg-path', '/tmp/tmpznxcrqna']
[2024-10-08T15:14:49.943+0000] {standard_task_runner.py:105} INFO - Job 50: Subtask preprocess_data
[2024-10-08T15:14:49.942+0000] {standard_task_runner.py:72} INFO - Started process 136 to run task
[2024-10-08T15:14:50.173+0000] {task_command.py:467} INFO - Running <TaskInstance: data_pipeline_dag.preprocess_data manual__2024-10-08T15:10:53.541470+00:00 [running]> on host 814bd6a639e5
[2024-10-08T15:14:50.363+0000] {taskinstance.py:3131} INFO - Exporting env vars: AIRFLOW_CTX_DAG_OWNER='***' AIRFLOW_CTX_DAG_ID='data_pipeline_dag' AIRFLOW_CTX_TASK_ID='preprocess_data' AIRFLOW_CTX_EXECUTION_DATE='2024-10-08T15:10:53.541470+00:00' AIRFLOW_CTX_TRY_NUMBER='1' AIRFLOW_CTX_DAG_RUN_ID='manual__2024-10-08T15:10:53.541470+00:00'
[2024-10-08T15:14:50.367+0000] {taskinstance.py:731} INFO - ::endgroup::
[2024-10-08T15:14:50.418+0000] {subprocess.py:63} INFO - Tmp dir root location: /tmp
[2024-10-08T15:14:50.419+0000] {subprocess.py:75} INFO - Running command: ['/usr/bin/bash', '-c', 'python /opt/***/scripts/runtime.py /opt/***/scripts/preprocess.py']
[2024-10-08T15:14:50.462+0000] {subprocess.py:86} INFO - Output:
[2024-10-08T15:19:28.212+0000] {subprocess.py:93} INFO - preprocess 12345
[2024-10-08T15:19:28.258+0000] {subprocess.py:93} INFO - Initial dataset shape: (1673264, 3)
[2024-10-08T15:19:28.262+0000] {subprocess.py:93} INFO - 0 null rows removed
[2024-10-08T15:19:28.265+0000] {subprocess.py:93} INFO - Illegal characters removed from columns: title, body, subreddit
[2024-10-08T15:19:28.267+0000] {subprocess.py:93} INFO - Emojis removed from columns: title, body, subreddit
[2024-10-08T15:19:28.268+0000] {subprocess.py:93} INFO - Whitespace removed from columns: title, body, subreddit
[2024-10-08T15:19:28.270+0000] {subprocess.py:93} INFO - 864 duplicate rows removed
[2024-10-08T15:19:28.273+0000] {subprocess.py:93} INFO - Converted string columns to numeric where applicable.
[2024-10-08T15:19:28.276+0000] {subprocess.py:93} INFO - Final dataset shape: (1672400, 3)
[2024-10-08T15:19:28.279+0000] {subprocess.py:93} INFO - Cleaned dataset updated in /opt/***/data/reddit_dataset_2011.csv
[2024-10-08T15:19:29.686+0000] {subprocess.py:93} INFO - 
[2024-10-08T15:19:29.691+0000] {subprocess.py:93} INFO - Starting script: /opt/***/scripts/preprocess.py
[2024-10-08T15:19:29.692+0000] {subprocess.py:93} INFO - Finished script: /opt/***/scripts/preprocess.py
[2024-10-08T15:19:29.693+0000] {subprocess.py:93} INFO - Execution time: 278.80 seconds
[2024-10-08T15:19:29.693+0000] {subprocess.py:93} INFO - Average CPU usage: 95.66%
[2024-10-08T15:19:29.696+0000] {subprocess.py:93} INFO - Maximum RAM usage: 1734.13 MB
[2024-10-08T15:19:29.696+0000] {subprocess.py:93} INFO - 
[2024-10-08T15:19:29.697+0000] {subprocess.py:93} INFO - ===== Summary =====
[2024-10-08T15:19:29.699+0000] {subprocess.py:93} INFO - Script: /opt/***/scripts/preprocess.py
[2024-10-08T15:19:29.701+0000] {subprocess.py:93} INFO -   Execution time: 278.80 seconds
[2024-10-08T15:19:29.702+0000] {subprocess.py:93} INFO -   Average CPU usage: 95.66%
[2024-10-08T15:19:29.702+0000] {subprocess.py:93} INFO -   Maximum RAM usage: 1734.13 MB
[2024-10-08T15:19:29.703+0000] {subprocess.py:93} INFO - 
[2024-10-08T15:19:29.703+0000] {subprocess.py:93} INFO - Total execution time for all scripts: 278.81 seconds
[2024-10-08T15:19:29.773+0000] {subprocess.py:97} INFO - Command exited with return code 0
[2024-10-08T15:19:30.117+0000] {taskinstance.py:340} INFO - ::group::Post task execution logs
[2024-10-08T15:19:30.130+0000] {taskinstance.py:352} INFO - Marking task as SUCCESS. dag_id=data_pipeline_dag, task_id=preprocess_data, run_id=manual__2024-10-08T15:10:53.541470+00:00, execution_date=20241008T151053, start_date=20241008T151449, end_date=20241008T151930
[2024-10-08T15:19:30.235+0000] {local_task_job_runner.py:266} INFO - Task exited with return code 0
[2024-10-08T15:19:30.411+0000] {taskinstance.py:3900} INFO - 1 downstream tasks scheduled from follow-on schedule check
[2024-10-08T15:19:30.414+0000] {local_task_job_runner.py:245} INFO - ::endgroup::
