[2024-10-09T02:09:36.725+0000] {processor.py:186} INFO - Started process (PID=822) to work on /opt/airflow/dags/dag.py
[2024-10-09T02:09:36.734+0000] {processor.py:914} INFO - Processing file /opt/airflow/dags/dag.py for tasks to queue
[2024-10-09T02:09:36.751+0000] {logging_mixin.py:190} INFO - [2024-10-09T02:09:36.750+0000] {dagbag.py:588} INFO - Filling up the DagBag from /opt/airflow/dags/dag.py
[2024-10-09T02:09:36.776+0000] {processor.py:925} INFO - DAG(s) 'data_pipeline_dag' retrieved from /opt/airflow/dags/dag.py
[2024-10-09T02:09:36.834+0000] {logging_mixin.py:190} INFO - [2024-10-09T02:09:36.833+0000] {dag.py:3239} INFO - Sync 1 DAGs
[2024-10-09T02:09:36.905+0000] {logging_mixin.py:190} INFO - [2024-10-09T02:09:36.904+0000] {dag.py:4180} INFO - Setting next_dagrun for data_pipeline_dag to None, run_after=None
[2024-10-09T02:09:36.928+0000] {processor.py:208} INFO - Processing /opt/airflow/dags/dag.py took 0.297 seconds
[2024-10-09T02:38:53.357+0000] {processor.py:186} INFO - Started process (PID=829) to work on /opt/airflow/dags/dag.py
[2024-10-09T02:38:53.359+0000] {processor.py:914} INFO - Processing file /opt/airflow/dags/dag.py for tasks to queue
[2024-10-09T02:38:53.365+0000] {logging_mixin.py:190} INFO - [2024-10-09T02:38:53.364+0000] {dagbag.py:588} INFO - Filling up the DagBag from /opt/airflow/dags/dag.py
[2024-10-09T02:38:53.386+0000] {processor.py:925} INFO - DAG(s) 'data_pipeline_dag' retrieved from /opt/airflow/dags/dag.py
[2024-10-09T02:38:53.443+0000] {logging_mixin.py:190} INFO - [2024-10-09T02:38:53.443+0000] {dag.py:3239} INFO - Sync 1 DAGs
[2024-10-09T02:38:53.481+0000] {logging_mixin.py:190} INFO - [2024-10-09T02:38:53.480+0000] {dag.py:4180} INFO - Setting next_dagrun for data_pipeline_dag to None, run_after=None
[2024-10-09T02:38:53.500+0000] {processor.py:208} INFO - Processing /opt/airflow/dags/dag.py took 0.167 seconds
[2024-10-09T02:45:29.742+0000] {processor.py:186} INFO - Started process (PID=836) to work on /opt/airflow/dags/dag.py
[2024-10-09T02:45:29.745+0000] {processor.py:914} INFO - Processing file /opt/airflow/dags/dag.py for tasks to queue
[2024-10-09T02:45:29.753+0000] {logging_mixin.py:190} INFO - [2024-10-09T02:45:29.752+0000] {dagbag.py:588} INFO - Filling up the DagBag from /opt/airflow/dags/dag.py
[2024-10-09T02:45:29.778+0000] {processor.py:925} INFO - DAG(s) 'data_pipeline_dag' retrieved from /opt/airflow/dags/dag.py
[2024-10-09T02:45:29.825+0000] {logging_mixin.py:190} INFO - [2024-10-09T02:45:29.824+0000] {dag.py:3239} INFO - Sync 1 DAGs
[2024-10-09T02:45:29.845+0000] {logging_mixin.py:190} INFO - [2024-10-09T02:45:29.845+0000] {dag.py:4180} INFO - Setting next_dagrun for data_pipeline_dag to None, run_after=None
[2024-10-09T02:45:29.858+0000] {processor.py:208} INFO - Processing /opt/airflow/dags/dag.py took 0.141 seconds
[2024-10-09T02:54:58.892+0000] {processor.py:186} INFO - Started process (PID=843) to work on /opt/airflow/dags/dag.py
[2024-10-09T02:54:58.894+0000] {processor.py:914} INFO - Processing file /opt/airflow/dags/dag.py for tasks to queue
[2024-10-09T02:54:58.900+0000] {logging_mixin.py:190} INFO - [2024-10-09T02:54:58.899+0000] {dagbag.py:588} INFO - Filling up the DagBag from /opt/airflow/dags/dag.py
[2024-10-09T02:54:58.920+0000] {processor.py:925} INFO - DAG(s) 'data_pipeline_dag' retrieved from /opt/airflow/dags/dag.py
[2024-10-09T02:54:58.992+0000] {logging_mixin.py:190} INFO - [2024-10-09T02:54:58.992+0000] {dag.py:3239} INFO - Sync 1 DAGs
[2024-10-09T02:54:59.012+0000] {logging_mixin.py:190} INFO - [2024-10-09T02:54:59.012+0000] {dag.py:4180} INFO - Setting next_dagrun for data_pipeline_dag to None, run_after=None
[2024-10-09T02:54:59.027+0000] {processor.py:208} INFO - Processing /opt/airflow/dags/dag.py took 0.148 seconds
[2024-10-09T03:16:57.803+0000] {processor.py:186} INFO - Started process (PID=850) to work on /opt/airflow/dags/dag.py
[2024-10-09T03:16:57.805+0000] {processor.py:914} INFO - Processing file /opt/airflow/dags/dag.py for tasks to queue
[2024-10-09T03:16:57.817+0000] {logging_mixin.py:190} INFO - [2024-10-09T03:16:57.816+0000] {dagbag.py:588} INFO - Filling up the DagBag from /opt/airflow/dags/dag.py
[2024-10-09T03:16:57.876+0000] {processor.py:925} INFO - DAG(s) 'data_pipeline_dag' retrieved from /opt/airflow/dags/dag.py
[2024-10-09T03:16:57.941+0000] {logging_mixin.py:190} INFO - [2024-10-09T03:16:57.941+0000] {dag.py:3239} INFO - Sync 1 DAGs
[2024-10-09T03:16:57.972+0000] {logging_mixin.py:190} INFO - [2024-10-09T03:16:57.971+0000] {dag.py:4180} INFO - Setting next_dagrun for data_pipeline_dag to None, run_after=None
[2024-10-09T03:16:57.997+0000] {processor.py:208} INFO - Processing /opt/airflow/dags/dag.py took 0.214 seconds
[2024-10-09T03:17:28.685+0000] {processor.py:186} INFO - Started process (PID=857) to work on /opt/airflow/dags/dag.py
[2024-10-09T03:17:28.687+0000] {processor.py:914} INFO - Processing file /opt/airflow/dags/dag.py for tasks to queue
[2024-10-09T03:17:28.701+0000] {logging_mixin.py:190} INFO - [2024-10-09T03:17:28.698+0000] {dagbag.py:588} INFO - Filling up the DagBag from /opt/airflow/dags/dag.py
[2024-10-09T03:17:28.802+0000] {processor.py:925} INFO - DAG(s) 'data_pipeline_dag' retrieved from /opt/airflow/dags/dag.py
[2024-10-09T03:17:28.966+0000] {logging_mixin.py:190} INFO - [2024-10-09T03:17:28.966+0000] {dag.py:3239} INFO - Sync 1 DAGs
[2024-10-09T03:17:29.014+0000] {logging_mixin.py:190} INFO - [2024-10-09T03:17:29.014+0000] {dag.py:4180} INFO - Setting next_dagrun for data_pipeline_dag to None, run_after=None
[2024-10-09T03:17:29.063+0000] {processor.py:208} INFO - Processing /opt/airflow/dags/dag.py took 0.395 seconds
