[2024-10-09T04:36:18.866+0000] {local_task_job_runner.py:123} INFO - ::group::Pre task execution logs
[2024-10-09T04:36:18.916+0000] {taskinstance.py:2612} INFO - Dependencies all met for dep_context=non-requeueable deps ti=<TaskInstance: data_pipeline_dag.preprocess_data manual__2024-10-09T04:28:25.269905+00:00 [queued]>
[2024-10-09T04:36:18.934+0000] {taskinstance.py:2612} INFO - Dependencies all met for dep_context=requeueable deps ti=<TaskInstance: data_pipeline_dag.preprocess_data manual__2024-10-09T04:28:25.269905+00:00 [queued]>
[2024-10-09T04:36:18.935+0000] {taskinstance.py:2865} INFO - Starting attempt 1 of 1
[2024-10-09T04:36:18.963+0000] {taskinstance.py:2888} INFO - Executing <Task(BashOperator): preprocess_data> on 2024-10-09 04:28:25.269905+00:00
[2024-10-09T04:36:18.983+0000] {standard_task_runner.py:104} INFO - Running: ['***', 'tasks', 'run', 'data_pipeline_dag', 'preprocess_data', 'manual__2024-10-09T04:28:25.269905+00:00', '--job-id', '65', '--raw', '--subdir', 'DAGS_FOLDER/dag.py', '--cfg-path', '/tmp/tmpeq60swov']
[2024-10-09T04:36:18.987+0000] {warnings.py:112} WARNING - /home/***/.local/lib/python3.12/site-packages/***/task/task_runner/standard_task_runner.py:70: DeprecationWarning: This process (pid=199) is multi-threaded, use of fork() may lead to deadlocks in the child.
  pid = os.fork()

[2024-10-09T04:36:18.990+0000] {standard_task_runner.py:72} INFO - Started process 200 to run task
[2024-10-09T04:36:18.990+0000] {standard_task_runner.py:105} INFO - Job 65: Subtask preprocess_data
[2024-10-09T04:36:19.155+0000] {task_command.py:467} INFO - Running <TaskInstance: data_pipeline_dag.preprocess_data manual__2024-10-09T04:28:25.269905+00:00 [running]> on host 61955074e464
[2024-10-09T04:36:19.335+0000] {taskinstance.py:3131} INFO - Exporting env vars: AIRFLOW_CTX_DAG_OWNER='***' AIRFLOW_CTX_DAG_ID='data_pipeline_dag' AIRFLOW_CTX_TASK_ID='preprocess_data' AIRFLOW_CTX_EXECUTION_DATE='2024-10-09T04:28:25.269905+00:00' AIRFLOW_CTX_TRY_NUMBER='1' AIRFLOW_CTX_DAG_RUN_ID='manual__2024-10-09T04:28:25.269905+00:00'
[2024-10-09T04:36:19.338+0000] {taskinstance.py:731} INFO - ::endgroup::
[2024-10-09T04:36:19.401+0000] {subprocess.py:63} INFO - Tmp dir root location: /tmp
[2024-10-09T04:36:19.402+0000] {subprocess.py:75} INFO - Running command: ['/usr/bin/bash', '-c', 'python /opt/***/scripts/runtime.py /opt/***/scripts/preprocess.py']
[2024-10-09T04:36:19.423+0000] {subprocess.py:86} INFO - Output:
[2024-10-09T04:44:51.921+0000] {subprocess.py:93} INFO - preprocess 12345
[2024-10-09T04:44:51.941+0000] {subprocess.py:93} INFO - Initial dataset shape: (1673264, 3)
[2024-10-09T04:44:51.942+0000] {subprocess.py:93} INFO - 0 null rows removed
[2024-10-09T04:44:51.943+0000] {subprocess.py:93} INFO - Illegal characters removed from columns: title, body, subreddit
[2024-10-09T04:44:51.944+0000] {subprocess.py:93} INFO - Emojis removed from columns: title, body, subreddit
[2024-10-09T04:44:51.945+0000] {subprocess.py:93} INFO - Whitespace removed from columns: title, body, subreddit
[2024-10-09T04:44:51.945+0000] {subprocess.py:93} INFO - 864 duplicate rows removed
[2024-10-09T04:44:51.946+0000] {subprocess.py:93} INFO - Converted string columns to numeric where applicable.
[2024-10-09T04:44:51.947+0000] {subprocess.py:93} INFO - Final dataset shape: (1672400, 3)
[2024-10-09T04:44:51.951+0000] {subprocess.py:93} INFO - Cleaned dataset updated in /opt/***/data/reddit_dataset_2011.csv
[2024-10-09T04:44:52.807+0000] {subprocess.py:93} INFO - 
[2024-10-09T04:44:52.808+0000] {subprocess.py:93} INFO - Starting script: /opt/***/scripts/preprocess.py
[2024-10-09T04:44:52.809+0000] {subprocess.py:93} INFO - Finished script: /opt/***/scripts/preprocess.py
[2024-10-09T04:44:52.809+0000] {subprocess.py:93} INFO - Execution time: 513.03 seconds
[2024-10-09T04:44:52.810+0000] {subprocess.py:93} INFO - Average CPU usage: 96.96%
[2024-10-09T04:44:52.811+0000] {subprocess.py:93} INFO - Maximum RAM usage: 1737.19 MB
[2024-10-09T04:44:52.811+0000] {subprocess.py:93} INFO - 
[2024-10-09T04:44:52.811+0000] {subprocess.py:93} INFO - ===== Summary =====
[2024-10-09T04:44:52.811+0000] {subprocess.py:93} INFO - Script: /opt/***/scripts/preprocess.py
[2024-10-09T04:44:52.812+0000] {subprocess.py:93} INFO -   Execution time: 513.03 seconds
[2024-10-09T04:44:52.812+0000] {subprocess.py:93} INFO -   Average CPU usage: 96.96%
[2024-10-09T04:44:52.813+0000] {subprocess.py:93} INFO -   Maximum RAM usage: 1737.19 MB
[2024-10-09T04:44:52.813+0000] {subprocess.py:93} INFO - 
[2024-10-09T04:44:52.813+0000] {subprocess.py:93} INFO - Total execution time for all scripts: 513.04 seconds
[2024-10-09T04:44:52.907+0000] {subprocess.py:97} INFO - Command exited with return code 0
[2024-10-09T04:44:53.093+0000] {taskinstance.py:340} INFO - ::group::Post task execution logs
[2024-10-09T04:44:53.098+0000] {taskinstance.py:352} INFO - Marking task as SUCCESS. dag_id=data_pipeline_dag, task_id=preprocess_data, run_id=manual__2024-10-09T04:28:25.269905+00:00, execution_date=20241009T042825, start_date=20241009T043618, end_date=20241009T044453
[2024-10-09T04:44:53.229+0000] {local_task_job_runner.py:266} INFO - Task exited with return code 0
[2024-10-09T04:44:53.358+0000] {taskinstance.py:3900} INFO - 1 downstream tasks scheduled from follow-on schedule check
[2024-10-09T04:44:53.360+0000] {local_task_job_runner.py:245} INFO - ::endgroup::
