[2024-10-08T15:04:26.316+0000] {local_task_job_runner.py:123} INFO - ::group::Pre task execution logs
[2024-10-08T15:04:26.327+0000] {taskinstance.py:2612} INFO - Dependencies all met for dep_context=non-requeueable deps ti=<TaskInstance: data_pipeline_dag.preprocess_data manual__2024-10-08T15:03:57.543311+00:00 [queued]>
[2024-10-08T15:04:26.331+0000] {taskinstance.py:2612} INFO - Dependencies all met for dep_context=requeueable deps ti=<TaskInstance: data_pipeline_dag.preprocess_data manual__2024-10-08T15:03:57.543311+00:00 [queued]>
[2024-10-08T15:04:26.331+0000] {taskinstance.py:2865} INFO - Starting attempt 1 of 1
[2024-10-08T15:04:26.339+0000] {taskinstance.py:2888} INFO - Executing <Task(BashOperator): preprocess_data> on 2024-10-08 15:03:57.543311+00:00
[2024-10-08T15:04:26.345+0000] {warnings.py:112} WARNING - /home/***/.local/lib/python3.12/site-packages/***/task/task_runner/standard_task_runner.py:70: DeprecationWarning: This process (pid=193) is multi-threaded, use of fork() may lead to deadlocks in the child.
  pid = os.fork()

[2024-10-08T15:04:26.348+0000] {standard_task_runner.py:72} INFO - Started process 194 to run task
[2024-10-08T15:04:26.348+0000] {standard_task_runner.py:104} INFO - Running: ['***', 'tasks', 'run', 'data_pipeline_dag', 'preprocess_data', 'manual__2024-10-08T15:03:57.543311+00:00', '--job-id', '45', '--raw', '--subdir', 'DAGS_FOLDER/dag.py', '--cfg-path', '/tmp/tmpa9r3__5v']
[2024-10-08T15:04:26.349+0000] {standard_task_runner.py:105} INFO - Job 45: Subtask preprocess_data
[2024-10-08T15:04:26.414+0000] {task_command.py:467} INFO - Running <TaskInstance: data_pipeline_dag.preprocess_data manual__2024-10-08T15:03:57.543311+00:00 [running]> on host cb8805dd20b7
[2024-10-08T15:04:26.611+0000] {taskinstance.py:3131} INFO - Exporting env vars: AIRFLOW_CTX_DAG_OWNER='***' AIRFLOW_CTX_DAG_ID='data_pipeline_dag' AIRFLOW_CTX_TASK_ID='preprocess_data' AIRFLOW_CTX_EXECUTION_DATE='2024-10-08T15:03:57.543311+00:00' AIRFLOW_CTX_TRY_NUMBER='1' AIRFLOW_CTX_DAG_RUN_ID='manual__2024-10-08T15:03:57.543311+00:00'
[2024-10-08T15:04:26.613+0000] {taskinstance.py:731} INFO - ::endgroup::
[2024-10-08T15:04:26.671+0000] {subprocess.py:63} INFO - Tmp dir root location: /tmp
[2024-10-08T15:04:26.674+0000] {subprocess.py:75} INFO - Running command: ['/usr/bin/bash', '-c', 'python /opt/***/scripts/runtime.py /opt/***/scripts/preprocess.py']
[2024-10-08T15:04:26.701+0000] {subprocess.py:86} INFO - Output:
[2024-10-08T15:04:27.871+0000] {subprocess.py:93} INFO - preprocess 12345
[2024-10-08T15:04:27.875+0000] {subprocess.py:93} INFO - Error: /opt/***/data/reddit_dataset_2011.csv does not exist. Please check the file path.
[2024-10-08T15:04:27.983+0000] {subprocess.py:93} INFO - 
[2024-10-08T15:04:27.983+0000] {subprocess.py:93} INFO - Starting script: /opt/***/scripts/preprocess.py
[2024-10-08T15:04:27.984+0000] {subprocess.py:93} INFO - Finished script: /opt/***/scripts/preprocess.py
[2024-10-08T15:04:27.984+0000] {subprocess.py:93} INFO - Execution time: 1.01 seconds
[2024-10-08T15:04:27.985+0000] {subprocess.py:93} INFO - Average CPU usage: 0.00%
[2024-10-08T15:04:27.985+0000] {subprocess.py:93} INFO - Maximum RAM usage: 0.00 MB
[2024-10-08T15:04:27.985+0000] {subprocess.py:93} INFO - 
[2024-10-08T15:04:27.985+0000] {subprocess.py:93} INFO - ===== Summary =====
[2024-10-08T15:04:27.985+0000] {subprocess.py:93} INFO - Script: /opt/***/scripts/preprocess.py
[2024-10-08T15:04:27.986+0000] {subprocess.py:93} INFO -   Execution time: 1.01 seconds
[2024-10-08T15:04:27.986+0000] {subprocess.py:93} INFO -   Average CPU usage: 0.00%
[2024-10-08T15:04:27.986+0000] {subprocess.py:93} INFO -   Maximum RAM usage: 0.00 MB
[2024-10-08T15:04:27.986+0000] {subprocess.py:93} INFO - 
[2024-10-08T15:04:27.987+0000] {subprocess.py:93} INFO - Total execution time for all scripts: 1.01 seconds
[2024-10-08T15:04:27.993+0000] {subprocess.py:97} INFO - Command exited with return code 0
[2024-10-08T15:04:28.046+0000] {taskinstance.py:340} INFO - ::group::Post task execution logs
[2024-10-08T15:04:28.047+0000] {taskinstance.py:352} INFO - Marking task as SUCCESS. dag_id=data_pipeline_dag, task_id=preprocess_data, run_id=manual__2024-10-08T15:03:57.543311+00:00, execution_date=20241008T150357, start_date=20241008T150426, end_date=20241008T150428
[2024-10-08T15:04:28.076+0000] {local_task_job_runner.py:266} INFO - Task exited with return code 0
[2024-10-08T15:04:28.115+0000] {taskinstance.py:3900} INFO - 1 downstream tasks scheduled from follow-on schedule check
[2024-10-08T15:04:28.116+0000] {local_task_job_runner.py:245} INFO - ::endgroup::
