[2024-10-08T14:47:48.733+0000] {local_task_job_runner.py:123} INFO - ::group::Pre task execution logs
[2024-10-08T14:47:48.762+0000] {taskinstance.py:2612} INFO - Dependencies all met for dep_context=non-requeueable deps ti=<TaskInstance: data_pipeline_dag.ingest_data manual__2024-10-08T14:47:45.716013+00:00 [queued]>
[2024-10-08T14:47:48.772+0000] {taskinstance.py:2612} INFO - Dependencies all met for dep_context=requeueable deps ti=<TaskInstance: data_pipeline_dag.ingest_data manual__2024-10-08T14:47:45.716013+00:00 [queued]>
[2024-10-08T14:47:48.772+0000] {taskinstance.py:2865} INFO - Starting attempt 1 of 1
[2024-10-08T14:47:48.787+0000] {taskinstance.py:2888} INFO - Executing <Task(BashOperator): ingest_data> on 2024-10-08 14:47:45.716013+00:00
[2024-10-08T14:47:48.800+0000] {warnings.py:112} WARNING - /home/***/.local/lib/python3.12/site-packages/***/task/task_runner/standard_task_runner.py:70: DeprecationWarning: This process (pid=100) is multi-threaded, use of fork() may lead to deadlocks in the child.
  pid = os.fork()

[2024-10-08T14:47:48.808+0000] {standard_task_runner.py:72} INFO - Started process 101 to run task
[2024-10-08T14:47:48.808+0000] {standard_task_runner.py:104} INFO - Running: ['***', 'tasks', 'run', 'data_pipeline_dag', 'ingest_data', 'manual__2024-10-08T14:47:45.716013+00:00', '--job-id', '39', '--raw', '--subdir', 'DAGS_FOLDER/dag.py', '--cfg-path', '/tmp/tmpfr9blo5s']
[2024-10-08T14:47:48.810+0000] {standard_task_runner.py:105} INFO - Job 39: Subtask ingest_data
[2024-10-08T14:47:48.904+0000] {task_command.py:467} INFO - Running <TaskInstance: data_pipeline_dag.ingest_data manual__2024-10-08T14:47:45.716013+00:00 [running]> on host 8029d1b95cb3
[2024-10-08T14:47:49.045+0000] {taskinstance.py:3131} INFO - Exporting env vars: AIRFLOW_CTX_DAG_OWNER='***' AIRFLOW_CTX_DAG_ID='data_pipeline_dag' AIRFLOW_CTX_TASK_ID='ingest_data' AIRFLOW_CTX_EXECUTION_DATE='2024-10-08T14:47:45.716013+00:00' AIRFLOW_CTX_TRY_NUMBER='1' AIRFLOW_CTX_DAG_RUN_ID='manual__2024-10-08T14:47:45.716013+00:00'
[2024-10-08T14:47:49.049+0000] {taskinstance.py:731} INFO - ::endgroup::
[2024-10-08T14:47:49.108+0000] {subprocess.py:63} INFO - Tmp dir root location: /tmp
[2024-10-08T14:47:49.108+0000] {subprocess.py:75} INFO - Running command: ['/usr/bin/bash', '-c', 'python /opt/***/scripts/runtime.py /opt/***/scripts/ingest.py']
[2024-10-08T14:47:49.128+0000] {subprocess.py:86} INFO - Output:
[2024-10-08T14:52:17.070+0000] {subprocess.py:93} INFO - Downloading reddit_title_text_2011.jsonl.gz from sentence-transformers/reddit-title-body...
[2024-10-08T14:52:17.164+0000] {subprocess.py:93} INFO - File downloaded and saved to /opt/***/data/reddit_title_text_2011.jsonl.gz
[2024-10-08T14:52:17.175+0000] {subprocess.py:93} INFO - Extracting /opt/***/data/reddit_title_text_2011.jsonl.gz...
[2024-10-08T14:52:17.175+0000] {subprocess.py:93} INFO - File extracted to /opt/***/data/reddit_title_text_2011.jsonl
[2024-10-08T14:52:17.176+0000] {subprocess.py:93} INFO - Reading and converting /opt/***/data/reddit_title_text_2011.jsonl to DataFrame...
[2024-10-08T14:52:17.178+0000] {subprocess.py:93} INFO - Data saved to /opt/***/data/reddit_dataset_2011.csv
[2024-10-08T14:52:17.179+0000] {subprocess.py:93} INFO - Removed file: /opt/***/data/reddit_title_text_2011.jsonl.gz
[2024-10-08T14:52:17.180+0000] {subprocess.py:93} INFO - Removed file: /opt/***/data/reddit_title_text_2011.jsonl
[2024-10-08T14:52:17.181+0000] {subprocess.py:93} INFO - Creating a sample CSV with the first 100 lines from /opt/***/data/reddit_dataset_2011.csv...
[2024-10-08T14:52:17.181+0000] {subprocess.py:93} INFO - Sample CSV saved to /opt/***/data/sample.csv
[2024-10-08T14:52:17.987+0000] {subprocess.py:93} INFO - 
[2024-10-08T14:52:17.988+0000] {subprocess.py:93} INFO - Starting script: /opt/***/scripts/ingest.py
[2024-10-08T14:52:17.989+0000] {subprocess.py:93} INFO - Finished script: /opt/***/scripts/ingest.py
[2024-10-08T14:52:17.990+0000] {subprocess.py:93} INFO - Execution time: 268.64 seconds
[2024-10-08T14:52:17.990+0000] {subprocess.py:93} INFO - Average CPU usage: 93.74%
[2024-10-08T14:52:17.990+0000] {subprocess.py:93} INFO - Maximum RAM usage: 2428.45 MB
[2024-10-08T14:52:17.991+0000] {subprocess.py:93} INFO - 
[2024-10-08T14:52:17.991+0000] {subprocess.py:93} INFO - ===== Summary =====
[2024-10-08T14:52:17.991+0000] {subprocess.py:93} INFO - Script: /opt/***/scripts/ingest.py
[2024-10-08T14:52:17.991+0000] {subprocess.py:93} INFO -   Execution time: 268.64 seconds
[2024-10-08T14:52:17.992+0000] {subprocess.py:93} INFO -   Average CPU usage: 93.74%
[2024-10-08T14:52:17.992+0000] {subprocess.py:93} INFO -   Maximum RAM usage: 2428.45 MB
[2024-10-08T14:52:17.993+0000] {subprocess.py:93} INFO - 
[2024-10-08T14:52:17.993+0000] {subprocess.py:93} INFO - Total execution time for all scripts: 268.65 seconds
[2024-10-08T14:52:18.058+0000] {subprocess.py:97} INFO - Command exited with return code 0
[2024-10-08T14:52:18.493+0000] {taskinstance.py:340} INFO - ::group::Post task execution logs
[2024-10-08T14:52:18.505+0000] {taskinstance.py:352} INFO - Marking task as SUCCESS. dag_id=data_pipeline_dag, task_id=ingest_data, run_id=manual__2024-10-08T14:47:45.716013+00:00, execution_date=20241008T144745, start_date=20241008T144748, end_date=20241008T145218
[2024-10-08T14:52:18.631+0000] {local_task_job_runner.py:266} INFO - Task exited with return code 0
[2024-10-08T14:52:18.796+0000] {taskinstance.py:3900} INFO - 1 downstream tasks scheduled from follow-on schedule check
[2024-10-08T14:52:18.797+0000] {local_task_job_runner.py:245} INFO - ::endgroup::
